[2026-03-23T05:40:15.111+0000] {manager.py:470} INFO - Processing files using up to 2 processes at a time 
[2026-03-23T05:40:15.114+0000] {manager.py:471} INFO - Process each file at most once every 30 seconds
[2026-03-23T05:40:15.117+0000] {manager.py:472} INFO - Checking for new files in /opt/airflow/dags every 300 seconds
[2026-03-23T05:40:15.120+0000] {manager.py:737} INFO - Searching for files in /opt/airflow/dags
[2026-03-23T05:40:15.139+0000] {manager.py:740} INFO - There are 1 files in /opt/airflow/dags
[2026-03-23T05:40:15.756+0000] {manager.py:878} INFO - 
================================================================================
DAG File Processing Stats

File Path                               PID  Runtime      # DAGs    # Errors  Last Runtime    Last Run
------------------------------------  -----  ---------  --------  ----------  --------------  ----------
/opt/airflow/dags/lra_refresh_dag.py    168  0.21s             0           0
================================================================================
[2026-03-23T05:40:46.002+0000] {manager.py:878} INFO - 
================================================================================
DAG File Processing Stats

File Path                             PID    Runtime      # DAGs    # Errors  Last Runtime    Last Run
------------------------------------  -----  ---------  --------  ----------  --------------  -------------------
/opt/airflow/dags/lra_refresh_dag.py                           1           0  1.38s           2026-03-23T05:40:16
================================================================================
[2026-03-23T05:41:16.460+0000] {manager.py:878} INFO - 
================================================================================
DAG File Processing Stats

File Path                             PID    Runtime      # DAGs    # Errors  Last Runtime    Last Run
------------------------------------  -----  ---------  --------  ----------  --------------  -------------------
/opt/airflow/dags/lra_refresh_dag.py                           1           0  0.45s           2026-03-23T05:40:47
================================================================================
[2026-03-23T05:41:46.925+0000] {manager.py:878} INFO - 
================================================================================
DAG File Processing Stats

File Path                             PID    Runtime      # DAGs    # Errors  Last Runtime    Last Run
------------------------------------  -----  ---------  --------  ----------  --------------  -------------------
/opt/airflow/dags/lra_refresh_dag.py                           1           0  0.32s           2026-03-23T05:41:18
================================================================================
[2026-03-23T05:42:17.492+0000] {manager.py:878} INFO - 
================================================================================
DAG File Processing Stats

File Path                             PID    Runtime      # DAGs    # Errors  Last Runtime    Last Run
------------------------------------  -----  ---------  --------  ----------  --------------  -------------------
/opt/airflow/dags/lra_refresh_dag.py                           1           0  0.32s           2026-03-23T05:41:48
================================================================================
[2026-03-23T05:42:48.073+0000] {manager.py:878} INFO - 
================================================================================
DAG File Processing Stats

File Path                             PID    Runtime      # DAGs    # Errors  Last Runtime    Last Run
------------------------------------  -----  ---------  --------  ----------  --------------  -------------------
/opt/airflow/dags/lra_refresh_dag.py                           1           0  0.31s           2026-03-23T05:42:19
================================================================================
[2026-03-23T05:43:18.603+0000] {manager.py:878} INFO - 
================================================================================
DAG File Processing Stats

File Path                             PID    Runtime      # DAGs    # Errors  Last Runtime    Last Run
------------------------------------  -----  ---------  --------  ----------  --------------  -------------------
/opt/airflow/dags/lra_refresh_dag.py                           1           0  0.31s           2026-03-23T05:42:49
================================================================================
[2026-03-23T05:43:49.151+0000] {manager.py:878} INFO - 
================================================================================
DAG File Processing Stats

File Path                             PID    Runtime      # DAGs    # Errors  Last Runtime    Last Run
------------------------------------  -----  ---------  --------  ----------  --------------  -------------------
/opt/airflow/dags/lra_refresh_dag.py                           1           0  0.33s           2026-03-23T05:43:20
================================================================================
[2026-03-23T05:44:19.253+0000] {manager.py:878} INFO - 
================================================================================
DAG File Processing Stats

File Path                             PID    Runtime      # DAGs    # Errors  Last Runtime    Last Run
------------------------------------  -----  ---------  --------  ----------  --------------  -------------------
/opt/airflow/dags/lra_refresh_dag.py                           1           0  0.54s           2026-03-23T05:43:51
================================================================================
[2026-03-23T05:44:49.508+0000] {manager.py:878} INFO - 
================================================================================
DAG File Processing Stats

File Path                             PID    Runtime      # DAGs    # Errors  Last Runtime    Last Run
------------------------------------  -----  ---------  --------  ----------  --------------  -------------------
/opt/airflow/dags/lra_refresh_dag.py                           1           0  0.41s           2026-03-23T05:44:21
================================================================================
[2026-03-23T05:45:15.464+0000] {manager.py:737} INFO - Searching for files in /opt/airflow/dags
[2026-03-23T05:45:15.484+0000] {manager.py:740} INFO - There are 1 files in /opt/airflow/dags
[2026-03-23T05:45:19.543+0000] {manager.py:878} INFO - 
================================================================================
DAG File Processing Stats

File Path                             PID    Runtime      # DAGs    # Errors  Last Runtime    Last Run
------------------------------------  -----  ---------  --------  ----------  --------------  -------------------
/opt/airflow/dags/lra_refresh_dag.py                           1           0  0.36s           2026-03-23T05:44:52
================================================================================
[2026-03-23T05:45:49.780+0000] {manager.py:878} INFO - 
================================================================================
DAG File Processing Stats

File Path                             PID    Runtime      # DAGs    # Errors  Last Runtime    Last Run
------------------------------------  -----  ---------  --------  ----------  --------------  -------------------
/opt/airflow/dags/lra_refresh_dag.py                           1           0  0.38s           2026-03-23T05:45:22
================================================================================
[2026-03-23T05:46:20.372+0000] {manager.py:878} INFO - 
================================================================================
DAG File Processing Stats

File Path                             PID    Runtime      # DAGs    # Errors  Last Runtime    Last Run
------------------------------------  -----  ---------  --------  ----------  --------------  -------------------
/opt/airflow/dags/lra_refresh_dag.py                           1           0  0.37s           2026-03-23T05:45:53
================================================================================
[2026-03-23T05:46:50.996+0000] {manager.py:878} INFO - 
================================================================================
DAG File Processing Stats

File Path                             PID    Runtime      # DAGs    # Errors  Last Runtime    Last Run
------------------------------------  -----  ---------  --------  ----------  --------------  -------------------
/opt/airflow/dags/lra_refresh_dag.py                           1           0  0.34s           2026-03-23T05:46:24
================================================================================
[2026-03-23T05:47:21.551+0000] {manager.py:878} INFO - 
================================================================================
DAG File Processing Stats

File Path                             PID    Runtime      # DAGs    # Errors  Last Runtime    Last Run
------------------------------------  -----  ---------  --------  ----------  --------------  -------------------
/opt/airflow/dags/lra_refresh_dag.py                           1           0  0.32s           2026-03-23T05:46:54
================================================================================
[2026-03-23T05:47:52.104+0000] {manager.py:878} INFO - 
================================================================================
DAG File Processing Stats

File Path                             PID    Runtime      # DAGs    # Errors  Last Runtime    Last Run
------------------------------------  -----  ---------  --------  ----------  --------------  -------------------
/opt/airflow/dags/lra_refresh_dag.py                           1           0  0.41s           2026-03-23T05:47:25
================================================================================
[2026-03-23T05:48:22.116+0000] {manager.py:878} INFO - 
================================================================================
DAG File Processing Stats

File Path                             PID    Runtime      # DAGs    # Errors  Last Runtime    Last Run
------------------------------------  -----  ---------  --------  ----------  --------------  -------------------
/opt/airflow/dags/lra_refresh_dag.py                           1           0  0.36s           2026-03-23T05:47:55
================================================================================
[2026-03-23T05:48:52.342+0000] {manager.py:878} INFO - 
================================================================================
DAG File Processing Stats

File Path                             PID    Runtime      # DAGs    # Errors  Last Runtime    Last Run
------------------------------------  -----  ---------  --------  ----------  --------------  -------------------
/opt/airflow/dags/lra_refresh_dag.py                           1           0  0.38s           2026-03-23T05:48:26
================================================================================
[2026-03-23T05:49:22.948+0000] {manager.py:878} INFO - 
================================================================================
DAG File Processing Stats

File Path                             PID    Runtime      # DAGs    # Errors  Last Runtime    Last Run
------------------------------------  -----  ---------  --------  ----------  --------------  -------------------
/opt/airflow/dags/lra_refresh_dag.py                           1           0  0.33s           2026-03-23T05:48:57
================================================================================
[2026-03-23T05:49:53.501+0000] {manager.py:878} INFO - 
================================================================================
DAG File Processing Stats

File Path                             PID    Runtime      # DAGs    # Errors  Last Runtime    Last Run
------------------------------------  -----  ---------  --------  ----------  --------------  -------------------
/opt/airflow/dags/lra_refresh_dag.py                           1           0  0.34s           2026-03-23T05:49:27
================================================================================
[2026-03-23T05:50:16.017+0000] {manager.py:737} INFO - Searching for files in /opt/airflow/dags
[2026-03-23T05:50:16.034+0000] {manager.py:740} INFO - There are 1 files in /opt/airflow/dags
[2026-03-23T05:50:24.112+0000] {manager.py:878} INFO - 
================================================================================
DAG File Processing Stats

File Path                             PID    Runtime      # DAGs    # Errors  Last Runtime    Last Run
------------------------------------  -----  ---------  --------  ----------  --------------  -------------------
/opt/airflow/dags/lra_refresh_dag.py                           1           0  0.38s           2026-03-23T05:49:58
================================================================================
[2026-03-23T05:50:54.685+0000] {manager.py:878} INFO - 
================================================================================
DAG File Processing Stats

File Path                             PID    Runtime      # DAGs    # Errors  Last Runtime    Last Run
------------------------------------  -----  ---------  --------  ----------  --------------  -------------------
/opt/airflow/dags/lra_refresh_dag.py                           1           0  0.39s           2026-03-23T05:50:28
================================================================================
[2026-03-23T05:51:25.301+0000] {manager.py:878} INFO - 
================================================================================
DAG File Processing Stats

File Path                             PID    Runtime      # DAGs    # Errors  Last Runtime    Last Run
------------------------------------  -----  ---------  --------  ----------  --------------  -------------------
/opt/airflow/dags/lra_refresh_dag.py                           1           0  0.33s           2026-03-23T05:50:59
================================================================================
[2026-03-23T05:51:55.861+0000] {manager.py:878} INFO - 
================================================================================
DAG File Processing Stats

File Path                             PID    Runtime      # DAGs    # Errors  Last Runtime    Last Run
------------------------------------  -----  ---------  --------  ----------  --------------  -------------------
/opt/airflow/dags/lra_refresh_dag.py                           1           0  0.35s           2026-03-23T05:51:30
================================================================================
[2026-03-23T05:52:26.414+0000] {manager.py:878} INFO - 
================================================================================
DAG File Processing Stats

File Path                             PID    Runtime      # DAGs    # Errors  Last Runtime    Last Run
------------------------------------  -----  ---------  --------  ----------  --------------  -------------------
/opt/airflow/dags/lra_refresh_dag.py                           1           0  0.33s           2026-03-23T05:52:00
================================================================================
[2026-03-23T05:52:56.969+0000] {manager.py:878} INFO - 
================================================================================
DAG File Processing Stats

File Path                             PID    Runtime      # DAGs    # Errors  Last Runtime    Last Run
------------------------------------  -----  ---------  --------  ----------  --------------  -------------------
/opt/airflow/dags/lra_refresh_dag.py                           1           0  0.34s           2026-03-23T05:52:31
================================================================================
[2026-03-23T05:53:27.549+0000] {manager.py:878} INFO - 
================================================================================
DAG File Processing Stats

File Path                             PID    Runtime      # DAGs    # Errors  Last Runtime    Last Run
------------------------------------  -----  ---------  --------  ----------  --------------  -------------------
/opt/airflow/dags/lra_refresh_dag.py                           1           0  0.34s           2026-03-23T05:53:01
================================================================================
[2026-03-23T05:53:57.622+0000] {manager.py:878} INFO - 
================================================================================
DAG File Processing Stats

File Path                             PID    Runtime      # DAGs    # Errors  Last Runtime    Last Run
------------------------------------  -----  ---------  --------  ----------  --------------  -------------------
/opt/airflow/dags/lra_refresh_dag.py                           1           0  0.51s           2026-03-23T05:53:32
================================================================================
[2026-03-23T05:54:28.353+0000] {manager.py:878} INFO - 
================================================================================
DAG File Processing Stats

File Path                             PID    Runtime      # DAGs    # Errors  Last Runtime    Last Run
------------------------------------  -----  ---------  --------  ----------  --------------  -------------------
/opt/airflow/dags/lra_refresh_dag.py                           1           0  0.53s           2026-03-23T05:54:03
================================================================================
[2026-03-23T05:54:58.604+0000] {manager.py:878} INFO - 
================================================================================
DAG File Processing Stats

File Path                             PID    Runtime      # DAGs    # Errors  Last Runtime    Last Run
------------------------------------  -----  ---------  --------  ----------  --------------  -------------------
/opt/airflow/dags/lra_refresh_dag.py                           1           0  0.37s           2026-03-23T05:54:33
================================================================================
[2026-03-23T05:55:16.093+0000] {manager.py:737} INFO - Searching for files in /opt/airflow/dags
[2026-03-23T05:55:16.109+0000] {manager.py:740} INFO - There are 1 files in /opt/airflow/dags
[2026-03-23T05:55:28.635+0000] {manager.py:878} INFO - 
================================================================================
DAG File Processing Stats

File Path                             PID    Runtime      # DAGs    # Errors  Last Runtime    Last Run
------------------------------------  -----  ---------  --------  ----------  --------------  -------------------
/opt/airflow/dags/lra_refresh_dag.py                           1           0  0.46s           2026-03-23T05:55:04
================================================================================
[2026-03-23T05:55:58.869+0000] {manager.py:878} INFO - 
================================================================================
DAG File Processing Stats

File Path                             PID    Runtime      # DAGs    # Errors  Last Runtime    Last Run
------------------------------------  -----  ---------  --------  ----------  --------------  -------------------
/opt/airflow/dags/lra_refresh_dag.py                           1           0  0.36s           2026-03-23T05:55:35
================================================================================
[2026-03-23T05:56:29.442+0000] {manager.py:878} INFO - 
================================================================================
DAG File Processing Stats

File Path                             PID    Runtime      # DAGs    # Errors  Last Runtime    Last Run
------------------------------------  -----  ---------  --------  ----------  --------------  -------------------
/opt/airflow/dags/lra_refresh_dag.py                           1           0  0.34s           2026-03-23T05:56:05
================================================================================
[2026-03-23T05:57:00.021+0000] {manager.py:878} INFO - 
================================================================================
DAG File Processing Stats

File Path                             PID    Runtime      # DAGs    # Errors  Last Runtime    Last Run
------------------------------------  -----  ---------  --------  ----------  --------------  -------------------
/opt/airflow/dags/lra_refresh_dag.py                           1           0  0.35s           2026-03-23T05:56:36
================================================================================
[2026-03-23T05:57:30.587+0000] {manager.py:878} INFO - 
================================================================================
DAG File Processing Stats

File Path                             PID    Runtime      # DAGs    # Errors  Last Runtime    Last Run
------------------------------------  -----  ---------  --------  ----------  --------------  -------------------
/opt/airflow/dags/lra_refresh_dag.py                           1           0  0.36s           2026-03-23T05:57:06
================================================================================
[2026-03-23T05:58:01.188+0000] {manager.py:878} INFO - 
================================================================================
DAG File Processing Stats

File Path                             PID    Runtime      # DAGs    # Errors  Last Runtime    Last Run
------------------------------------  -----  ---------  --------  ----------  --------------  -------------------
/opt/airflow/dags/lra_refresh_dag.py                           1           0  0.32s           2026-03-23T05:57:37
================================================================================
[2026-03-23T05:58:31.749+0000] {manager.py:878} INFO - 
================================================================================
DAG File Processing Stats

File Path                             PID    Runtime      # DAGs    # Errors  Last Runtime    Last Run
------------------------------------  -----  ---------  --------  ----------  --------------  -------------------
/opt/airflow/dags/lra_refresh_dag.py                           1           0  0.34s           2026-03-23T05:58:07
================================================================================
[2026-03-23T05:59:02.309+0000] {manager.py:878} INFO - 
================================================================================
DAG File Processing Stats

File Path                             PID    Runtime      # DAGs    # Errors  Last Runtime    Last Run
------------------------------------  -----  ---------  --------  ----------  --------------  -------------------
/opt/airflow/dags/lra_refresh_dag.py                           1           0  0.32s           2026-03-23T05:58:38
================================================================================
[2026-03-23T05:59:32.869+0000] {manager.py:878} INFO - 
================================================================================
DAG File Processing Stats

File Path                             PID    Runtime      # DAGs    # Errors  Last Runtime    Last Run
------------------------------------  -----  ---------  --------  ----------  --------------  -------------------
/opt/airflow/dags/lra_refresh_dag.py                           1           0  0.33s           2026-03-23T05:59:09
================================================================================
[2026-03-23T06:00:03.443+0000] {manager.py:878} INFO - 
================================================================================
DAG File Processing Stats

File Path                             PID    Runtime      # DAGs    # Errors  Last Runtime    Last Run
------------------------------------  -----  ---------  --------  ----------  --------------  -------------------
/opt/airflow/dags/lra_refresh_dag.py                           1           0  0.32s           2026-03-23T05:59:39
================================================================================
[2026-03-23T06:00:16.158+0000] {manager.py:737} INFO - Searching for files in /opt/airflow/dags
[2026-03-23T06:00:16.172+0000] {manager.py:740} INFO - There are 1 files in /opt/airflow/dags
[2026-03-23T06:00:33.974+0000] {manager.py:878} INFO - 
================================================================================
DAG File Processing Stats

File Path                             PID    Runtime      # DAGs    # Errors  Last Runtime    Last Run
------------------------------------  -----  ---------  --------  ----------  --------------  -------------------
/opt/airflow/dags/lra_refresh_dag.py                           1           0  0.32s           2026-03-23T06:00:10
================================================================================
[2026-03-23T06:01:04.567+0000] {manager.py:878} INFO - 
================================================================================
DAG File Processing Stats

File Path                             PID    Runtime      # DAGs    # Errors  Last Runtime    Last Run
------------------------------------  -----  ---------  --------  ----------  --------------  -------------------
/opt/airflow/dags/lra_refresh_dag.py                           1           0  0.32s           2026-03-23T06:00:40
================================================================================
[2026-03-23T06:01:35.104+0000] {manager.py:878} INFO - 
================================================================================
DAG File Processing Stats

File Path                             PID    Runtime      # DAGs    # Errors  Last Runtime    Last Run
------------------------------------  -----  ---------  --------  ----------  --------------  -------------------
/opt/airflow/dags/lra_refresh_dag.py                           1           0  0.34s           2026-03-23T06:01:11
================================================================================
[2026-03-23T06:02:05.678+0000] {manager.py:878} INFO - 
================================================================================
DAG File Processing Stats

File Path                             PID    Runtime      # DAGs    # Errors  Last Runtime    Last Run
------------------------------------  -----  ---------  --------  ----------  --------------  -------------------
/opt/airflow/dags/lra_refresh_dag.py                           1           0  0.33s           2026-03-23T06:01:41
================================================================================
[2026-03-23T06:02:36.230+0000] {manager.py:878} INFO - 
================================================================================
DAG File Processing Stats

File Path                             PID    Runtime      # DAGs    # Errors  Last Runtime    Last Run
------------------------------------  -----  ---------  --------  ----------  --------------  -------------------
/opt/airflow/dags/lra_refresh_dag.py                           1           0  0.34s           2026-03-23T06:02:12
================================================================================
[2026-03-23T06:03:06.812+0000] {manager.py:878} INFO - 
================================================================================
DAG File Processing Stats

File Path                             PID    Runtime      # DAGs    # Errors  Last Runtime    Last Run
------------------------------------  -----  ---------  --------  ----------  --------------  -------------------
/opt/airflow/dags/lra_refresh_dag.py                           1           0  0.41s           2026-03-23T06:02:43
================================================================================
[2026-03-23T06:03:36.836+0000] {manager.py:878} INFO - 
================================================================================
DAG File Processing Stats

File Path                             PID    Runtime      # DAGs    # Errors  Last Runtime    Last Run
------------------------------------  -----  ---------  --------  ----------  --------------  -------------------
/opt/airflow/dags/lra_refresh_dag.py                           1           0  0.38s           2026-03-23T06:03:13
================================================================================
[2026-03-23T06:04:07.064+0000] {manager.py:878} INFO - 
================================================================================
DAG File Processing Stats

File Path                             PID    Runtime      # DAGs    # Errors  Last Runtime    Last Run
------------------------------------  -----  ---------  --------  ----------  --------------  -------------------
/opt/airflow/dags/lra_refresh_dag.py                           1           0  0.32s           2026-03-23T06:03:44
================================================================================
[2026-03-23T06:04:37.628+0000] {manager.py:878} INFO - 
================================================================================
DAG File Processing Stats

File Path                             PID    Runtime      # DAGs    # Errors  Last Runtime    Last Run
------------------------------------  -----  ---------  --------  ----------  --------------  -------------------
/opt/airflow/dags/lra_refresh_dag.py                           1           0  0.34s           2026-03-23T06:04:14
================================================================================
[2026-03-23T06:05:08.197+0000] {manager.py:878} INFO - 
================================================================================
DAG File Processing Stats

File Path                             PID    Runtime      # DAGs    # Errors  Last Runtime    Last Run
------------------------------------  -----  ---------  --------  ----------  --------------  -------------------
/opt/airflow/dags/lra_refresh_dag.py                           1           0  0.34s           2026-03-23T06:04:45
================================================================================
[2026-03-23T06:05:16.621+0000] {manager.py:737} INFO - Searching for files in /opt/airflow/dags
[2026-03-23T06:05:16.637+0000] {manager.py:740} INFO - There are 1 files in /opt/airflow/dags
[2026-03-23T06:05:38.249+0000] {manager.py:878} INFO - 
================================================================================
DAG File Processing Stats

File Path                             PID    Runtime      # DAGs    # Errors  Last Runtime    Last Run
------------------------------------  -----  ---------  --------  ----------  --------------  -------------------
/opt/airflow/dags/lra_refresh_dag.py                           1           0  0.47s           2026-03-23T06:05:16
================================================================================
[2026-03-23T06:06:08.493+0000] {manager.py:878} INFO - 
================================================================================
DAG File Processing Stats

File Path                             PID    Runtime      # DAGs    # Errors  Last Runtime    Last Run
------------------------------------  -----  ---------  --------  ----------  --------------  -------------------
/opt/airflow/dags/lra_refresh_dag.py                           1           0  0.36s           2026-03-23T06:05:46
================================================================================
[2026-03-23T06:06:38.581+0000] {manager.py:878} INFO - 
================================================================================
DAG File Processing Stats

File Path                             PID    Runtime      # DAGs    # Errors  Last Runtime    Last Run
------------------------------------  -----  ---------  --------  ----------  --------------  -------------------
/opt/airflow/dags/lra_refresh_dag.py                           1           0  0.46s           2026-03-23T06:06:17
================================================================================
[2026-03-23T06:07:08.819+0000] {manager.py:878} INFO - 
================================================================================
DAG File Processing Stats

File Path                             PID    Runtime      # DAGs    # Errors  Last Runtime    Last Run
------------------------------------  -----  ---------  --------  ----------  --------------  -------------------
/opt/airflow/dags/lra_refresh_dag.py                           1           0  0.38s           2026-03-23T06:06:48
================================================================================
[2026-03-23T06:07:38.829+0000] {manager.py:878} INFO - 
================================================================================
DAG File Processing Stats

File Path                             PID    Runtime      # DAGs    # Errors  Last Runtime    Last Run
------------------------------------  -----  ---------  --------  ----------  --------------  -------------------
/opt/airflow/dags/lra_refresh_dag.py                           1           0  0.40s           2026-03-23T06:07:18
================================================================================
[2026-03-23T06:08:09.060+0000] {manager.py:878} INFO - 
================================================================================
DAG File Processing Stats

File Path                             PID    Runtime      # DAGs    # Errors  Last Runtime    Last Run
------------------------------------  -----  ---------  --------  ----------  --------------  -------------------
/opt/airflow/dags/lra_refresh_dag.py                           1           0  0.33s           2026-03-23T06:07:49
================================================================================
[2026-03-23T06:08:39.607+0000] {manager.py:878} INFO - 
================================================================================
DAG File Processing Stats

File Path                             PID    Runtime      # DAGs    # Errors  Last Runtime    Last Run
------------------------------------  -----  ---------  --------  ----------  --------------  -------------------
/opt/airflow/dags/lra_refresh_dag.py                           1           0  0.36s           2026-03-23T06:08:19
================================================================================
[2026-03-23T06:11:42.184+0000] {manager.py:470} INFO - Processing files using up to 2 processes at a time 
[2026-03-23T06:11:42.187+0000] {manager.py:471} INFO - Process each file at most once every 30 seconds
[2026-03-23T06:11:42.189+0000] {manager.py:472} INFO - Checking for new files in /opt/airflow/dags every 300 seconds
[2026-03-23T06:11:42.192+0000] {manager.py:737} INFO - Searching for files in /opt/airflow/dags
[2026-03-23T06:11:42.218+0000] {manager.py:740} INFO - There are 1 files in /opt/airflow/dags
[2026-03-23T06:11:42.566+0000] {manager.py:878} INFO - 
================================================================================
DAG File Processing Stats

File Path                               PID  Runtime      # DAGs    # Errors  Last Runtime    Last Run
------------------------------------  -----  ---------  --------  ----------  --------------  ----------
/opt/airflow/dags/lra_refresh_dag.py    169  0.10s             0           0
================================================================================
[2026-03-23T06:12:12.875+0000] {manager.py:878} INFO - 
================================================================================
DAG File Processing Stats

File Path                             PID    Runtime      # DAGs    # Errors  Last Runtime    Last Run
------------------------------------  -----  ---------  --------  ----------  --------------  -------------------
/opt/airflow/dags/lra_refresh_dag.py                           1           0  1.08s           2026-03-23T06:11:43
================================================================================
[2026-03-23T06:12:43.133+0000] {manager.py:878} INFO - 
================================================================================
DAG File Processing Stats

File Path                             PID    Runtime      # DAGs    # Errors  Last Runtime    Last Run
------------------------------------  -----  ---------  --------  ----------  --------------  -------------------
/opt/airflow/dags/lra_refresh_dag.py                           1           0  0.39s           2026-03-23T06:12:14
================================================================================
[2026-03-23T06:13:13.728+0000] {manager.py:878} INFO - 
================================================================================
DAG File Processing Stats

File Path                             PID    Runtime      # DAGs    # Errors  Last Runtime    Last Run
------------------------------------  -----  ---------  --------  ----------  --------------  -------------------
/opt/airflow/dags/lra_refresh_dag.py                           1           0  0.37s           2026-03-23T06:12:44
================================================================================
[2026-03-23T06:13:44.311+0000] {manager.py:878} INFO - 
================================================================================
DAG File Processing Stats

File Path                             PID    Runtime      # DAGs    # Errors  Last Runtime    Last Run
------------------------------------  -----  ---------  --------  ----------  --------------  -------------------
/opt/airflow/dags/lra_refresh_dag.py                           1           0  0.35s           2026-03-23T06:13:15
================================================================================
[2026-03-23T06:14:14.876+0000] {manager.py:878} INFO - 
================================================================================
DAG File Processing Stats

File Path                             PID    Runtime      # DAGs    # Errors  Last Runtime    Last Run
------------------------------------  -----  ---------  --------  ----------  --------------  -------------------
/opt/airflow/dags/lra_refresh_dag.py                           1           0  0.33s           2026-03-23T06:13:46
================================================================================
[2026-03-23T06:14:45.436+0000] {manager.py:878} INFO - 
================================================================================
DAG File Processing Stats

File Path                             PID    Runtime      # DAGs    # Errors  Last Runtime    Last Run
------------------------------------  -----  ---------  --------  ----------  --------------  -------------------
/opt/airflow/dags/lra_refresh_dag.py                           1           0  0.35s           2026-03-23T06:14:16
================================================================================
[2026-03-23T06:15:16.033+0000] {manager.py:878} INFO - 
================================================================================
DAG File Processing Stats

File Path                             PID    Runtime      # DAGs    # Errors  Last Runtime    Last Run
------------------------------------  -----  ---------  --------  ----------  --------------  -------------------
/opt/airflow/dags/lra_refresh_dag.py                           1           0  0.35s           2026-03-23T06:14:47
================================================================================
[2026-03-23T06:15:46.619+0000] {manager.py:878} INFO - 
================================================================================
DAG File Processing Stats

File Path                             PID    Runtime      # DAGs    # Errors  Last Runtime    Last Run
------------------------------------  -----  ---------  --------  ----------  --------------  -------------------
/opt/airflow/dags/lra_refresh_dag.py                           1           0  0.34s           2026-03-23T06:15:17
================================================================================
[2026-03-23T06:16:17.187+0000] {manager.py:452} INFO - Exiting gracefully upon receiving signal 15
[2026-03-23T06:27:28.225+0000] {manager.py:470} INFO - Processing files using up to 2 processes at a time 
[2026-03-23T06:27:28.228+0000] {manager.py:471} INFO - Process each file at most once every 30 seconds
[2026-03-23T06:27:28.230+0000] {manager.py:472} INFO - Checking for new files in /opt/airflow/dags every 300 seconds
[2026-03-23T06:27:28.232+0000] {manager.py:737} INFO - Searching for files in /opt/airflow/dags
[2026-03-23T06:27:28.256+0000] {manager.py:740} INFO - There are 1 files in /opt/airflow/dags
[2026-03-23T06:27:28.630+0000] {manager.py:878} INFO - 
================================================================================
DAG File Processing Stats

File Path                               PID  Runtime      # DAGs    # Errors  Last Runtime    Last Run
------------------------------------  -----  ---------  --------  ----------  --------------  ----------
/opt/airflow/dags/lra_refresh_dag.py    168  0.10s             0           0
================================================================================
[2026-03-23T06:27:59.786+0000] {manager.py:878} INFO - 
================================================================================
DAG File Processing Stats

File Path                             PID    Runtime      # DAGs    # Errors  Last Runtime    Last Run
------------------------------------  -----  ---------  --------  ----------  --------------  -------------------
/opt/airflow/dags/lra_refresh_dag.py                           1           0  1.18s           2026-03-23T06:27:29
================================================================================
[2026-03-23T06:28:39.623+0000] {manager.py:878} INFO - 
================================================================================
DAG File Processing Stats

File Path                             PID    Runtime      # DAGs    # Errors  Last Runtime    Last Run
------------------------------------  -----  ---------  --------  ----------  --------------  -------------------
/opt/airflow/dags/lra_refresh_dag.py                           1           0  37.73s          2026-03-23T06:28:38
================================================================================
[2026-03-23T06:29:09.685+0000] {manager.py:878} INFO - 
================================================================================
DAG File Processing Stats

File Path                               PID  Runtime      # DAGs    # Errors  Last Runtime    Last Run
------------------------------------  -----  ---------  --------  ----------  --------------  -------------------
/opt/airflow/dags/lra_refresh_dag.py   5465  1.02s             1           0  37.73s          2026-03-23T06:28:38
================================================================================
[2026-03-23T06:29:40.006+0000] {manager.py:878} INFO - 
================================================================================
DAG File Processing Stats

File Path                               PID  Runtime      # DAGs    # Errors  Last Runtime    Last Run
------------------------------------  -----  ---------  --------  ----------  --------------  -------------------
/opt/airflow/dags/lra_refresh_dag.py   5470  0.01s             1           0  1.12s           2026-03-23T06:29:09
================================================================================
[2026-03-23T06:30:10.245+0000] {manager.py:878} INFO - 
================================================================================
DAG File Processing Stats

File Path                             PID    Runtime      # DAGs    # Errors  Last Runtime    Last Run
------------------------------------  -----  ---------  --------  ----------  --------------  -------------------
/opt/airflow/dags/lra_refresh_dag.py                           1           0  0.38s           2026-03-23T06:29:40
================================================================================
[2026-03-23T06:30:40.300+0000] {manager.py:878} INFO - 
================================================================================
DAG File Processing Stats

File Path                             PID    Runtime      # DAGs    # Errors  Last Runtime    Last Run
------------------------------------  -----  ---------  --------  ----------  --------------  -------------------
/opt/airflow/dags/lra_refresh_dag.py                           1           0  0.45s           2026-03-23T06:30:11
================================================================================
[2026-03-23T06:31:10.542+0000] {manager.py:878} INFO - 
================================================================================
DAG File Processing Stats

File Path                             PID    Runtime      # DAGs    # Errors  Last Runtime    Last Run
------------------------------------  -----  ---------  --------  ----------  --------------  -------------------
/opt/airflow/dags/lra_refresh_dag.py                           1           0  0.37s           2026-03-23T06:30:41
================================================================================
[2026-03-23T06:31:40.545+0000] {manager.py:878} INFO - 
================================================================================
DAG File Processing Stats

File Path                             PID    Runtime      # DAGs    # Errors  Last Runtime    Last Run
------------------------------------  -----  ---------  --------  ----------  --------------  -------------------
/opt/airflow/dags/lra_refresh_dag.py                           1           0  0.42s           2026-03-23T06:31:12
================================================================================
[2026-03-23T06:32:10.791+0000] {manager.py:878} INFO - 
================================================================================
DAG File Processing Stats

File Path                             PID    Runtime      # DAGs    # Errors  Last Runtime    Last Run
------------------------------------  -----  ---------  --------  ----------  --------------  -------------------
/opt/airflow/dags/lra_refresh_dag.py                           1           0  0.36s           2026-03-23T06:31:42
================================================================================
[2026-03-23T06:32:28.305+0000] {manager.py:737} INFO - Searching for files in /opt/airflow/dags
[2026-03-23T06:32:28.324+0000] {manager.py:740} INFO - There are 1 files in /opt/airflow/dags
[2026-03-23T06:32:40.794+0000] {manager.py:878} INFO - 
================================================================================
DAG File Processing Stats

File Path                             PID    Runtime      # DAGs    # Errors  Last Runtime    Last Run
------------------------------------  -----  ---------  --------  ----------  --------------  -------------------
/opt/airflow/dags/lra_refresh_dag.py                           1           0  0.41s           2026-03-23T06:32:13
================================================================================
[2026-03-23T06:33:11.039+0000] {manager.py:878} INFO - 
================================================================================
DAG File Processing Stats

File Path                             PID    Runtime      # DAGs    # Errors  Last Runtime    Last Run
------------------------------------  -----  ---------  --------  ----------  --------------  -------------------
/opt/airflow/dags/lra_refresh_dag.py                           1           0  0.37s           2026-03-23T06:32:44
================================================================================
[2026-03-23T06:33:41.632+0000] {manager.py:878} INFO - 
================================================================================
DAG File Processing Stats

File Path                             PID    Runtime      # DAGs    # Errors  Last Runtime    Last Run
------------------------------------  -----  ---------  --------  ----------  --------------  -------------------
/opt/airflow/dags/lra_refresh_dag.py                           1           0  0.37s           2026-03-23T06:33:14
================================================================================
[2026-03-23T06:34:12.225+0000] {manager.py:878} INFO - 
================================================================================
DAG File Processing Stats

File Path                             PID    Runtime      # DAGs    # Errors  Last Runtime    Last Run
------------------------------------  -----  ---------  --------  ----------  --------------  -------------------
/opt/airflow/dags/lra_refresh_dag.py                           1           0  0.37s           2026-03-23T06:33:45
================================================================================
[2026-03-23T06:34:42.827+0000] {manager.py:878} INFO - 
================================================================================
DAG File Processing Stats

File Path                             PID    Runtime      # DAGs    # Errors  Last Runtime    Last Run
------------------------------------  -----  ---------  --------  ----------  --------------  -------------------
/opt/airflow/dags/lra_refresh_dag.py                           1           0  0.38s           2026-03-23T06:34:16
================================================================================
[2026-03-23T06:35:13.466+0000] {manager.py:878} INFO - 
================================================================================
DAG File Processing Stats

File Path                             PID    Runtime      # DAGs    # Errors  Last Runtime    Last Run
------------------------------------  -----  ---------  --------  ----------  --------------  -------------------
/opt/airflow/dags/lra_refresh_dag.py                           1           0  0.36s           2026-03-23T06:34:46
================================================================================
[2026-03-23T06:35:43.520+0000] {manager.py:878} INFO - 
================================================================================
DAG File Processing Stats

File Path                             PID    Runtime      # DAGs    # Errors  Last Runtime    Last Run
------------------------------------  -----  ---------  --------  ----------  --------------  -------------------
/opt/airflow/dags/lra_refresh_dag.py                           1           0  0.48s           2026-03-23T06:35:17
================================================================================
[2026-03-23T06:36:13.752+0000] {manager.py:878} INFO - 
================================================================================
DAG File Processing Stats

File Path                             PID    Runtime      # DAGs    # Errors  Last Runtime    Last Run
------------------------------------  -----  ---------  --------  ----------  --------------  -------------------
/opt/airflow/dags/lra_refresh_dag.py                           1           0  0.37s           2026-03-23T06:35:47
================================================================================
[2026-03-23T06:36:44.350+0000] {manager.py:878} INFO - 
================================================================================
DAG File Processing Stats

File Path                             PID    Runtime      # DAGs    # Errors  Last Runtime    Last Run
------------------------------------  -----  ---------  --------  ----------  --------------  -------------------
/opt/airflow/dags/lra_refresh_dag.py                           1           0  0.40s           2026-03-23T06:36:18
================================================================================
[2026-03-23T06:37:14.988+0000] {manager.py:878} INFO - 
================================================================================
DAG File Processing Stats

File Path                             PID    Runtime      # DAGs    # Errors  Last Runtime    Last Run
------------------------------------  -----  ---------  --------  ----------  --------------  -------------------
/opt/airflow/dags/lra_refresh_dag.py                           1           0  0.36s           2026-03-23T06:36:49
================================================================================
[2026-03-23T06:37:28.453+0000] {manager.py:737} INFO - Searching for files in /opt/airflow/dags
[2026-03-23T06:37:28.478+0000] {manager.py:740} INFO - There are 1 files in /opt/airflow/dags
[2026-03-23T06:37:45.634+0000] {manager.py:878} INFO - 
================================================================================
DAG File Processing Stats

File Path                             PID    Runtime      # DAGs    # Errors  Last Runtime    Last Run
------------------------------------  -----  ---------  --------  ----------  --------------  -------------------
/opt/airflow/dags/lra_refresh_dag.py                           1           0  0.38s           2026-03-23T06:37:19
================================================================================
[2026-03-23T06:38:16.210+0000] {manager.py:878} INFO - 
================================================================================
DAG File Processing Stats

File Path                             PID    Runtime      # DAGs    # Errors  Last Runtime    Last Run
------------------------------------  -----  ---------  --------  ----------  --------------  -------------------
/opt/airflow/dags/lra_refresh_dag.py                           1           0  0.42s           2026-03-23T06:37:50
================================================================================
[2026-03-23T06:38:46.233+0000] {manager.py:878} INFO - 
================================================================================
DAG File Processing Stats

File Path                             PID    Runtime      # DAGs    # Errors  Last Runtime    Last Run
------------------------------------  -----  ---------  --------  ----------  --------------  -------------------
/opt/airflow/dags/lra_refresh_dag.py                           1           0  0.40s           2026-03-23T06:38:21
================================================================================
[2026-03-23T06:39:16.477+0000] {manager.py:878} INFO - 
================================================================================
DAG File Processing Stats

File Path                             PID    Runtime      # DAGs    # Errors  Last Runtime    Last Run
------------------------------------  -----  ---------  --------  ----------  --------------  -------------------
/opt/airflow/dags/lra_refresh_dag.py                           1           0  0.40s           2026-03-23T06:38:51
================================================================================
[2026-03-23T06:39:46.492+0000] {manager.py:878} INFO - 
================================================================================
DAG File Processing Stats

File Path                             PID    Runtime      # DAGs    # Errors  Last Runtime    Last Run
------------------------------------  -----  ---------  --------  ----------  --------------  -------------------
/opt/airflow/dags/lra_refresh_dag.py                           1           0  0.40s           2026-03-23T06:39:22
================================================================================
[2026-03-23T06:40:16.725+0000] {manager.py:878} INFO - 
================================================================================
DAG File Processing Stats

File Path                             PID    Runtime      # DAGs    # Errors  Last Runtime    Last Run
------------------------------------  -----  ---------  --------  ----------  --------------  -------------------
/opt/airflow/dags/lra_refresh_dag.py                           1           0  0.34s           2026-03-23T06:39:52
================================================================================
[2026-03-23T06:40:35.200+0000] {manager.py:1128} WARNING - Skipping processing of missing file: /opt/airflow/dags/lra_refresh_dag.py
[2026-03-23T06:42:28.817+0000] {manager.py:737} INFO - Searching for files in /opt/airflow/dags
[2026-03-23T06:42:28.830+0000] {manager.py:740} INFO - There are 1 files in /opt/airflow/dags
[2026-03-23T06:42:48.041+0000] {manager.py:878} INFO - 
================================================================================
DAG File Processing Stats

File Path                                   PID    Runtime      # DAGs    # Errors  Last Runtime    Last Run
------------------------------------------  -----  ---------  --------  ----------  --------------  -------------------
/opt/airflow/dags/reporting_refresh_dag.py                           0           1  0.21s           2026-03-23T06:42:29
================================================================================
[2026-03-23T06:43:18.457+0000] {manager.py:878} INFO - 
================================================================================
DAG File Processing Stats

File Path                                   PID    Runtime      # DAGs    # Errors  Last Runtime    Last Run
------------------------------------------  -----  ---------  --------  ----------  --------------  -------------------
/opt/airflow/dags/reporting_refresh_dag.py                           0           1  0.20s           2026-03-23T06:42:59
================================================================================
[2026-03-23T06:43:48.719+0000] {manager.py:878} INFO - 
================================================================================
DAG File Processing Stats

File Path                                   PID    Runtime      # DAGs    # Errors  Last Runtime    Last Run
------------------------------------------  -----  ---------  --------  ----------  --------------  -------------------
/opt/airflow/dags/reporting_refresh_dag.py                           0           1  0.21s           2026-03-23T06:43:29
================================================================================
[2026-03-23T06:44:19.115+0000] {manager.py:878} INFO - 
================================================================================
DAG File Processing Stats

File Path                                   PID    Runtime      # DAGs    # Errors  Last Runtime    Last Run
------------------------------------------  -----  ---------  --------  ----------  --------------  -------------------
/opt/airflow/dags/reporting_refresh_dag.py                           0           1  0.21s           2026-03-23T06:44:00
================================================================================
[2026-03-23T06:44:49.386+0000] {manager.py:878} INFO - 
================================================================================
DAG File Processing Stats

File Path                                   PID    Runtime      # DAGs    # Errors  Last Runtime    Last Run
------------------------------------------  -----  ---------  --------  ----------  --------------  -------------------
/opt/airflow/dags/reporting_refresh_dag.py                           0           1  0.20s           2026-03-23T06:44:30
================================================================================
[2026-03-23T06:45:19.759+0000] {manager.py:878} INFO - 
================================================================================
DAG File Processing Stats

File Path                                   PID    Runtime      # DAGs    # Errors  Last Runtime    Last Run
------------------------------------------  -----  ---------  --------  ----------  --------------  -------------------
/opt/airflow/dags/reporting_refresh_dag.py                           0           1  0.21s           2026-03-23T06:45:00
================================================================================
[2026-03-23T06:45:50.021+0000] {manager.py:878} INFO - 
================================================================================
DAG File Processing Stats

File Path                                   PID    Runtime      # DAGs    # Errors  Last Runtime    Last Run
------------------------------------------  -----  ---------  --------  ----------  --------------  -------------------
/opt/airflow/dags/reporting_refresh_dag.py                           0           1  0.22s           2026-03-23T06:45:31
================================================================================
[2026-03-23T06:46:20.418+0000] {manager.py:878} INFO - 
================================================================================
DAG File Processing Stats

File Path                                   PID    Runtime      # DAGs    # Errors  Last Runtime    Last Run
------------------------------------------  -----  ---------  --------  ----------  --------------  -------------------
/opt/airflow/dags/reporting_refresh_dag.py                           0           1  0.21s           2026-03-23T06:46:01
================================================================================
[2026-03-23T06:46:50.679+0000] {manager.py:878} INFO - 
================================================================================
DAG File Processing Stats

File Path                                   PID    Runtime      # DAGs    # Errors  Last Runtime    Last Run
------------------------------------------  -----  ---------  --------  ----------  --------------  -------------------
/opt/airflow/dags/reporting_refresh_dag.py                           0           1  0.20s           2026-03-23T06:46:31
================================================================================
[2026-03-23T06:47:21.132+0000] {manager.py:878} INFO - 
================================================================================
DAG File Processing Stats

File Path                                   PID    Runtime      # DAGs    # Errors  Last Runtime    Last Run
------------------------------------------  -----  ---------  --------  ----------  --------------  -------------------
/opt/airflow/dags/reporting_refresh_dag.py                           0           1  0.21s           2026-03-23T06:47:20
================================================================================
[2026-03-23T06:47:29.187+0000] {manager.py:737} INFO - Searching for files in /opt/airflow/dags
[2026-03-23T06:47:29.210+0000] {manager.py:740} INFO - There are 1 files in /opt/airflow/dags
[2026-03-23T06:47:51.468+0000] {manager.py:878} INFO - 
================================================================================
DAG File Processing Stats

File Path                                   PID    Runtime      # DAGs    # Errors  Last Runtime    Last Run
------------------------------------------  -----  ---------  --------  ----------  --------------  -------------------
/opt/airflow/dags/reporting_refresh_dag.py                           0           1  0.21s           2026-03-23T06:47:50
================================================================================
[2026-03-23T06:48:21.832+0000] {manager.py:878} INFO - 
================================================================================
DAG File Processing Stats

File Path                                   PID    Runtime      # DAGs    # Errors  Last Runtime    Last Run
------------------------------------------  -----  ---------  --------  ----------  --------------  -------------------
/opt/airflow/dags/reporting_refresh_dag.py                           0           1  0.20s           2026-03-23T06:48:20
================================================================================
[2026-03-23T06:48:52.090+0000] {manager.py:878} INFO - 
================================================================================
DAG File Processing Stats

File Path                                   PID    Runtime      # DAGs    # Errors  Last Runtime    Last Run
------------------------------------------  -----  ---------  --------  ----------  --------------  -------------------
/opt/airflow/dags/reporting_refresh_dag.py                           0           1  0.21s           2026-03-23T06:48:51
================================================================================
[2026-03-23T06:49:21.944+0000] {manager.py:452} INFO - Exiting gracefully upon receiving signal 15
[2026-03-23T06:52:22.442+0000] {manager.py:470} INFO - Processing files using up to 2 processes at a time 
[2026-03-23T06:52:22.444+0000] {manager.py:471} INFO - Process each file at most once every 30 seconds
[2026-03-23T06:52:22.446+0000] {manager.py:472} INFO - Checking for new files in /opt/airflow/dags every 300 seconds
[2026-03-23T06:52:22.448+0000] {manager.py:737} INFO - Searching for files in /opt/airflow/dags
[2026-03-23T06:52:22.483+0000] {manager.py:740} INFO - There are 1 files in /opt/airflow/dags
[2026-03-23T06:52:22.774+0000] {manager.py:878} INFO - 
================================================================================
DAG File Processing Stats

File Path                                     PID  Runtime      # DAGs    # Errors  Last Runtime    Last Run
------------------------------------------  -----  ---------  --------  ----------  --------------  ----------
/opt/airflow/dags/reporting_refresh_dag.py    169  0.08s             0           0
================================================================================
[2026-03-23T06:52:53.022+0000] {manager.py:878} INFO - 
================================================================================
DAG File Processing Stats

File Path                                     PID  Runtime      # DAGs    # Errors  Last Runtime    Last Run
------------------------------------------  -----  ---------  --------  ----------  --------------  -------------------
/opt/airflow/dags/reporting_refresh_dag.py    174  0.01s             0           1  0.22s           2026-03-23T06:52:22
================================================================================
[2026-03-23T06:53:23.399+0000] {manager.py:878} INFO - 
================================================================================
DAG File Processing Stats

File Path                                     PID  Runtime      # DAGs    # Errors  Last Runtime    Last Run
------------------------------------------  -----  ---------  --------  ----------  --------------  -------------------
/opt/airflow/dags/reporting_refresh_dag.py    179  0.01s             0           1  0.21s           2026-03-23T06:52:53
================================================================================
[2026-03-23T06:53:53.686+0000] {manager.py:878} INFO - 
================================================================================
DAG File Processing Stats

File Path                                     PID  Runtime      # DAGs    # Errors  Last Runtime    Last Run
------------------------------------------  -----  ---------  --------  ----------  --------------  -------------------
/opt/airflow/dags/reporting_refresh_dag.py    184  0.01s             0           1  0.20s           2026-03-23T06:53:23
================================================================================
[2026-03-23T06:54:24.060+0000] {manager.py:878} INFO - 
================================================================================
DAG File Processing Stats

File Path                                     PID  Runtime      # DAGs    # Errors  Last Runtime    Last Run
------------------------------------------  -----  ---------  --------  ----------  --------------  -------------------
/opt/airflow/dags/reporting_refresh_dag.py    189  0.01s             0           1  0.21s           2026-03-23T06:53:53
================================================================================
[2026-03-23T06:54:54.337+0000] {manager.py:878} INFO - 
================================================================================
DAG File Processing Stats

File Path                                     PID  Runtime      # DAGs    # Errors  Last Runtime    Last Run
------------------------------------------  -----  ---------  --------  ----------  --------------  -------------------
/opt/airflow/dags/reporting_refresh_dag.py    194  0.01s             0           1  0.19s           2026-03-23T06:54:24
================================================================================
[2026-03-23T06:55:24.697+0000] {manager.py:878} INFO - 
================================================================================
DAG File Processing Stats

File Path                                     PID  Runtime      # DAGs    # Errors  Last Runtime    Last Run
------------------------------------------  -----  ---------  --------  ----------  --------------  -------------------
/opt/airflow/dags/reporting_refresh_dag.py    199  0.01s             0           1  0.21s           2026-03-23T06:54:54
================================================================================
[2026-03-23T06:55:55.529+0000] {manager.py:878} INFO - 
================================================================================
DAG File Processing Stats

File Path                                   PID    Runtime      # DAGs    # Errors  Last Runtime    Last Run
------------------------------------------  -----  ---------  --------  ----------  --------------  -------------------
/opt/airflow/dags/reporting_refresh_dag.py                           1           0  0.96s           2026-03-23T06:55:31
================================================================================
