[2026-03-23T05:40:20.706+0000] {local_task_job_runner.py:120} INFO - ::group::Pre task execution logs
[2026-03-23T05:40:21.007+0000] {taskinstance.py:2073} INFO - Dependencies all met for dep_context=non-requeueable deps ti=<TaskInstance: reporting_nightly_refresh.location_batches.batch_001__locs_201_to_400 scheduled__2026-03-22T02:00:00+00:00 [queued]>
[2026-03-23T05:40:21.040+0000] {taskinstance.py:2073} INFO - Dependencies all met for dep_context=requeueable deps ti=<TaskInstance: reporting_nightly_refresh.location_batches.batch_001__locs_201_to_400 scheduled__2026-03-22T02:00:00+00:00 [queued]>
[2026-03-23T05:40:21.042+0000] {taskinstance.py:2303} INFO - Starting attempt 1 of 4
[2026-03-23T05:40:21.383+0000] {taskinstance.py:2327} INFO - Executing <Task(PythonOperator): location_batches.batch_001__locs_201_to_400> on 2026-03-22 02:00:00+00:00
[2026-03-23T05:40:21.532+0000] {logging_mixin.py:188} WARNING - /home/airflow/.local/lib/python3.12/site-packages/airflow/task/task_runner/standard_task_runner.py:61 DeprecationWarning: This process (pid=175) is multi-threaded, use of fork() may lead to deadlocks in the child.
[2026-03-23T05:40:21.512+0000] {standard_task_runner.py:90} INFO - Running: ['airflow', 'tasks', 'run', 'reporting_nightly_refresh', 'location_batches.batch_001__locs_201_to_400', 'scheduled__2026-03-22T02:00:00+00:00', '--job-id', '9', '--raw', '--subdir', 'DAGS_FOLDER/lra_refresh_dag.py', '--cfg-path', '/tmp/tmp_2t4lu8h']
[2026-03-23T05:40:21.550+0000] {standard_task_runner.py:63} INFO - Started process 189 to run task
[2026-03-23T05:40:21.553+0000] {standard_task_runner.py:91} INFO - Job 9: Subtask location_batches.batch_001__locs_201_to_400
[2026-03-23T05:40:22.624+0000] {task_command.py:426} INFO - Running <TaskInstance: reporting_nightly_refresh.location_batches.batch_001__locs_201_to_400 scheduled__2026-03-22T02:00:00+00:00 [running]> on host 7849ea7120c5
[2026-03-23T05:40:23.810+0000] {taskinstance.py:2644} INFO - Exporting env vars: AIRFLOW_CTX_DAG_OWNER='finance-ops' AIRFLOW_CTX_DAG_ID='reporting_nightly_refresh' AIRFLOW_CTX_TASK_ID='location_batches.batch_001__locs_201_to_400' AIRFLOW_CTX_EXECUTION_DATE='2026-03-22T02:00:00+00:00' AIRFLOW_CTX_TRY_NUMBER='1' AIRFLOW_CTX_DAG_RUN_ID='scheduled__2026-03-22T02:00:00+00:00'
[2026-03-23T05:40:23.824+0000] {taskinstance.py:430} INFO - ::endgroup::
[2026-03-23T05:40:23.898+0000] {lra_refresh_dag.py:51} INFO - Batch 1: 200 locations
[2026-03-23T05:40:25.398+0000] {lra_refresh_dag.py:54} WARNING - STDERR:
Traceback (most recent call last):
  File "/opt/automation/refresh_runner.py", line 25, in <module>
    import aiomysql
ModuleNotFoundError: No module named 'aiomysql'

[2026-03-23T05:40:25.400+0000] {taskinstance.py:441} INFO - ::group::Post task execution logs
[2026-03-23T05:40:25.401+0000] {taskinstance.py:2890} ERROR - Task failed with exception
Traceback (most recent call last):
  File "/home/airflow/.local/lib/python3.12/site-packages/airflow/models/taskinstance.py", line 460, in _execute_task
    result = _execute_callable(context=context, **execute_callable_kwargs)
             ^^^^^^^^^^^^^^^^^^^^^^^^^^^^^^^^^^^^^^^^^^^^^^^^^^^^^^^^^^^^^
  File "/home/airflow/.local/lib/python3.12/site-packages/airflow/models/taskinstance.py", line 432, in _execute_callable
    return execute_callable(context=context, **execute_callable_kwargs)
           ^^^^^^^^^^^^^^^^^^^^^^^^^^^^^^^^^^^^^^^^^^^^^^^^^^^^^^^^^^^^
  File "/home/airflow/.local/lib/python3.12/site-packages/airflow/models/baseoperator.py", line 400, in wrapper
    return func(self, *args, **kwargs)
           ^^^^^^^^^^^^^^^^^^^^^^^^^^^
  File "/home/airflow/.local/lib/python3.12/site-packages/airflow/operators/python.py", line 235, in execute
    return_value = self.execute_callable()
                   ^^^^^^^^^^^^^^^^^^^^^^^
  File "/home/airflow/.local/lib/python3.12/site-packages/airflow/operators/python.py", line 252, in execute_callable
    return self.python_callable(*self.op_args, **self.op_kwargs)
           ^^^^^^^^^^^^^^^^^^^^^^^^^^^^^^^^^^^^^^^^^^^^^^^^^^^^^
  File "/opt/airflow/dags/lra_refresh_dag.py", line 56, in run_location_batch
    raise RuntimeError(f"Batch {batch_index} failed (exit {result.returncode})")
RuntimeError: Batch 1 failed (exit 1)
[2026-03-23T05:40:25.541+0000] {taskinstance.py:1205} INFO - Marking task as UP_FOR_RETRY. dag_id=reporting_nightly_refresh, task_id=location_batches.batch_001__locs_201_to_400, execution_date=20260322T020000, start_date=20260323T054021, end_date=20260323T054025
[2026-03-23T05:40:25.584+0000] {standard_task_runner.py:110} ERROR - Failed to execute job 9 for task location_batches.batch_001__locs_201_to_400 (Batch 1 failed (exit 1); 189)
[2026-03-23T05:40:25.659+0000] {local_task_job_runner.py:240} INFO - Task exited with return code 1
[2026-03-23T05:40:26.011+0000] {taskinstance.py:3482} INFO - 0 downstream tasks scheduled from follow-on schedule check
[2026-03-23T05:40:26.016+0000] {local_task_job_runner.py:222} INFO - ::endgroup::
[2026-03-23T06:11:47.104+0000] {local_task_job_runner.py:120} INFO - ::group::Pre task execution logs
[2026-03-23T06:11:47.310+0000] {taskinstance.py:2073} INFO - Dependencies all met for dep_context=non-requeueable deps ti=<TaskInstance: reporting_nightly_refresh.location_batches.batch_001__locs_201_to_400 scheduled__2026-03-22T02:00:00+00:00 [queued]>
[2026-03-23T06:11:47.344+0000] {taskinstance.py:2073} INFO - Dependencies all met for dep_context=requeueable deps ti=<TaskInstance: reporting_nightly_refresh.location_batches.batch_001__locs_201_to_400 scheduled__2026-03-22T02:00:00+00:00 [queued]>
[2026-03-23T06:11:47.345+0000] {taskinstance.py:2303} INFO - Starting attempt 1 of 4
[2026-03-23T06:11:47.543+0000] {taskinstance.py:2327} INFO - Executing <Task(PythonOperator): location_batches.batch_001__locs_201_to_400> on 2026-03-22 02:00:00+00:00
[2026-03-23T06:11:47.585+0000] {standard_task_runner.py:90} INFO - Running: ['airflow', 'tasks', 'run', 'reporting_nightly_refresh', 'location_batches.batch_001__locs_201_to_400', 'scheduled__2026-03-22T02:00:00+00:00', '--job-id', '2', '--raw', '--subdir', 'DAGS_FOLDER/lra_refresh_dag.py', '--cfg-path', '/tmp/tmpbe9zxw75']
[2026-03-23T06:11:47.600+0000] {logging_mixin.py:188} WARNING - /home/airflow/.local/lib/python3.12/site-packages/airflow/task/task_runner/standard_task_runner.py:61 DeprecationWarning: This process (pid=182) is multi-threaded, use of fork() may lead to deadlocks in the child.
[2026-03-23T06:11:47.602+0000] {standard_task_runner.py:91} INFO - Job 2: Subtask location_batches.batch_001__locs_201_to_400
[2026-03-23T06:11:47.602+0000] {standard_task_runner.py:63} INFO - Started process 188 to run task
[2026-03-23T06:11:48.191+0000] {task_command.py:426} INFO - Running <TaskInstance: reporting_nightly_refresh.location_batches.batch_001__locs_201_to_400 scheduled__2026-03-22T02:00:00+00:00 [running]> on host acc78bbd7e9f
[2026-03-23T06:11:49.365+0000] {taskinstance.py:2644} INFO - Exporting env vars: AIRFLOW_CTX_DAG_OWNER='finance-ops' AIRFLOW_CTX_DAG_ID='reporting_nightly_refresh' AIRFLOW_CTX_TASK_ID='location_batches.batch_001__locs_201_to_400' AIRFLOW_CTX_EXECUTION_DATE='2026-03-22T02:00:00+00:00' AIRFLOW_CTX_TRY_NUMBER='1' AIRFLOW_CTX_DAG_RUN_ID='scheduled__2026-03-22T02:00:00+00:00'
[2026-03-23T06:11:49.371+0000] {taskinstance.py:430} INFO - ::endgroup::
[2026-03-23T06:11:49.428+0000] {lra_refresh_dag.py:51} INFO - Batch 1: 200 locations
[2026-03-23T06:11:51.269+0000] {lra_refresh_dag.py:54} WARNING - STDERR:
Traceback (most recent call last):
  File "/opt/automation/refresh_runner.py", line 25, in <module>
    import aiomysql
ModuleNotFoundError: No module named 'aiomysql'

[2026-03-23T06:11:51.273+0000] {taskinstance.py:441} INFO - ::group::Post task execution logs
[2026-03-23T06:11:51.275+0000] {taskinstance.py:2890} ERROR - Task failed with exception
Traceback (most recent call last):
  File "/home/airflow/.local/lib/python3.12/site-packages/airflow/models/taskinstance.py", line 460, in _execute_task
    result = _execute_callable(context=context, **execute_callable_kwargs)
             ^^^^^^^^^^^^^^^^^^^^^^^^^^^^^^^^^^^^^^^^^^^^^^^^^^^^^^^^^^^^^
  File "/home/airflow/.local/lib/python3.12/site-packages/airflow/models/taskinstance.py", line 432, in _execute_callable
    return execute_callable(context=context, **execute_callable_kwargs)
           ^^^^^^^^^^^^^^^^^^^^^^^^^^^^^^^^^^^^^^^^^^^^^^^^^^^^^^^^^^^^
  File "/home/airflow/.local/lib/python3.12/site-packages/airflow/models/baseoperator.py", line 400, in wrapper
    return func(self, *args, **kwargs)
           ^^^^^^^^^^^^^^^^^^^^^^^^^^^
  File "/home/airflow/.local/lib/python3.12/site-packages/airflow/operators/python.py", line 235, in execute
    return_value = self.execute_callable()
                   ^^^^^^^^^^^^^^^^^^^^^^^
  File "/home/airflow/.local/lib/python3.12/site-packages/airflow/operators/python.py", line 252, in execute_callable
    return self.python_callable(*self.op_args, **self.op_kwargs)
           ^^^^^^^^^^^^^^^^^^^^^^^^^^^^^^^^^^^^^^^^^^^^^^^^^^^^^
  File "/opt/airflow/dags/lra_refresh_dag.py", line 56, in run_location_batch
    raise RuntimeError(f"Batch {batch_index} failed (exit {result.returncode})")
RuntimeError: Batch 1 failed (exit 1)
[2026-03-23T06:11:51.449+0000] {taskinstance.py:1205} INFO - Marking task as UP_FOR_RETRY. dag_id=reporting_nightly_refresh, task_id=location_batches.batch_001__locs_201_to_400, execution_date=20260322T020000, start_date=20260323T061147, end_date=20260323T061151
[2026-03-23T06:11:51.517+0000] {standard_task_runner.py:110} ERROR - Failed to execute job 2 for task location_batches.batch_001__locs_201_to_400 (Batch 1 failed (exit 1); 188)
[2026-03-23T06:11:51.626+0000] {local_task_job_runner.py:240} INFO - Task exited with return code 1
[2026-03-23T06:11:52.082+0000] {taskinstance.py:3482} INFO - 0 downstream tasks scheduled from follow-on schedule check
[2026-03-23T06:11:52.090+0000] {local_task_job_runner.py:222} INFO - ::endgroup::
[2026-03-23T06:15:20.477+0000] {local_task_job_runner.py:120} INFO - ::group::Pre task execution logs
[2026-03-23T06:15:20.657+0000] {taskinstance.py:2073} INFO - Dependencies all met for dep_context=non-requeueable deps ti=<TaskInstance: reporting_nightly_refresh.location_batches.batch_001__locs_201_to_400 scheduled__2026-03-22T02:00:00+00:00 [queued]>
[2026-03-23T06:15:20.689+0000] {taskinstance.py:2073} INFO - Dependencies all met for dep_context=requeueable deps ti=<TaskInstance: reporting_nightly_refresh.location_batches.batch_001__locs_201_to_400 scheduled__2026-03-22T02:00:00+00:00 [queued]>
[2026-03-23T06:15:20.691+0000] {taskinstance.py:2303} INFO - Starting attempt 1 of 4
[2026-03-23T06:15:20.812+0000] {taskinstance.py:2327} INFO - Executing <Task(PythonOperator): location_batches.batch_001__locs_201_to_400> on 2026-03-22 02:00:00+00:00
[2026-03-23T06:15:20.843+0000] {standard_task_runner.py:90} INFO - Running: ['airflow', 'tasks', 'run', 'reporting_nightly_refresh', 'location_batches.batch_001__locs_201_to_400', 'scheduled__2026-03-22T02:00:00+00:00', '--job-id', '13', '--raw', '--subdir', 'DAGS_FOLDER/lra_refresh_dag.py', '--cfg-path', '/tmp/tmpagxbjih6']
[2026-03-23T06:15:20.853+0000] {standard_task_runner.py:91} INFO - Job 13: Subtask location_batches.batch_001__locs_201_to_400
[2026-03-23T06:15:20.856+0000] {logging_mixin.py:188} WARNING - /home/airflow/.local/lib/python3.12/site-packages/airflow/task/task_runner/standard_task_runner.py:61 DeprecationWarning: This process (pid=236) is multi-threaded, use of fork() may lead to deadlocks in the child.
[2026-03-23T06:15:20.861+0000] {standard_task_runner.py:63} INFO - Started process 249 to run task
[2026-03-23T06:15:21.425+0000] {task_command.py:426} INFO - Running <TaskInstance: reporting_nightly_refresh.location_batches.batch_001__locs_201_to_400 scheduled__2026-03-22T02:00:00+00:00 [running]> on host acc78bbd7e9f
[2026-03-23T06:15:22.305+0000] {taskinstance.py:2644} INFO - Exporting env vars: AIRFLOW_CTX_DAG_OWNER='finance-ops' AIRFLOW_CTX_DAG_ID='reporting_nightly_refresh' AIRFLOW_CTX_TASK_ID='location_batches.batch_001__locs_201_to_400' AIRFLOW_CTX_EXECUTION_DATE='2026-03-22T02:00:00+00:00' AIRFLOW_CTX_TRY_NUMBER='1' AIRFLOW_CTX_DAG_RUN_ID='scheduled__2026-03-22T02:00:00+00:00'
[2026-03-23T06:15:22.308+0000] {taskinstance.py:430} INFO - ::endgroup::
[2026-03-23T06:15:22.342+0000] {lra_refresh_dag.py:51} INFO - Batch 1: 200 locations
[2026-03-23T06:15:23.364+0000] {lra_refresh_dag.py:54} WARNING - STDERR:
Traceback (most recent call last):
  File "/opt/automation/refresh_runner.py", line 25, in <module>
    import aiomysql
ModuleNotFoundError: No module named 'aiomysql'

[2026-03-23T06:15:23.365+0000] {taskinstance.py:441} INFO - ::group::Post task execution logs
[2026-03-23T06:15:23.366+0000] {taskinstance.py:2890} ERROR - Task failed with exception
Traceback (most recent call last):
  File "/home/airflow/.local/lib/python3.12/site-packages/airflow/models/taskinstance.py", line 460, in _execute_task
    result = _execute_callable(context=context, **execute_callable_kwargs)
             ^^^^^^^^^^^^^^^^^^^^^^^^^^^^^^^^^^^^^^^^^^^^^^^^^^^^^^^^^^^^^
  File "/home/airflow/.local/lib/python3.12/site-packages/airflow/models/taskinstance.py", line 432, in _execute_callable
    return execute_callable(context=context, **execute_callable_kwargs)
           ^^^^^^^^^^^^^^^^^^^^^^^^^^^^^^^^^^^^^^^^^^^^^^^^^^^^^^^^^^^^
  File "/home/airflow/.local/lib/python3.12/site-packages/airflow/models/baseoperator.py", line 400, in wrapper
    return func(self, *args, **kwargs)
           ^^^^^^^^^^^^^^^^^^^^^^^^^^^
  File "/home/airflow/.local/lib/python3.12/site-packages/airflow/operators/python.py", line 235, in execute
    return_value = self.execute_callable()
                   ^^^^^^^^^^^^^^^^^^^^^^^
  File "/home/airflow/.local/lib/python3.12/site-packages/airflow/operators/python.py", line 252, in execute_callable
    return self.python_callable(*self.op_args, **self.op_kwargs)
           ^^^^^^^^^^^^^^^^^^^^^^^^^^^^^^^^^^^^^^^^^^^^^^^^^^^^^
  File "/opt/airflow/dags/lra_refresh_dag.py", line 56, in run_location_batch
    raise RuntimeError(f"Batch {batch_index} failed (exit {result.returncode})")
RuntimeError: Batch 1 failed (exit 1)
[2026-03-23T06:15:23.468+0000] {taskinstance.py:1205} INFO - Marking task as UP_FOR_RETRY. dag_id=reporting_nightly_refresh, task_id=location_batches.batch_001__locs_201_to_400, execution_date=20260322T020000, start_date=20260323T061520, end_date=20260323T061523
[2026-03-23T06:15:23.523+0000] {standard_task_runner.py:110} ERROR - Failed to execute job 13 for task location_batches.batch_001__locs_201_to_400 (Batch 1 failed (exit 1); 249)
[2026-03-23T06:15:23.585+0000] {local_task_job_runner.py:240} INFO - Task exited with return code 1
[2026-03-23T06:15:23.839+0000] {taskinstance.py:3482} INFO - 0 downstream tasks scheduled from follow-on schedule check
[2026-03-23T06:15:23.844+0000] {local_task_job_runner.py:222} INFO - ::endgroup::
[2026-03-23T06:27:33.598+0000] {local_task_job_runner.py:120} INFO - ::group::Pre task execution logs
[2026-03-23T06:27:33.955+0000] {taskinstance.py:2073} INFO - Dependencies all met for dep_context=non-requeueable deps ti=<TaskInstance: reporting_nightly_refresh.location_batches.batch_001__locs_201_to_400 scheduled__2026-03-22T02:00:00+00:00 [queued]>
[2026-03-23T06:27:33.992+0000] {taskinstance.py:2073} INFO - Dependencies all met for dep_context=requeueable deps ti=<TaskInstance: reporting_nightly_refresh.location_batches.batch_001__locs_201_to_400 scheduled__2026-03-22T02:00:00+00:00 [queued]>
[2026-03-23T06:27:33.995+0000] {taskinstance.py:2303} INFO - Starting attempt 1 of 4
[2026-03-23T06:27:34.217+0000] {taskinstance.py:2327} INFO - Executing <Task(PythonOperator): location_batches.batch_001__locs_201_to_400> on 2026-03-22 02:00:00+00:00
[2026-03-23T06:27:34.321+0000] {standard_task_runner.py:90} INFO - Running: ['airflow', 'tasks', 'run', 'reporting_nightly_refresh', 'location_batches.batch_001__locs_201_to_400', 'scheduled__2026-03-22T02:00:00+00:00', '--job-id', '5', '--raw', '--subdir', 'DAGS_FOLDER/lra_refresh_dag.py', '--cfg-path', '/tmp/tmpyhi33vma']
[2026-03-23T06:27:34.402+0000] {standard_task_runner.py:91} INFO - Job 5: Subtask location_batches.batch_001__locs_201_to_400
[2026-03-23T06:27:34.426+0000] {logging_mixin.py:188} WARNING - /home/airflow/.local/lib/python3.12/site-packages/airflow/task/task_runner/standard_task_runner.py:61 DeprecationWarning: This process (pid=177) is multi-threaded, use of fork() may lead to deadlocks in the child.
[2026-03-23T06:27:34.445+0000] {standard_task_runner.py:63} INFO - Started process 187 to run task
[2026-03-23T06:27:35.296+0000] {task_command.py:426} INFO - Running <TaskInstance: reporting_nightly_refresh.location_batches.batch_001__locs_201_to_400 scheduled__2026-03-22T02:00:00+00:00 [running]> on host 4c525425e255
[2026-03-23T06:27:37.151+0000] {taskinstance.py:2644} INFO - Exporting env vars: AIRFLOW_CTX_DAG_OWNER='finance-ops' AIRFLOW_CTX_DAG_ID='reporting_nightly_refresh' AIRFLOW_CTX_TASK_ID='location_batches.batch_001__locs_201_to_400' AIRFLOW_CTX_EXECUTION_DATE='2026-03-22T02:00:00+00:00' AIRFLOW_CTX_TRY_NUMBER='1' AIRFLOW_CTX_DAG_RUN_ID='scheduled__2026-03-22T02:00:00+00:00'
[2026-03-23T06:27:37.164+0000] {taskinstance.py:430} INFO - ::endgroup::
[2026-03-23T06:27:37.223+0000] {lra_refresh_dag.py:51} INFO - Batch 1: 200 locations
[2026-03-23T06:28:54.425+0000] {local_task_job_runner.py:222} INFO - ::endgroup::
[2026-03-23T06:28:56.028+0000] {process_utils.py:132} INFO - Sending 15 to group 187. PIDs of all processes in the group: [199, 265, 576, 1014, 1565, 2195, 2721, 3270, 3900, 4407, 4463, 4506, 4631, 4618, 3957, 3958, 4046, 4044, 3398, 3406, 3464, 3451, 2845, 2851, 2950, 2939, 2239, 2243, 2346, 2343, 1672, 1689, 1898, 1947, 1876, 1246, 1254, 1383, 1425, 1378, 732, 739, 827, 864, 806, 187]
[2026-03-23T06:28:56.069+0000] {process_utils.py:87} INFO - Sending the signal 15 to group 187
[2026-03-23T06:28:56.395+0000] {process_utils.py:80} INFO - Process psutil.Process(pid=2346, status='terminated', started='06:27:51') (2346) terminated with exit code None
[2026-03-23T06:28:56.450+0000] {process_utils.py:80} INFO - Process psutil.Process(pid=4046, status='terminated', started='06:28:02') (4046) terminated with exit code None
[2026-03-23T06:28:56.481+0000] {process_utils.py:80} INFO - Process psutil.Process(pid=4463, status='terminated', started='06:28:05') (4463) terminated with exit code None
[2026-03-23T06:28:56.555+0000] {process_utils.py:80} INFO - Process psutil.Process(pid=4407, status='terminated', started='06:28:05') (4407) terminated with exit code None
[2026-03-23T06:28:56.628+0000] {process_utils.py:80} INFO - Process psutil.Process(pid=2239, status='terminated', started='06:27:50') (2239) terminated with exit code None
[2026-03-23T06:28:56.638+0000] {process_utils.py:80} INFO - Process psutil.Process(pid=806, status='terminated', started='06:27:41') (806) terminated with exit code None
[2026-03-23T06:28:56.698+0000] {process_utils.py:80} INFO - Process psutil.Process(pid=3464, status='terminated', started='06:27:58') (3464) terminated with exit code None
[2026-03-23T06:28:56.739+0000] {process_utils.py:80} INFO - Process psutil.Process(pid=4506, status='terminated', started='06:28:06') (4506) terminated with exit code None
[2026-03-23T06:28:56.745+0000] {process_utils.py:80} INFO - Process psutil.Process(pid=2243, status='terminated', started='06:27:50') (2243) terminated with exit code None
[2026-03-23T06:28:56.756+0000] {process_utils.py:80} INFO - Process psutil.Process(pid=3900, status='terminated', started='06:28:01') (3900) terminated with exit code None
[2026-03-23T06:28:56.763+0000] {process_utils.py:80} INFO - Process psutil.Process(pid=1425, status='terminated', started='06:27:44') (1425) terminated with exit code None
[2026-03-23T06:28:56.813+0000] {process_utils.py:80} INFO - Process psutil.Process(pid=2195, status='terminated', started='06:27:49') (2195) terminated with exit code None
[2026-03-23T06:28:56.848+0000] {process_utils.py:80} INFO - Process psutil.Process(pid=3957, status='terminated', started='06:28:01') (3957) terminated with exit code None
[2026-03-23T06:28:56.869+0000] {process_utils.py:80} INFO - Process psutil.Process(pid=1689, status='terminated', started='06:27:47') (1689) terminated with exit code None
[2026-03-23T06:28:56.887+0000] {process_utils.py:80} INFO - Process psutil.Process(pid=1898, status='terminated', started='06:27:47') (1898) terminated with exit code None
[2026-03-23T06:28:56.892+0000] {process_utils.py:80} INFO - Process psutil.Process(pid=3958, status='terminated', started='06:28:01') (3958) terminated with exit code None
[2026-03-23T06:28:56.918+0000] {process_utils.py:80} INFO - Process psutil.Process(pid=3406, status='terminated', started='06:27:57') (3406) terminated with exit code None
[2026-03-23T06:28:56.931+0000] {process_utils.py:80} INFO - Process psutil.Process(pid=2343, status='terminated', started='06:27:51') (2343) terminated with exit code None
[2026-03-23T06:28:56.964+0000] {process_utils.py:80} INFO - Process psutil.Process(pid=4618, status='terminated', started='06:28:07') (4618) terminated with exit code None
[2026-03-23T06:28:57.010+0000] {process_utils.py:80} INFO - Process psutil.Process(pid=1672, status='terminated', started='06:27:47') (1672) terminated with exit code None
[2026-03-23T06:28:57.025+0000] {process_utils.py:80} INFO - Process psutil.Process(pid=1565, status='terminated', started='06:27:46') (1565) terminated with exit code None
[2026-03-23T06:28:57.103+0000] {process_utils.py:80} INFO - Process psutil.Process(pid=2939, status='terminated', started='06:27:54') (2939) terminated with exit code None
[2026-03-23T06:28:57.127+0000] {process_utils.py:80} INFO - Process psutil.Process(pid=3451, status='terminated', started='06:27:58') (3451) terminated with exit code None
[2026-03-23T06:28:57.130+0000] {process_utils.py:80} INFO - Process psutil.Process(pid=3398, status='terminated', started='06:27:57') (3398) terminated with exit code None
[2026-03-23T06:28:57.132+0000] {process_utils.py:80} INFO - Process psutil.Process(pid=3270, status='terminated', started='06:27:56') (3270) terminated with exit code None
[2026-03-23T06:28:57.137+0000] {process_utils.py:80} INFO - Process psutil.Process(pid=1947, status='terminated', started='06:27:48') (1947) terminated with exit code None
[2026-03-23T06:28:57.141+0000] {process_utils.py:80} INFO - Process psutil.Process(pid=1378, status='terminated', started='06:27:44') (1378) terminated with exit code None
[2026-03-23T06:28:57.148+0000] {process_utils.py:80} INFO - Process psutil.Process(pid=864, status='terminated', started='06:27:41') (864) terminated with exit code None
[2026-03-23T06:28:57.153+0000] {process_utils.py:80} INFO - Process psutil.Process(pid=4631, status='terminated', started='06:28:08') (4631) terminated with exit code None
[2026-03-23T06:28:56.560+0000] {taskinstance.py:2607} ERROR - Received SIGTERM. Terminating subprocesses.
[2026-03-23T06:28:57.246+0000] {process_utils.py:80} INFO - Process psutil.Process(pid=739, status='terminated', started='06:27:40') (739) terminated with exit code None
[2026-03-23T06:28:57.252+0000] {process_utils.py:80} INFO - Process psutil.Process(pid=4044, status='terminated', started='06:28:02') (4044) terminated with exit code None
[2026-03-23T06:28:57.365+0000] {process_utils.py:80} INFO - Process psutil.Process(pid=199, status='terminated', started='06:27:37') (199) terminated with exit code None
[2026-03-23T06:28:57.425+0000] {taskinstance.py:441} INFO - ::group::Post task execution logs
[2026-03-23T06:28:57.466+0000] {process_utils.py:80} INFO - Process psutil.Process(pid=576, status='terminated', started='06:27:40') (576) terminated with exit code None
[2026-03-23T06:28:57.500+0000] {process_utils.py:80} INFO - Process psutil.Process(pid=1246, status='terminated', started='06:27:43') (1246) terminated with exit code None
[2026-03-23T06:28:57.505+0000] {process_utils.py:80} INFO - Process psutil.Process(pid=732, status='terminated', started='06:27:40') (732) terminated with exit code None
[2026-03-23T06:28:57.510+0000] {process_utils.py:80} INFO - Process psutil.Process(pid=1876, status='terminated', started='06:27:47') (1876) terminated with exit code None
[2026-03-23T06:28:57.522+0000] {process_utils.py:80} INFO - Process psutil.Process(pid=1014, status='terminated', started='06:27:42') (1014) terminated with exit code None
[2026-03-23T06:28:57.535+0000] {process_utils.py:80} INFO - Process psutil.Process(pid=1254, status='terminated', started='06:27:43') (1254) terminated with exit code None
[2026-03-23T06:28:57.612+0000] {process_utils.py:80} INFO - Process psutil.Process(pid=2851, status='terminated', started='06:27:53') (2851) terminated with exit code None
[2026-03-23T06:28:57.620+0000] {process_utils.py:80} INFO - Process psutil.Process(pid=827, status='terminated', started='06:27:41') (827) terminated with exit code None
[2026-03-23T06:28:57.627+0000] {process_utils.py:80} INFO - Process psutil.Process(pid=2950, status='terminated', started='06:27:54') (2950) terminated with exit code None
[2026-03-23T06:28:57.638+0000] {process_utils.py:80} INFO - Process psutil.Process(pid=2721, status='terminated', started='06:27:53') (2721) terminated with exit code None
[2026-03-23T06:28:57.646+0000] {process_utils.py:80} INFO - Process psutil.Process(pid=1383, status='terminated', started='06:27:44') (1383) terminated with exit code None
[2026-03-23T06:28:57.650+0000] {process_utils.py:80} INFO - Process psutil.Process(pid=2845, status='terminated', started='06:27:53') (2845) terminated with exit code None
[2026-03-23T06:28:57.661+0000] {process_utils.py:80} INFO - Process psutil.Process(pid=265, status='terminated', started='06:27:39') (265) terminated with exit code None
[2026-03-23T06:28:59.323+0000] {taskinstance.py:2890} ERROR - Task failed with exception
Traceback (most recent call last):
  File "/home/airflow/.local/lib/python3.12/site-packages/airflow/models/taskinstance.py", line 460, in _execute_task
    result = _execute_callable(context=context, **execute_callable_kwargs)
             ^^^^^^^^^^^^^^^^^^^^^^^^^^^^^^^^^^^^^^^^^^^^^^^^^^^^^^^^^^^^^
  File "/home/airflow/.local/lib/python3.12/site-packages/airflow/models/taskinstance.py", line 432, in _execute_callable
    return execute_callable(context=context, **execute_callable_kwargs)
           ^^^^^^^^^^^^^^^^^^^^^^^^^^^^^^^^^^^^^^^^^^^^^^^^^^^^^^^^^^^^
  File "/home/airflow/.local/lib/python3.12/site-packages/airflow/models/baseoperator.py", line 400, in wrapper
    return func(self, *args, **kwargs)
           ^^^^^^^^^^^^^^^^^^^^^^^^^^^
  File "/home/airflow/.local/lib/python3.12/site-packages/airflow/operators/python.py", line 235, in execute
    return_value = self.execute_callable()
                   ^^^^^^^^^^^^^^^^^^^^^^^
  File "/home/airflow/.local/lib/python3.12/site-packages/airflow/operators/python.py", line 252, in execute_callable
    return self.python_callable(*self.op_args, **self.op_kwargs)
           ^^^^^^^^^^^^^^^^^^^^^^^^^^^^^^^^^^^^^^^^^^^^^^^^^^^^^
  File "/opt/airflow/dags/lra_refresh_dag.py", line 52, in run_location_batch
    result = subprocess.run(cmd, capture_output=True, text=True, timeout=3600)
             ^^^^^^^^^^^^^^^^^^^^^^^^^^^^^^^^^^^^^^^^^^^^^^^^^^^^^^^^^^^^^^^^^
  File "/usr/local/lib/python3.12/subprocess.py", line 550, in run
    stdout, stderr = process.communicate(input, timeout=timeout)
                     ^^^^^^^^^^^^^^^^^^^^^^^^^^^^^^^^^^^^^^^^^^^
  File "/usr/local/lib/python3.12/subprocess.py", line 1209, in communicate
    stdout, stderr = self._communicate(input, endtime, timeout)
                     ^^^^^^^^^^^^^^^^^^^^^^^^^^^^^^^^^^^^^^^^^^
  File "/usr/local/lib/python3.12/subprocess.py", line 2113, in _communicate
    ready = selector.select(timeout)
            ^^^^^^^^^^^^^^^^^^^^^^^^
  File "/usr/local/lib/python3.12/selectors.py", line 415, in select
    fd_event_list = self._selector.poll(timeout)
                    ^^^^^^^^^^^^^^^^^^^^^^^^^^^^
  File "/home/airflow/.local/lib/python3.12/site-packages/airflow/models/taskinstance.py", line 2609, in signal_handler
    raise AirflowTaskTerminated("Task received SIGTERM signal")
airflow.exceptions.AirflowTaskTerminated: Task received SIGTERM signal
[2026-03-23T06:28:59.441+0000] {taskinstance.py:1205} INFO - Marking task as UP_FOR_RETRY. dag_id=reporting_nightly_refresh, task_id=location_batches.batch_001__locs_201_to_400, execution_date=20260322T020000, start_date=20260323T062733, end_date=20260323T062859
[2026-03-23T06:29:03.975+0000] {process_utils.py:80} INFO - Process psutil.Process(pid=187, status='terminated', exitcode=2, started='06:27:34') (187) terminated with exit code 2
[2026-03-23T06:55:34.600+0000] {local_task_job_runner.py:120} INFO - ::group::Pre task execution logs
[2026-03-23T06:55:34.801+0000] {taskinstance.py:2073} INFO - Dependencies all met for dep_context=non-requeueable deps ti=<TaskInstance: reporting_nightly_refresh.location_batches.batch_001__locs_201_to_400 scheduled__2026-03-22T02:00:00+00:00 [queued]>
[2026-03-23T06:55:34.835+0000] {taskinstance.py:2073} INFO - Dependencies all met for dep_context=requeueable deps ti=<TaskInstance: reporting_nightly_refresh.location_batches.batch_001__locs_201_to_400 scheduled__2026-03-22T02:00:00+00:00 [queued]>
[2026-03-23T06:55:34.836+0000] {taskinstance.py:2303} INFO - Starting attempt 1 of 4
[2026-03-23T06:55:35.036+0000] {taskinstance.py:2327} INFO - Executing <Task(PythonOperator): location_batches.batch_001__locs_201_to_400> on 2026-03-22 02:00:00+00:00
[2026-03-23T06:55:35.065+0000] {standard_task_runner.py:90} INFO - Running: ['airflow', 'tasks', 'run', 'reporting_nightly_refresh', 'location_batches.batch_001__locs_201_to_400', 'scheduled__2026-03-22T02:00:00+00:00', '--job-id', '3', '--raw', '--subdir', 'DAGS_FOLDER/reporting_refresh_dag.py', '--cfg-path', '/tmp/tmpgipaf6hl']
[2026-03-23T06:55:35.077+0000] {standard_task_runner.py:91} INFO - Job 3: Subtask location_batches.batch_001__locs_201_to_400
[2026-03-23T06:55:35.078+0000] {logging_mixin.py:188} WARNING - /home/airflow/.local/lib/python3.12/site-packages/airflow/task/task_runner/standard_task_runner.py:61 DeprecationWarning: This process (pid=210) is multi-threaded, use of fork() may lead to deadlocks in the child.
[2026-03-23T06:55:35.080+0000] {standard_task_runner.py:63} INFO - Started process 225 to run task
[2026-03-23T06:55:35.510+0000] {task_command.py:426} INFO - Running <TaskInstance: reporting_nightly_refresh.location_batches.batch_001__locs_201_to_400 scheduled__2026-03-22T02:00:00+00:00 [running]> on host 709b26eca54f
[2026-03-23T06:55:36.309+0000] {taskinstance.py:2644} INFO - Exporting env vars: AIRFLOW_CTX_DAG_OWNER='finance-ops' AIRFLOW_CTX_DAG_ID='reporting_nightly_refresh' AIRFLOW_CTX_TASK_ID='location_batches.batch_001__locs_201_to_400' AIRFLOW_CTX_EXECUTION_DATE='2026-03-22T02:00:00+00:00' AIRFLOW_CTX_TRY_NUMBER='1' AIRFLOW_CTX_DAG_RUN_ID='scheduled__2026-03-22T02:00:00+00:00'
[2026-03-23T06:55:36.313+0000] {taskinstance.py:430} INFO - ::endgroup::
[2026-03-23T06:55:36.550+0000] {refresh_runner.py:135} INFO - Run 20260323_065536 — 200 locations, concurrency=10
[2026-03-23T06:55:39.106+0000] {refresh_runner.py:76} INFO - Navigating to login: http://mock_portal:5001
[2026-03-23T06:55:40.450+0000] {refresh_runner.py:82} INFO - Authentication successful.
[2026-03-23T06:55:41.741+0000] {refresh_runner.py:76} INFO - Navigating to login: http://mock_portal:5001
[2026-03-23T06:55:44.230+0000] {refresh_runner.py:82} INFO - Authentication successful.
[2026-03-23T06:55:47.025+0000] {refresh_runner.py:76} INFO - Navigating to login: http://mock_portal:5001
[2026-03-23T06:55:48.289+0000] {refresh_runner.py:82} INFO - Authentication successful.
[2026-03-23T06:55:50.383+0000] {refresh_runner.py:76} INFO - Navigating to login: http://mock_portal:5001
[2026-03-23T06:55:58.882+0000] {refresh_runner.py:82} INFO - Authentication successful.
[2026-03-23T06:56:02.175+0000] {refresh_runner.py:76} INFO - Navigating to login: http://mock_portal:5001
[2026-03-23T06:56:04.026+0000] {refresh_runner.py:82} INFO - Authentication successful.
[2026-03-23T06:56:06.402+0000] {refresh_runner.py:76} INFO - Navigating to login: http://mock_portal:5001
[2026-03-23T06:56:09.509+0000] {refresh_runner.py:82} INFO - Authentication successful.
[2026-03-23T06:56:57.765+0000] {local_task_job_runner.py:222} INFO - ::endgroup::
[2026-03-23T06:57:02.436+0000] {process_utils.py:132} INFO - Sending 15 to group 225. PIDs of all processes in the group: [275, 332, 927, 1508, 2081, 2654, 3239, 3830, 3896, 3904, 4071, 4328, 3992, 3253, 3254, 3363, 3507, 3329, 2673, 2676, 2894, 3035, 2866, 2091, 2092, 2202, 2269, 2181, 1515, 1518, 1587, 1756, 1573, 954, 967, 1026, 1229, 1023, 400, 425, 526, 778, 520, 225]
[2026-03-23T06:57:02.619+0000] {process_utils.py:87} INFO - Sending the signal 15 to group 225
[2026-03-23T06:57:02.685+0000] {taskinstance.py:2607} ERROR - Received SIGTERM. Terminating subprocesses.
[2026-03-23T06:57:06.974+0000] {process_utils.py:80} INFO - Process psutil.Process(pid=927, status='terminated', started='06:55:40') (927) terminated with exit code None
[2026-03-23T06:57:07.080+0000] {process_utils.py:80} INFO - Process psutil.Process(pid=3830, status='terminated', started='06:56:09') (3830) terminated with exit code None
[2026-03-23T06:57:07.129+0000] {process_utils.py:80} INFO - Process psutil.Process(pid=400, status='terminated', started='06:55:38') (400) terminated with exit code None
[2026-03-23T06:57:07.192+0000] {process_utils.py:80} INFO - Process psutil.Process(pid=1756, status='terminated', started='06:55:46') (1756) terminated with exit code None
[2026-03-23T06:57:07.312+0000] {process_utils.py:80} INFO - Process psutil.Process(pid=3254, status='terminated', started='06:56:04') (3254) terminated with exit code None
[2026-03-23T06:57:07.387+0000] {process_utils.py:80} INFO - Process psutil.Process(pid=526, status='terminated', started='06:55:38') (526) terminated with exit code None
[2026-03-23T06:57:07.392+0000] {process_utils.py:80} INFO - Process psutil.Process(pid=2866, status='terminated', started='06:56:00') (2866) terminated with exit code None
[2026-03-23T06:57:07.436+0000] {process_utils.py:80} INFO - Process psutil.Process(pid=4071, status='terminated', started='06:56:23') (4071) terminated with exit code None
[2026-03-23T06:57:07.443+0000] {process_utils.py:80} INFO - Process psutil.Process(pid=1587, status='terminated', started='06:55:45') (1587) terminated with exit code None
[2026-03-23T06:57:07.445+0000] {process_utils.py:80} INFO - Process psutil.Process(pid=2091, status='terminated', started='06:55:48') (2091) terminated with exit code None
[2026-03-23T06:57:07.454+0000] {process_utils.py:80} INFO - Process psutil.Process(pid=2081, status='terminated', started='06:55:48') (2081) terminated with exit code None
[2026-03-23T06:57:07.481+0000] {process_utils.py:80} INFO - Process psutil.Process(pid=1515, status='terminated', started='06:55:44') (1515) terminated with exit code None
[2026-03-23T06:57:07.483+0000] {process_utils.py:80} INFO - Process psutil.Process(pid=2673, status='terminated', started='06:55:59') (2673) terminated with exit code None
[2026-03-23T06:57:07.491+0000] {process_utils.py:80} INFO - Process psutil.Process(pid=3992, status='terminated', started='06:56:19') (3992) terminated with exit code None
[2026-03-23T06:57:07.496+0000] {process_utils.py:80} INFO - Process psutil.Process(pid=3896, status='terminated', started='06:56:12') (3896) terminated with exit code None
[2026-03-23T06:57:07.514+0000] {process_utils.py:80} INFO - Process psutil.Process(pid=1518, status='terminated', started='06:55:44') (1518) terminated with exit code None
[2026-03-23T06:57:07.516+0000] {process_utils.py:80} INFO - Process psutil.Process(pid=2676, status='terminated', started='06:55:59') (2676) terminated with exit code None
[2026-03-23T06:57:07.518+0000] {process_utils.py:80} INFO - Process psutil.Process(pid=1026, status='terminated', started='06:55:41') (1026) terminated with exit code None
[2026-03-23T06:57:07.521+0000] {process_utils.py:80} INFO - Process psutil.Process(pid=778, status='terminated', started='06:55:38') (778) terminated with exit code None
[2026-03-23T06:57:07.527+0000] {process_utils.py:80} INFO - Process psutil.Process(pid=2269, status='terminated', started='06:55:49') (2269) terminated with exit code None
[2026-03-23T06:57:07.535+0000] {process_utils.py:80} INFO - Process psutil.Process(pid=954, status='terminated', started='06:55:40') (954) terminated with exit code None
[2026-03-23T06:57:07.553+0000] {process_utils.py:80} INFO - Process psutil.Process(pid=2202, status='terminated', started='06:55:49') (2202) terminated with exit code None
[2026-03-23T06:57:07.558+0000] {process_utils.py:80} INFO - Process psutil.Process(pid=2181, status='terminated', started='06:55:49') (2181) terminated with exit code None
[2026-03-23T06:57:07.618+0000] {process_utils.py:80} INFO - Process psutil.Process(pid=3329, status='terminated', started='06:56:05') (3329) terminated with exit code None
[2026-03-23T06:57:07.621+0000] {process_utils.py:80} INFO - Process psutil.Process(pid=2654, status='terminated', started='06:55:58') (2654) terminated with exit code None
[2026-03-23T06:57:07.623+0000] {process_utils.py:80} INFO - Process psutil.Process(pid=1508, status='terminated', started='06:55:44') (1508) terminated with exit code None
[2026-03-23T06:57:07.657+0000] {process_utils.py:80} INFO - Process psutil.Process(pid=3904, status='terminated', started='06:56:12') (3904) terminated with exit code None
[2026-03-23T06:57:07.725+0000] {process_utils.py:80} INFO - Process psutil.Process(pid=1229, status='terminated', started='06:55:41') (1229) terminated with exit code None
[2026-03-23T06:57:07.728+0000] {process_utils.py:80} INFO - Process psutil.Process(pid=332, status='terminated', started='06:55:38') (332) terminated with exit code None
[2026-03-23T06:57:07.730+0000] {process_utils.py:80} INFO - Process psutil.Process(pid=2092, status='terminated', started='06:55:48') (2092) terminated with exit code None
[2026-03-23T06:57:07.733+0000] {process_utils.py:80} INFO - Process psutil.Process(pid=3363, status='terminated', started='06:56:05') (3363) terminated with exit code None
[2026-03-23T06:57:07.741+0000] {process_utils.py:80} INFO - Process psutil.Process(pid=1023, status='terminated', started='06:55:40') (1023) terminated with exit code None
[2026-03-23T06:57:07.744+0000] {process_utils.py:80} INFO - Process psutil.Process(pid=520, status='terminated', started='06:55:38') (520) terminated with exit code None
[2026-03-23T06:57:07.773+0000] {process_utils.py:80} INFO - Process psutil.Process(pid=4328, status='terminated', started='06:56:52') (4328) terminated with exit code None
[2026-03-23T06:57:07.776+0000] {process_utils.py:80} INFO - Process psutil.Process(pid=3239, status='terminated', started='06:56:04') (3239) terminated with exit code None
[2026-03-23T06:57:07.784+0000] {process_utils.py:80} INFO - Process psutil.Process(pid=3507, status='terminated', started='06:56:05') (3507) terminated with exit code None
[2026-03-23T06:57:07.822+0000] {process_utils.py:80} INFO - Process psutil.Process(pid=275, status='terminated', started='06:55:36') (275) terminated with exit code None
[2026-03-23T06:57:07.831+0000] {process_utils.py:80} INFO - Process psutil.Process(pid=3035, status='terminated', started='06:56:01') (3035) terminated with exit code None
[2026-03-23T06:57:07.968+0000] {process_utils.py:80} INFO - Process psutil.Process(pid=425, status='terminated', started='06:55:38') (425) terminated with exit code None
[2026-03-23T06:57:07.970+0000] {process_utils.py:80} INFO - Process psutil.Process(pid=967, status='terminated', started='06:55:40') (967) terminated with exit code None
[2026-03-23T06:57:07.972+0000] {process_utils.py:80} INFO - Process psutil.Process(pid=3253, status='terminated', started='06:56:04') (3253) terminated with exit code None
[2026-03-23T06:57:07.974+0000] {process_utils.py:80} INFO - Process psutil.Process(pid=2894, status='terminated', started='06:56:00') (2894) terminated with exit code None
[2026-03-23T06:57:07.976+0000] {process_utils.py:80} INFO - Process psutil.Process(pid=1573, status='terminated', started='06:55:45') (1573) terminated with exit code None
[2026-03-23T06:58:02.733+0000] {process_utils.py:150} WARNING - process psutil.Process(pid=225, name='airflow task ru', status='sleeping', started='06:55:34') did not respond to SIGTERM. Trying SIGKILL
[2026-03-23T06:58:02.794+0000] {process_utils.py:87} INFO - Sending the signal 9 to group 225
[2026-03-23T06:58:02.892+0000] {process_utils.py:80} INFO - Process psutil.Process(pid=225, name='airflow task ru', status='terminated', exitcode=<Negsignal.SIGKILL: -9>, started='06:55:34') (225) terminated with exit code -9
[2026-03-23T06:58:02.896+0000] {standard_task_runner.py:178} ERROR - Job 3 was killed before it finished (likely due to running out of memory)
