[2026-03-23T05:46:59.083+0000] {local_task_job_runner.py:120} INFO - ::group::Pre task execution logs
[2026-03-23T05:46:59.178+0000] {taskinstance.py:2073} INFO - Dependencies all met for dep_context=non-requeueable deps ti=<TaskInstance: reporting_nightly_refresh.location_batches.batch_001__locs_201_to_400 scheduled__2026-03-22T02:00:00+00:00 [queued]>
[2026-03-23T05:46:59.193+0000] {taskinstance.py:2073} INFO - Dependencies all met for dep_context=requeueable deps ti=<TaskInstance: reporting_nightly_refresh.location_batches.batch_001__locs_201_to_400 scheduled__2026-03-22T02:00:00+00:00 [queued]>
[2026-03-23T05:46:59.194+0000] {taskinstance.py:2303} INFO - Starting attempt 2 of 4
[2026-03-23T05:46:59.222+0000] {taskinstance.py:2327} INFO - Executing <Task(PythonOperator): location_batches.batch_001__locs_201_to_400> on 2026-03-22 02:00:00+00:00
[2026-03-23T05:46:59.246+0000] {logging_mixin.py:188} WARNING - /home/airflow/.local/lib/python3.12/site-packages/airflow/task/task_runner/standard_task_runner.py:61 DeprecationWarning: This process (pid=268) is multi-threaded, use of fork() may lead to deadlocks in the child.
[2026-03-23T05:46:59.240+0000] {standard_task_runner.py:90} INFO - Running: ['airflow', 'tasks', 'run', 'reporting_nightly_refresh', 'location_batches.batch_001__locs_201_to_400', 'scheduled__2026-03-22T02:00:00+00:00', '--job-id', '12', '--raw', '--subdir', 'DAGS_FOLDER/lra_refresh_dag.py', '--cfg-path', '/tmp/tmplv3307cb']
[2026-03-23T05:46:59.250+0000] {standard_task_runner.py:63} INFO - Started process 269 to run task
[2026-03-23T05:46:59.251+0000] {standard_task_runner.py:91} INFO - Job 12: Subtask location_batches.batch_001__locs_201_to_400
[2026-03-23T05:46:59.491+0000] {task_command.py:426} INFO - Running <TaskInstance: reporting_nightly_refresh.location_batches.batch_001__locs_201_to_400 scheduled__2026-03-22T02:00:00+00:00 [running]> on host 7849ea7120c5
[2026-03-23T05:46:59.963+0000] {taskinstance.py:2644} INFO - Exporting env vars: AIRFLOW_CTX_DAG_OWNER='finance-ops' AIRFLOW_CTX_DAG_ID='reporting_nightly_refresh' AIRFLOW_CTX_TASK_ID='location_batches.batch_001__locs_201_to_400' AIRFLOW_CTX_EXECUTION_DATE='2026-03-22T02:00:00+00:00' AIRFLOW_CTX_TRY_NUMBER='2' AIRFLOW_CTX_DAG_RUN_ID='scheduled__2026-03-22T02:00:00+00:00'
[2026-03-23T05:46:59.965+0000] {taskinstance.py:430} INFO - ::endgroup::
[2026-03-23T05:46:59.988+0000] {lra_refresh_dag.py:51} INFO - Batch 1: 200 locations
[2026-03-23T05:47:00.697+0000] {lra_refresh_dag.py:54} WARNING - STDERR:
Traceback (most recent call last):
  File "/opt/automation/refresh_runner.py", line 25, in <module>
    import aiomysql
ModuleNotFoundError: No module named 'aiomysql'

[2026-03-23T05:47:00.699+0000] {taskinstance.py:441} INFO - ::group::Post task execution logs
[2026-03-23T05:47:00.700+0000] {taskinstance.py:2890} ERROR - Task failed with exception
Traceback (most recent call last):
  File "/home/airflow/.local/lib/python3.12/site-packages/airflow/models/taskinstance.py", line 460, in _execute_task
    result = _execute_callable(context=context, **execute_callable_kwargs)
             ^^^^^^^^^^^^^^^^^^^^^^^^^^^^^^^^^^^^^^^^^^^^^^^^^^^^^^^^^^^^^
  File "/home/airflow/.local/lib/python3.12/site-packages/airflow/models/taskinstance.py", line 432, in _execute_callable
    return execute_callable(context=context, **execute_callable_kwargs)
           ^^^^^^^^^^^^^^^^^^^^^^^^^^^^^^^^^^^^^^^^^^^^^^^^^^^^^^^^^^^^
  File "/home/airflow/.local/lib/python3.12/site-packages/airflow/models/baseoperator.py", line 400, in wrapper
    return func(self, *args, **kwargs)
           ^^^^^^^^^^^^^^^^^^^^^^^^^^^
  File "/home/airflow/.local/lib/python3.12/site-packages/airflow/operators/python.py", line 235, in execute
    return_value = self.execute_callable()
                   ^^^^^^^^^^^^^^^^^^^^^^^
  File "/home/airflow/.local/lib/python3.12/site-packages/airflow/operators/python.py", line 252, in execute_callable
    return self.python_callable(*self.op_args, **self.op_kwargs)
           ^^^^^^^^^^^^^^^^^^^^^^^^^^^^^^^^^^^^^^^^^^^^^^^^^^^^^
  File "/opt/airflow/dags/lra_refresh_dag.py", line 56, in run_location_batch
    raise RuntimeError(f"Batch {batch_index} failed (exit {result.returncode})")
RuntimeError: Batch 1 failed (exit 1)
[2026-03-23T05:47:00.775+0000] {taskinstance.py:1205} INFO - Marking task as UP_FOR_RETRY. dag_id=reporting_nightly_refresh, task_id=location_batches.batch_001__locs_201_to_400, execution_date=20260322T020000, start_date=20260323T054659, end_date=20260323T054700
[2026-03-23T05:47:00.801+0000] {standard_task_runner.py:110} ERROR - Failed to execute job 12 for task location_batches.batch_001__locs_201_to_400 (Batch 1 failed (exit 1); 269)
[2026-03-23T05:47:00.873+0000] {local_task_job_runner.py:240} INFO - Task exited with return code 1
[2026-03-23T05:47:01.036+0000] {taskinstance.py:3482} INFO - 0 downstream tasks scheduled from follow-on schedule check
[2026-03-23T05:47:01.040+0000] {local_task_job_runner.py:222} INFO - ::endgroup::
[2026-03-23T06:35:32.656+0000] {local_task_job_runner.py:120} INFO - ::group::Pre task execution logs
[2026-03-23T06:35:32.776+0000] {taskinstance.py:2073} INFO - Dependencies all met for dep_context=non-requeueable deps ti=<TaskInstance: reporting_nightly_refresh.location_batches.batch_001__locs_201_to_400 scheduled__2026-03-22T02:00:00+00:00 [queued]>
[2026-03-23T06:35:32.795+0000] {taskinstance.py:2073} INFO - Dependencies all met for dep_context=requeueable deps ti=<TaskInstance: reporting_nightly_refresh.location_batches.batch_001__locs_201_to_400 scheduled__2026-03-22T02:00:00+00:00 [queued]>
[2026-03-23T06:35:32.796+0000] {taskinstance.py:2303} INFO - Starting attempt 2 of 4
[2026-03-23T06:35:32.827+0000] {taskinstance.py:2327} INFO - Executing <Task(PythonOperator): location_batches.batch_001__locs_201_to_400> on 2026-03-22 02:00:00+00:00
[2026-03-23T06:35:32.848+0000] {standard_task_runner.py:90} INFO - Running: ['airflow', 'tasks', 'run', 'reporting_nightly_refresh', 'location_batches.batch_001__locs_201_to_400', 'scheduled__2026-03-22T02:00:00+00:00', '--job-id', '12', '--raw', '--subdir', 'DAGS_FOLDER/lra_refresh_dag.py', '--cfg-path', '/tmp/tmpi4cltve0']
[2026-03-23T06:35:32.854+0000] {logging_mixin.py:188} WARNING - /home/airflow/.local/lib/python3.12/site-packages/airflow/task/task_runner/standard_task_runner.py:61 DeprecationWarning: This process (pid=6209) is multi-threaded, use of fork() may lead to deadlocks in the child.
[2026-03-23T06:35:32.855+0000] {standard_task_runner.py:91} INFO - Job 12: Subtask location_batches.batch_001__locs_201_to_400
[2026-03-23T06:35:32.855+0000] {standard_task_runner.py:63} INFO - Started process 6210 to run task
[2026-03-23T06:35:33.122+0000] {task_command.py:426} INFO - Running <TaskInstance: reporting_nightly_refresh.location_batches.batch_001__locs_201_to_400 scheduled__2026-03-22T02:00:00+00:00 [running]> on host 4c525425e255
[2026-03-23T06:35:33.549+0000] {taskinstance.py:2644} INFO - Exporting env vars: AIRFLOW_CTX_DAG_OWNER='finance-ops' AIRFLOW_CTX_DAG_ID='reporting_nightly_refresh' AIRFLOW_CTX_TASK_ID='location_batches.batch_001__locs_201_to_400' AIRFLOW_CTX_EXECUTION_DATE='2026-03-22T02:00:00+00:00' AIRFLOW_CTX_TRY_NUMBER='2' AIRFLOW_CTX_DAG_RUN_ID='scheduled__2026-03-22T02:00:00+00:00'
[2026-03-23T06:35:33.552+0000] {taskinstance.py:430} INFO - ::endgroup::
[2026-03-23T06:35:33.576+0000] {lra_refresh_dag.py:51} INFO - Batch 1: 200 locations
[2026-03-23T06:35:46.108+0000] {lra_refresh_dag.py:54} WARNING - STDERR:
2026-03-23 06:35:34,503 [INFO] Run 20260323_063534 — 200 locations, concurrency=10
2026-03-23 06:35:35,314 [INFO] Navigating to login: http://mock_portal:5001
2026-03-23 06:35:36,083 [INFO] Authentication successful.
2026-03-23 06:35:36,412 [INFO] Navigating to login: http://mock_portal:5001
2026-03-23 06:35:37,138 [INFO] Authentication successful.
2026-03-23 06:35:37,574 [INFO] Navigating to login: http://mock_portal:5001
2026-03-23 06:35:38,336 [INFO] Authentication successful.
2026-03-23 06:35:38,653 [INFO] Navigating to login: http://mock_portal:5001
2026-03-23 06:35:39,389 [INFO] Authentication successful.
2026-03-23 06:35:39,720 [INFO] Navigating to login: http://mock_portal:5001
2026-03-23 06:35:40,465 [INFO] Authentication successful.
2026-03-23 06:35:40,800 [INFO] Navigating to login: http://mock_portal:5001
2026-03-23 06:35:41,536 [INFO] Authentication successful.
2026-03-23 06:35:41,860 [INFO] Navigating to login: http://mock_portal:5001
2026-03-23 06:35:42,611 [INFO] Authentication successful.
2026-03-23 06:35:42,932 [INFO] Navigating to login: http://mock_portal:5001
2026-03-23 06:35:43,661 [INFO] Authentication successful.
2026-03-23 06:35:43,999 [INFO] Navigating to login: http://mock_portal:5001
2026-03-23 06:35:44,722 [INFO] Authentication successful.
2026-03-23 06:35:45,066 [INFO] Navigating to login: http://mock_portal:5001
2026-03-23 06:35:45,786 [INFO] Authentication successful.
Traceback (most recent call last):
  File "/opt/automation/refresh_runner.py", line 185, in <module>
    asyncio.run(run_batch(location_list, concurrency=args.concurrency, headless=args.headless))
  File "/usr/local/lib/python3.12/asyncio/runners.py", line 194, in run
    return runner.run(main)
           ^^^^^^^^^^^^^^^^
  File "/usr/local/lib/python3.12/asyncio/runners.py", line 118, in run
    return self._loop.run_until_complete(task)
           ^^^^^^^^^^^^^^^^^^^^^^^^^^^^^^^^^^^
  File "/usr/local/lib/python3.12/asyncio/base_events.py", line 685, in run_until_complete
    return future.result()
           ^^^^^^^^^^^^^^^
  File "/opt/automation/refresh_runner.py", line 160, in run_batch
    await asyncio.gather(*[process(lid) for lid in location_ids])
  File "/opt/automation/refresh_runner.py", line 155, in process
    ok = await refresh_location(page, pool, loc_id, run_id)
         ^^^^^^^^^^^^^^^^^^^^^^^^^^^^^^^^^^^^^^^^^^^^^^^^^^
  File "/opt/automation/refresh_runner.py", line 88, in refresh_location
    await log_job_start(pool, location_id, run_id)
  File "/opt/automation/refresh_runner.py", line 53, in log_job_start
    await cur.execute("""
  File "/home/airflow/.local/lib/python3.12/site-packages/aiomysql/cursors.py", line 239, in execute
    await self._query(query)
  File "/home/airflow/.local/lib/python3.12/site-packages/aiomysql/cursors.py", line 457, in _query
    await conn.query(q)
  File "/home/airflow/.local/lib/python3.12/site-packages/aiomysql/connection.py", line 469, in query
    await self._read_query_result(unbuffered=unbuffered)
  File "/home/airflow/.local/lib/python3.12/site-packages/aiomysql/connection.py", line 683, in _read_query_result
    await result.read()
  File "/home/airflow/.local/lib/python3.12/site-packages/aiomysql/connection.py", line 1164, in read
    first_packet = await self.connection._read_packet()
                   ^^^^^^^^^^^^^^^^^^^^^^^^^^^^^^^^^^^^
  File "/home/airflow/.local/lib/python3.12/site-packages/aiomysql/connection.py", line 652, in _read_packet
    packet.raise_for_error()
  File "/home/airflow/.local/lib/python3.12/site-packages/pymysql/protocol.py", line 219, in raise_for_error
    err.raise_mysql_exception(self._data)
  File "/home/airflow/.local/lib/python3.12/site-packages/pymysql/err.py", line 150, in raise_mysql_exception
    raise errorclass(errno, errval)
pymysql.err.ProgrammingError: (1146, "Table 'refresh_jobs.refresh_jobs' doesn't exist")
Exception ignored in: <function Connection.__del__ at 0x73457fae07c0>
Traceback (most recent call last):
  File "/home/airflow/.local/lib/python3.12/site-packages/aiomysql/connection.py", line 1131, in __del__
  File "/home/airflow/.local/lib/python3.12/site-packages/aiomysql/connection.py", line 339, in close
  File "/usr/local/lib/python3.12/asyncio/selector_events.py", line 1210, in close
  File "/usr/local/lib/python3.12/asyncio/selector_events.py", line 875, in close
  File "/usr/local/lib/python3.12/asyncio/base_events.py", line 793, in call_soon
  File "/usr/local/lib/python3.12/asyncio/base_events.py", line 540, in _check_closed
RuntimeError: Event loop is closed
Exception ignored in: <function Connection.__del__ at 0x73457fae07c0>
Traceback (most recent call last):
  File "/home/airflow/.local/lib/python3.12/site-packages/aiomysql/connection.py", line 1131, in __del__
  File "/home/airflow/.local/lib/python3.12/site-packages/aiomysql/connection.py", line 339, in close
  File "/usr/local/lib/python3.12/asyncio/selector_events.py", line 1210, in close
  File "/usr/local/lib/python3.12/asyncio/selector_events.py", line 875, in close
  File "/usr/local/lib/python3.12/asyncio/base_events.py", line 793, in call_soon
  File "/usr/local/lib/python3.12/asyncio/base_events.py", line 540, in _check_closed
RuntimeError: Event loop is closed
Exception ignored in: <function Connection.__del__ at 0x73457fae07c0>
Traceback (most recent call last):
  File "/home/airflow/.local/lib/python3.12/site-packages/aiomysql/connection.py", line 1131, in __del__
  File "/home/airflow/.local/lib/python3.12/site-packages/aiomysql/connection.py", line 339, in close
  File "/usr/local/lib/python3.12/asyncio/selector_events.py", line 1210, in close
  File "/usr/local/lib/python3.12/asyncio/selector_events.py", line 875, in close
  File "/usr/local/lib/python3.12/asyncio/base_events.py", line 793, in call_soon
  File "/usr/local/lib/python3.12/asyncio/base_events.py", line 540, in _check_closed
RuntimeError: Event loop is closed
Exception ignored in: <function Connection.__del__ at 0x73457fae07c0>
Traceback (most recent call last):
  File "/home/airflow/.local/lib/python3.12/site-packages/aiomysql/connection.py", line 1131, in __del__
  File "/home/airflow/.local/lib/python3.12/site-packages/aiomysql/connection.py", line 339, in close
  File "/usr/local/lib/python3.12/asyncio/selector_events.py", line 1210, in close
  File "/usr/local/lib/python3.12/asyncio/selector_events.py", line 875, in close
  File "/usr/local/lib/python3.12/asyncio/base_events.py", line 793, in call_soon
  File "/usr/local/lib/python3.12/asyncio/base_events.py", line 540, in _check_closed
RuntimeError: Event loop is closed
Exception ignored in: <function Connection.__del__ at 0x73457fae07c0>
Traceback (most recent call last):
  File "/home/airflow/.local/lib/python3.12/site-packages/aiomysql/connection.py", line 1131, in __del__
  File "/home/airflow/.local/lib/python3.12/site-packages/aiomysql/connection.py", line 339, in close
  File "/usr/local/lib/python3.12/asyncio/selector_events.py", line 1210, in close
  File "/usr/local/lib/python3.12/asyncio/selector_events.py", line 875, in close
  File "/usr/local/lib/python3.12/asyncio/base_events.py", line 793, in call_soon
  File "/usr/local/lib/python3.12/asyncio/base_events.py", line 540, in _check_closed
RuntimeError: Event loop is closed
Exception ignored in: <function Connection.__del__ at 0x73457fae07c0>
Traceback (most recent call last):
  File "/home/airflow/.local/lib/python3.12/site-packages/aiomysql/connection.py", line 1131, in __del__
  File "/home/airflow/.local/lib/python3.12/site-packages/aiomysql/connection.py", line 339, in close
  File "/usr/local/lib/python3.12/asyncio/selector_events.py", line 1210, in close
  File "/usr/local/lib/python3.12/asyncio/selector_events.py", line 875, in close
  File "/usr/local/lib/python3.12/asyncio/base_events.py", line 793, in call_soon
  File "/usr/local/lib/python3.12/asyncio/base_events.py", line 540, in _check_closed
RuntimeError: Event loop is closed
Exception ignored in: <function Connection.__del__ at 0x73457fae07c0>
Traceback (most recent call last):
  File "/home/airflow/.local/lib/python3.12/site-packages/aiomysql/connection.py", line 1131, in __del__
  File "/home/airflow/.local/lib/python3.12/site-packages/aiomysql/connection.py", line 339, in close
  File "/usr/local/lib/python3.12/asyncio/selector_events.py", line 1210, in close
  File "/usr/local/lib/python3.12/asyncio/selector_events.py", line 875, in close
  File "/usr/local/lib/python3.12/asyncio/base_events.py", line 793, in call_soon
  File "/usr/local/lib/python3.12/asyncio/base_events.py", line 540, in _check_closed
RuntimeError: Event loop is closed
Exception ignored in: <function Connection.__del__ at 0x73457fae07c0>
Traceback (most recent call last):
  File "/home/airflow/.local/lib/python3.12/site-packages/aiomysql/connection.py", line 1131, in __del__
  File "/home/airflow/.local/lib/python3.12/site-packages/aiomysql/connection.py", line 339, in close
  File "/usr/local/lib/python3.12/asyncio/selector_events.py", line 1210, in close
  File "/usr/local/lib/python3.12/asyncio/selector_events.py", line 875, in close
  File "/usr/local/lib/python3.12/asyncio/base_events.py", line 793, in call_soon
  File "/usr/local/lib/python3.12/asyncio/base_events.py", line 540, in _check_closed
RuntimeError: Event loop is closed
Exception ignored in: <function Connection.__del__ at 0x73457fae07c0>
Traceback (most recent call last):
  File "/home/airflow/.local/lib/python3.12/site-packages/aiomysql/connection.py", line 1131, in __del__
  File "/home/airflow/.local/lib/python3.12/site-packages/aiomysql/connection.py", line 339, in close
  File "/usr/local/lib/python3.12/asyncio/selector_events.py", line 1210, in close
  File "/usr/local/lib/python3.12/asyncio/selector_events.py", line 875, in close
  File "/usr/local/lib/python3.12/asyncio/base_events.py", line 793, in call_soon
  File "/usr/local/lib/python3.12/asyncio/base_events.py", line 540, in _check_closed
RuntimeError: Event loop is closed

[2026-03-23T06:35:46.109+0000] {taskinstance.py:441} INFO - ::group::Post task execution logs
[2026-03-23T06:35:46.111+0000] {taskinstance.py:2890} ERROR - Task failed with exception
Traceback (most recent call last):
  File "/home/airflow/.local/lib/python3.12/site-packages/airflow/models/taskinstance.py", line 460, in _execute_task
    result = _execute_callable(context=context, **execute_callable_kwargs)
             ^^^^^^^^^^^^^^^^^^^^^^^^^^^^^^^^^^^^^^^^^^^^^^^^^^^^^^^^^^^^^
  File "/home/airflow/.local/lib/python3.12/site-packages/airflow/models/taskinstance.py", line 432, in _execute_callable
    return execute_callable(context=context, **execute_callable_kwargs)
           ^^^^^^^^^^^^^^^^^^^^^^^^^^^^^^^^^^^^^^^^^^^^^^^^^^^^^^^^^^^^
  File "/home/airflow/.local/lib/python3.12/site-packages/airflow/models/baseoperator.py", line 400, in wrapper
    return func(self, *args, **kwargs)
           ^^^^^^^^^^^^^^^^^^^^^^^^^^^
  File "/home/airflow/.local/lib/python3.12/site-packages/airflow/operators/python.py", line 235, in execute
    return_value = self.execute_callable()
                   ^^^^^^^^^^^^^^^^^^^^^^^
  File "/home/airflow/.local/lib/python3.12/site-packages/airflow/operators/python.py", line 252, in execute_callable
    return self.python_callable(*self.op_args, **self.op_kwargs)
           ^^^^^^^^^^^^^^^^^^^^^^^^^^^^^^^^^^^^^^^^^^^^^^^^^^^^^
  File "/opt/airflow/dags/lra_refresh_dag.py", line 56, in run_location_batch
    raise RuntimeError(f"Batch {batch_index} failed (exit {result.returncode})")
RuntimeError: Batch 1 failed (exit 1)
[2026-03-23T06:35:46.177+0000] {taskinstance.py:1205} INFO - Marking task as UP_FOR_RETRY. dag_id=reporting_nightly_refresh, task_id=location_batches.batch_001__locs_201_to_400, execution_date=20260322T020000, start_date=20260323T063532, end_date=20260323T063546
[2026-03-23T06:35:46.212+0000] {standard_task_runner.py:110} ERROR - Failed to execute job 12 for task location_batches.batch_001__locs_201_to_400 (Batch 1 failed (exit 1); 6210)
[2026-03-23T06:35:46.253+0000] {local_task_job_runner.py:240} INFO - Task exited with return code 1
[2026-03-23T06:35:46.343+0000] {taskinstance.py:3482} INFO - 0 downstream tasks scheduled from follow-on schedule check
[2026-03-23T06:35:46.346+0000] {local_task_job_runner.py:222} INFO - ::endgroup::
