[2026-03-23T05:57:38.266+0000] {local_task_job_runner.py:120} INFO - ::group::Pre task execution logs
[2026-03-23T05:57:38.384+0000] {taskinstance.py:2073} INFO - Dependencies all met for dep_context=non-requeueable deps ti=<TaskInstance: reporting_nightly_refresh.location_batches.batch_001__locs_201_to_400 scheduled__2026-03-22T02:00:00+00:00 [queued]>
[2026-03-23T05:57:38.403+0000] {taskinstance.py:2073} INFO - Dependencies all met for dep_context=requeueable deps ti=<TaskInstance: reporting_nightly_refresh.location_batches.batch_001__locs_201_to_400 scheduled__2026-03-22T02:00:00+00:00 [queued]>
[2026-03-23T05:57:38.404+0000] {taskinstance.py:2303} INFO - Starting attempt 3 of 4
[2026-03-23T05:57:38.438+0000] {taskinstance.py:2327} INFO - Executing <Task(PythonOperator): location_batches.batch_001__locs_201_to_400> on 2026-03-22 02:00:00+00:00
[2026-03-23T05:57:38.461+0000] {standard_task_runner.py:90} INFO - Running: ['airflow', 'tasks', 'run', 'reporting_nightly_refresh', 'location_batches.batch_001__locs_201_to_400', 'scheduled__2026-03-22T02:00:00+00:00', '--job-id', '20', '--raw', '--subdir', 'DAGS_FOLDER/lra_refresh_dag.py', '--cfg-path', '/tmp/tmpsshxgbm7']
[2026-03-23T05:57:38.470+0000] {standard_task_runner.py:91} INFO - Job 20: Subtask location_batches.batch_001__locs_201_to_400
[2026-03-23T05:57:38.474+0000] {logging_mixin.py:188} WARNING - /home/airflow/.local/lib/python3.12/site-packages/airflow/task/task_runner/standard_task_runner.py:61 DeprecationWarning: This process (pid=397) is multi-threaded, use of fork() may lead to deadlocks in the child.
[2026-03-23T05:57:38.476+0000] {standard_task_runner.py:63} INFO - Started process 398 to run task
[2026-03-23T05:57:38.834+0000] {task_command.py:426} INFO - Running <TaskInstance: reporting_nightly_refresh.location_batches.batch_001__locs_201_to_400 scheduled__2026-03-22T02:00:00+00:00 [running]> on host 7849ea7120c5
[2026-03-23T05:57:39.370+0000] {taskinstance.py:2644} INFO - Exporting env vars: AIRFLOW_CTX_DAG_OWNER='finance-ops' AIRFLOW_CTX_DAG_ID='reporting_nightly_refresh' AIRFLOW_CTX_TASK_ID='location_batches.batch_001__locs_201_to_400' AIRFLOW_CTX_EXECUTION_DATE='2026-03-22T02:00:00+00:00' AIRFLOW_CTX_TRY_NUMBER='3' AIRFLOW_CTX_DAG_RUN_ID='scheduled__2026-03-22T02:00:00+00:00'
[2026-03-23T05:57:39.372+0000] {taskinstance.py:430} INFO - ::endgroup::
[2026-03-23T05:57:39.398+0000] {lra_refresh_dag.py:51} INFO - Batch 1: 200 locations
[2026-03-23T05:57:40.119+0000] {lra_refresh_dag.py:54} WARNING - STDERR:
Traceback (most recent call last):
  File "/opt/automation/refresh_runner.py", line 25, in <module>
    import aiomysql
ModuleNotFoundError: No module named 'aiomysql'

[2026-03-23T05:57:40.121+0000] {taskinstance.py:441} INFO - ::group::Post task execution logs
[2026-03-23T05:57:40.122+0000] {taskinstance.py:2890} ERROR - Task failed with exception
Traceback (most recent call last):
  File "/home/airflow/.local/lib/python3.12/site-packages/airflow/models/taskinstance.py", line 460, in _execute_task
    result = _execute_callable(context=context, **execute_callable_kwargs)
             ^^^^^^^^^^^^^^^^^^^^^^^^^^^^^^^^^^^^^^^^^^^^^^^^^^^^^^^^^^^^^
  File "/home/airflow/.local/lib/python3.12/site-packages/airflow/models/taskinstance.py", line 432, in _execute_callable
    return execute_callable(context=context, **execute_callable_kwargs)
           ^^^^^^^^^^^^^^^^^^^^^^^^^^^^^^^^^^^^^^^^^^^^^^^^^^^^^^^^^^^^
  File "/home/airflow/.local/lib/python3.12/site-packages/airflow/models/baseoperator.py", line 400, in wrapper
    return func(self, *args, **kwargs)
           ^^^^^^^^^^^^^^^^^^^^^^^^^^^
  File "/home/airflow/.local/lib/python3.12/site-packages/airflow/operators/python.py", line 235, in execute
    return_value = self.execute_callable()
                   ^^^^^^^^^^^^^^^^^^^^^^^
  File "/home/airflow/.local/lib/python3.12/site-packages/airflow/operators/python.py", line 252, in execute_callable
    return self.python_callable(*self.op_args, **self.op_kwargs)
           ^^^^^^^^^^^^^^^^^^^^^^^^^^^^^^^^^^^^^^^^^^^^^^^^^^^^^
  File "/opt/airflow/dags/lra_refresh_dag.py", line 56, in run_location_batch
    raise RuntimeError(f"Batch {batch_index} failed (exit {result.returncode})")
RuntimeError: Batch 1 failed (exit 1)
[2026-03-23T05:57:40.184+0000] {taskinstance.py:1205} INFO - Marking task as UP_FOR_RETRY. dag_id=reporting_nightly_refresh, task_id=location_batches.batch_001__locs_201_to_400, execution_date=20260322T020000, start_date=20260323T055738, end_date=20260323T055740
[2026-03-23T05:57:40.213+0000] {standard_task_runner.py:110} ERROR - Failed to execute job 20 for task location_batches.batch_001__locs_201_to_400 (Batch 1 failed (exit 1); 398)
[2026-03-23T05:57:40.261+0000] {local_task_job_runner.py:240} INFO - Task exited with return code 1
[2026-03-23T05:57:40.355+0000] {taskinstance.py:3482} INFO - 0 downstream tasks scheduled from follow-on schedule check
[2026-03-23T05:57:40.359+0000] {local_task_job_runner.py:222} INFO - ::endgroup::
