[2026-03-23T05:40:20.661+0000] {local_task_job_runner.py:120} INFO - ::group::Pre task execution logs
[2026-03-23T05:40:20.941+0000] {taskinstance.py:2073} INFO - Dependencies all met for dep_context=non-requeueable deps ti=<TaskInstance: reporting_nightly_refresh.location_batches.batch_002__locs_401_to_600 scheduled__2026-03-22T02:00:00+00:00 [queued]>
[2026-03-23T05:40:20.980+0000] {taskinstance.py:2073} INFO - Dependencies all met for dep_context=requeueable deps ti=<TaskInstance: reporting_nightly_refresh.location_batches.batch_002__locs_401_to_600 scheduled__2026-03-22T02:00:00+00:00 [queued]>
[2026-03-23T05:40:20.982+0000] {taskinstance.py:2303} INFO - Starting attempt 1 of 4
[2026-03-23T05:40:21.177+0000] {taskinstance.py:2327} INFO - Executing <Task(PythonOperator): location_batches.batch_002__locs_401_to_600> on 2026-03-22 02:00:00+00:00
[2026-03-23T05:40:21.287+0000] {standard_task_runner.py:90} INFO - Running: ['airflow', 'tasks', 'run', 'reporting_nightly_refresh', 'location_batches.batch_002__locs_401_to_600', 'scheduled__2026-03-22T02:00:00+00:00', '--job-id', '7', '--raw', '--subdir', 'DAGS_FOLDER/lra_refresh_dag.py', '--cfg-path', '/tmp/tmpsg1a0gr_']
[2026-03-23T05:40:21.331+0000] {standard_task_runner.py:91} INFO - Job 7: Subtask location_batches.batch_002__locs_401_to_600
[2026-03-23T05:40:21.348+0000] {logging_mixin.py:188} WARNING - /home/airflow/.local/lib/python3.12/site-packages/airflow/task/task_runner/standard_task_runner.py:61 DeprecationWarning: This process (pid=179) is multi-threaded, use of fork() may lead to deadlocks in the child.
[2026-03-23T05:40:21.354+0000] {standard_task_runner.py:63} INFO - Started process 186 to run task
[2026-03-23T05:40:22.431+0000] {task_command.py:426} INFO - Running <TaskInstance: reporting_nightly_refresh.location_batches.batch_002__locs_401_to_600 scheduled__2026-03-22T02:00:00+00:00 [running]> on host 7849ea7120c5
[2026-03-23T05:40:23.626+0000] {taskinstance.py:2644} INFO - Exporting env vars: AIRFLOW_CTX_DAG_OWNER='finance-ops' AIRFLOW_CTX_DAG_ID='reporting_nightly_refresh' AIRFLOW_CTX_TASK_ID='location_batches.batch_002__locs_401_to_600' AIRFLOW_CTX_EXECUTION_DATE='2026-03-22T02:00:00+00:00' AIRFLOW_CTX_TRY_NUMBER='1' AIRFLOW_CTX_DAG_RUN_ID='scheduled__2026-03-22T02:00:00+00:00'
[2026-03-23T05:40:23.632+0000] {taskinstance.py:430} INFO - ::endgroup::
[2026-03-23T05:40:23.787+0000] {lra_refresh_dag.py:51} INFO - Batch 2: 200 locations
[2026-03-23T05:40:25.291+0000] {lra_refresh_dag.py:54} WARNING - STDERR:
Traceback (most recent call last):
  File "/opt/automation/refresh_runner.py", line 25, in <module>
    import aiomysql
ModuleNotFoundError: No module named 'aiomysql'

[2026-03-23T05:40:25.293+0000] {taskinstance.py:441} INFO - ::group::Post task execution logs
[2026-03-23T05:40:25.296+0000] {taskinstance.py:2890} ERROR - Task failed with exception
Traceback (most recent call last):
  File "/home/airflow/.local/lib/python3.12/site-packages/airflow/models/taskinstance.py", line 460, in _execute_task
    result = _execute_callable(context=context, **execute_callable_kwargs)
             ^^^^^^^^^^^^^^^^^^^^^^^^^^^^^^^^^^^^^^^^^^^^^^^^^^^^^^^^^^^^^
  File "/home/airflow/.local/lib/python3.12/site-packages/airflow/models/taskinstance.py", line 432, in _execute_callable
    return execute_callable(context=context, **execute_callable_kwargs)
           ^^^^^^^^^^^^^^^^^^^^^^^^^^^^^^^^^^^^^^^^^^^^^^^^^^^^^^^^^^^^
  File "/home/airflow/.local/lib/python3.12/site-packages/airflow/models/baseoperator.py", line 400, in wrapper
    return func(self, *args, **kwargs)
           ^^^^^^^^^^^^^^^^^^^^^^^^^^^
  File "/home/airflow/.local/lib/python3.12/site-packages/airflow/operators/python.py", line 235, in execute
    return_value = self.execute_callable()
                   ^^^^^^^^^^^^^^^^^^^^^^^
  File "/home/airflow/.local/lib/python3.12/site-packages/airflow/operators/python.py", line 252, in execute_callable
    return self.python_callable(*self.op_args, **self.op_kwargs)
           ^^^^^^^^^^^^^^^^^^^^^^^^^^^^^^^^^^^^^^^^^^^^^^^^^^^^^
  File "/opt/airflow/dags/lra_refresh_dag.py", line 56, in run_location_batch
    raise RuntimeError(f"Batch {batch_index} failed (exit {result.returncode})")
RuntimeError: Batch 2 failed (exit 1)
[2026-03-23T05:40:25.459+0000] {taskinstance.py:1205} INFO - Marking task as UP_FOR_RETRY. dag_id=reporting_nightly_refresh, task_id=location_batches.batch_002__locs_401_to_600, execution_date=20260322T020000, start_date=20260323T054020, end_date=20260323T054025
[2026-03-23T05:40:25.496+0000] {standard_task_runner.py:110} ERROR - Failed to execute job 7 for task location_batches.batch_002__locs_401_to_600 (Batch 2 failed (exit 1); 186)
[2026-03-23T05:40:25.590+0000] {local_task_job_runner.py:240} INFO - Task exited with return code 1
[2026-03-23T05:40:25.848+0000] {taskinstance.py:3482} INFO - 0 downstream tasks scheduled from follow-on schedule check
[2026-03-23T05:40:25.857+0000] {local_task_job_runner.py:222} INFO - ::endgroup::
[2026-03-23T06:11:47.383+0000] {local_task_job_runner.py:120} INFO - ::group::Pre task execution logs
[2026-03-23T06:11:47.601+0000] {taskinstance.py:2073} INFO - Dependencies all met for dep_context=non-requeueable deps ti=<TaskInstance: reporting_nightly_refresh.location_batches.batch_002__locs_401_to_600 scheduled__2026-03-22T02:00:00+00:00 [queued]>
[2026-03-23T06:11:47.637+0000] {taskinstance.py:2073} INFO - Dependencies all met for dep_context=requeueable deps ti=<TaskInstance: reporting_nightly_refresh.location_batches.batch_002__locs_401_to_600 scheduled__2026-03-22T02:00:00+00:00 [queued]>
[2026-03-23T06:11:47.638+0000] {taskinstance.py:2303} INFO - Starting attempt 1 of 4
[2026-03-23T06:11:47.689+0000] {taskinstance.py:2327} INFO - Executing <Task(PythonOperator): location_batches.batch_002__locs_401_to_600> on 2026-03-22 02:00:00+00:00
[2026-03-23T06:11:47.728+0000] {standard_task_runner.py:90} INFO - Running: ['airflow', 'tasks', 'run', 'reporting_nightly_refresh', 'location_batches.batch_002__locs_401_to_600', 'scheduled__2026-03-22T02:00:00+00:00', '--job-id', '10', '--raw', '--subdir', 'DAGS_FOLDER/lra_refresh_dag.py', '--cfg-path', '/tmp/tmpovvt5479']
[2026-03-23T06:11:47.738+0000] {standard_task_runner.py:91} INFO - Job 10: Subtask location_batches.batch_002__locs_401_to_600
[2026-03-23T06:11:47.737+0000] {logging_mixin.py:188} WARNING - /home/airflow/.local/lib/python3.12/site-packages/airflow/task/task_runner/standard_task_runner.py:61 DeprecationWarning: This process (pid=181) is multi-threaded, use of fork() may lead to deadlocks in the child.
[2026-03-23T06:11:47.740+0000] {standard_task_runner.py:63} INFO - Started process 191 to run task
[2026-03-23T06:11:48.311+0000] {task_command.py:426} INFO - Running <TaskInstance: reporting_nightly_refresh.location_batches.batch_002__locs_401_to_600 scheduled__2026-03-22T02:00:00+00:00 [running]> on host acc78bbd7e9f
[2026-03-23T06:11:49.604+0000] {taskinstance.py:2644} INFO - Exporting env vars: AIRFLOW_CTX_DAG_OWNER='finance-ops' AIRFLOW_CTX_DAG_ID='reporting_nightly_refresh' AIRFLOW_CTX_TASK_ID='location_batches.batch_002__locs_401_to_600' AIRFLOW_CTX_EXECUTION_DATE='2026-03-22T02:00:00+00:00' AIRFLOW_CTX_TRY_NUMBER='1' AIRFLOW_CTX_DAG_RUN_ID='scheduled__2026-03-22T02:00:00+00:00'
[2026-03-23T06:11:49.608+0000] {taskinstance.py:430} INFO - ::endgroup::
[2026-03-23T06:11:49.720+0000] {lra_refresh_dag.py:51} INFO - Batch 2: 200 locations
[2026-03-23T06:11:51.581+0000] {lra_refresh_dag.py:54} WARNING - STDERR:
Traceback (most recent call last):
  File "/opt/automation/refresh_runner.py", line 25, in <module>
    import aiomysql
ModuleNotFoundError: No module named 'aiomysql'

[2026-03-23T06:11:51.585+0000] {taskinstance.py:441} INFO - ::group::Post task execution logs
[2026-03-23T06:11:51.587+0000] {taskinstance.py:2890} ERROR - Task failed with exception
Traceback (most recent call last):
  File "/home/airflow/.local/lib/python3.12/site-packages/airflow/models/taskinstance.py", line 460, in _execute_task
    result = _execute_callable(context=context, **execute_callable_kwargs)
             ^^^^^^^^^^^^^^^^^^^^^^^^^^^^^^^^^^^^^^^^^^^^^^^^^^^^^^^^^^^^^
  File "/home/airflow/.local/lib/python3.12/site-packages/airflow/models/taskinstance.py", line 432, in _execute_callable
    return execute_callable(context=context, **execute_callable_kwargs)
           ^^^^^^^^^^^^^^^^^^^^^^^^^^^^^^^^^^^^^^^^^^^^^^^^^^^^^^^^^^^^
  File "/home/airflow/.local/lib/python3.12/site-packages/airflow/models/baseoperator.py", line 400, in wrapper
    return func(self, *args, **kwargs)
           ^^^^^^^^^^^^^^^^^^^^^^^^^^^
  File "/home/airflow/.local/lib/python3.12/site-packages/airflow/operators/python.py", line 235, in execute
    return_value = self.execute_callable()
                   ^^^^^^^^^^^^^^^^^^^^^^^
  File "/home/airflow/.local/lib/python3.12/site-packages/airflow/operators/python.py", line 252, in execute_callable
    return self.python_callable(*self.op_args, **self.op_kwargs)
           ^^^^^^^^^^^^^^^^^^^^^^^^^^^^^^^^^^^^^^^^^^^^^^^^^^^^^
  File "/opt/airflow/dags/lra_refresh_dag.py", line 56, in run_location_batch
    raise RuntimeError(f"Batch {batch_index} failed (exit {result.returncode})")
RuntimeError: Batch 2 failed (exit 1)
[2026-03-23T06:11:51.769+0000] {taskinstance.py:1205} INFO - Marking task as UP_FOR_RETRY. dag_id=reporting_nightly_refresh, task_id=location_batches.batch_002__locs_401_to_600, execution_date=20260322T020000, start_date=20260323T061147, end_date=20260323T061151
[2026-03-23T06:11:51.818+0000] {standard_task_runner.py:110} ERROR - Failed to execute job 10 for task location_batches.batch_002__locs_401_to_600 (Batch 2 failed (exit 1); 191)
[2026-03-23T06:11:51.893+0000] {local_task_job_runner.py:240} INFO - Task exited with return code 1
[2026-03-23T06:11:52.268+0000] {taskinstance.py:3482} INFO - 0 downstream tasks scheduled from follow-on schedule check
[2026-03-23T06:11:52.273+0000] {local_task_job_runner.py:222} INFO - ::endgroup::
[2026-03-23T06:15:20.457+0000] {local_task_job_runner.py:120} INFO - ::group::Pre task execution logs
[2026-03-23T06:15:20.640+0000] {taskinstance.py:2073} INFO - Dependencies all met for dep_context=non-requeueable deps ti=<TaskInstance: reporting_nightly_refresh.location_batches.batch_002__locs_401_to_600 scheduled__2026-03-22T02:00:00+00:00 [queued]>
[2026-03-23T06:15:20.672+0000] {taskinstance.py:2073} INFO - Dependencies all met for dep_context=requeueable deps ti=<TaskInstance: reporting_nightly_refresh.location_batches.batch_002__locs_401_to_600 scheduled__2026-03-22T02:00:00+00:00 [queued]>
[2026-03-23T06:15:20.673+0000] {taskinstance.py:2303} INFO - Starting attempt 1 of 4
[2026-03-23T06:15:20.727+0000] {taskinstance.py:2327} INFO - Executing <Task(PythonOperator): location_batches.batch_002__locs_401_to_600> on 2026-03-22 02:00:00+00:00
[2026-03-23T06:15:20.756+0000] {standard_task_runner.py:90} INFO - Running: ['airflow', 'tasks', 'run', 'reporting_nightly_refresh', 'location_batches.batch_002__locs_401_to_600', 'scheduled__2026-03-22T02:00:00+00:00', '--job-id', '15', '--raw', '--subdir', 'DAGS_FOLDER/lra_refresh_dag.py', '--cfg-path', '/tmp/tmpaunba444']
[2026-03-23T06:15:20.765+0000] {standard_task_runner.py:91} INFO - Job 15: Subtask location_batches.batch_002__locs_401_to_600
[2026-03-23T06:15:20.765+0000] {logging_mixin.py:188} WARNING - /home/airflow/.local/lib/python3.12/site-packages/airflow/task/task_runner/standard_task_runner.py:61 DeprecationWarning: This process (pid=240) is multi-threaded, use of fork() may lead to deadlocks in the child.
[2026-03-23T06:15:20.767+0000] {standard_task_runner.py:63} INFO - Started process 245 to run task
[2026-03-23T06:15:21.319+0000] {task_command.py:426} INFO - Running <TaskInstance: reporting_nightly_refresh.location_batches.batch_002__locs_401_to_600 scheduled__2026-03-22T02:00:00+00:00 [running]> on host acc78bbd7e9f
[2026-03-23T06:15:22.251+0000] {taskinstance.py:2644} INFO - Exporting env vars: AIRFLOW_CTX_DAG_OWNER='finance-ops' AIRFLOW_CTX_DAG_ID='reporting_nightly_refresh' AIRFLOW_CTX_TASK_ID='location_batches.batch_002__locs_401_to_600' AIRFLOW_CTX_EXECUTION_DATE='2026-03-22T02:00:00+00:00' AIRFLOW_CTX_TRY_NUMBER='1' AIRFLOW_CTX_DAG_RUN_ID='scheduled__2026-03-22T02:00:00+00:00'
[2026-03-23T06:15:22.259+0000] {taskinstance.py:430} INFO - ::endgroup::
[2026-03-23T06:15:22.319+0000] {lra_refresh_dag.py:51} INFO - Batch 2: 200 locations
[2026-03-23T06:15:23.337+0000] {lra_refresh_dag.py:54} WARNING - STDERR:
Traceback (most recent call last):
  File "/opt/automation/refresh_runner.py", line 25, in <module>
    import aiomysql
ModuleNotFoundError: No module named 'aiomysql'

[2026-03-23T06:15:23.338+0000] {taskinstance.py:441} INFO - ::group::Post task execution logs
[2026-03-23T06:15:23.339+0000] {taskinstance.py:2890} ERROR - Task failed with exception
Traceback (most recent call last):
  File "/home/airflow/.local/lib/python3.12/site-packages/airflow/models/taskinstance.py", line 460, in _execute_task
    result = _execute_callable(context=context, **execute_callable_kwargs)
             ^^^^^^^^^^^^^^^^^^^^^^^^^^^^^^^^^^^^^^^^^^^^^^^^^^^^^^^^^^^^^
  File "/home/airflow/.local/lib/python3.12/site-packages/airflow/models/taskinstance.py", line 432, in _execute_callable
    return execute_callable(context=context, **execute_callable_kwargs)
           ^^^^^^^^^^^^^^^^^^^^^^^^^^^^^^^^^^^^^^^^^^^^^^^^^^^^^^^^^^^^
  File "/home/airflow/.local/lib/python3.12/site-packages/airflow/models/baseoperator.py", line 400, in wrapper
    return func(self, *args, **kwargs)
           ^^^^^^^^^^^^^^^^^^^^^^^^^^^
  File "/home/airflow/.local/lib/python3.12/site-packages/airflow/operators/python.py", line 235, in execute
    return_value = self.execute_callable()
                   ^^^^^^^^^^^^^^^^^^^^^^^
  File "/home/airflow/.local/lib/python3.12/site-packages/airflow/operators/python.py", line 252, in execute_callable
    return self.python_callable(*self.op_args, **self.op_kwargs)
           ^^^^^^^^^^^^^^^^^^^^^^^^^^^^^^^^^^^^^^^^^^^^^^^^^^^^^
  File "/opt/airflow/dags/lra_refresh_dag.py", line 56, in run_location_batch
    raise RuntimeError(f"Batch {batch_index} failed (exit {result.returncode})")
RuntimeError: Batch 2 failed (exit 1)
[2026-03-23T06:15:23.430+0000] {taskinstance.py:1205} INFO - Marking task as UP_FOR_RETRY. dag_id=reporting_nightly_refresh, task_id=location_batches.batch_002__locs_401_to_600, execution_date=20260322T020000, start_date=20260323T061520, end_date=20260323T061523
[2026-03-23T06:15:23.486+0000] {standard_task_runner.py:110} ERROR - Failed to execute job 15 for task location_batches.batch_002__locs_401_to_600 (Batch 2 failed (exit 1); 245)
[2026-03-23T06:15:23.573+0000] {local_task_job_runner.py:240} INFO - Task exited with return code 1
[2026-03-23T06:15:23.800+0000] {taskinstance.py:3482} INFO - 0 downstream tasks scheduled from follow-on schedule check
[2026-03-23T06:15:23.804+0000] {local_task_job_runner.py:222} INFO - ::endgroup::
[2026-03-23T06:27:33.597+0000] {local_task_job_runner.py:120} INFO - ::group::Pre task execution logs
[2026-03-23T06:27:33.927+0000] {taskinstance.py:2073} INFO - Dependencies all met for dep_context=non-requeueable deps ti=<TaskInstance: reporting_nightly_refresh.location_batches.batch_002__locs_401_to_600 scheduled__2026-03-22T02:00:00+00:00 [queued]>
[2026-03-23T06:27:33.965+0000] {taskinstance.py:2073} INFO - Dependencies all met for dep_context=requeueable deps ti=<TaskInstance: reporting_nightly_refresh.location_batches.batch_002__locs_401_to_600 scheduled__2026-03-22T02:00:00+00:00 [queued]>
[2026-03-23T06:27:33.966+0000] {taskinstance.py:2303} INFO - Starting attempt 1 of 4
[2026-03-23T06:27:34.037+0000] {taskinstance.py:2327} INFO - Executing <Task(PythonOperator): location_batches.batch_002__locs_401_to_600> on 2026-03-22 02:00:00+00:00
[2026-03-23T06:27:34.146+0000] {logging_mixin.py:188} WARNING - /home/airflow/.local/lib/python3.12/site-packages/airflow/task/task_runner/standard_task_runner.py:61 DeprecationWarning: This process (pid=181) is multi-threaded, use of fork() may lead to deadlocks in the child.
[2026-03-23T06:27:34.112+0000] {standard_task_runner.py:90} INFO - Running: ['airflow', 'tasks', 'run', 'reporting_nightly_refresh', 'location_batches.batch_002__locs_401_to_600', 'scheduled__2026-03-22T02:00:00+00:00', '--job-id', '2', '--raw', '--subdir', 'DAGS_FOLDER/lra_refresh_dag.py', '--cfg-path', '/tmp/tmphxzv45bp']
[2026-03-23T06:27:34.158+0000] {standard_task_runner.py:63} INFO - Started process 182 to run task
[2026-03-23T06:27:34.159+0000] {standard_task_runner.py:91} INFO - Job 2: Subtask location_batches.batch_002__locs_401_to_600
[2026-03-23T06:27:35.163+0000] {task_command.py:426} INFO - Running <TaskInstance: reporting_nightly_refresh.location_batches.batch_002__locs_401_to_600 scheduled__2026-03-22T02:00:00+00:00 [running]> on host 4c525425e255
[2026-03-23T06:27:36.380+0000] {taskinstance.py:2644} INFO - Exporting env vars: AIRFLOW_CTX_DAG_OWNER='finance-ops' AIRFLOW_CTX_DAG_ID='reporting_nightly_refresh' AIRFLOW_CTX_TASK_ID='location_batches.batch_002__locs_401_to_600' AIRFLOW_CTX_EXECUTION_DATE='2026-03-22T02:00:00+00:00' AIRFLOW_CTX_TRY_NUMBER='1' AIRFLOW_CTX_DAG_RUN_ID='scheduled__2026-03-22T02:00:00+00:00'
[2026-03-23T06:27:36.384+0000] {taskinstance.py:430} INFO - ::endgroup::
[2026-03-23T06:27:36.516+0000] {lra_refresh_dag.py:51} INFO - Batch 2: 200 locations
[2026-03-23T06:28:54.583+0000] {local_task_job_runner.py:222} INFO - ::endgroup::
[2026-03-23T06:28:56.192+0000] {process_utils.py:132} INFO - Sending 15 to group 182. PIDs of all processes in the group: [191, 207, 291, 899, 1490, 2270, 3004, 3554, 4114, 4690, 4906, 4915, 5118, 5102, 4181, 4182, 4287, 4338, 4259, 3635, 3641, 3745, 3793, 3741, 3046, 3052, 3153, 3193, 3115, 2441, 2453, 2547, 2603, 2544, 1605, 1607, 1774, 1951, 1757, 1026, 1027, 1152, 1268, 1130, 309, 315, 469, 624, 402, 182]
[2026-03-23T06:28:56.278+0000] {process_utils.py:87} INFO - Sending the signal 15 to group 182
[2026-03-23T06:28:57.151+0000] {process_utils.py:80} INFO - Process psutil.Process(pid=2547, status='terminated', started='06:27:52') (2547) terminated with exit code None
[2026-03-23T06:28:57.238+0000] {process_utils.py:80} INFO - Process psutil.Process(pid=1951, status='terminated', started='06:27:48') (1951) terminated with exit code None
[2026-03-23T06:28:57.288+0000] {process_utils.py:80} INFO - Process psutil.Process(pid=3741, status='terminated', started='06:27:59') (3741) terminated with exit code None
[2026-03-23T06:28:57.328+0000] {process_utils.py:80} INFO - Process psutil.Process(pid=3641, status='terminated', started='06:27:59') (3641) terminated with exit code None
[2026-03-23T06:28:57.336+0000] {process_utils.py:80} INFO - Process psutil.Process(pid=3153, status='terminated', started='06:27:55') (3153) terminated with exit code None
[2026-03-23T06:28:57.402+0000] {process_utils.py:80} INFO - Process psutil.Process(pid=4259, status='terminated', started='06:28:04') (4259) terminated with exit code None
[2026-03-23T06:28:57.406+0000] {process_utils.py:80} INFO - Process psutil.Process(pid=4338, status='terminated', started='06:28:04') (4338) terminated with exit code None
[2026-03-23T06:28:57.462+0000] {process_utils.py:80} INFO - Process psutil.Process(pid=291, status='terminated', started='06:27:39') (291) terminated with exit code None
[2026-03-23T06:28:57.464+0000] {process_utils.py:80} INFO - Process psutil.Process(pid=1026, status='terminated', started='06:27:42') (1026) terminated with exit code None
[2026-03-23T06:28:56.913+0000] {taskinstance.py:2607} ERROR - Received SIGTERM. Terminating subprocesses.
[2026-03-23T06:28:57.492+0000] {process_utils.py:80} INFO - Process psutil.Process(pid=1774, status='terminated', started='06:27:47') (1774) terminated with exit code None
[2026-03-23T06:28:57.496+0000] {process_utils.py:80} INFO - Process psutil.Process(pid=4181, status='terminated', started='06:28:03') (4181) terminated with exit code None
[2026-03-23T06:28:57.498+0000] {process_utils.py:80} INFO - Process psutil.Process(pid=3635, status='terminated', started='06:27:59') (3635) terminated with exit code None
[2026-03-23T06:28:57.533+0000] {process_utils.py:80} INFO - Process psutil.Process(pid=4287, status='terminated', started='06:28:04') (4287) terminated with exit code None
[2026-03-23T06:28:57.540+0000] {process_utils.py:80} INFO - Process psutil.Process(pid=3052, status='terminated', started='06:27:54') (3052) terminated with exit code None
[2026-03-23T06:28:57.557+0000] {process_utils.py:80} INFO - Process psutil.Process(pid=2603, status='terminated', started='06:27:52') (2603) terminated with exit code None
[2026-03-23T06:28:57.579+0000] {taskinstance.py:441} INFO - ::group::Post task execution logs
[2026-03-23T06:28:57.593+0000] {process_utils.py:80} INFO - Process psutil.Process(pid=3193, status='terminated', started='06:27:55') (3193) terminated with exit code None
[2026-03-23T06:28:57.602+0000] {process_utils.py:80} INFO - Process psutil.Process(pid=1607, status='terminated', started='06:27:46') (1607) terminated with exit code None
[2026-03-23T06:28:57.618+0000] {process_utils.py:80} INFO - Process psutil.Process(pid=315, status='terminated', started='06:27:40') (315) terminated with exit code None
[2026-03-23T06:28:57.625+0000] {process_utils.py:80} INFO - Process psutil.Process(pid=469, status='terminated', started='06:27:40') (469) terminated with exit code None
[2026-03-23T06:28:57.627+0000] {process_utils.py:80} INFO - Process psutil.Process(pid=624, status='terminated', started='06:27:40') (624) terminated with exit code None
[2026-03-23T06:28:57.658+0000] {process_utils.py:80} INFO - Process psutil.Process(pid=3046, status='terminated', started='06:27:54') (3046) terminated with exit code None
[2026-03-23T06:28:57.664+0000] {process_utils.py:80} INFO - Process psutil.Process(pid=1130, status='terminated', started='06:27:42') (1130) terminated with exit code None
[2026-03-23T06:28:57.670+0000] {process_utils.py:80} INFO - Process psutil.Process(pid=3004, status='terminated', started='06:27:54') (3004) terminated with exit code None
[2026-03-23T06:28:57.675+0000] {process_utils.py:80} INFO - Process psutil.Process(pid=1757, status='terminated', started='06:27:47') (1757) terminated with exit code None
[2026-03-23T06:28:57.679+0000] {process_utils.py:80} INFO - Process psutil.Process(pid=3793, status='terminated', started='06:28:00') (3793) terminated with exit code None
[2026-03-23T06:28:57.681+0000] {process_utils.py:80} INFO - Process psutil.Process(pid=1490, status='terminated', started='06:27:46') (1490) terminated with exit code None
[2026-03-23T06:28:57.683+0000] {process_utils.py:80} INFO - Process psutil.Process(pid=1152, status='terminated', started='06:27:43') (1152) terminated with exit code None
[2026-03-23T06:28:57.687+0000] {process_utils.py:80} INFO - Process psutil.Process(pid=2544, status='terminated', started='06:27:52') (2544) terminated with exit code None
[2026-03-23T06:28:57.689+0000] {process_utils.py:80} INFO - Process psutil.Process(pid=5102, status='terminated', started='06:28:54') (5102) terminated with exit code None
[2026-03-23T06:28:57.693+0000] {process_utils.py:80} INFO - Process psutil.Process(pid=309, status='terminated', started='06:27:40') (309) terminated with exit code None
[2026-03-23T06:28:57.695+0000] {process_utils.py:80} INFO - Process psutil.Process(pid=3745, status='terminated', started='06:27:59') (3745) terminated with exit code None
[2026-03-23T06:28:57.698+0000] {process_utils.py:80} INFO - Process psutil.Process(pid=4915, status='terminated', started='06:28:23') (4915) terminated with exit code None
[2026-03-23T06:28:57.700+0000] {process_utils.py:80} INFO - Process psutil.Process(pid=3115, status='terminated', started='06:27:55') (3115) terminated with exit code None
[2026-03-23T06:28:57.705+0000] {process_utils.py:80} INFO - Process psutil.Process(pid=1605, status='terminated', started='06:27:46') (1605) terminated with exit code None
[2026-03-23T06:28:57.711+0000] {process_utils.py:80} INFO - Process psutil.Process(pid=4906, status='terminated', started='06:28:23') (4906) terminated with exit code None
[2026-03-23T06:28:57.714+0000] {process_utils.py:80} INFO - Process psutil.Process(pid=1027, status='terminated', started='06:27:42') (1027) terminated with exit code None
[2026-03-23T06:28:57.720+0000] {process_utils.py:80} INFO - Process psutil.Process(pid=402, status='terminated', started='06:27:40') (402) terminated with exit code None
[2026-03-23T06:28:57.725+0000] {process_utils.py:80} INFO - Process psutil.Process(pid=2441, status='terminated', started='06:27:51') (2441) terminated with exit code None
[2026-03-23T06:28:57.728+0000] {process_utils.py:80} INFO - Process psutil.Process(pid=3554, status='terminated', started='06:27:58') (3554) terminated with exit code None
[2026-03-23T06:28:57.735+0000] {process_utils.py:80} INFO - Process psutil.Process(pid=4182, status='terminated', started='06:28:03') (4182) terminated with exit code None
[2026-03-23T06:28:57.738+0000] {process_utils.py:80} INFO - Process psutil.Process(pid=2453, status='terminated', started='06:27:51') (2453) terminated with exit code None
[2026-03-23T06:28:57.747+0000] {process_utils.py:80} INFO - Process psutil.Process(pid=1268, status='terminated', started='06:27:43') (1268) terminated with exit code None
[2026-03-23T06:28:57.751+0000] {process_utils.py:80} INFO - Process psutil.Process(pid=5118, status='terminated', started='06:28:55') (5118) terminated with exit code None
[2026-03-23T06:28:57.782+0000] {process_utils.py:80} INFO - Process psutil.Process(pid=191, status='terminated', started='06:27:36') (191) terminated with exit code None
[2026-03-23T06:28:57.814+0000] {process_utils.py:80} INFO - Process psutil.Process(pid=4114, status='terminated', started='06:28:02') (4114) terminated with exit code None
[2026-03-23T06:28:57.816+0000] {process_utils.py:80} INFO - Process psutil.Process(pid=2270, status='terminated', started='06:27:50') (2270) terminated with exit code None
[2026-03-23T06:28:58.074+0000] {process_utils.py:80} INFO - Process psutil.Process(pid=899, status='terminated', started='06:27:42') (899) terminated with exit code None
[2026-03-23T06:28:58.076+0000] {process_utils.py:80} INFO - Process psutil.Process(pid=207, status='terminated', started='06:27:38') (207) terminated with exit code None
[2026-03-23T06:28:58.077+0000] {process_utils.py:80} INFO - Process psutil.Process(pid=4690, status='terminated', started='06:28:10') (4690) terminated with exit code None
[2026-03-23T06:28:59.142+0000] {taskinstance.py:2890} ERROR - Task failed with exception
Traceback (most recent call last):
  File "/home/airflow/.local/lib/python3.12/site-packages/airflow/models/taskinstance.py", line 460, in _execute_task
    result = _execute_callable(context=context, **execute_callable_kwargs)
             ^^^^^^^^^^^^^^^^^^^^^^^^^^^^^^^^^^^^^^^^^^^^^^^^^^^^^^^^^^^^^
  File "/home/airflow/.local/lib/python3.12/site-packages/airflow/models/taskinstance.py", line 432, in _execute_callable
    return execute_callable(context=context, **execute_callable_kwargs)
           ^^^^^^^^^^^^^^^^^^^^^^^^^^^^^^^^^^^^^^^^^^^^^^^^^^^^^^^^^^^^
  File "/home/airflow/.local/lib/python3.12/site-packages/airflow/models/baseoperator.py", line 400, in wrapper
    return func(self, *args, **kwargs)
           ^^^^^^^^^^^^^^^^^^^^^^^^^^^
  File "/home/airflow/.local/lib/python3.12/site-packages/airflow/operators/python.py", line 235, in execute
    return_value = self.execute_callable()
                   ^^^^^^^^^^^^^^^^^^^^^^^
  File "/home/airflow/.local/lib/python3.12/site-packages/airflow/operators/python.py", line 252, in execute_callable
    return self.python_callable(*self.op_args, **self.op_kwargs)
           ^^^^^^^^^^^^^^^^^^^^^^^^^^^^^^^^^^^^^^^^^^^^^^^^^^^^^
  File "/opt/airflow/dags/lra_refresh_dag.py", line 52, in run_location_batch
    result = subprocess.run(cmd, capture_output=True, text=True, timeout=3600)
             ^^^^^^^^^^^^^^^^^^^^^^^^^^^^^^^^^^^^^^^^^^^^^^^^^^^^^^^^^^^^^^^^^
  File "/usr/local/lib/python3.12/subprocess.py", line 550, in run
    stdout, stderr = process.communicate(input, timeout=timeout)
                     ^^^^^^^^^^^^^^^^^^^^^^^^^^^^^^^^^^^^^^^^^^^
  File "/usr/local/lib/python3.12/subprocess.py", line 1209, in communicate
    stdout, stderr = self._communicate(input, endtime, timeout)
                     ^^^^^^^^^^^^^^^^^^^^^^^^^^^^^^^^^^^^^^^^^^
  File "/usr/local/lib/python3.12/subprocess.py", line 2113, in _communicate
    ready = selector.select(timeout)
            ^^^^^^^^^^^^^^^^^^^^^^^^
  File "/usr/local/lib/python3.12/selectors.py", line 415, in select
    fd_event_list = self._selector.poll(timeout)
                    ^^^^^^^^^^^^^^^^^^^^^^^^^^^^
  File "/home/airflow/.local/lib/python3.12/site-packages/airflow/models/taskinstance.py", line 2609, in signal_handler
    raise AirflowTaskTerminated("Task received SIGTERM signal")
airflow.exceptions.AirflowTaskTerminated: Task received SIGTERM signal
[2026-03-23T06:28:59.287+0000] {taskinstance.py:1205} INFO - Marking task as UP_FOR_RETRY. dag_id=reporting_nightly_refresh, task_id=location_batches.batch_002__locs_401_to_600, execution_date=20260322T020000, start_date=20260323T062733, end_date=20260323T062859
[2026-03-23T06:29:03.820+0000] {process_utils.py:80} INFO - Process psutil.Process(pid=182, status='terminated', exitcode=2, started='06:27:33') (182) terminated with exit code 2
