[2026-03-23T06:01:06.841+0000] {local_task_job_runner.py:120} INFO - ::group::Pre task execution logs
[2026-03-23T06:01:06.946+0000] {taskinstance.py:2073} INFO - Dependencies all met for dep_context=non-requeueable deps ti=<TaskInstance: reporting_nightly_refresh.location_batches.batch_002__locs_401_to_600 scheduled__2026-03-22T02:00:00+00:00 [queued]>
[2026-03-23T06:01:06.965+0000] {taskinstance.py:2073} INFO - Dependencies all met for dep_context=requeueable deps ti=<TaskInstance: reporting_nightly_refresh.location_batches.batch_002__locs_401_to_600 scheduled__2026-03-22T02:00:00+00:00 [queued]>
[2026-03-23T06:01:06.966+0000] {taskinstance.py:2303} INFO - Starting attempt 3 of 4
[2026-03-23T06:01:06.997+0000] {taskinstance.py:2327} INFO - Executing <Task(PythonOperator): location_batches.batch_002__locs_401_to_600> on 2026-03-22 02:00:00+00:00
[2026-03-23T06:01:07.015+0000] {standard_task_runner.py:90} INFO - Running: ['airflow', 'tasks', 'run', 'reporting_nightly_refresh', 'location_batches.batch_002__locs_401_to_600', 'scheduled__2026-03-22T02:00:00+00:00', '--job-id', '22', '--raw', '--subdir', 'DAGS_FOLDER/lra_refresh_dag.py', '--cfg-path', '/tmp/tmp9ctj1_qz']
[2026-03-23T06:01:07.022+0000] {standard_task_runner.py:91} INFO - Job 22: Subtask location_batches.batch_002__locs_401_to_600
[2026-03-23T06:01:07.022+0000] {logging_mixin.py:188} WARNING - /home/airflow/.local/lib/python3.12/site-packages/airflow/task/task_runner/standard_task_runner.py:61 DeprecationWarning: This process (pid=433) is multi-threaded, use of fork() may lead to deadlocks in the child.
[2026-03-23T06:01:07.023+0000] {standard_task_runner.py:63} INFO - Started process 434 to run task
[2026-03-23T06:01:07.295+0000] {task_command.py:426} INFO - Running <TaskInstance: reporting_nightly_refresh.location_batches.batch_002__locs_401_to_600 scheduled__2026-03-22T02:00:00+00:00 [running]> on host 7849ea7120c5
[2026-03-23T06:01:07.780+0000] {taskinstance.py:2644} INFO - Exporting env vars: AIRFLOW_CTX_DAG_OWNER='finance-ops' AIRFLOW_CTX_DAG_ID='reporting_nightly_refresh' AIRFLOW_CTX_TASK_ID='location_batches.batch_002__locs_401_to_600' AIRFLOW_CTX_EXECUTION_DATE='2026-03-22T02:00:00+00:00' AIRFLOW_CTX_TRY_NUMBER='3' AIRFLOW_CTX_DAG_RUN_ID='scheduled__2026-03-22T02:00:00+00:00'
[2026-03-23T06:01:07.782+0000] {taskinstance.py:430} INFO - ::endgroup::
[2026-03-23T06:01:07.821+0000] {lra_refresh_dag.py:51} INFO - Batch 2: 200 locations
[2026-03-23T06:01:08.535+0000] {lra_refresh_dag.py:54} WARNING - STDERR:
Traceback (most recent call last):
  File "/opt/automation/refresh_runner.py", line 25, in <module>
    import aiomysql
ModuleNotFoundError: No module named 'aiomysql'

[2026-03-23T06:01:08.536+0000] {taskinstance.py:441} INFO - ::group::Post task execution logs
[2026-03-23T06:01:08.538+0000] {taskinstance.py:2890} ERROR - Task failed with exception
Traceback (most recent call last):
  File "/home/airflow/.local/lib/python3.12/site-packages/airflow/models/taskinstance.py", line 460, in _execute_task
    result = _execute_callable(context=context, **execute_callable_kwargs)
             ^^^^^^^^^^^^^^^^^^^^^^^^^^^^^^^^^^^^^^^^^^^^^^^^^^^^^^^^^^^^^
  File "/home/airflow/.local/lib/python3.12/site-packages/airflow/models/taskinstance.py", line 432, in _execute_callable
    return execute_callable(context=context, **execute_callable_kwargs)
           ^^^^^^^^^^^^^^^^^^^^^^^^^^^^^^^^^^^^^^^^^^^^^^^^^^^^^^^^^^^^
  File "/home/airflow/.local/lib/python3.12/site-packages/airflow/models/baseoperator.py", line 400, in wrapper
    return func(self, *args, **kwargs)
           ^^^^^^^^^^^^^^^^^^^^^^^^^^^
  File "/home/airflow/.local/lib/python3.12/site-packages/airflow/operators/python.py", line 235, in execute
    return_value = self.execute_callable()
                   ^^^^^^^^^^^^^^^^^^^^^^^
  File "/home/airflow/.local/lib/python3.12/site-packages/airflow/operators/python.py", line 252, in execute_callable
    return self.python_callable(*self.op_args, **self.op_kwargs)
           ^^^^^^^^^^^^^^^^^^^^^^^^^^^^^^^^^^^^^^^^^^^^^^^^^^^^^
  File "/opt/airflow/dags/lra_refresh_dag.py", line 56, in run_location_batch
    raise RuntimeError(f"Batch {batch_index} failed (exit {result.returncode})")
RuntimeError: Batch 2 failed (exit 1)
[2026-03-23T06:01:08.619+0000] {taskinstance.py:1205} INFO - Marking task as UP_FOR_RETRY. dag_id=reporting_nightly_refresh, task_id=location_batches.batch_002__locs_401_to_600, execution_date=20260322T020000, start_date=20260323T060106, end_date=20260323T060108
[2026-03-23T06:01:08.651+0000] {standard_task_runner.py:110} ERROR - Failed to execute job 22 for task location_batches.batch_002__locs_401_to_600 (Batch 2 failed (exit 1); 434)
[2026-03-23T06:01:08.727+0000] {local_task_job_runner.py:240} INFO - Task exited with return code 1
[2026-03-23T06:01:08.834+0000] {taskinstance.py:3482} INFO - 0 downstream tasks scheduled from follow-on schedule check
[2026-03-23T06:01:08.839+0000] {local_task_job_runner.py:222} INFO - ::endgroup::
