[2026-03-23T05:50:01.277+0000] {local_task_job_runner.py:120} INFO - ::group::Pre task execution logs
[2026-03-23T05:50:01.379+0000] {taskinstance.py:2073} INFO - Dependencies all met for dep_context=non-requeueable deps ti=<TaskInstance: reporting_nightly_refresh.location_batches.batch_002__locs_401_to_600 scheduled__2026-03-22T02:00:00+00:00 [queued]>
[2026-03-23T05:50:01.396+0000] {taskinstance.py:2073} INFO - Dependencies all met for dep_context=requeueable deps ti=<TaskInstance: reporting_nightly_refresh.location_batches.batch_002__locs_401_to_600 scheduled__2026-03-22T02:00:00+00:00 [queued]>
[2026-03-23T05:50:01.397+0000] {taskinstance.py:2303} INFO - Starting attempt 2 of 4
[2026-03-23T05:50:01.425+0000] {taskinstance.py:2327} INFO - Executing <Task(PythonOperator): location_batches.batch_002__locs_401_to_600> on 2026-03-22 02:00:00+00:00
[2026-03-23T05:50:01.443+0000] {standard_task_runner.py:90} INFO - Running: ['airflow', 'tasks', 'run', 'reporting_nightly_refresh', 'location_batches.batch_002__locs_401_to_600', 'scheduled__2026-03-22T02:00:00+00:00', '--job-id', '19', '--raw', '--subdir', 'DAGS_FOLDER/lra_refresh_dag.py', '--cfg-path', '/tmp/tmpdcnxhpwb']
[2026-03-23T05:50:01.448+0000] {standard_task_runner.py:91} INFO - Job 19: Subtask location_batches.batch_002__locs_401_to_600
[2026-03-23T05:50:01.449+0000] {logging_mixin.py:188} WARNING - /home/airflow/.local/lib/python3.12/site-packages/airflow/task/task_runner/standard_task_runner.py:61 DeprecationWarning: This process (pid=319) is multi-threaded, use of fork() may lead to deadlocks in the child.
[2026-03-23T05:50:01.450+0000] {standard_task_runner.py:63} INFO - Started process 320 to run task
[2026-03-23T05:50:01.707+0000] {task_command.py:426} INFO - Running <TaskInstance: reporting_nightly_refresh.location_batches.batch_002__locs_401_to_600 scheduled__2026-03-22T02:00:00+00:00 [running]> on host 7849ea7120c5
[2026-03-23T05:50:02.120+0000] {taskinstance.py:2644} INFO - Exporting env vars: AIRFLOW_CTX_DAG_OWNER='finance-ops' AIRFLOW_CTX_DAG_ID='reporting_nightly_refresh' AIRFLOW_CTX_TASK_ID='location_batches.batch_002__locs_401_to_600' AIRFLOW_CTX_EXECUTION_DATE='2026-03-22T02:00:00+00:00' AIRFLOW_CTX_TRY_NUMBER='2' AIRFLOW_CTX_DAG_RUN_ID='scheduled__2026-03-22T02:00:00+00:00'
[2026-03-23T05:50:02.123+0000] {taskinstance.py:430} INFO - ::endgroup::
[2026-03-23T05:50:02.155+0000] {lra_refresh_dag.py:51} INFO - Batch 2: 200 locations
[2026-03-23T05:50:02.873+0000] {lra_refresh_dag.py:54} WARNING - STDERR:
Traceback (most recent call last):
  File "/opt/automation/refresh_runner.py", line 25, in <module>
    import aiomysql
ModuleNotFoundError: No module named 'aiomysql'

[2026-03-23T05:50:02.874+0000] {taskinstance.py:441} INFO - ::group::Post task execution logs
[2026-03-23T05:50:02.875+0000] {taskinstance.py:2890} ERROR - Task failed with exception
Traceback (most recent call last):
  File "/home/airflow/.local/lib/python3.12/site-packages/airflow/models/taskinstance.py", line 460, in _execute_task
    result = _execute_callable(context=context, **execute_callable_kwargs)
             ^^^^^^^^^^^^^^^^^^^^^^^^^^^^^^^^^^^^^^^^^^^^^^^^^^^^^^^^^^^^^
  File "/home/airflow/.local/lib/python3.12/site-packages/airflow/models/taskinstance.py", line 432, in _execute_callable
    return execute_callable(context=context, **execute_callable_kwargs)
           ^^^^^^^^^^^^^^^^^^^^^^^^^^^^^^^^^^^^^^^^^^^^^^^^^^^^^^^^^^^^
  File "/home/airflow/.local/lib/python3.12/site-packages/airflow/models/baseoperator.py", line 400, in wrapper
    return func(self, *args, **kwargs)
           ^^^^^^^^^^^^^^^^^^^^^^^^^^^
  File "/home/airflow/.local/lib/python3.12/site-packages/airflow/operators/python.py", line 235, in execute
    return_value = self.execute_callable()
                   ^^^^^^^^^^^^^^^^^^^^^^^
  File "/home/airflow/.local/lib/python3.12/site-packages/airflow/operators/python.py", line 252, in execute_callable
    return self.python_callable(*self.op_args, **self.op_kwargs)
           ^^^^^^^^^^^^^^^^^^^^^^^^^^^^^^^^^^^^^^^^^^^^^^^^^^^^^
  File "/opt/airflow/dags/lra_refresh_dag.py", line 56, in run_location_batch
    raise RuntimeError(f"Batch {batch_index} failed (exit {result.returncode})")
RuntimeError: Batch 2 failed (exit 1)
[2026-03-23T05:50:02.939+0000] {taskinstance.py:1205} INFO - Marking task as UP_FOR_RETRY. dag_id=reporting_nightly_refresh, task_id=location_batches.batch_002__locs_401_to_600, execution_date=20260322T020000, start_date=20260323T055001, end_date=20260323T055002
[2026-03-23T05:50:02.961+0000] {standard_task_runner.py:110} ERROR - Failed to execute job 19 for task location_batches.batch_002__locs_401_to_600 (Batch 2 failed (exit 1); 320)
[2026-03-23T05:50:03.032+0000] {local_task_job_runner.py:240} INFO - Task exited with return code 1
[2026-03-23T05:50:03.129+0000] {taskinstance.py:3482} INFO - 0 downstream tasks scheduled from follow-on schedule check
[2026-03-23T05:50:03.133+0000] {local_task_job_runner.py:222} INFO - ::endgroup::
[2026-03-23T06:38:36.082+0000] {local_task_job_runner.py:120} INFO - ::group::Pre task execution logs
[2026-03-23T06:38:36.196+0000] {taskinstance.py:2073} INFO - Dependencies all met for dep_context=non-requeueable deps ti=<TaskInstance: reporting_nightly_refresh.location_batches.batch_002__locs_401_to_600 scheduled__2026-03-22T02:00:00+00:00 [queued]>
[2026-03-23T06:38:36.215+0000] {taskinstance.py:2073} INFO - Dependencies all met for dep_context=requeueable deps ti=<TaskInstance: reporting_nightly_refresh.location_batches.batch_002__locs_401_to_600 scheduled__2026-03-22T02:00:00+00:00 [queued]>
[2026-03-23T06:38:36.216+0000] {taskinstance.py:2303} INFO - Starting attempt 2 of 4
[2026-03-23T06:38:36.247+0000] {taskinstance.py:2327} INFO - Executing <Task(PythonOperator): location_batches.batch_002__locs_401_to_600> on 2026-03-22 02:00:00+00:00
[2026-03-23T06:38:36.266+0000] {standard_task_runner.py:90} INFO - Running: ['airflow', 'tasks', 'run', 'reporting_nightly_refresh', 'location_batches.batch_002__locs_401_to_600', 'scheduled__2026-03-22T02:00:00+00:00', '--job-id', '19', '--raw', '--subdir', 'DAGS_FOLDER/lra_refresh_dag.py', '--cfg-path', '/tmp/tmpnetuevdt']
[2026-03-23T06:38:36.271+0000] {logging_mixin.py:188} WARNING - /home/airflow/.local/lib/python3.12/site-packages/airflow/task/task_runner/standard_task_runner.py:61 DeprecationWarning: This process (pid=11011) is multi-threaded, use of fork() may lead to deadlocks in the child.
[2026-03-23T06:38:36.272+0000] {standard_task_runner.py:91} INFO - Job 19: Subtask location_batches.batch_002__locs_401_to_600
[2026-03-23T06:38:36.273+0000] {standard_task_runner.py:63} INFO - Started process 11012 to run task
[2026-03-23T06:38:36.518+0000] {task_command.py:426} INFO - Running <TaskInstance: reporting_nightly_refresh.location_batches.batch_002__locs_401_to_600 scheduled__2026-03-22T02:00:00+00:00 [running]> on host 4c525425e255
[2026-03-23T06:38:37.061+0000] {taskinstance.py:2644} INFO - Exporting env vars: AIRFLOW_CTX_DAG_OWNER='finance-ops' AIRFLOW_CTX_DAG_ID='reporting_nightly_refresh' AIRFLOW_CTX_TASK_ID='location_batches.batch_002__locs_401_to_600' AIRFLOW_CTX_EXECUTION_DATE='2026-03-22T02:00:00+00:00' AIRFLOW_CTX_TRY_NUMBER='2' AIRFLOW_CTX_DAG_RUN_ID='scheduled__2026-03-22T02:00:00+00:00'
[2026-03-23T06:38:37.064+0000] {taskinstance.py:430} INFO - ::endgroup::
[2026-03-23T06:38:37.094+0000] {lra_refresh_dag.py:51} INFO - Batch 2: 200 locations
[2026-03-23T06:38:50.017+0000] {lra_refresh_dag.py:54} WARNING - STDERR:
2026-03-23 06:38:38,224 [INFO] Run 20260323_063838 — 200 locations, concurrency=10
2026-03-23 06:38:39,045 [INFO] Navigating to login: http://mock_portal:5001
2026-03-23 06:38:39,814 [INFO] Authentication successful.
2026-03-23 06:38:40,153 [INFO] Navigating to login: http://mock_portal:5001
2026-03-23 06:38:40,901 [INFO] Authentication successful.
2026-03-23 06:38:41,264 [INFO] Navigating to login: http://mock_portal:5001
2026-03-23 06:38:42,035 [INFO] Authentication successful.
2026-03-23 06:38:42,395 [INFO] Navigating to login: http://mock_portal:5001
2026-03-23 06:38:43,125 [INFO] Authentication successful.
2026-03-23 06:38:43,442 [INFO] Navigating to login: http://mock_portal:5001
2026-03-23 06:38:44,184 [INFO] Authentication successful.
2026-03-23 06:38:44,506 [INFO] Navigating to login: http://mock_portal:5001
2026-03-23 06:38:45,234 [INFO] Authentication successful.
2026-03-23 06:38:45,575 [INFO] Navigating to login: http://mock_portal:5001
2026-03-23 06:38:46,298 [INFO] Authentication successful.
2026-03-23 06:38:46,644 [INFO] Navigating to login: http://mock_portal:5001
2026-03-23 06:38:47,422 [INFO] Authentication successful.
2026-03-23 06:38:47,808 [INFO] Navigating to login: http://mock_portal:5001
2026-03-23 06:38:48,565 [INFO] Authentication successful.
2026-03-23 06:38:48,886 [INFO] Navigating to login: http://mock_portal:5001
2026-03-23 06:38:49,650 [INFO] Authentication successful.
Traceback (most recent call last):
  File "/opt/automation/refresh_runner.py", line 185, in <module>
    asyncio.run(run_batch(location_list, concurrency=args.concurrency, headless=args.headless))
  File "/usr/local/lib/python3.12/asyncio/runners.py", line 194, in run
    return runner.run(main)
           ^^^^^^^^^^^^^^^^
  File "/usr/local/lib/python3.12/asyncio/runners.py", line 118, in run
    return self._loop.run_until_complete(task)
           ^^^^^^^^^^^^^^^^^^^^^^^^^^^^^^^^^^^
  File "/usr/local/lib/python3.12/asyncio/base_events.py", line 685, in run_until_complete
    return future.result()
           ^^^^^^^^^^^^^^^
  File "/opt/automation/refresh_runner.py", line 160, in run_batch
    await asyncio.gather(*[process(lid) for lid in location_ids])
  File "/opt/automation/refresh_runner.py", line 155, in process
    ok = await refresh_location(page, pool, loc_id, run_id)
         ^^^^^^^^^^^^^^^^^^^^^^^^^^^^^^^^^^^^^^^^^^^^^^^^^^
  File "/opt/automation/refresh_runner.py", line 88, in refresh_location
    await log_job_start(pool, location_id, run_id)
  File "/opt/automation/refresh_runner.py", line 53, in log_job_start
    await cur.execute("""
  File "/home/airflow/.local/lib/python3.12/site-packages/aiomysql/cursors.py", line 239, in execute
    await self._query(query)
  File "/home/airflow/.local/lib/python3.12/site-packages/aiomysql/cursors.py", line 457, in _query
    await conn.query(q)
  File "/home/airflow/.local/lib/python3.12/site-packages/aiomysql/connection.py", line 469, in query
    await self._read_query_result(unbuffered=unbuffered)
  File "/home/airflow/.local/lib/python3.12/site-packages/aiomysql/connection.py", line 683, in _read_query_result
    await result.read()
  File "/home/airflow/.local/lib/python3.12/site-packages/aiomysql/connection.py", line 1164, in read
    first_packet = await self.connection._read_packet()
                   ^^^^^^^^^^^^^^^^^^^^^^^^^^^^^^^^^^^^
  File "/home/airflow/.local/lib/python3.12/site-packages/aiomysql/connection.py", line 652, in _read_packet
    packet.raise_for_error()
  File "/home/airflow/.local/lib/python3.12/site-packages/pymysql/protocol.py", line 219, in raise_for_error
    err.raise_mysql_exception(self._data)
  File "/home/airflow/.local/lib/python3.12/site-packages/pymysql/err.py", line 150, in raise_mysql_exception
    raise errorclass(errno, errval)
pymysql.err.ProgrammingError: (1146, "Table 'refresh_jobs.refresh_jobs' doesn't exist")
Exception ignored in: <function Connection.__del__ at 0x7d260efbc7c0>
Traceback (most recent call last):
  File "/home/airflow/.local/lib/python3.12/site-packages/aiomysql/connection.py", line 1131, in __del__
  File "/home/airflow/.local/lib/python3.12/site-packages/aiomysql/connection.py", line 339, in close
  File "/usr/local/lib/python3.12/asyncio/selector_events.py", line 1210, in close
  File "/usr/local/lib/python3.12/asyncio/selector_events.py", line 875, in close
  File "/usr/local/lib/python3.12/asyncio/base_events.py", line 793, in call_soon
  File "/usr/local/lib/python3.12/asyncio/base_events.py", line 540, in _check_closed
RuntimeError: Event loop is closed
Exception ignored in: <function Connection.__del__ at 0x7d260efbc7c0>
Traceback (most recent call last):
  File "/home/airflow/.local/lib/python3.12/site-packages/aiomysql/connection.py", line 1131, in __del__
  File "/home/airflow/.local/lib/python3.12/site-packages/aiomysql/connection.py", line 339, in close
  File "/usr/local/lib/python3.12/asyncio/selector_events.py", line 1210, in close
  File "/usr/local/lib/python3.12/asyncio/selector_events.py", line 875, in close
  File "/usr/local/lib/python3.12/asyncio/base_events.py", line 793, in call_soon
  File "/usr/local/lib/python3.12/asyncio/base_events.py", line 540, in _check_closed
RuntimeError: Event loop is closed
Exception ignored in: <function Connection.__del__ at 0x7d260efbc7c0>
Traceback (most recent call last):
  File "/home/airflow/.local/lib/python3.12/site-packages/aiomysql/connection.py", line 1131, in __del__
  File "/home/airflow/.local/lib/python3.12/site-packages/aiomysql/connection.py", line 339, in close
  File "/usr/local/lib/python3.12/asyncio/selector_events.py", line 1210, in close
  File "/usr/local/lib/python3.12/asyncio/selector_events.py", line 875, in close
  File "/usr/local/lib/python3.12/asyncio/base_events.py", line 793, in call_soon
  File "/usr/local/lib/python3.12/asyncio/base_events.py", line 540, in _check_closed
RuntimeError: Event loop is closed
Exception ignored in: <function Connection.__del__ at 0x7d260efbc7c0>
Traceback (most recent call last):
  File "/home/airflow/.local/lib/python3.12/site-packages/aiomysql/connection.py", line 1131, in __del__
  File "/home/airflow/.local/lib/python3.12/site-packages/aiomysql/connection.py", line 339, in close
  File "/usr/local/lib/python3.12/asyncio/selector_events.py", line 1210, in close
  File "/usr/local/lib/python3.12/asyncio/selector_events.py", line 875, in close
  File "/usr/local/lib/python3.12/asyncio/base_events.py", line 793, in call_soon
  File "/usr/local/lib/python3.12/asyncio/base_events.py", line 540, in _check_closed
RuntimeError: Event loop is closed
Exception ignored in: <function Connection.__del__ at 0x7d260efbc7c0>
Traceback (most recent call last):
  File "/home/airflow/.local/lib/python3.12/site-packages/aiomysql/connection.py", line 1131, in __del__
  File "/home/airflow/.local/lib/python3.12/site-packages/aiomysql/connection.py", line 339, in close
  File "/usr/local/lib/python3.12/asyncio/selector_events.py", line 1210, in close
  File "/usr/local/lib/python3.12/asyncio/selector_events.py", line 875, in close
  File "/usr/local/lib/python3.12/asyncio/base_events.py", line 793, in call_soon
  File "/usr/local/lib/python3.12/asyncio/base_events.py", line 540, in _check_closed
RuntimeError: Event loop is closed
Exception ignored in: <function Connection.__del__ at 0x7d260efbc7c0>
Traceback (most recent call last):
  File "/home/airflow/.local/lib/python3.12/site-packages/aiomysql/connection.py", line 1131, in __del__
  File "/home/airflow/.local/lib/python3.12/site-packages/aiomysql/connection.py", line 339, in close
  File "/usr/local/lib/python3.12/asyncio/selector_events.py", line 1210, in close
  File "/usr/local/lib/python3.12/asyncio/selector_events.py", line 875, in close
  File "/usr/local/lib/python3.12/asyncio/base_events.py", line 793, in call_soon
  File "/usr/local/lib/python3.12/asyncio/base_events.py", line 540, in _check_closed
RuntimeError: Event loop is closed
Exception ignored in: <function Connection.__del__ at 0x7d260efbc7c0>
Traceback (most recent call last):
  File "/home/airflow/.local/lib/python3.12/site-packages/aiomysql/connection.py", line 1131, in __del__
  File "/home/airflow/.local/lib/python3.12/site-packages/aiomysql/connection.py", line 339, in close
  File "/usr/local/lib/python3.12/asyncio/selector_events.py", line 1210, in close
  File "/usr/local/lib/python3.12/asyncio/selector_events.py", line 875, in close
  File "/usr/local/lib/python3.12/asyncio/base_events.py", line 793, in call_soon
  File "/usr/local/lib/python3.12/asyncio/base_events.py", line 540, in _check_closed
RuntimeError: Event loop is closed
Exception ignored in: <function Connection.__del__ at 0x7d260efbc7c0>
Traceback (most recent call last):
  File "/home/airflow/.local/lib/python3.12/site-packages/aiomysql/connection.py", line 1131, in __del__
  File "/home/airflow/.local/lib/python3.12/site-packages/aiomysql/connection.py", line 339, in close
  File "/usr/local/lib/python3.12/asyncio/selector_events.py", line 1210, in close
  File "/usr/local/lib/python3.12/asyncio/selector_events.py", line 875, in close
  File "/usr/local/lib/python3.12/asyncio/base_events.py", line 793, in call_soon
  File "/usr/local/lib/python3.12/asyncio/base_events.py", line 540, in _check_closed
RuntimeError: Event loop is closed
Exception ignored in: <function Connection.__del__ at 0x7d260efbc7c0>
Traceback (most recent call last):
  File "/home/airflow/.local/lib/python3.12/site-packages/aiomysql/connection.py", line 1131, in __del__
  File "/home/airflow/.local/lib/python3.12/site-packages/aiomysql/connection.py", line 339, in close
  File "/usr/local/lib/python3.12/asyncio/selector_events.py", line 1210, in close
  File "/usr/local/lib/python3.12/asyncio/selector_events.py", line 875, in close
  File "/usr/local/lib/python3.12/asyncio/base_events.py", line 793, in call_soon
  File "/usr/local/lib/python3.12/asyncio/base_events.py", line 540, in _check_closed
RuntimeError: Event loop is closed
Exception ignored in: <function Connection.__del__ at 0x7d260efbc7c0>
Traceback (most recent call last):
  File "/home/airflow/.local/lib/python3.12/site-packages/aiomysql/connection.py", line 1131, in __del__
  File "/home/airflow/.local/lib/python3.12/site-packages/aiomysql/connection.py", line 339, in close
  File "/usr/local/lib/python3.12/asyncio/selector_events.py", line 1210, in close
  File "/usr/local/lib/python3.12/asyncio/selector_events.py", line 875, in close
  File "/usr/local/lib/python3.12/asyncio/base_events.py", line 793, in call_soon
  File "/usr/local/lib/python3.12/asyncio/base_events.py", line 540, in _check_closed
RuntimeError: Event loop is closed

[2026-03-23T06:38:50.018+0000] {taskinstance.py:441} INFO - ::group::Post task execution logs
[2026-03-23T06:38:50.019+0000] {taskinstance.py:2890} ERROR - Task failed with exception
Traceback (most recent call last):
  File "/home/airflow/.local/lib/python3.12/site-packages/airflow/models/taskinstance.py", line 460, in _execute_task
    result = _execute_callable(context=context, **execute_callable_kwargs)
             ^^^^^^^^^^^^^^^^^^^^^^^^^^^^^^^^^^^^^^^^^^^^^^^^^^^^^^^^^^^^^
  File "/home/airflow/.local/lib/python3.12/site-packages/airflow/models/taskinstance.py", line 432, in _execute_callable
    return execute_callable(context=context, **execute_callable_kwargs)
           ^^^^^^^^^^^^^^^^^^^^^^^^^^^^^^^^^^^^^^^^^^^^^^^^^^^^^^^^^^^^
  File "/home/airflow/.local/lib/python3.12/site-packages/airflow/models/baseoperator.py", line 400, in wrapper
    return func(self, *args, **kwargs)
           ^^^^^^^^^^^^^^^^^^^^^^^^^^^
  File "/home/airflow/.local/lib/python3.12/site-packages/airflow/operators/python.py", line 235, in execute
    return_value = self.execute_callable()
                   ^^^^^^^^^^^^^^^^^^^^^^^
  File "/home/airflow/.local/lib/python3.12/site-packages/airflow/operators/python.py", line 252, in execute_callable
    return self.python_callable(*self.op_args, **self.op_kwargs)
           ^^^^^^^^^^^^^^^^^^^^^^^^^^^^^^^^^^^^^^^^^^^^^^^^^^^^^
  File "/opt/airflow/dags/lra_refresh_dag.py", line 56, in run_location_batch
    raise RuntimeError(f"Batch {batch_index} failed (exit {result.returncode})")
RuntimeError: Batch 2 failed (exit 1)
[2026-03-23T06:38:50.085+0000] {taskinstance.py:1205} INFO - Marking task as UP_FOR_RETRY. dag_id=reporting_nightly_refresh, task_id=location_batches.batch_002__locs_401_to_600, execution_date=20260322T020000, start_date=20260323T063836, end_date=20260323T063850
[2026-03-23T06:38:50.111+0000] {standard_task_runner.py:110} ERROR - Failed to execute job 19 for task location_batches.batch_002__locs_401_to_600 (Batch 2 failed (exit 1); 11012)
[2026-03-23T06:38:50.167+0000] {local_task_job_runner.py:240} INFO - Task exited with return code 1
[2026-03-23T06:38:50.253+0000] {taskinstance.py:3482} INFO - 0 downstream tasks scheduled from follow-on schedule check
[2026-03-23T06:38:50.257+0000] {local_task_job_runner.py:222} INFO - ::endgroup::
[2026-03-23T07:00:37.591+0000] {local_task_job_runner.py:120} INFO - ::group::Pre task execution logs
[2026-03-23T07:00:37.893+0000] {taskinstance.py:2073} INFO - Dependencies all met for dep_context=non-requeueable deps ti=<TaskInstance: reporting_nightly_refresh.location_batches.batch_002__locs_401_to_600 scheduled__2026-03-22T02:00:00+00:00 [queued]>
[2026-03-23T07:00:37.917+0000] {taskinstance.py:2073} INFO - Dependencies all met for dep_context=requeueable deps ti=<TaskInstance: reporting_nightly_refresh.location_batches.batch_002__locs_401_to_600 scheduled__2026-03-22T02:00:00+00:00 [queued]>
[2026-03-23T07:00:37.919+0000] {taskinstance.py:2303} INFO - Starting attempt 2 of 5
[2026-03-23T07:00:37.986+0000] {taskinstance.py:2327} INFO - Executing <Task(PythonOperator): location_batches.batch_002__locs_401_to_600> on 2026-03-22 02:00:00+00:00
[2026-03-23T07:00:38.014+0000] {standard_task_runner.py:90} INFO - Running: ['airflow', 'tasks', 'run', 'reporting_nightly_refresh', 'location_batches.batch_002__locs_401_to_600', 'scheduled__2026-03-22T02:00:00+00:00', '--job-id', '14', '--raw', '--subdir', 'DAGS_FOLDER/reporting_refresh_dag.py', '--cfg-path', '/tmp/tmplyoi4v7n']
[2026-03-23T07:00:38.027+0000] {standard_task_runner.py:91} INFO - Job 14: Subtask location_batches.batch_002__locs_401_to_600
[2026-03-23T07:00:38.028+0000] {logging_mixin.py:188} WARNING - /home/airflow/.local/lib/python3.12/site-packages/airflow/task/task_runner/standard_task_runner.py:61 DeprecationWarning: This process (pid=4494) is multi-threaded, use of fork() may lead to deadlocks in the child.
[2026-03-23T07:00:38.030+0000] {standard_task_runner.py:63} INFO - Started process 4495 to run task
[2026-03-23T07:00:38.578+0000] {task_command.py:426} INFO - Running <TaskInstance: reporting_nightly_refresh.location_batches.batch_002__locs_401_to_600 scheduled__2026-03-22T02:00:00+00:00 [running]> on host 709b26eca54f
[2026-03-23T07:00:39.300+0000] {taskinstance.py:2644} INFO - Exporting env vars: AIRFLOW_CTX_DAG_OWNER='finance-ops' AIRFLOW_CTX_DAG_ID='reporting_nightly_refresh' AIRFLOW_CTX_TASK_ID='location_batches.batch_002__locs_401_to_600' AIRFLOW_CTX_EXECUTION_DATE='2026-03-22T02:00:00+00:00' AIRFLOW_CTX_TRY_NUMBER='2' AIRFLOW_CTX_DAG_RUN_ID='scheduled__2026-03-22T02:00:00+00:00'
[2026-03-23T07:00:39.304+0000] {taskinstance.py:430} INFO - ::endgroup::
[2026-03-23T07:00:39.667+0000] {refresh_runner.py:135} INFO - Run 20260323_070039 — 200 locations, concurrency=10
[2026-03-23T07:00:42.749+0000] {refresh_runner.py:76} INFO - Navigating to login: http://mock_portal:5001
[2026-03-23T07:00:44.066+0000] {refresh_runner.py:82} INFO - Authentication successful.
[2026-03-23T07:00:44.832+0000] {refresh_runner.py:76} INFO - Navigating to login: http://mock_portal:5001
[2026-03-23T07:00:45.971+0000] {refresh_runner.py:82} INFO - Authentication successful.
[2026-03-23T07:00:47.051+0000] {refresh_runner.py:76} INFO - Navigating to login: http://mock_portal:5001
[2026-03-23T07:00:48.865+0000] {refresh_runner.py:82} INFO - Authentication successful.
[2026-03-23T07:00:49.943+0000] {refresh_runner.py:76} INFO - Navigating to login: http://mock_portal:5001
[2026-03-23T07:00:53.655+0000] {refresh_runner.py:82} INFO - Authentication successful.
[2026-03-23T07:00:56.911+0000] {refresh_runner.py:76} INFO - Navigating to login: http://mock_portal:5001
[2026-03-23T07:00:58.966+0000] {refresh_runner.py:82} INFO - Authentication successful.
[2026-03-23T07:01:03.528+0000] {refresh_runner.py:76} INFO - Navigating to login: http://mock_portal:5001
[2026-03-23T07:01:08.033+0000] {refresh_runner.py:82} INFO - Authentication successful.
[2026-03-23T07:02:07.241+0000] {refresh_runner.py:76} INFO - Navigating to login: http://mock_portal:5001
[2026-03-23T07:02:08.355+0000] {refresh_runner.py:82} INFO - Authentication successful.
[2026-03-23T07:02:08.808+0000] {refresh_runner.py:76} INFO - Navigating to login: http://mock_portal:5001
[2026-03-23T07:02:09.738+0000] {refresh_runner.py:82} INFO - Authentication successful.
[2026-03-23T07:02:10.264+0000] {refresh_runner.py:76} INFO - Navigating to login: http://mock_portal:5001
[2026-03-23T07:02:11.340+0000] {refresh_runner.py:82} INFO - Authentication successful.
[2026-03-23T07:02:11.919+0000] {refresh_runner.py:76} INFO - Navigating to login: http://mock_portal:5001
[2026-03-23T07:02:13.187+0000] {refresh_runner.py:82} INFO - Authentication successful.
[2026-03-23T07:02:14.077+0000] {taskinstance.py:441} INFO - ::group::Post task execution logs
[2026-03-23T07:02:14.081+0000] {taskinstance.py:2890} ERROR - Task failed with exception
Traceback (most recent call last):
  File "/home/airflow/.local/lib/python3.12/site-packages/airflow/models/taskinstance.py", line 460, in _execute_task
    result = _execute_callable(context=context, **execute_callable_kwargs)
             ^^^^^^^^^^^^^^^^^^^^^^^^^^^^^^^^^^^^^^^^^^^^^^^^^^^^^^^^^^^^^
  File "/home/airflow/.local/lib/python3.12/site-packages/airflow/models/taskinstance.py", line 432, in _execute_callable
    return execute_callable(context=context, **execute_callable_kwargs)
           ^^^^^^^^^^^^^^^^^^^^^^^^^^^^^^^^^^^^^^^^^^^^^^^^^^^^^^^^^^^^
  File "/home/airflow/.local/lib/python3.12/site-packages/airflow/models/baseoperator.py", line 400, in wrapper
    return func(self, *args, **kwargs)
           ^^^^^^^^^^^^^^^^^^^^^^^^^^^
  File "/home/airflow/.local/lib/python3.12/site-packages/airflow/operators/python.py", line 235, in execute
    return_value = self.execute_callable()
                   ^^^^^^^^^^^^^^^^^^^^^^^
  File "/home/airflow/.local/lib/python3.12/site-packages/airflow/operators/python.py", line 252, in execute_callable
    return self.python_callable(*self.op_args, **self.op_kwargs)
           ^^^^^^^^^^^^^^^^^^^^^^^^^^^^^^^^^^^^^^^^^^^^^^^^^^^^^
  File "/opt/airflow/dags/reporting_refresh_dag.py", line 53, in run_location_batch
    asyncio.run(run_batch(location_ids, concurrency=CONCURRENCY, headless=True))
  File "/usr/local/lib/python3.12/asyncio/runners.py", line 194, in run
    return runner.run(main)
           ^^^^^^^^^^^^^^^^
  File "/usr/local/lib/python3.12/asyncio/runners.py", line 118, in run
    return self._loop.run_until_complete(task)
           ^^^^^^^^^^^^^^^^^^^^^^^^^^^^^^^^^^^
  File "/usr/local/lib/python3.12/asyncio/base_events.py", line 685, in run_until_complete
    return future.result()
           ^^^^^^^^^^^^^^^
  File "/opt/airflow/dags/refresh_runner.py", line 160, in run_batch
    await asyncio.gather(*[process(lid) for lid in location_ids])
  File "/opt/airflow/dags/refresh_runner.py", line 155, in process
    ok = await refresh_location(page, pool, loc_id, run_id)
         ^^^^^^^^^^^^^^^^^^^^^^^^^^^^^^^^^^^^^^^^^^^^^^^^^^
  File "/opt/airflow/dags/refresh_runner.py", line 88, in refresh_location
    await log_job_start(pool, location_id, run_id)
  File "/opt/airflow/dags/refresh_runner.py", line 53, in log_job_start
    await cur.execute("""
  File "/home/airflow/.local/lib/python3.12/site-packages/aiomysql/cursors.py", line 239, in execute
    await self._query(query)
  File "/home/airflow/.local/lib/python3.12/site-packages/aiomysql/cursors.py", line 457, in _query
    await conn.query(q)
  File "/home/airflow/.local/lib/python3.12/site-packages/aiomysql/connection.py", line 469, in query
    await self._read_query_result(unbuffered=unbuffered)
  File "/home/airflow/.local/lib/python3.12/site-packages/aiomysql/connection.py", line 683, in _read_query_result
    await result.read()
  File "/home/airflow/.local/lib/python3.12/site-packages/aiomysql/connection.py", line 1164, in read
    first_packet = await self.connection._read_packet()
                   ^^^^^^^^^^^^^^^^^^^^^^^^^^^^^^^^^^^^
  File "/home/airflow/.local/lib/python3.12/site-packages/aiomysql/connection.py", line 652, in _read_packet
    packet.raise_for_error()
  File "/home/airflow/.local/lib/python3.12/site-packages/pymysql/protocol.py", line 219, in raise_for_error
    err.raise_mysql_exception(self._data)
  File "/home/airflow/.local/lib/python3.12/site-packages/pymysql/err.py", line 150, in raise_mysql_exception
    raise errorclass(errno, errval)
pymysql.err.ProgrammingError: (1146, "Table 'refresh_jobs.refresh_jobs' doesn't exist")
[2026-03-23T07:02:14.268+0000] {taskinstance.py:1205} INFO - Marking task as UP_FOR_RETRY. dag_id=reporting_nightly_refresh, task_id=location_batches.batch_002__locs_401_to_600, execution_date=20260322T020000, start_date=20260323T070037, end_date=20260323T070214
[2026-03-23T07:02:14.318+0000] {standard_task_runner.py:110} ERROR - Failed to execute job 14 for task location_batches.batch_002__locs_401_to_600 ((1146, "Table 'refresh_jobs.refresh_jobs' doesn't exist"); 4495)
[2026-03-23T07:02:14.448+0000] {local_task_job_runner.py:240} INFO - Task exited with return code 1
[2026-03-23T07:02:15.126+0000] {taskinstance.py:3482} INFO - 0 downstream tasks scheduled from follow-on schedule check
[2026-03-23T07:02:15.131+0000] {local_task_job_runner.py:222} INFO - ::endgroup::
[2026-03-23T07:25:11.059+0000] {local_task_job_runner.py:120} INFO - ::group::Pre task execution logs
[2026-03-23T07:25:11.177+0000] {taskinstance.py:2073} INFO - Dependencies all met for dep_context=non-requeueable deps ti=<TaskInstance: reporting_nightly_refresh.location_batches.batch_002__locs_401_to_600 scheduled__2026-03-22T02:00:00+00:00 [queued]>
[2026-03-23T07:25:11.194+0000] {taskinstance.py:2073} INFO - Dependencies all met for dep_context=requeueable deps ti=<TaskInstance: reporting_nightly_refresh.location_batches.batch_002__locs_401_to_600 scheduled__2026-03-22T02:00:00+00:00 [queued]>
[2026-03-23T07:25:11.195+0000] {taskinstance.py:2303} INFO - Starting attempt 2 of 4
[2026-03-23T07:25:11.225+0000] {taskinstance.py:2327} INFO - Executing <Task(PythonOperator): location_batches.batch_002__locs_401_to_600> on 2026-03-22 02:00:00+00:00
[2026-03-23T07:25:11.249+0000] {logging_mixin.py:188} WARNING - /home/airflow/.local/lib/python3.12/site-packages/airflow/task/task_runner/standard_task_runner.py:61 DeprecationWarning: This process (pid=11576) is multi-threaded, use of fork() may lead to deadlocks in the child.
[2026-03-23T07:25:11.244+0000] {standard_task_runner.py:90} INFO - Running: ['airflow', 'tasks', 'run', 'reporting_nightly_refresh', 'location_batches.batch_002__locs_401_to_600', 'scheduled__2026-03-22T02:00:00+00:00', '--job-id', '19', '--raw', '--subdir', 'DAGS_FOLDER/reporting_refresh_dag.py', '--cfg-path', '/tmp/tmpi3n_dnhs']
[2026-03-23T07:25:11.251+0000] {standard_task_runner.py:63} INFO - Started process 11580 to run task
[2026-03-23T07:25:11.251+0000] {standard_task_runner.py:91} INFO - Job 19: Subtask location_batches.batch_002__locs_401_to_600
[2026-03-23T07:25:11.515+0000] {task_command.py:426} INFO - Running <TaskInstance: reporting_nightly_refresh.location_batches.batch_002__locs_401_to_600 scheduled__2026-03-22T02:00:00+00:00 [running]> on host a693e61dd0e6
[2026-03-23T07:25:11.938+0000] {taskinstance.py:2644} INFO - Exporting env vars: AIRFLOW_CTX_DAG_OWNER='finance-ops' AIRFLOW_CTX_DAG_ID='reporting_nightly_refresh' AIRFLOW_CTX_TASK_ID='location_batches.batch_002__locs_401_to_600' AIRFLOW_CTX_EXECUTION_DATE='2026-03-22T02:00:00+00:00' AIRFLOW_CTX_TRY_NUMBER='2' AIRFLOW_CTX_DAG_RUN_ID='scheduled__2026-03-22T02:00:00+00:00'
[2026-03-23T07:25:11.940+0000] {taskinstance.py:430} INFO - ::endgroup::
[2026-03-23T07:25:12.076+0000] {refresh_runner.py:135} INFO - Run 20260323_072512 — 200 locations, concurrency=10
[2026-03-23T07:25:13.055+0000] {refresh_runner.py:76} INFO - Navigating to login: http://mock_portal:5001
[2026-03-23T07:25:13.848+0000] {refresh_runner.py:82} INFO - Authentication successful.
[2026-03-23T07:25:14.178+0000] {refresh_runner.py:76} INFO - Navigating to login: http://mock_portal:5001
[2026-03-23T07:25:14.980+0000] {refresh_runner.py:82} INFO - Authentication successful.
[2026-03-23T07:25:15.357+0000] {refresh_runner.py:76} INFO - Navigating to login: http://mock_portal:5001
[2026-03-23T07:25:16.126+0000] {refresh_runner.py:82} INFO - Authentication successful.
[2026-03-23T07:25:16.487+0000] {refresh_runner.py:76} INFO - Navigating to login: http://mock_portal:5001
[2026-03-23T07:25:17.539+0000] {refresh_runner.py:82} INFO - Authentication successful.
[2026-03-23T07:25:17.887+0000] {refresh_runner.py:76} INFO - Navigating to login: http://mock_portal:5001
[2026-03-23T07:25:18.658+0000] {refresh_runner.py:82} INFO - Authentication successful.
[2026-03-23T07:25:18.983+0000] {refresh_runner.py:76} INFO - Navigating to login: http://mock_portal:5001
[2026-03-23T07:25:19.769+0000] {refresh_runner.py:82} INFO - Authentication successful.
[2026-03-23T07:25:20.118+0000] {refresh_runner.py:76} INFO - Navigating to login: http://mock_portal:5001
[2026-03-23T07:25:20.900+0000] {refresh_runner.py:82} INFO - Authentication successful.
[2026-03-23T07:25:21.230+0000] {refresh_runner.py:76} INFO - Navigating to login: http://mock_portal:5001
[2026-03-23T07:25:22.004+0000] {refresh_runner.py:82} INFO - Authentication successful.
[2026-03-23T07:25:22.337+0000] {refresh_runner.py:76} INFO - Navigating to login: http://mock_portal:5001
[2026-03-23T07:25:23.251+0000] {refresh_runner.py:82} INFO - Authentication successful.
[2026-03-23T07:25:23.704+0000] {refresh_runner.py:76} INFO - Navigating to login: http://mock_portal:5001
[2026-03-23T07:25:24.513+0000] {refresh_runner.py:82} INFO - Authentication successful.
[2026-03-23T07:25:24.777+0000] {taskinstance.py:441} INFO - ::group::Post task execution logs
[2026-03-23T07:25:24.779+0000] {taskinstance.py:2890} ERROR - Task failed with exception
Traceback (most recent call last):
  File "/home/airflow/.local/lib/python3.12/site-packages/airflow/models/taskinstance.py", line 460, in _execute_task
    result = _execute_callable(context=context, **execute_callable_kwargs)
             ^^^^^^^^^^^^^^^^^^^^^^^^^^^^^^^^^^^^^^^^^^^^^^^^^^^^^^^^^^^^^
  File "/home/airflow/.local/lib/python3.12/site-packages/airflow/models/taskinstance.py", line 432, in _execute_callable
    return execute_callable(context=context, **execute_callable_kwargs)
           ^^^^^^^^^^^^^^^^^^^^^^^^^^^^^^^^^^^^^^^^^^^^^^^^^^^^^^^^^^^^
  File "/home/airflow/.local/lib/python3.12/site-packages/airflow/models/baseoperator.py", line 400, in wrapper
    return func(self, *args, **kwargs)
           ^^^^^^^^^^^^^^^^^^^^^^^^^^^
  File "/home/airflow/.local/lib/python3.12/site-packages/airflow/operators/python.py", line 235, in execute
    return_value = self.execute_callable()
                   ^^^^^^^^^^^^^^^^^^^^^^^
  File "/home/airflow/.local/lib/python3.12/site-packages/airflow/operators/python.py", line 252, in execute_callable
    return self.python_callable(*self.op_args, **self.op_kwargs)
           ^^^^^^^^^^^^^^^^^^^^^^^^^^^^^^^^^^^^^^^^^^^^^^^^^^^^^
  File "/opt/airflow/dags/reporting_refresh_dag.py", line 53, in run_location_batch
    asyncio.run(run_batch(location_ids, concurrency=CONCURRENCY, headless=True))
  File "/usr/local/lib/python3.12/asyncio/runners.py", line 194, in run
    return runner.run(main)
           ^^^^^^^^^^^^^^^^
  File "/usr/local/lib/python3.12/asyncio/runners.py", line 118, in run
    return self._loop.run_until_complete(task)
           ^^^^^^^^^^^^^^^^^^^^^^^^^^^^^^^^^^^
  File "/usr/local/lib/python3.12/asyncio/base_events.py", line 685, in run_until_complete
    return future.result()
           ^^^^^^^^^^^^^^^
  File "/opt/airflow/dags/refresh_runner.py", line 160, in run_batch
    await asyncio.gather(*[process(lid) for lid in location_ids])
  File "/opt/airflow/dags/refresh_runner.py", line 155, in process
    ok = await refresh_location(page, pool, loc_id, run_id)
         ^^^^^^^^^^^^^^^^^^^^^^^^^^^^^^^^^^^^^^^^^^^^^^^^^^
  File "/opt/airflow/dags/refresh_runner.py", line 88, in refresh_location
    await log_job_start(pool, location_id, run_id)
  File "/opt/airflow/dags/refresh_runner.py", line 53, in log_job_start
    await cur.execute("""
  File "/home/airflow/.local/lib/python3.12/site-packages/aiomysql/cursors.py", line 239, in execute
    await self._query(query)
  File "/home/airflow/.local/lib/python3.12/site-packages/aiomysql/cursors.py", line 457, in _query
    await conn.query(q)
  File "/home/airflow/.local/lib/python3.12/site-packages/aiomysql/connection.py", line 469, in query
    await self._read_query_result(unbuffered=unbuffered)
  File "/home/airflow/.local/lib/python3.12/site-packages/aiomysql/connection.py", line 683, in _read_query_result
    await result.read()
  File "/home/airflow/.local/lib/python3.12/site-packages/aiomysql/connection.py", line 1164, in read
    first_packet = await self.connection._read_packet()
                   ^^^^^^^^^^^^^^^^^^^^^^^^^^^^^^^^^^^^
  File "/home/airflow/.local/lib/python3.12/site-packages/aiomysql/connection.py", line 652, in _read_packet
    packet.raise_for_error()
  File "/home/airflow/.local/lib/python3.12/site-packages/pymysql/protocol.py", line 219, in raise_for_error
    err.raise_mysql_exception(self._data)
  File "/home/airflow/.local/lib/python3.12/site-packages/pymysql/err.py", line 150, in raise_mysql_exception
    raise errorclass(errno, errval)
pymysql.err.IntegrityError: (1452, 'Cannot add or update a child row: a foreign key constraint fails (`refresh_jobs`.`refresh_jobs`, CONSTRAINT `fk_rj_loc` FOREIGN KEY (`location_id`) REFERENCES `locations` (`location_id`))')
[2026-03-23T07:25:24.839+0000] {taskinstance.py:1205} INFO - Marking task as UP_FOR_RETRY. dag_id=reporting_nightly_refresh, task_id=location_batches.batch_002__locs_401_to_600, execution_date=20260322T020000, start_date=20260323T072511, end_date=20260323T072524
[2026-03-23T07:25:24.863+0000] {standard_task_runner.py:110} ERROR - Failed to execute job 19 for task location_batches.batch_002__locs_401_to_600 ((1452, 'Cannot add or update a child row: a foreign key constraint fails (`refresh_jobs`.`refresh_jobs`, CONSTRAINT `fk_rj_loc` FOREIGN KEY (`location_id`) REFERENCES `locations` (`location_id`))'); 11580)
[2026-03-23T07:25:24.945+0000] {local_task_job_runner.py:240} INFO - Task exited with return code 1
[2026-03-23T07:25:25.041+0000] {taskinstance.py:3482} INFO - 0 downstream tasks scheduled from follow-on schedule check
[2026-03-23T07:25:25.044+0000] {local_task_job_runner.py:222} INFO - ::endgroup::
