[2026-03-23T07:26:32.245+0000] {local_task_job_runner.py:120} INFO - ::group::Pre task execution logs
[2026-03-23T07:26:32.414+0000] {taskinstance.py:2073} INFO - Dependencies all met for dep_context=non-requeueable deps ti=<TaskInstance: reporting_nightly_refresh.location_batches.batch_000__locs_1_to_200 manual__2026-03-23T07:26:28.848501+00:00 [queued]>
[2026-03-23T07:26:32.438+0000] {taskinstance.py:2073} INFO - Dependencies all met for dep_context=requeueable deps ti=<TaskInstance: reporting_nightly_refresh.location_batches.batch_000__locs_1_to_200 manual__2026-03-23T07:26:28.848501+00:00 [queued]>
[2026-03-23T07:26:32.439+0000] {taskinstance.py:2303} INFO - Starting attempt 1 of 4
[2026-03-23T07:26:32.502+0000] {taskinstance.py:2327} INFO - Executing <Task(PythonOperator): location_batches.batch_000__locs_1_to_200> on 2026-03-23 07:26:28.848501+00:00
[2026-03-23T07:26:32.523+0000] {standard_task_runner.py:90} INFO - Running: ['airflow', 'tasks', 'run', 'reporting_nightly_refresh', 'location_batches.batch_000__locs_1_to_200', 'manual__2026-03-23T07:26:28.848501+00:00', '--job-id', '21', '--raw', '--subdir', 'DAGS_FOLDER/reporting_refresh_dag.py', '--cfg-path', '/tmp/tmpqav7_154']
[2026-03-23T07:26:32.530+0000] {standard_task_runner.py:91} INFO - Job 21: Subtask location_batches.batch_000__locs_1_to_200
[2026-03-23T07:26:32.535+0000] {logging_mixin.py:188} WARNING - /home/airflow/.local/lib/python3.12/site-packages/airflow/task/task_runner/standard_task_runner.py:61 DeprecationWarning: This process (pid=12263) is multi-threaded, use of fork() may lead to deadlocks in the child.
[2026-03-23T07:26:32.537+0000] {standard_task_runner.py:63} INFO - Started process 12273 to run task
[2026-03-23T07:26:32.944+0000] {task_command.py:426} INFO - Running <TaskInstance: reporting_nightly_refresh.location_batches.batch_000__locs_1_to_200 manual__2026-03-23T07:26:28.848501+00:00 [running]> on host a693e61dd0e6
[2026-03-23T07:26:33.892+0000] {taskinstance.py:2644} INFO - Exporting env vars: AIRFLOW_CTX_DAG_OWNER='finance-ops' AIRFLOW_CTX_DAG_ID='reporting_nightly_refresh' AIRFLOW_CTX_TASK_ID='location_batches.batch_000__locs_1_to_200' AIRFLOW_CTX_EXECUTION_DATE='2026-03-23T07:26:28.848501+00:00' AIRFLOW_CTX_TRY_NUMBER='1' AIRFLOW_CTX_DAG_RUN_ID='manual__2026-03-23T07:26:28.848501+00:00'
[2026-03-23T07:26:33.895+0000] {taskinstance.py:430} INFO - ::endgroup::
[2026-03-23T07:26:34.102+0000] {refresh_runner.py:135} INFO - Run 20260323_072634 — 200 locations, concurrency=10
[2026-03-23T07:26:36.789+0000] {refresh_runner.py:76} INFO - Navigating to login: http://mock_portal:5001
[2026-03-23T07:26:38.454+0000] {refresh_runner.py:82} INFO - Authentication successful.
[2026-03-23T07:26:39.352+0000] {refresh_runner.py:76} INFO - Navigating to login: http://mock_portal:5001
[2026-03-23T07:26:40.717+0000] {refresh_runner.py:82} INFO - Authentication successful.
[2026-03-23T07:26:42.275+0000] {refresh_runner.py:76} INFO - Navigating to login: http://mock_portal:5001
[2026-03-23T07:26:44.963+0000] {refresh_runner.py:82} INFO - Authentication successful.
[2026-03-23T07:26:47.355+0000] {refresh_runner.py:76} INFO - Navigating to login: http://mock_portal:5001
[2026-03-23T07:26:50.762+0000] {refresh_runner.py:82} INFO - Authentication successful.
[2026-03-23T07:26:53.803+0000] {refresh_runner.py:76} INFO - Navigating to login: http://mock_portal:5001
[2026-03-23T07:26:56.751+0000] {refresh_runner.py:82} INFO - Authentication successful.
[2026-03-23T07:26:59.190+0000] {refresh_runner.py:76} INFO - Navigating to login: http://mock_portal:5001
[2026-03-23T07:27:02.644+0000] {refresh_runner.py:82} INFO - Authentication successful.
[2026-03-23T07:27:56.024+0000] {local_task_job_runner.py:222} INFO - ::endgroup::
[2026-03-23T07:28:01.025+0000] {refresh_runner.py:76} INFO - Navigating to login: http://mock_portal:5001
[2026-03-23T07:28:02.063+0000] {process_utils.py:132} INFO - Sending 15 to group 12273. PIDs of all processes in the group: [12282, 12391, 13041, 13685, 14288, 14730, 15318, 15874, 15899, 15900, 16046, 16113, 15929, 15327, 15330, 15389, 15555, 15388, 14741, 14743, 14811, 14923, 14796, 14346, 14347, 14445, 14559, 14418, 13748, 13752, 13906, 14067, 13901, 13130, 13132, 13261, 13461, 13231, 12445, 12446, 12688, 12859, 12661, 12273]
[2026-03-23T07:28:02.450+0000] {process_utils.py:87} INFO - Sending the signal 15 to group 12273
[2026-03-23T07:28:02.461+0000] {taskinstance.py:2607} ERROR - Received SIGTERM. Terminating subprocesses.
[2026-03-23T07:28:02.936+0000] {process_utils.py:80} INFO - Process psutil.Process(pid=16046, status='terminated', started='07:27:09') (16046) terminated with exit code None
[2026-03-23T07:28:03.133+0000] {process_utils.py:80} INFO - Process psutil.Process(pid=15555, status='terminated', started='07:26:58') (15555) terminated with exit code None
[2026-03-23T07:28:03.439+0000] {process_utils.py:80} INFO - Process psutil.Process(pid=14923, status='terminated', started='07:26:52') (14923) terminated with exit code None
[2026-03-23T07:28:03.662+0000] {process_utils.py:80} INFO - Process psutil.Process(pid=16113, status='terminated', started='07:27:12') (16113) terminated with exit code None
[2026-03-23T07:28:03.687+0000] {process_utils.py:80} INFO - Process psutil.Process(pid=15929, status='terminated', started='07:27:06') (15929) terminated with exit code None
[2026-03-23T07:28:03.723+0000] {process_utils.py:80} INFO - Process psutil.Process(pid=14346, status='terminated', started='07:26:44') (14346) terminated with exit code None
[2026-03-23T07:28:03.774+0000] {process_utils.py:80} INFO - Process psutil.Process(pid=14347, status='terminated', started='07:26:44') (14347) terminated with exit code None
[2026-03-23T07:28:03.838+0000] {process_utils.py:80} INFO - Process psutil.Process(pid=15330, status='terminated', started='07:26:56') (15330) terminated with exit code None
[2026-03-23T07:28:03.878+0000] {process_utils.py:80} INFO - Process psutil.Process(pid=14559, status='terminated', started='07:26:46') (14559) terminated with exit code None
[2026-03-23T07:28:03.927+0000] {process_utils.py:80} INFO - Process psutil.Process(pid=12661, status='terminated', started='07:26:35') (12661) terminated with exit code None
[2026-03-23T07:28:03.938+0000] {process_utils.py:80} INFO - Process psutil.Process(pid=13748, status='terminated', started='07:26:40') (13748) terminated with exit code None
[2026-03-23T07:28:04.007+0000] {process_utils.py:80} INFO - Process psutil.Process(pid=14741, status='terminated', started='07:26:50') (14741) terminated with exit code None
[2026-03-23T07:28:04.024+0000] {process_utils.py:80} INFO - Process psutil.Process(pid=15899, status='terminated', started='07:27:03') (15899) terminated with exit code None
[2026-03-23T07:28:04.038+0000] {process_utils.py:80} INFO - Process psutil.Process(pid=14067, status='terminated', started='07:26:41') (14067) terminated with exit code None
[2026-03-23T07:28:04.045+0000] {process_utils.py:80} INFO - Process psutil.Process(pid=15900, status='terminated', started='07:27:03') (15900) terminated with exit code None
[2026-03-23T07:28:04.052+0000] {process_utils.py:80} INFO - Process psutil.Process(pid=12445, status='terminated', started='07:26:35') (12445) terminated with exit code None
[2026-03-23T07:28:04.057+0000] {process_utils.py:80} INFO - Process psutil.Process(pid=13906, status='terminated', started='07:26:40') (13906) terminated with exit code None
[2026-03-23T07:28:04.074+0000] {process_utils.py:80} INFO - Process psutil.Process(pid=15327, status='terminated', started='07:26:56') (15327) terminated with exit code None
[2026-03-23T07:28:04.106+0000] {process_utils.py:80} INFO - Process psutil.Process(pid=14288, status='terminated', started='07:26:44') (14288) terminated with exit code None
[2026-03-23T07:28:04.151+0000] {process_utils.py:80} INFO - Process psutil.Process(pid=14445, status='terminated', started='07:26:45') (14445) terminated with exit code None
[2026-03-23T07:28:04.165+0000] {process_utils.py:80} INFO - Process psutil.Process(pid=13130, status='terminated', started='07:26:37') (13130) terminated with exit code None
[2026-03-23T07:28:04.175+0000] {process_utils.py:80} INFO - Process psutil.Process(pid=15874, status='terminated', started='07:27:02') (15874) terminated with exit code None
[2026-03-23T07:28:04.190+0000] {process_utils.py:80} INFO - Process psutil.Process(pid=13041, status='terminated', started='07:26:37') (13041) terminated with exit code None
[2026-03-23T07:28:04.205+0000] {process_utils.py:80} INFO - Process psutil.Process(pid=13132, status='terminated', started='07:26:37') (13132) terminated with exit code None
[2026-03-23T07:28:04.209+0000] {process_utils.py:80} INFO - Process psutil.Process(pid=14811, status='terminated', started='07:26:51') (14811) terminated with exit code None
[2026-03-23T07:28:04.214+0000] {process_utils.py:80} INFO - Process psutil.Process(pid=15318, status='terminated', started='07:26:56') (15318) terminated with exit code None
[2026-03-23T07:28:04.241+0000] {process_utils.py:80} INFO - Process psutil.Process(pid=13231, status='terminated', started='07:26:38') (13231) terminated with exit code None
[2026-03-23T07:28:04.259+0000] {process_utils.py:80} INFO - Process psutil.Process(pid=12859, status='terminated', started='07:26:35') (12859) terminated with exit code None
[2026-03-23T07:28:04.272+0000] {process_utils.py:80} INFO - Process psutil.Process(pid=14743, status='terminated', started='07:26:50') (14743) terminated with exit code None
[2026-03-23T07:28:04.279+0000] {process_utils.py:80} INFO - Process psutil.Process(pid=12446, status='terminated', started='07:26:35') (12446) terminated with exit code None
[2026-03-23T07:28:04.295+0000] {process_utils.py:80} INFO - Process psutil.Process(pid=13685, status='terminated', started='07:26:40') (13685) terminated with exit code None
[2026-03-23T07:28:04.304+0000] {process_utils.py:80} INFO - Process psutil.Process(pid=13752, status='terminated', started='07:26:40') (13752) terminated with exit code None
[2026-03-23T07:28:04.389+0000] {process_utils.py:80} INFO - Process psutil.Process(pid=12688, status='terminated', started='07:26:35') (12688) terminated with exit code None
[2026-03-23T07:28:04.419+0000] {process_utils.py:80} INFO - Process psutil.Process(pid=14796, status='terminated', started='07:26:51') (14796) terminated with exit code None
[2026-03-23T07:28:04.454+0000] {process_utils.py:80} INFO - Process psutil.Process(pid=15388, status='terminated', started='07:26:57') (15388) terminated with exit code None
[2026-03-23T07:28:04.471+0000] {process_utils.py:80} INFO - Process psutil.Process(pid=15389, status='terminated', started='07:26:57') (15389) terminated with exit code None
[2026-03-23T07:28:04.529+0000] {process_utils.py:80} INFO - Process psutil.Process(pid=14418, status='terminated', started='07:26:45') (14418) terminated with exit code None
[2026-03-23T07:28:04.600+0000] {process_utils.py:80} INFO - Process psutil.Process(pid=13261, status='terminated', started='07:26:38') (13261) terminated with exit code None
[2026-03-23T07:28:04.608+0000] {process_utils.py:80} INFO - Process psutil.Process(pid=14730, status='terminated', started='07:26:50') (14730) terminated with exit code None
[2026-03-23T07:28:04.665+0000] {process_utils.py:80} INFO - Process psutil.Process(pid=13901, status='terminated', started='07:26:40') (13901) terminated with exit code None
[2026-03-23T07:28:04.678+0000] {process_utils.py:80} INFO - Process psutil.Process(pid=13461, status='terminated', started='07:26:38') (13461) terminated with exit code None
[2026-03-23T07:28:04.688+0000] {process_utils.py:80} INFO - Process psutil.Process(pid=12391, status='terminated', started='07:26:35') (12391) terminated with exit code None
[2026-03-23T07:28:04.909+0000] {taskinstance.py:441} INFO - ::group::Post task execution logs
[2026-03-23T07:28:05.226+0000] {process_utils.py:80} INFO - Process psutil.Process(pid=12282, status='terminated', started='07:26:33') (12282) terminated with exit code None
[2026-03-23T07:28:05.169+0000] {taskinstance.py:2890} ERROR - Task failed with exception
Traceback (most recent call last):
  File "/home/airflow/.local/lib/python3.12/site-packages/airflow/models/taskinstance.py", line 460, in _execute_task
    result = _execute_callable(context=context, **execute_callable_kwargs)
             ^^^^^^^^^^^^^^^^^^^^^^^^^^^^^^^^^^^^^^^^^^^^^^^^^^^^^^^^^^^^^
  File "/home/airflow/.local/lib/python3.12/site-packages/airflow/models/taskinstance.py", line 432, in _execute_callable
    return execute_callable(context=context, **execute_callable_kwargs)
           ^^^^^^^^^^^^^^^^^^^^^^^^^^^^^^^^^^^^^^^^^^^^^^^^^^^^^^^^^^^^
  File "/home/airflow/.local/lib/python3.12/site-packages/airflow/models/baseoperator.py", line 400, in wrapper
    return func(self, *args, **kwargs)
           ^^^^^^^^^^^^^^^^^^^^^^^^^^^
  File "/home/airflow/.local/lib/python3.12/site-packages/airflow/operators/python.py", line 235, in execute
    return_value = self.execute_callable()
                   ^^^^^^^^^^^^^^^^^^^^^^^
  File "/home/airflow/.local/lib/python3.12/site-packages/airflow/operators/python.py", line 252, in execute_callable
    return self.python_callable(*self.op_args, **self.op_kwargs)
           ^^^^^^^^^^^^^^^^^^^^^^^^^^^^^^^^^^^^^^^^^^^^^^^^^^^^^
  File "/opt/airflow/dags/reporting_refresh_dag.py", line 53, in run_location_batch
    asyncio.run(run_batch(location_ids, concurrency=CONCURRENCY, headless=True))
  File "/usr/local/lib/python3.12/asyncio/runners.py", line 194, in run
    return runner.run(main)
           ^^^^^^^^^^^^^^^^
  File "/usr/local/lib/python3.12/asyncio/runners.py", line 118, in run
    return self._loop.run_until_complete(task)
           ^^^^^^^^^^^^^^^^^^^^^^^^^^^^^^^^^^^
  File "/usr/local/lib/python3.12/asyncio/base_events.py", line 685, in run_until_complete
    return future.result()
           ^^^^^^^^^^^^^^^
  File "/opt/airflow/dags/refresh_runner.py", line 144, in run_batch
    b, c, p = await create_authenticated_session(playwright, headless=headless)
              ^^^^^^^^^^^^^^^^^^^^^^^^^^^^^^^^^^^^^^^^^^^^^^^^^^^^^^^^^^^^^^^^^
  File "/opt/airflow/dags/refresh_runner.py", line 77, in create_authenticated_session
    await page.goto(f"{BASE_URL}/", wait_until="networkidle")
  File "/home/airflow/.local/lib/python3.12/site-packages/playwright/async_api/_generated.py", line 8657, in goto
    await self._impl_obj.goto(
  File "/home/airflow/.local/lib/python3.12/site-packages/playwright/_impl/_page.py", line 519, in goto
    return await self._main_frame.goto(**locals_to_params(locals()))
           ^^^^^^^^^^^^^^^^^^^^^^^^^^^^^^^^^^^^^^^^^^^^^^^^^^^^^^^^^
  File "/home/airflow/.local/lib/python3.12/site-packages/playwright/_impl/_frame.py", line 145, in goto
    await self._channel.send("goto", locals_to_params(locals()))
  File "/home/airflow/.local/lib/python3.12/site-packages/playwright/_impl/_connection.py", line 59, in send
    return await self._connection.wrap_api_call(
           ^^^^^^^^^^^^^^^^^^^^^^^^^^^^^^^^^^^^^
  File "/home/airflow/.local/lib/python3.12/site-packages/playwright/_impl/_connection.py", line 508, in wrap_api_call
    st: List[inspect.FrameInfo] = getattr(task, "__pw_stack__", inspect.stack())
                                                                ^^^^^^^^^^^^^^^
  File "/usr/local/lib/python3.12/inspect.py", line 1774, in stack
    return getouterframes(sys._getframe(1), context)
           ^^^^^^^^^^^^^^^^^^^^^^^^^^^^^^^^^^^^^^^^^
  File "/usr/local/lib/python3.12/inspect.py", line 1749, in getouterframes
    traceback_info = getframeinfo(frame, context)
                     ^^^^^^^^^^^^^^^^^^^^^^^^^^^^
  File "/usr/local/lib/python3.12/inspect.py", line 1695, in getframeinfo
    positions = _get_code_position(frame.f_code, frame.f_lasti)
                ^^^^^^^^^^^^^^^^^^^^^^^^^^^^^^^^^^^^^^^^^^^^^^^
  File "/usr/local/lib/python3.12/inspect.py", line 1679, in _get_code_position
    return next(itertools.islice(positions_gen, instruction_index // 2, None))
           ^^^^^^^^^^^^^^^^^^^^^^^^^^^^^^^^^^^^^^^^^^^^^^^^^^^^^^^^^^^^^^^^^^^
  File "/home/airflow/.local/lib/python3.12/site-packages/airflow/models/taskinstance.py", line 2609, in signal_handler
    raise AirflowTaskTerminated("Task received SIGTERM signal")
airflow.exceptions.AirflowTaskTerminated: Task received SIGTERM signal
[2026-03-23T07:28:05.322+0000] {taskinstance.py:1205} INFO - Marking task as UP_FOR_RETRY. dag_id=reporting_nightly_refresh, task_id=location_batches.batch_000__locs_1_to_200, execution_date=20260323T072628, start_date=20260323T072632, end_date=20260323T072805
[2026-03-23T07:28:05.624+0000] {process_utils.py:80} INFO - Process psutil.Process(pid=12273, status='terminated', exitcode=2, started='07:26:31') (12273) terminated with exit code 2
