[2026-03-23T07:45:14.147+0000] {local_task_job_runner.py:120} INFO - ::group::Pre task execution logs
[2026-03-23T07:45:14.386+0000] {taskinstance.py:2073} INFO - Dependencies all met for dep_context=non-requeueable deps ti=<TaskInstance: reporting_nightly_refresh.location_batches.batch_000__locs_1_to_20 manual__2026-03-23T07:36:20+00:00 [queued]>
[2026-03-23T07:45:14.417+0000] {taskinstance.py:2073} INFO - Dependencies all met for dep_context=requeueable deps ti=<TaskInstance: reporting_nightly_refresh.location_batches.batch_000__locs_1_to_20 manual__2026-03-23T07:36:20+00:00 [queued]>
[2026-03-23T07:45:14.420+0000] {taskinstance.py:2303} INFO - Starting attempt 1 of 4
[2026-03-23T07:45:14.542+0000] {taskinstance.py:2327} INFO - Executing <Task(PythonOperator): location_batches.batch_000__locs_1_to_20> on 2026-03-23 07:36:20+00:00
[2026-03-23T07:45:14.587+0000] {standard_task_runner.py:90} INFO - Running: ['airflow', 'tasks', 'run', 'reporting_nightly_refresh', 'location_batches.batch_000__locs_1_to_20', 'manual__2026-03-23T07:36:20+00:00', '--job-id', '37', '--raw', '--subdir', 'DAGS_FOLDER/reporting_refresh_dag.py', '--cfg-path', '/tmp/tmp4cig_e14']
[2026-03-23T07:45:14.594+0000] {standard_task_runner.py:91} INFO - Job 37: Subtask location_batches.batch_000__locs_1_to_20
[2026-03-23T07:45:14.594+0000] {logging_mixin.py:188} WARNING - /home/airflow/.local/lib/python3.12/site-packages/airflow/task/task_runner/standard_task_runner.py:61 DeprecationWarning: This process (pid=18953) is multi-threaded, use of fork() may lead to deadlocks in the child.
[2026-03-23T07:45:14.596+0000] {standard_task_runner.py:63} INFO - Started process 18954 to run task
[2026-03-23T07:45:14.906+0000] {task_command.py:426} INFO - Running <TaskInstance: reporting_nightly_refresh.location_batches.batch_000__locs_1_to_20 manual__2026-03-23T07:36:20+00:00 [running]> on host a693e61dd0e6
[2026-03-23T07:45:15.234+0000] {taskinstance.py:2644} INFO - Exporting env vars: AIRFLOW_CTX_DAG_OWNER='finance-ops' AIRFLOW_CTX_DAG_ID='reporting_nightly_refresh' AIRFLOW_CTX_TASK_ID='location_batches.batch_000__locs_1_to_20' AIRFLOW_CTX_EXECUTION_DATE='2026-03-23T07:36:20+00:00' AIRFLOW_CTX_TRY_NUMBER='1' AIRFLOW_CTX_DAG_RUN_ID='manual__2026-03-23T07:36:20+00:00'
[2026-03-23T07:45:15.236+0000] {taskinstance.py:430} INFO - ::endgroup::
[2026-03-23T07:45:15.259+0000] {reporting_refresh_dag.py:50} INFO - Batch 0: 20 locations
[2026-03-23T07:45:15.377+0000] {refresh_runner.py:135} INFO - Run 20260323_074515 — 20 locations, concurrency=5
[2026-03-23T07:45:16.303+0000] {refresh_runner.py:76} INFO - Navigating to login: http://mock_portal:5001
[2026-03-23T07:45:17.184+0000] {refresh_runner.py:82} INFO - Authentication successful.
[2026-03-23T07:45:17.517+0000] {refresh_runner.py:76} INFO - Navigating to login: http://mock_portal:5001
[2026-03-23T07:45:18.294+0000] {refresh_runner.py:82} INFO - Authentication successful.
[2026-03-23T07:45:18.660+0000] {refresh_runner.py:76} INFO - Navigating to login: http://mock_portal:5001
[2026-03-23T07:45:19.442+0000] {refresh_runner.py:82} INFO - Authentication successful.
[2026-03-23T07:45:19.807+0000] {refresh_runner.py:76} INFO - Navigating to login: http://mock_portal:5001
[2026-03-23T07:45:20.879+0000] {refresh_runner.py:82} INFO - Authentication successful.
[2026-03-23T07:45:21.238+0000] {refresh_runner.py:76} INFO - Navigating to login: http://mock_portal:5001
[2026-03-23T07:45:22.030+0000] {refresh_runner.py:82} INFO - Authentication successful.
[2026-03-23T07:45:22.049+0000] {refresh_runner.py:90} INFO - Refreshing location 1 ...
[2026-03-23T07:45:22.068+0000] {refresh_runner.py:90} INFO - Refreshing location 2 ...
[2026-03-23T07:45:22.082+0000] {refresh_runner.py:90} INFO - Refreshing location 4 ...
[2026-03-23T07:45:22.104+0000] {refresh_runner.py:90} INFO - Refreshing location 5 ...
[2026-03-23T07:45:22.130+0000] {refresh_runner.py:90} INFO - Refreshing location 3 ...
[2026-03-23T07:45:22.433+0000] {refresh_runner.py:103} INFO - Location 1: COMPLETE
[2026-03-23T07:45:22.463+0000] {refresh_runner.py:103} INFO - Location 2: COMPLETE
[2026-03-23T07:45:22.464+0000] {refresh_runner.py:103} INFO - Location 4: COMPLETE
[2026-03-23T07:45:22.465+0000] {refresh_runner.py:103} INFO - Location 5: COMPLETE
[2026-03-23T07:45:22.468+0000] {refresh_runner.py:103} INFO - Location 3: COMPLETE
[2026-03-23T07:45:22.476+0000] {refresh_runner.py:90} INFO - Refreshing location 6 ...
[2026-03-23T07:45:22.492+0000] {refresh_runner.py:90} INFO - Refreshing location 7 ...
[2026-03-23T07:45:22.510+0000] {refresh_runner.py:90} INFO - Refreshing location 8 ...
[2026-03-23T07:45:22.526+0000] {refresh_runner.py:90} INFO - Refreshing location 9 ...
[2026-03-23T07:45:22.542+0000] {refresh_runner.py:90} INFO - Refreshing location 10 ...
[2026-03-23T07:45:22.797+0000] {refresh_runner.py:103} INFO - Location 6: COMPLETE
[2026-03-23T07:45:22.815+0000] {refresh_runner.py:103} INFO - Location 7: COMPLETE
[2026-03-23T07:45:22.816+0000] {refresh_runner.py:103} INFO - Location 8: COMPLETE
[2026-03-23T07:45:22.818+0000] {refresh_runner.py:103} INFO - Location 9: COMPLETE
[2026-03-23T07:45:22.819+0000] {refresh_runner.py:103} INFO - Location 10: COMPLETE
[2026-03-23T07:45:22.827+0000] {refresh_runner.py:90} INFO - Refreshing location 11 ...
[2026-03-23T07:45:22.842+0000] {refresh_runner.py:90} INFO - Refreshing location 12 ...
[2026-03-23T07:45:22.857+0000] {refresh_runner.py:90} INFO - Refreshing location 13 ...
[2026-03-23T07:45:22.871+0000] {refresh_runner.py:90} INFO - Refreshing location 14 ...
[2026-03-23T07:45:22.884+0000] {refresh_runner.py:90} INFO - Refreshing location 15 ...
[2026-03-23T07:45:23.168+0000] {refresh_runner.py:103} INFO - Location 11: COMPLETE
[2026-03-23T07:45:23.186+0000] {refresh_runner.py:103} INFO - Location 12: COMPLETE
[2026-03-23T07:45:23.187+0000] {refresh_runner.py:103} INFO - Location 13: COMPLETE
[2026-03-23T07:45:23.188+0000] {refresh_runner.py:103} INFO - Location 14: COMPLETE
[2026-03-23T07:45:23.190+0000] {refresh_runner.py:103} INFO - Location 15: COMPLETE
[2026-03-23T07:45:23.198+0000] {refresh_runner.py:90} INFO - Refreshing location 16 ...
[2026-03-23T07:45:23.213+0000] {refresh_runner.py:90} INFO - Refreshing location 17 ...
[2026-03-23T07:45:23.233+0000] {refresh_runner.py:90} INFO - Refreshing location 18 ...
[2026-03-23T07:45:23.249+0000] {refresh_runner.py:90} INFO - Refreshing location 19 ...
[2026-03-23T07:45:23.282+0000] {refresh_runner.py:90} INFO - Refreshing location 20 ...
[2026-03-23T07:45:23.545+0000] {refresh_runner.py:103} INFO - Location 16: COMPLETE
[2026-03-23T07:45:23.563+0000] {refresh_runner.py:103} INFO - Location 18: COMPLETE
[2026-03-23T07:45:23.565+0000] {refresh_runner.py:103} INFO - Location 17: COMPLETE
[2026-03-23T07:45:23.566+0000] {refresh_runner.py:103} INFO - Location 19: COMPLETE
[2026-03-23T07:45:23.568+0000] {refresh_runner.py:103} INFO - Location 20: COMPLETE
[2026-03-23T07:45:24.333+0000] {refresh_runner.py:168} INFO - Run 20260323_074515 complete — Success: 20, Failure: 0
[2026-03-23T07:45:24.341+0000] {python.py:237} INFO - Done. Returned value was: None
[2026-03-23T07:45:24.344+0000] {taskinstance.py:441} INFO - ::group::Post task execution logs
[2026-03-23T07:45:24.547+0000] {taskinstance.py:1205} INFO - Marking task as SUCCESS. dag_id=reporting_nightly_refresh, task_id=location_batches.batch_000__locs_1_to_20, execution_date=20260323T073620, start_date=20260323T074514, end_date=20260323T074524
[2026-03-23T07:45:24.735+0000] {local_task_job_runner.py:240} INFO - Task exited with return code 0
[2026-03-23T07:45:24.958+0000] {taskinstance.py:3482} INFO - 1 downstream tasks scheduled from follow-on schedule check
[2026-03-23T07:45:24.968+0000] {local_task_job_runner.py:222} INFO - ::endgroup::
