[2026-03-23T07:26:32.250+0000] {local_task_job_runner.py:120} INFO - ::group::Pre task execution logs
[2026-03-23T07:26:32.420+0000] {taskinstance.py:2073} INFO - Dependencies all met for dep_context=non-requeueable deps ti=<TaskInstance: reporting_nightly_refresh.location_batches.batch_003__locs_601_to_800 manual__2026-03-23T07:26:28.848501+00:00 [queued]>
[2026-03-23T07:26:32.446+0000] {taskinstance.py:2073} INFO - Dependencies all met for dep_context=requeueable deps ti=<TaskInstance: reporting_nightly_refresh.location_batches.batch_003__locs_601_to_800 manual__2026-03-23T07:26:28.848501+00:00 [queued]>
[2026-03-23T07:26:32.447+0000] {taskinstance.py:2303} INFO - Starting attempt 1 of 4
[2026-03-23T07:26:32.533+0000] {taskinstance.py:2327} INFO - Executing <Task(PythonOperator): location_batches.batch_003__locs_601_to_800> on 2026-03-23 07:26:28.848501+00:00
[2026-03-23T07:26:32.556+0000] {standard_task_runner.py:90} INFO - Running: ['airflow', 'tasks', 'run', 'reporting_nightly_refresh', 'location_batches.batch_003__locs_601_to_800', 'manual__2026-03-23T07:26:28.848501+00:00', '--job-id', '22', '--raw', '--subdir', 'DAGS_FOLDER/reporting_refresh_dag.py', '--cfg-path', '/tmp/tmpr8srj3vn']
[2026-03-23T07:26:32.564+0000] {standard_task_runner.py:91} INFO - Job 22: Subtask location_batches.batch_003__locs_601_to_800
[2026-03-23T07:26:32.567+0000] {logging_mixin.py:188} WARNING - /home/airflow/.local/lib/python3.12/site-packages/airflow/task/task_runner/standard_task_runner.py:61 DeprecationWarning: This process (pid=12266) is multi-threaded, use of fork() may lead to deadlocks in the child.
[2026-03-23T07:26:32.569+0000] {standard_task_runner.py:63} INFO - Started process 12275 to run task
[2026-03-23T07:26:32.984+0000] {task_command.py:426} INFO - Running <TaskInstance: reporting_nightly_refresh.location_batches.batch_003__locs_601_to_800 manual__2026-03-23T07:26:28.848501+00:00 [running]> on host a693e61dd0e6
[2026-03-23T07:26:33.936+0000] {taskinstance.py:2644} INFO - Exporting env vars: AIRFLOW_CTX_DAG_OWNER='finance-ops' AIRFLOW_CTX_DAG_ID='reporting_nightly_refresh' AIRFLOW_CTX_TASK_ID='location_batches.batch_003__locs_601_to_800' AIRFLOW_CTX_EXECUTION_DATE='2026-03-23T07:26:28.848501+00:00' AIRFLOW_CTX_TRY_NUMBER='1' AIRFLOW_CTX_DAG_RUN_ID='manual__2026-03-23T07:26:28.848501+00:00'
[2026-03-23T07:26:33.939+0000] {taskinstance.py:430} INFO - ::endgroup::
[2026-03-23T07:26:34.141+0000] {refresh_runner.py:135} INFO - Run 20260323_072634 — 200 locations, concurrency=10
[2026-03-23T07:26:36.745+0000] {refresh_runner.py:76} INFO - Navigating to login: http://mock_portal:5001
[2026-03-23T07:26:38.495+0000] {refresh_runner.py:82} INFO - Authentication successful.
[2026-03-23T07:26:39.499+0000] {refresh_runner.py:76} INFO - Navigating to login: http://mock_portal:5001
[2026-03-23T07:26:40.879+0000] {refresh_runner.py:82} INFO - Authentication successful.
[2026-03-23T07:26:42.970+0000] {refresh_runner.py:76} INFO - Navigating to login: http://mock_portal:5001
[2026-03-23T07:26:45.384+0000] {refresh_runner.py:82} INFO - Authentication successful.
[2026-03-23T07:26:50.654+0000] {refresh_runner.py:76} INFO - Navigating to login: http://mock_portal:5001
[2026-03-23T07:26:52.729+0000] {refresh_runner.py:82} INFO - Authentication successful.
[2026-03-23T07:26:56.348+0000] {refresh_runner.py:76} INFO - Navigating to login: http://mock_portal:5001
[2026-03-23T07:26:59.529+0000] {refresh_runner.py:82} INFO - Authentication successful.
[2026-03-23T07:27:03.992+0000] {refresh_runner.py:76} INFO - Navigating to login: http://mock_portal:5001
[2026-03-23T07:27:10.458+0000] {refresh_runner.py:82} INFO - Authentication successful.
[2026-03-23T07:28:04.864+0000] {refresh_runner.py:76} INFO - Navigating to login: http://mock_portal:5001
[2026-03-23T07:28:06.287+0000] {refresh_runner.py:82} INFO - Authentication successful.
[2026-03-23T07:28:06.845+0000] {refresh_runner.py:76} INFO - Navigating to login: http://mock_portal:5001
[2026-03-23T07:28:07.698+0000] {refresh_runner.py:82} INFO - Authentication successful.
[2026-03-23T07:28:08.144+0000] {refresh_runner.py:76} INFO - Navigating to login: http://mock_portal:5001
[2026-03-23T07:28:09.081+0000] {refresh_runner.py:82} INFO - Authentication successful.
[2026-03-23T07:28:09.475+0000] {refresh_runner.py:76} INFO - Navigating to login: http://mock_portal:5001
[2026-03-23T07:28:10.435+0000] {refresh_runner.py:82} INFO - Authentication successful.
[2026-03-23T07:28:11.020+0000] {taskinstance.py:441} INFO - ::group::Post task execution logs
[2026-03-23T07:28:11.022+0000] {taskinstance.py:2890} ERROR - Task failed with exception
Traceback (most recent call last):
  File "/home/airflow/.local/lib/python3.12/site-packages/airflow/models/taskinstance.py", line 460, in _execute_task
    result = _execute_callable(context=context, **execute_callable_kwargs)
             ^^^^^^^^^^^^^^^^^^^^^^^^^^^^^^^^^^^^^^^^^^^^^^^^^^^^^^^^^^^^^
  File "/home/airflow/.local/lib/python3.12/site-packages/airflow/models/taskinstance.py", line 432, in _execute_callable
    return execute_callable(context=context, **execute_callable_kwargs)
           ^^^^^^^^^^^^^^^^^^^^^^^^^^^^^^^^^^^^^^^^^^^^^^^^^^^^^^^^^^^^
  File "/home/airflow/.local/lib/python3.12/site-packages/airflow/models/baseoperator.py", line 400, in wrapper
    return func(self, *args, **kwargs)
           ^^^^^^^^^^^^^^^^^^^^^^^^^^^
  File "/home/airflow/.local/lib/python3.12/site-packages/airflow/operators/python.py", line 235, in execute
    return_value = self.execute_callable()
                   ^^^^^^^^^^^^^^^^^^^^^^^
  File "/home/airflow/.local/lib/python3.12/site-packages/airflow/operators/python.py", line 252, in execute_callable
    return self.python_callable(*self.op_args, **self.op_kwargs)
           ^^^^^^^^^^^^^^^^^^^^^^^^^^^^^^^^^^^^^^^^^^^^^^^^^^^^^
  File "/opt/airflow/dags/reporting_refresh_dag.py", line 53, in run_location_batch
    asyncio.run(run_batch(location_ids, concurrency=CONCURRENCY, headless=True))
  File "/usr/local/lib/python3.12/asyncio/runners.py", line 194, in run
    return runner.run(main)
           ^^^^^^^^^^^^^^^^
  File "/usr/local/lib/python3.12/asyncio/runners.py", line 118, in run
    return self._loop.run_until_complete(task)
           ^^^^^^^^^^^^^^^^^^^^^^^^^^^^^^^^^^^
  File "/usr/local/lib/python3.12/asyncio/base_events.py", line 685, in run_until_complete
    return future.result()
           ^^^^^^^^^^^^^^^
  File "/opt/airflow/dags/refresh_runner.py", line 160, in run_batch
    await asyncio.gather(*[process(lid) for lid in location_ids])
  File "/opt/airflow/dags/refresh_runner.py", line 155, in process
    ok = await refresh_location(page, pool, loc_id, run_id)
         ^^^^^^^^^^^^^^^^^^^^^^^^^^^^^^^^^^^^^^^^^^^^^^^^^^
  File "/opt/airflow/dags/refresh_runner.py", line 88, in refresh_location
    await log_job_start(pool, location_id, run_id)
  File "/opt/airflow/dags/refresh_runner.py", line 53, in log_job_start
    await cur.execute("""
  File "/home/airflow/.local/lib/python3.12/site-packages/aiomysql/cursors.py", line 239, in execute
    await self._query(query)
  File "/home/airflow/.local/lib/python3.12/site-packages/aiomysql/cursors.py", line 457, in _query
    await conn.query(q)
  File "/home/airflow/.local/lib/python3.12/site-packages/aiomysql/connection.py", line 469, in query
    await self._read_query_result(unbuffered=unbuffered)
  File "/home/airflow/.local/lib/python3.12/site-packages/aiomysql/connection.py", line 683, in _read_query_result
    await result.read()
  File "/home/airflow/.local/lib/python3.12/site-packages/aiomysql/connection.py", line 1164, in read
    first_packet = await self.connection._read_packet()
                   ^^^^^^^^^^^^^^^^^^^^^^^^^^^^^^^^^^^^
  File "/home/airflow/.local/lib/python3.12/site-packages/aiomysql/connection.py", line 652, in _read_packet
    packet.raise_for_error()
  File "/home/airflow/.local/lib/python3.12/site-packages/pymysql/protocol.py", line 219, in raise_for_error
    err.raise_mysql_exception(self._data)
  File "/home/airflow/.local/lib/python3.12/site-packages/pymysql/err.py", line 150, in raise_mysql_exception
    raise errorclass(errno, errval)
pymysql.err.IntegrityError: (1452, 'Cannot add or update a child row: a foreign key constraint fails (`refresh_jobs`.`refresh_jobs`, CONSTRAINT `fk_rj_loc` FOREIGN KEY (`location_id`) REFERENCES `locations` (`location_id`))')
[2026-03-23T07:28:11.165+0000] {taskinstance.py:1205} INFO - Marking task as UP_FOR_RETRY. dag_id=reporting_nightly_refresh, task_id=location_batches.batch_003__locs_601_to_800, execution_date=20260323T072628, start_date=20260323T072632, end_date=20260323T072811
[2026-03-23T07:28:11.215+0000] {standard_task_runner.py:110} ERROR - Failed to execute job 22 for task location_batches.batch_003__locs_601_to_800 ((1452, 'Cannot add or update a child row: a foreign key constraint fails (`refresh_jobs`.`refresh_jobs`, CONSTRAINT `fk_rj_loc` FOREIGN KEY (`location_id`) REFERENCES `locations` (`location_id`))'); 12275)
[2026-03-23T07:28:11.311+0000] {local_task_job_runner.py:240} INFO - Task exited with return code 1
[2026-03-23T07:28:11.776+0000] {taskinstance.py:3482} INFO - 0 downstream tasks scheduled from follow-on schedule check
[2026-03-23T07:28:11.783+0000] {local_task_job_runner.py:222} INFO - ::endgroup::
