[2026-03-23T05:46:16.477+0000] {local_task_job_runner.py:120} INFO - ::group::Pre task execution logs
[2026-03-23T05:46:16.606+0000] {taskinstance.py:2073} INFO - Dependencies all met for dep_context=non-requeueable deps ti=<TaskInstance: reporting_nightly_refresh.location_batches.batch_008__locs_1601_to_1800 scheduled__2026-03-22T02:00:00+00:00 [queued]>
[2026-03-23T05:46:16.628+0000] {taskinstance.py:2073} INFO - Dependencies all met for dep_context=requeueable deps ti=<TaskInstance: reporting_nightly_refresh.location_batches.batch_008__locs_1601_to_1800 scheduled__2026-03-22T02:00:00+00:00 [queued]>
[2026-03-23T05:46:16.629+0000] {taskinstance.py:2303} INFO - Starting attempt 2 of 4
[2026-03-23T05:46:16.670+0000] {taskinstance.py:2327} INFO - Executing <Task(PythonOperator): location_batches.batch_008__locs_1601_to_1800> on 2026-03-22 02:00:00+00:00
[2026-03-23T05:46:16.703+0000] {standard_task_runner.py:90} INFO - Running: ['airflow', 'tasks', 'run', 'reporting_nightly_refresh', 'location_batches.batch_008__locs_1601_to_1800', 'scheduled__2026-03-22T02:00:00+00:00', '--job-id', '11', '--raw', '--subdir', 'DAGS_FOLDER/lra_refresh_dag.py', '--cfg-path', '/tmp/tmppstzmcc9']
[2026-03-23T05:46:16.711+0000] {logging_mixin.py:188} WARNING - /home/airflow/.local/lib/python3.12/site-packages/airflow/task/task_runner/standard_task_runner.py:61 DeprecationWarning: This process (pid=255) is multi-threaded, use of fork() may lead to deadlocks in the child.
[2026-03-23T05:46:16.716+0000] {standard_task_runner.py:91} INFO - Job 11: Subtask location_batches.batch_008__locs_1601_to_1800
[2026-03-23T05:46:16.717+0000] {standard_task_runner.py:63} INFO - Started process 256 to run task
[2026-03-23T05:46:17.112+0000] {task_command.py:426} INFO - Running <TaskInstance: reporting_nightly_refresh.location_batches.batch_008__locs_1601_to_1800 scheduled__2026-03-22T02:00:00+00:00 [running]> on host 7849ea7120c5
[2026-03-23T05:46:17.619+0000] {taskinstance.py:2644} INFO - Exporting env vars: AIRFLOW_CTX_DAG_OWNER='finance-ops' AIRFLOW_CTX_DAG_ID='reporting_nightly_refresh' AIRFLOW_CTX_TASK_ID='location_batches.batch_008__locs_1601_to_1800' AIRFLOW_CTX_EXECUTION_DATE='2026-03-22T02:00:00+00:00' AIRFLOW_CTX_TRY_NUMBER='2' AIRFLOW_CTX_DAG_RUN_ID='scheduled__2026-03-22T02:00:00+00:00'
[2026-03-23T05:46:17.624+0000] {taskinstance.py:430} INFO - ::endgroup::
[2026-03-23T05:46:17.663+0000] {lra_refresh_dag.py:51} INFO - Batch 8: 200 locations
[2026-03-23T05:46:18.420+0000] {lra_refresh_dag.py:54} WARNING - STDERR:
Traceback (most recent call last):
  File "/opt/automation/refresh_runner.py", line 25, in <module>
    import aiomysql
ModuleNotFoundError: No module named 'aiomysql'

[2026-03-23T05:46:18.422+0000] {taskinstance.py:441} INFO - ::group::Post task execution logs
[2026-03-23T05:46:18.423+0000] {taskinstance.py:2890} ERROR - Task failed with exception
Traceback (most recent call last):
  File "/home/airflow/.local/lib/python3.12/site-packages/airflow/models/taskinstance.py", line 460, in _execute_task
    result = _execute_callable(context=context, **execute_callable_kwargs)
             ^^^^^^^^^^^^^^^^^^^^^^^^^^^^^^^^^^^^^^^^^^^^^^^^^^^^^^^^^^^^^
  File "/home/airflow/.local/lib/python3.12/site-packages/airflow/models/taskinstance.py", line 432, in _execute_callable
    return execute_callable(context=context, **execute_callable_kwargs)
           ^^^^^^^^^^^^^^^^^^^^^^^^^^^^^^^^^^^^^^^^^^^^^^^^^^^^^^^^^^^^
  File "/home/airflow/.local/lib/python3.12/site-packages/airflow/models/baseoperator.py", line 400, in wrapper
    return func(self, *args, **kwargs)
           ^^^^^^^^^^^^^^^^^^^^^^^^^^^
  File "/home/airflow/.local/lib/python3.12/site-packages/airflow/operators/python.py", line 235, in execute
    return_value = self.execute_callable()
                   ^^^^^^^^^^^^^^^^^^^^^^^
  File "/home/airflow/.local/lib/python3.12/site-packages/airflow/operators/python.py", line 252, in execute_callable
    return self.python_callable(*self.op_args, **self.op_kwargs)
           ^^^^^^^^^^^^^^^^^^^^^^^^^^^^^^^^^^^^^^^^^^^^^^^^^^^^^
  File "/opt/airflow/dags/lra_refresh_dag.py", line 56, in run_location_batch
    raise RuntimeError(f"Batch {batch_index} failed (exit {result.returncode})")
RuntimeError: Batch 8 failed (exit 1)
[2026-03-23T05:46:18.497+0000] {taskinstance.py:1205} INFO - Marking task as UP_FOR_RETRY. dag_id=reporting_nightly_refresh, task_id=location_batches.batch_008__locs_1601_to_1800, execution_date=20260322T020000, start_date=20260323T054616, end_date=20260323T054618
[2026-03-23T05:46:18.520+0000] {standard_task_runner.py:110} ERROR - Failed to execute job 11 for task location_batches.batch_008__locs_1601_to_1800 (Batch 8 failed (exit 1); 256)
[2026-03-23T05:46:18.584+0000] {local_task_job_runner.py:240} INFO - Task exited with return code 1
[2026-03-23T05:46:18.681+0000] {taskinstance.py:3482} INFO - 0 downstream tasks scheduled from follow-on schedule check
[2026-03-23T05:46:18.685+0000] {local_task_job_runner.py:222} INFO - ::endgroup::
[2026-03-23T06:34:51.734+0000] {local_task_job_runner.py:120} INFO - ::group::Pre task execution logs
[2026-03-23T06:34:51.910+0000] {taskinstance.py:2073} INFO - Dependencies all met for dep_context=non-requeueable deps ti=<TaskInstance: reporting_nightly_refresh.location_batches.batch_008__locs_1601_to_1800 scheduled__2026-03-22T02:00:00+00:00 [queued]>
[2026-03-23T06:34:51.931+0000] {taskinstance.py:2073} INFO - Dependencies all met for dep_context=requeueable deps ti=<TaskInstance: reporting_nightly_refresh.location_batches.batch_008__locs_1601_to_1800 scheduled__2026-03-22T02:00:00+00:00 [queued]>
[2026-03-23T06:34:51.932+0000] {taskinstance.py:2303} INFO - Starting attempt 2 of 4
[2026-03-23T06:34:51.973+0000] {taskinstance.py:2327} INFO - Executing <Task(PythonOperator): location_batches.batch_008__locs_1601_to_1800> on 2026-03-22 02:00:00+00:00
[2026-03-23T06:34:51.993+0000] {standard_task_runner.py:90} INFO - Running: ['airflow', 'tasks', 'run', 'reporting_nightly_refresh', 'location_batches.batch_008__locs_1601_to_1800', 'scheduled__2026-03-22T02:00:00+00:00', '--job-id', '11', '--raw', '--subdir', 'DAGS_FOLDER/lra_refresh_dag.py', '--cfg-path', '/tmp/tmps14s4itz']
[2026-03-23T06:34:51.999+0000] {standard_task_runner.py:91} INFO - Job 11: Subtask location_batches.batch_008__locs_1601_to_1800
[2026-03-23T06:34:52.001+0000] {logging_mixin.py:188} WARNING - /home/airflow/.local/lib/python3.12/site-packages/airflow/task/task_runner/standard_task_runner.py:61 DeprecationWarning: This process (pid=5525) is multi-threaded, use of fork() may lead to deadlocks in the child.
[2026-03-23T06:34:52.003+0000] {standard_task_runner.py:63} INFO - Started process 5526 to run task
[2026-03-23T06:34:52.257+0000] {task_command.py:426} INFO - Running <TaskInstance: reporting_nightly_refresh.location_batches.batch_008__locs_1601_to_1800 scheduled__2026-03-22T02:00:00+00:00 [running]> on host 4c525425e255
[2026-03-23T06:34:52.693+0000] {taskinstance.py:2644} INFO - Exporting env vars: AIRFLOW_CTX_DAG_OWNER='finance-ops' AIRFLOW_CTX_DAG_ID='reporting_nightly_refresh' AIRFLOW_CTX_TASK_ID='location_batches.batch_008__locs_1601_to_1800' AIRFLOW_CTX_EXECUTION_DATE='2026-03-22T02:00:00+00:00' AIRFLOW_CTX_TRY_NUMBER='2' AIRFLOW_CTX_DAG_RUN_ID='scheduled__2026-03-22T02:00:00+00:00'
[2026-03-23T06:34:52.695+0000] {taskinstance.py:430} INFO - ::endgroup::
[2026-03-23T06:34:52.730+0000] {lra_refresh_dag.py:51} INFO - Batch 8: 200 locations
[2026-03-23T06:35:06.016+0000] {lra_refresh_dag.py:54} WARNING - STDERR:
2026-03-23 06:34:53,748 [INFO] Run 20260323_063453 — 200 locations, concurrency=10
2026-03-23 06:34:54,799 [INFO] Navigating to login: http://mock_portal:5001
2026-03-23 06:34:55,585 [INFO] Authentication successful.
2026-03-23 06:34:55,918 [INFO] Navigating to login: http://mock_portal:5001
2026-03-23 06:34:56,645 [INFO] Authentication successful.
2026-03-23 06:34:56,987 [INFO] Navigating to login: http://mock_portal:5001
2026-03-23 06:34:57,735 [INFO] Authentication successful.
2026-03-23 06:34:58,097 [INFO] Navigating to login: http://mock_portal:5001
2026-03-23 06:34:58,832 [INFO] Authentication successful.
2026-03-23 06:34:59,165 [INFO] Navigating to login: http://mock_portal:5001
2026-03-23 06:34:59,914 [INFO] Authentication successful.
2026-03-23 06:35:00,304 [INFO] Navigating to login: http://mock_portal:5001
2026-03-23 06:35:01,045 [INFO] Authentication successful.
2026-03-23 06:35:01,384 [INFO] Navigating to login: http://mock_portal:5001
2026-03-23 06:35:02,129 [INFO] Authentication successful.
2026-03-23 06:35:02,478 [INFO] Navigating to login: http://mock_portal:5001
2026-03-23 06:35:03,234 [INFO] Authentication successful.
2026-03-23 06:35:03,609 [INFO] Navigating to login: http://mock_portal:5001
2026-03-23 06:35:04,381 [INFO] Authentication successful.
2026-03-23 06:35:04,789 [INFO] Navigating to login: http://mock_portal:5001
2026-03-23 06:35:05,583 [INFO] Authentication successful.
Traceback (most recent call last):
  File "/opt/automation/refresh_runner.py", line 185, in <module>
    asyncio.run(run_batch(location_list, concurrency=args.concurrency, headless=args.headless))
  File "/usr/local/lib/python3.12/asyncio/runners.py", line 194, in run
    return runner.run(main)
           ^^^^^^^^^^^^^^^^
  File "/usr/local/lib/python3.12/asyncio/runners.py", line 118, in run
    return self._loop.run_until_complete(task)
           ^^^^^^^^^^^^^^^^^^^^^^^^^^^^^^^^^^^
  File "/usr/local/lib/python3.12/asyncio/base_events.py", line 685, in run_until_complete
    return future.result()
           ^^^^^^^^^^^^^^^
  File "/opt/automation/refresh_runner.py", line 160, in run_batch
    await asyncio.gather(*[process(lid) for lid in location_ids])
  File "/opt/automation/refresh_runner.py", line 155, in process
    ok = await refresh_location(page, pool, loc_id, run_id)
         ^^^^^^^^^^^^^^^^^^^^^^^^^^^^^^^^^^^^^^^^^^^^^^^^^^
  File "/opt/automation/refresh_runner.py", line 88, in refresh_location
    await log_job_start(pool, location_id, run_id)
  File "/opt/automation/refresh_runner.py", line 53, in log_job_start
    await cur.execute("""
  File "/home/airflow/.local/lib/python3.12/site-packages/aiomysql/cursors.py", line 239, in execute
    await self._query(query)
  File "/home/airflow/.local/lib/python3.12/site-packages/aiomysql/cursors.py", line 457, in _query
    await conn.query(q)
  File "/home/airflow/.local/lib/python3.12/site-packages/aiomysql/connection.py", line 469, in query
    await self._read_query_result(unbuffered=unbuffered)
  File "/home/airflow/.local/lib/python3.12/site-packages/aiomysql/connection.py", line 683, in _read_query_result
    await result.read()
  File "/home/airflow/.local/lib/python3.12/site-packages/aiomysql/connection.py", line 1164, in read
    first_packet = await self.connection._read_packet()
                   ^^^^^^^^^^^^^^^^^^^^^^^^^^^^^^^^^^^^
  File "/home/airflow/.local/lib/python3.12/site-packages/aiomysql/connection.py", line 652, in _read_packet
    packet.raise_for_error()
  File "/home/airflow/.local/lib/python3.12/site-packages/pymysql/protocol.py", line 219, in raise_for_error
    err.raise_mysql_exception(self._data)
  File "/home/airflow/.local/lib/python3.12/site-packages/pymysql/err.py", line 150, in raise_mysql_exception
    raise errorclass(errno, errval)
pymysql.err.ProgrammingError: (1146, "Table 'refresh_jobs.refresh_jobs' doesn't exist")
Exception ignored in: <function Connection.__del__ at 0x7a8852ed07c0>
Traceback (most recent call last):
  File "/home/airflow/.local/lib/python3.12/site-packages/aiomysql/connection.py", line 1131, in __del__
  File "/home/airflow/.local/lib/python3.12/site-packages/aiomysql/connection.py", line 339, in close
  File "/usr/local/lib/python3.12/asyncio/selector_events.py", line 1210, in close
  File "/usr/local/lib/python3.12/asyncio/selector_events.py", line 875, in close
  File "/usr/local/lib/python3.12/asyncio/base_events.py", line 793, in call_soon
  File "/usr/local/lib/python3.12/asyncio/base_events.py", line 540, in _check_closed
RuntimeError: Event loop is closed
Exception ignored in: <function Connection.__del__ at 0x7a8852ed07c0>
Traceback (most recent call last):
  File "/home/airflow/.local/lib/python3.12/site-packages/aiomysql/connection.py", line 1131, in __del__
  File "/home/airflow/.local/lib/python3.12/site-packages/aiomysql/connection.py", line 339, in close
  File "/usr/local/lib/python3.12/asyncio/selector_events.py", line 1210, in close
  File "/usr/local/lib/python3.12/asyncio/selector_events.py", line 875, in close
  File "/usr/local/lib/python3.12/asyncio/base_events.py", line 793, in call_soon
  File "/usr/local/lib/python3.12/asyncio/base_events.py", line 540, in _check_closed
RuntimeError: Event loop is closed
Exception ignored in: <function Connection.__del__ at 0x7a8852ed07c0>
Traceback (most recent call last):
  File "/home/airflow/.local/lib/python3.12/site-packages/aiomysql/connection.py", line 1131, in __del__
  File "/home/airflow/.local/lib/python3.12/site-packages/aiomysql/connection.py", line 339, in close
  File "/usr/local/lib/python3.12/asyncio/selector_events.py", line 1210, in close
  File "/usr/local/lib/python3.12/asyncio/selector_events.py", line 875, in close
  File "/usr/local/lib/python3.12/asyncio/base_events.py", line 793, in call_soon
  File "/usr/local/lib/python3.12/asyncio/base_events.py", line 540, in _check_closed
RuntimeError: Event loop is closed
Exception ignored in: <function Connection.__del__ at 0x7a8852ed07c0>
Traceback (most recent call last):
  File "/home/airflow/.local/lib/python3.12/site-packages/aiomysql/connection.py", line 1131, in __del__
  File "/home/airflow/.local/lib/python3.12/site-packages/aiomysql/connection.py", line 339, in close
  File "/usr/local/lib/python3.12/asyncio/selector_events.py", line 1210, in close
  File "/usr/local/lib/python3.12/asyncio/selector_events.py", line 875, in close
  File "/usr/local/lib/python3.12/asyncio/base_events.py", line 793, in call_soon
  File "/usr/local/lib/python3.12/asyncio/base_events.py", line 540, in _check_closed
RuntimeError: Event loop is closed
Exception ignored in: <function Connection.__del__ at 0x7a8852ed07c0>
Traceback (most recent call last):
  File "/home/airflow/.local/lib/python3.12/site-packages/aiomysql/connection.py", line 1131, in __del__
  File "/home/airflow/.local/lib/python3.12/site-packages/aiomysql/connection.py", line 339, in close
  File "/usr/local/lib/python3.12/asyncio/selector_events.py", line 1210, in close
  File "/usr/local/lib/python3.12/asyncio/selector_events.py", line 875, in close
  File "/usr/local/lib/python3.12/asyncio/base_events.py", line 793, in call_soon
  File "/usr/local/lib/python3.12/asyncio/base_events.py", line 540, in _check_closed
RuntimeError: Event loop is closed
Exception ignored in: <function Connection.__del__ at 0x7a8852ed07c0>
Traceback (most recent call last):
  File "/home/airflow/.local/lib/python3.12/site-packages/aiomysql/connection.py", line 1131, in __del__
  File "/home/airflow/.local/lib/python3.12/site-packages/aiomysql/connection.py", line 339, in close
  File "/usr/local/lib/python3.12/asyncio/selector_events.py", line 1210, in close
  File "/usr/local/lib/python3.12/asyncio/selector_events.py", line 875, in close
  File "/usr/local/lib/python3.12/asyncio/base_events.py", line 793, in call_soon
  File "/usr/local/lib/python3.12/asyncio/base_events.py", line 540, in _check_closed
RuntimeError: Event loop is closed
Exception ignored in: <function Connection.__del__ at 0x7a8852ed07c0>
Traceback (most recent call last):
  File "/home/airflow/.local/lib/python3.12/site-packages/aiomysql/connection.py", line 1131, in __del__
  File "/home/airflow/.local/lib/python3.12/site-packages/aiomysql/connection.py", line 339, in close
  File "/usr/local/lib/python3.12/asyncio/selector_events.py", line 1210, in close
  File "/usr/local/lib/python3.12/asyncio/selector_events.py", line 875, in close
  File "/usr/local/lib/python3.12/asyncio/base_events.py", line 793, in call_soon
  File "/usr/local/lib/python3.12/asyncio/base_events.py", line 540, in _check_closed
RuntimeError: Event loop is closed
Exception ignored in: <function Connection.__del__ at 0x7a8852ed07c0>
Traceback (most recent call last):
  File "/home/airflow/.local/lib/python3.12/site-packages/aiomysql/connection.py", line 1131, in __del__
  File "/home/airflow/.local/lib/python3.12/site-packages/aiomysql/connection.py", line 339, in close
  File "/usr/local/lib/python3.12/asyncio/selector_events.py", line 1210, in close
  File "/usr/local/lib/python3.12/asyncio/selector_events.py", line 875, in close
  File "/usr/local/lib/python3.12/asyncio/base_events.py", line 793, in call_soon
  File "/usr/local/lib/python3.12/asyncio/base_events.py", line 540, in _check_closed
RuntimeError: Event loop is closed
Exception ignored in: <function Connection.__del__ at 0x7a8852ed07c0>
Traceback (most recent call last):
  File "/home/airflow/.local/lib/python3.12/site-packages/aiomysql/connection.py", line 1131, in __del__
  File "/home/airflow/.local/lib/python3.12/site-packages/aiomysql/connection.py", line 339, in close
  File "/usr/local/lib/python3.12/asyncio/selector_events.py", line 1210, in close
  File "/usr/local/lib/python3.12/asyncio/selector_events.py", line 875, in close
  File "/usr/local/lib/python3.12/asyncio/base_events.py", line 793, in call_soon
  File "/usr/local/lib/python3.12/asyncio/base_events.py", line 540, in _check_closed
RuntimeError: Event loop is closed
Exception ignored in: <function Connection.__del__ at 0x7a8852ed07c0>
Traceback (most recent call last):
  File "/home/airflow/.local/lib/python3.12/site-packages/aiomysql/connection.py", line 1131, in __del__
  File "/home/airflow/.local/lib/python3.12/site-packages/aiomysql/connection.py", line 339, in close
  File "/usr/local/lib/python3.12/asyncio/selector_events.py", line 1210, in close
  File "/usr/local/lib/python3.12/asyncio/selector_events.py", line 875, in close
  File "/usr/local/lib/python3.12/asyncio/base_events.py", line 793, in call_soon
  File "/usr/local/lib/python3.12/asyncio/base_events.py", line 540, in _check_closed
RuntimeError: Event loop is closed

[2026-03-23T06:35:06.018+0000] {taskinstance.py:441} INFO - ::group::Post task execution logs
[2026-03-23T06:35:06.020+0000] {taskinstance.py:2890} ERROR - Task failed with exception
Traceback (most recent call last):
  File "/home/airflow/.local/lib/python3.12/site-packages/airflow/models/taskinstance.py", line 460, in _execute_task
    result = _execute_callable(context=context, **execute_callable_kwargs)
             ^^^^^^^^^^^^^^^^^^^^^^^^^^^^^^^^^^^^^^^^^^^^^^^^^^^^^^^^^^^^^
  File "/home/airflow/.local/lib/python3.12/site-packages/airflow/models/taskinstance.py", line 432, in _execute_callable
    return execute_callable(context=context, **execute_callable_kwargs)
           ^^^^^^^^^^^^^^^^^^^^^^^^^^^^^^^^^^^^^^^^^^^^^^^^^^^^^^^^^^^^
  File "/home/airflow/.local/lib/python3.12/site-packages/airflow/models/baseoperator.py", line 400, in wrapper
    return func(self, *args, **kwargs)
           ^^^^^^^^^^^^^^^^^^^^^^^^^^^
  File "/home/airflow/.local/lib/python3.12/site-packages/airflow/operators/python.py", line 235, in execute
    return_value = self.execute_callable()
                   ^^^^^^^^^^^^^^^^^^^^^^^
  File "/home/airflow/.local/lib/python3.12/site-packages/airflow/operators/python.py", line 252, in execute_callable
    return self.python_callable(*self.op_args, **self.op_kwargs)
           ^^^^^^^^^^^^^^^^^^^^^^^^^^^^^^^^^^^^^^^^^^^^^^^^^^^^^
  File "/opt/airflow/dags/lra_refresh_dag.py", line 56, in run_location_batch
    raise RuntimeError(f"Batch {batch_index} failed (exit {result.returncode})")
RuntimeError: Batch 8 failed (exit 1)
[2026-03-23T06:35:06.108+0000] {taskinstance.py:1205} INFO - Marking task as UP_FOR_RETRY. dag_id=reporting_nightly_refresh, task_id=location_batches.batch_008__locs_1601_to_1800, execution_date=20260322T020000, start_date=20260323T063451, end_date=20260323T063506
[2026-03-23T06:35:06.147+0000] {standard_task_runner.py:110} ERROR - Failed to execute job 11 for task location_batches.batch_008__locs_1601_to_1800 (Batch 8 failed (exit 1); 5526)
[2026-03-23T06:35:06.236+0000] {local_task_job_runner.py:240} INFO - Task exited with return code 1
[2026-03-23T06:35:06.422+0000] {taskinstance.py:3482} INFO - 0 downstream tasks scheduled from follow-on schedule check
[2026-03-23T06:35:06.442+0000] {local_task_job_runner.py:222} INFO - ::endgroup::
[2026-03-23T07:00:37.591+0000] {local_task_job_runner.py:120} INFO - ::group::Pre task execution logs
[2026-03-23T07:00:37.889+0000] {taskinstance.py:2073} INFO - Dependencies all met for dep_context=non-requeueable deps ti=<TaskInstance: reporting_nightly_refresh.location_batches.batch_008__locs_1601_to_1800 scheduled__2026-03-22T02:00:00+00:00 [queued]>
[2026-03-23T07:00:37.919+0000] {taskinstance.py:2073} INFO - Dependencies all met for dep_context=requeueable deps ti=<TaskInstance: reporting_nightly_refresh.location_batches.batch_008__locs_1601_to_1800 scheduled__2026-03-22T02:00:00+00:00 [queued]>
[2026-03-23T07:00:37.921+0000] {taskinstance.py:2303} INFO - Starting attempt 2 of 5
[2026-03-23T07:00:38.049+0000] {taskinstance.py:2327} INFO - Executing <Task(PythonOperator): location_batches.batch_008__locs_1601_to_1800> on 2026-03-22 02:00:00+00:00
[2026-03-23T07:00:38.084+0000] {standard_task_runner.py:90} INFO - Running: ['airflow', 'tasks', 'run', 'reporting_nightly_refresh', 'location_batches.batch_008__locs_1601_to_1800', 'scheduled__2026-03-22T02:00:00+00:00', '--job-id', '16', '--raw', '--subdir', 'DAGS_FOLDER/reporting_refresh_dag.py', '--cfg-path', '/tmp/tmpluxj0n58']
[2026-03-23T07:00:38.097+0000] {standard_task_runner.py:91} INFO - Job 16: Subtask location_batches.batch_008__locs_1601_to_1800
[2026-03-23T07:00:38.100+0000] {logging_mixin.py:188} WARNING - /home/airflow/.local/lib/python3.12/site-packages/airflow/task/task_runner/standard_task_runner.py:61 DeprecationWarning: This process (pid=4489) is multi-threaded, use of fork() may lead to deadlocks in the child.
[2026-03-23T07:00:38.105+0000] {standard_task_runner.py:63} INFO - Started process 4498 to run task
[2026-03-23T07:00:38.609+0000] {task_command.py:426} INFO - Running <TaskInstance: reporting_nightly_refresh.location_batches.batch_008__locs_1601_to_1800 scheduled__2026-03-22T02:00:00+00:00 [running]> on host 709b26eca54f
[2026-03-23T07:00:39.316+0000] {taskinstance.py:2644} INFO - Exporting env vars: AIRFLOW_CTX_DAG_OWNER='finance-ops' AIRFLOW_CTX_DAG_ID='reporting_nightly_refresh' AIRFLOW_CTX_TASK_ID='location_batches.batch_008__locs_1601_to_1800' AIRFLOW_CTX_EXECUTION_DATE='2026-03-22T02:00:00+00:00' AIRFLOW_CTX_TRY_NUMBER='2' AIRFLOW_CTX_DAG_RUN_ID='scheduled__2026-03-22T02:00:00+00:00'
[2026-03-23T07:00:39.319+0000] {taskinstance.py:430} INFO - ::endgroup::
[2026-03-23T07:00:39.671+0000] {refresh_runner.py:135} INFO - Run 20260323_070039 — 200 locations, concurrency=10
[2026-03-23T07:00:42.727+0000] {refresh_runner.py:76} INFO - Navigating to login: http://mock_portal:5001
[2026-03-23T07:00:44.004+0000] {refresh_runner.py:82} INFO - Authentication successful.
[2026-03-23T07:00:44.822+0000] {refresh_runner.py:76} INFO - Navigating to login: http://mock_portal:5001
[2026-03-23T07:00:45.826+0000] {refresh_runner.py:82} INFO - Authentication successful.
[2026-03-23T07:00:46.869+0000] {refresh_runner.py:76} INFO - Navigating to login: http://mock_portal:5001
[2026-03-23T07:00:48.137+0000] {refresh_runner.py:82} INFO - Authentication successful.
[2026-03-23T07:00:49.485+0000] {refresh_runner.py:76} INFO - Navigating to login: http://mock_portal:5001
[2026-03-23T07:00:52.606+0000] {refresh_runner.py:82} INFO - Authentication successful.
[2026-03-23T07:00:55.407+0000] {refresh_runner.py:76} INFO - Navigating to login: http://mock_portal:5001
[2026-03-23T07:00:57.571+0000] {refresh_runner.py:82} INFO - Authentication successful.
[2026-03-23T07:00:59.719+0000] {refresh_runner.py:76} INFO - Navigating to login: http://mock_portal:5001
[2026-03-23T07:01:03.668+0000] {refresh_runner.py:82} INFO - Authentication successful.
[2026-03-23T07:02:04.928+0000] {local_task_job_runner.py:222} INFO - ::endgroup::
[2026-03-23T07:02:05.773+0000] {refresh_runner.py:76} INFO - Navigating to login: http://mock_portal:5001
[2026-03-23T07:02:05.980+0000] {process_utils.py:132} INFO - Sending 15 to group 4498. PIDs of all processes in the group: [4516, 4614, 5199, 5797, 6438, 6970, 7558, 8138, 8150, 8155, 8271, 8461, 8227, 7564, 7565, 7605, 7712, 7592, 6972, 6973, 6994, 7042, 6992, 6442, 6443, 6461, 6511, 6459, 5839, 5840, 5920, 6107, 5889, 5215, 5216, 5377, 5690, 5317, 4638, 4645, 4886, 5081, 4747, 4498]
[2026-03-23T07:02:06.117+0000] {process_utils.py:87} INFO - Sending the signal 15 to group 4498
[2026-03-23T07:02:06.191+0000] {taskinstance.py:2607} ERROR - Received SIGTERM. Terminating subprocesses.
[2026-03-23T07:02:06.647+0000] {process_utils.py:80} INFO - Process psutil.Process(pid=6107, status='terminated', started='07:00:46') (6107) terminated with exit code None
[2026-03-23T07:02:06.908+0000] {process_utils.py:80} INFO - Process psutil.Process(pid=7712, status='terminated', started='07:00:59') (7712) terminated with exit code None
[2026-03-23T07:02:07.003+0000] {process_utils.py:80} INFO - Process psutil.Process(pid=5690, status='terminated', started='07:00:44') (5690) terminated with exit code None
[2026-03-23T07:02:07.081+0000] {process_utils.py:80} INFO - Process psutil.Process(pid=7564, status='terminated', started='07:00:58') (7564) terminated with exit code None
[2026-03-23T07:02:07.101+0000] {process_utils.py:80} INFO - Process psutil.Process(pid=5839, status='terminated', started='07:00:46') (5839) terminated with exit code None
[2026-03-23T07:02:07.129+0000] {process_utils.py:80} INFO - Process psutil.Process(pid=8461, status='terminated', started='07:01:45') (8461) terminated with exit code None
[2026-03-23T07:02:07.311+0000] {process_utils.py:80} INFO - Process psutil.Process(pid=7592, status='terminated', started='07:00:58') (7592) terminated with exit code None
[2026-03-23T07:02:07.345+0000] {process_utils.py:80} INFO - Process psutil.Process(pid=4645, status='terminated', started='07:00:41') (4645) terminated with exit code None
[2026-03-23T07:02:07.348+0000] {process_utils.py:80} INFO - Process psutil.Process(pid=8271, status='terminated', started='07:01:10') (8271) terminated with exit code None
[2026-03-23T07:02:07.353+0000] {process_utils.py:80} INFO - Process psutil.Process(pid=5889, status='terminated', started='07:00:46') (5889) terminated with exit code None
[2026-03-23T07:02:07.371+0000] {process_utils.py:80} INFO - Process psutil.Process(pid=6459, status='terminated', started='07:00:48') (6459) terminated with exit code None
[2026-03-23T07:02:07.375+0000] {process_utils.py:80} INFO - Process psutil.Process(pid=6438, status='terminated', started='07:00:48') (6438) terminated with exit code None
[2026-03-23T07:02:07.378+0000] {process_utils.py:80} INFO - Process psutil.Process(pid=5081, status='terminated', started='07:00:42') (5081) terminated with exit code None
[2026-03-23T07:02:07.382+0000] {process_utils.py:80} INFO - Process psutil.Process(pid=6461, status='terminated', started='07:00:48') (6461) terminated with exit code None
[2026-03-23T07:02:07.388+0000] {process_utils.py:80} INFO - Process psutil.Process(pid=4614, status='terminated', started='07:00:41') (4614) terminated with exit code None
[2026-03-23T07:02:07.393+0000] {process_utils.py:80} INFO - Process psutil.Process(pid=5216, status='terminated', started='07:00:44') (5216) terminated with exit code None
[2026-03-23T07:02:07.395+0000] {process_utils.py:80} INFO - Process psutil.Process(pid=7605, status='terminated', started='07:00:58') (7605) terminated with exit code None
[2026-03-23T07:02:07.397+0000] {process_utils.py:80} INFO - Process psutil.Process(pid=7565, status='terminated', started='07:00:58') (7565) terminated with exit code None
[2026-03-23T07:02:07.401+0000] {process_utils.py:80} INFO - Process psutil.Process(pid=8155, status='terminated', started='07:01:07') (8155) terminated with exit code None
[2026-03-23T07:02:07.409+0000] {process_utils.py:80} INFO - Process psutil.Process(pid=4886, status='terminated', started='07:00:42') (4886) terminated with exit code None
[2026-03-23T07:02:07.411+0000] {process_utils.py:80} INFO - Process psutil.Process(pid=6972, status='terminated', started='07:00:53') (6972) terminated with exit code None
[2026-03-23T07:02:07.413+0000] {process_utils.py:80} INFO - Process psutil.Process(pid=8227, status='terminated', started='07:01:09') (8227) terminated with exit code None
[2026-03-23T07:02:07.415+0000] {process_utils.py:80} INFO - Process psutil.Process(pid=6994, status='terminated', started='07:00:53') (6994) terminated with exit code None
[2026-03-23T07:02:07.417+0000] {process_utils.py:80} INFO - Process psutil.Process(pid=5199, status='terminated', started='07:00:44') (5199) terminated with exit code None
[2026-03-23T07:02:07.426+0000] {process_utils.py:80} INFO - Process psutil.Process(pid=5377, status='terminated', started='07:00:44') (5377) terminated with exit code None
[2026-03-23T07:02:07.434+0000] {process_utils.py:80} INFO - Process psutil.Process(pid=8138, status='terminated', started='07:01:04') (8138) terminated with exit code None
[2026-03-23T07:02:07.436+0000] {process_utils.py:80} INFO - Process psutil.Process(pid=5840, status='terminated', started='07:00:46') (5840) terminated with exit code None
[2026-03-23T07:02:07.439+0000] {process_utils.py:80} INFO - Process psutil.Process(pid=5920, status='terminated', started='07:00:46') (5920) terminated with exit code None
[2026-03-23T07:02:07.442+0000] {process_utils.py:80} INFO - Process psutil.Process(pid=8150, status='terminated', started='07:01:07') (8150) terminated with exit code None
[2026-03-23T07:02:07.447+0000] {process_utils.py:80} INFO - Process psutil.Process(pid=7042, status='terminated', started='07:00:54') (7042) terminated with exit code None
[2026-03-23T07:02:07.449+0000] {process_utils.py:80} INFO - Process psutil.Process(pid=6970, status='terminated', started='07:00:52') (6970) terminated with exit code None
[2026-03-23T07:02:07.452+0000] {process_utils.py:80} INFO - Process psutil.Process(pid=5215, status='terminated', started='07:00:44') (5215) terminated with exit code None
[2026-03-23T07:02:07.457+0000] {process_utils.py:80} INFO - Process psutil.Process(pid=5797, status='terminated', started='07:00:45') (5797) terminated with exit code None
[2026-03-23T07:02:07.461+0000] {process_utils.py:80} INFO - Process psutil.Process(pid=6511, status='terminated', started='07:00:49') (6511) terminated with exit code None
[2026-03-23T07:02:07.463+0000] {process_utils.py:80} INFO - Process psutil.Process(pid=5317, status='terminated', started='07:00:44') (5317) terminated with exit code None
[2026-03-23T07:02:07.465+0000] {process_utils.py:80} INFO - Process psutil.Process(pid=4638, status='terminated', started='07:00:41') (4638) terminated with exit code None
[2026-03-23T07:02:07.467+0000] {process_utils.py:80} INFO - Process psutil.Process(pid=6992, status='terminated', started='07:00:53') (6992) terminated with exit code None
[2026-03-23T07:02:07.471+0000] {process_utils.py:80} INFO - Process psutil.Process(pid=7558, status='terminated', started='07:00:57') (7558) terminated with exit code None
[2026-03-23T07:02:07.528+0000] {process_utils.py:80} INFO - Process psutil.Process(pid=6442, status='terminated', started='07:00:48') (6442) terminated with exit code None
[2026-03-23T07:02:07.530+0000] {process_utils.py:80} INFO - Process psutil.Process(pid=6443, status='terminated', started='07:00:48') (6443) terminated with exit code None
[2026-03-23T07:02:07.531+0000] {process_utils.py:80} INFO - Process psutil.Process(pid=4747, status='terminated', started='07:00:42') (4747) terminated with exit code None
[2026-03-23T07:02:07.586+0000] {process_utils.py:80} INFO - Process psutil.Process(pid=6973, status='terminated', started='07:00:53') (6973) terminated with exit code None
[2026-03-23T07:02:07.588+0000] {process_utils.py:80} INFO - Process psutil.Process(pid=4516, status='terminated', started='07:00:39') (4516) terminated with exit code None
[2026-03-23T07:02:57.205+0000] {local_task_job_runner.py:124} ERROR - Received SIGTERM. Terminating subprocesses
[2026-03-23T07:02:57.218+0000] {process_utils.py:132} INFO - Sending 15 to group 4498. PIDs of all processes in the group: [4498]
[2026-03-23T07:02:57.231+0000] {process_utils.py:87} INFO - Sending the signal 15 to group 4498
[2026-03-23T07:02:57.239+0000] {taskinstance.py:2607} ERROR - Received SIGTERM. Terminating subprocesses.
[2026-03-23T07:02:57.397+0000] {taskinstance.py:441} INFO - ::group::Post task execution logs
[2026-03-23T07:21:24.848+0000] {local_task_job_runner.py:120} INFO - ::group::Pre task execution logs
[2026-03-23T07:21:25.063+0000] {taskinstance.py:2073} INFO - Dependencies all met for dep_context=non-requeueable deps ti=<TaskInstance: reporting_nightly_refresh.location_batches.batch_008__locs_1601_to_1800 scheduled__2026-03-22T02:00:00+00:00 [queued]>
[2026-03-23T07:21:25.089+0000] {taskinstance.py:2073} INFO - Dependencies all met for dep_context=requeueable deps ti=<TaskInstance: reporting_nightly_refresh.location_batches.batch_008__locs_1601_to_1800 scheduled__2026-03-22T02:00:00+00:00 [queued]>
[2026-03-23T07:21:25.090+0000] {taskinstance.py:2303} INFO - Starting attempt 2 of 4
[2026-03-23T07:21:25.146+0000] {taskinstance.py:2327} INFO - Executing <Task(PythonOperator): location_batches.batch_008__locs_1601_to_1800> on 2026-03-22 02:00:00+00:00
[2026-03-23T07:21:25.166+0000] {standard_task_runner.py:90} INFO - Running: ['airflow', 'tasks', 'run', 'reporting_nightly_refresh', 'location_batches.batch_008__locs_1601_to_1800', 'scheduled__2026-03-22T02:00:00+00:00', '--job-id', '11', '--raw', '--subdir', 'DAGS_FOLDER/reporting_refresh_dag.py', '--cfg-path', '/tmp/tmpwc7r9us5']
[2026-03-23T07:21:25.172+0000] {standard_task_runner.py:91} INFO - Job 11: Subtask location_batches.batch_008__locs_1601_to_1800
[2026-03-23T07:21:25.173+0000] {logging_mixin.py:188} WARNING - /home/airflow/.local/lib/python3.12/site-packages/airflow/task/task_runner/standard_task_runner.py:61 DeprecationWarning: This process (pid=6136) is multi-threaded, use of fork() may lead to deadlocks in the child.
[2026-03-23T07:21:25.174+0000] {standard_task_runner.py:63} INFO - Started process 6137 to run task
[2026-03-23T07:21:25.442+0000] {task_command.py:426} INFO - Running <TaskInstance: reporting_nightly_refresh.location_batches.batch_008__locs_1601_to_1800 scheduled__2026-03-22T02:00:00+00:00 [running]> on host a693e61dd0e6
[2026-03-23T07:21:25.898+0000] {taskinstance.py:2644} INFO - Exporting env vars: AIRFLOW_CTX_DAG_OWNER='finance-ops' AIRFLOW_CTX_DAG_ID='reporting_nightly_refresh' AIRFLOW_CTX_TASK_ID='location_batches.batch_008__locs_1601_to_1800' AIRFLOW_CTX_EXECUTION_DATE='2026-03-22T02:00:00+00:00' AIRFLOW_CTX_TRY_NUMBER='2' AIRFLOW_CTX_DAG_RUN_ID='scheduled__2026-03-22T02:00:00+00:00'
[2026-03-23T07:21:25.900+0000] {taskinstance.py:430} INFO - ::endgroup::
[2026-03-23T07:21:26.203+0000] {refresh_runner.py:135} INFO - Run 20260323_072126 — 200 locations, concurrency=10
[2026-03-23T07:21:27.584+0000] {refresh_runner.py:76} INFO - Navigating to login: http://mock_portal:5001
[2026-03-23T07:21:28.374+0000] {refresh_runner.py:82} INFO - Authentication successful.
[2026-03-23T07:21:28.757+0000] {refresh_runner.py:76} INFO - Navigating to login: http://mock_portal:5001
[2026-03-23T07:21:29.548+0000] {refresh_runner.py:82} INFO - Authentication successful.
[2026-03-23T07:21:29.912+0000] {refresh_runner.py:76} INFO - Navigating to login: http://mock_portal:5001
[2026-03-23T07:21:30.691+0000] {refresh_runner.py:82} INFO - Authentication successful.
[2026-03-23T07:21:32.072+0000] {refresh_runner.py:76} INFO - Navigating to login: http://mock_portal:5001
[2026-03-23T07:21:32.855+0000] {refresh_runner.py:82} INFO - Authentication successful.
[2026-03-23T07:21:33.443+0000] {refresh_runner.py:76} INFO - Navigating to login: http://mock_portal:5001
[2026-03-23T07:21:34.235+0000] {refresh_runner.py:82} INFO - Authentication successful.
[2026-03-23T07:21:34.624+0000] {refresh_runner.py:76} INFO - Navigating to login: http://mock_portal:5001
[2026-03-23T07:21:35.433+0000] {refresh_runner.py:82} INFO - Authentication successful.
[2026-03-23T07:21:35.773+0000] {refresh_runner.py:76} INFO - Navigating to login: http://mock_portal:5001
[2026-03-23T07:21:36.591+0000] {refresh_runner.py:82} INFO - Authentication successful.
[2026-03-23T07:21:36.930+0000] {refresh_runner.py:76} INFO - Navigating to login: http://mock_portal:5001
[2026-03-23T07:21:37.734+0000] {refresh_runner.py:82} INFO - Authentication successful.
[2026-03-23T07:21:38.237+0000] {refresh_runner.py:76} INFO - Navigating to login: http://mock_portal:5001
[2026-03-23T07:21:39.061+0000] {refresh_runner.py:82} INFO - Authentication successful.
[2026-03-23T07:21:39.431+0000] {refresh_runner.py:76} INFO - Navigating to login: http://mock_portal:5001
[2026-03-23T07:21:40.203+0000] {refresh_runner.py:82} INFO - Authentication successful.
[2026-03-23T07:21:40.529+0000] {taskinstance.py:441} INFO - ::group::Post task execution logs
[2026-03-23T07:21:40.530+0000] {taskinstance.py:2890} ERROR - Task failed with exception
Traceback (most recent call last):
  File "/home/airflow/.local/lib/python3.12/site-packages/airflow/models/taskinstance.py", line 460, in _execute_task
    result = _execute_callable(context=context, **execute_callable_kwargs)
             ^^^^^^^^^^^^^^^^^^^^^^^^^^^^^^^^^^^^^^^^^^^^^^^^^^^^^^^^^^^^^
  File "/home/airflow/.local/lib/python3.12/site-packages/airflow/models/taskinstance.py", line 432, in _execute_callable
    return execute_callable(context=context, **execute_callable_kwargs)
           ^^^^^^^^^^^^^^^^^^^^^^^^^^^^^^^^^^^^^^^^^^^^^^^^^^^^^^^^^^^^
  File "/home/airflow/.local/lib/python3.12/site-packages/airflow/models/baseoperator.py", line 400, in wrapper
    return func(self, *args, **kwargs)
           ^^^^^^^^^^^^^^^^^^^^^^^^^^^
  File "/home/airflow/.local/lib/python3.12/site-packages/airflow/operators/python.py", line 235, in execute
    return_value = self.execute_callable()
                   ^^^^^^^^^^^^^^^^^^^^^^^
  File "/home/airflow/.local/lib/python3.12/site-packages/airflow/operators/python.py", line 252, in execute_callable
    return self.python_callable(*self.op_args, **self.op_kwargs)
           ^^^^^^^^^^^^^^^^^^^^^^^^^^^^^^^^^^^^^^^^^^^^^^^^^^^^^
  File "/opt/airflow/dags/reporting_refresh_dag.py", line 53, in run_location_batch
    asyncio.run(run_batch(location_ids, concurrency=CONCURRENCY, headless=True))
  File "/usr/local/lib/python3.12/asyncio/runners.py", line 194, in run
    return runner.run(main)
           ^^^^^^^^^^^^^^^^
  File "/usr/local/lib/python3.12/asyncio/runners.py", line 118, in run
    return self._loop.run_until_complete(task)
           ^^^^^^^^^^^^^^^^^^^^^^^^^^^^^^^^^^^
  File "/usr/local/lib/python3.12/asyncio/base_events.py", line 685, in run_until_complete
    return future.result()
           ^^^^^^^^^^^^^^^
  File "/opt/airflow/dags/refresh_runner.py", line 160, in run_batch
    await asyncio.gather(*[process(lid) for lid in location_ids])
  File "/opt/airflow/dags/refresh_runner.py", line 155, in process
    ok = await refresh_location(page, pool, loc_id, run_id)
         ^^^^^^^^^^^^^^^^^^^^^^^^^^^^^^^^^^^^^^^^^^^^^^^^^^
  File "/opt/airflow/dags/refresh_runner.py", line 88, in refresh_location
    await log_job_start(pool, location_id, run_id)
  File "/opt/airflow/dags/refresh_runner.py", line 53, in log_job_start
    await cur.execute("""
  File "/home/airflow/.local/lib/python3.12/site-packages/aiomysql/cursors.py", line 239, in execute
    await self._query(query)
  File "/home/airflow/.local/lib/python3.12/site-packages/aiomysql/cursors.py", line 457, in _query
    await conn.query(q)
  File "/home/airflow/.local/lib/python3.12/site-packages/aiomysql/connection.py", line 469, in query
    await self._read_query_result(unbuffered=unbuffered)
  File "/home/airflow/.local/lib/python3.12/site-packages/aiomysql/connection.py", line 683, in _read_query_result
    await result.read()
  File "/home/airflow/.local/lib/python3.12/site-packages/aiomysql/connection.py", line 1164, in read
    first_packet = await self.connection._read_packet()
                   ^^^^^^^^^^^^^^^^^^^^^^^^^^^^^^^^^^^^
  File "/home/airflow/.local/lib/python3.12/site-packages/aiomysql/connection.py", line 652, in _read_packet
    packet.raise_for_error()
  File "/home/airflow/.local/lib/python3.12/site-packages/pymysql/protocol.py", line 219, in raise_for_error
    err.raise_mysql_exception(self._data)
  File "/home/airflow/.local/lib/python3.12/site-packages/pymysql/err.py", line 150, in raise_mysql_exception
    raise errorclass(errno, errval)
pymysql.err.IntegrityError: (1452, 'Cannot add or update a child row: a foreign key constraint fails (`refresh_jobs`.`refresh_jobs`, CONSTRAINT `fk_rj_loc` FOREIGN KEY (`location_id`) REFERENCES `locations` (`location_id`))')
[2026-03-23T07:21:40.619+0000] {taskinstance.py:1205} INFO - Marking task as UP_FOR_RETRY. dag_id=reporting_nightly_refresh, task_id=location_batches.batch_008__locs_1601_to_1800, execution_date=20260322T020000, start_date=20260323T072125, end_date=20260323T072140
[2026-03-23T07:21:40.646+0000] {standard_task_runner.py:110} ERROR - Failed to execute job 11 for task location_batches.batch_008__locs_1601_to_1800 ((1452, 'Cannot add or update a child row: a foreign key constraint fails (`refresh_jobs`.`refresh_jobs`, CONSTRAINT `fk_rj_loc` FOREIGN KEY (`location_id`) REFERENCES `locations` (`location_id`))'); 6137)
[2026-03-23T07:21:40.702+0000] {local_task_job_runner.py:240} INFO - Task exited with return code 1
[2026-03-23T07:21:40.792+0000] {taskinstance.py:3482} INFO - 0 downstream tasks scheduled from follow-on schedule check
[2026-03-23T07:21:40.798+0000] {local_task_job_runner.py:222} INFO - ::endgroup::
