[2026-03-23T05:40:20.641+0000] {local_task_job_runner.py:120} INFO - ::group::Pre task execution logs
[2026-03-23T05:40:20.916+0000] {taskinstance.py:2073} INFO - Dependencies all met for dep_context=non-requeueable deps ti=<TaskInstance: reporting_nightly_refresh.location_batches.batch_000__locs_1_to_200 scheduled__2026-03-22T02:00:00+00:00 [queued]>
[2026-03-23T05:40:20.953+0000] {taskinstance.py:2073} INFO - Dependencies all met for dep_context=requeueable deps ti=<TaskInstance: reporting_nightly_refresh.location_batches.batch_000__locs_1_to_200 scheduled__2026-03-22T02:00:00+00:00 [queued]>
[2026-03-23T05:40:20.955+0000] {taskinstance.py:2303} INFO - Starting attempt 1 of 4
[2026-03-23T05:40:21.031+0000] {taskinstance.py:2327} INFO - Executing <Task(PythonOperator): location_batches.batch_000__locs_1_to_200> on 2026-03-22 02:00:00+00:00
[2026-03-23T05:40:21.069+0000] {standard_task_runner.py:90} INFO - Running: ['airflow', 'tasks', 'run', 'reporting_nightly_refresh', 'location_batches.batch_000__locs_1_to_200', 'scheduled__2026-03-22T02:00:00+00:00', '--job-id', '2', '--raw', '--subdir', 'DAGS_FOLDER/lra_refresh_dag.py', '--cfg-path', '/tmp/tmpl2d2sqql']
[2026-03-23T05:40:21.089+0000] {standard_task_runner.py:91} INFO - Job 2: Subtask location_batches.batch_000__locs_1_to_200
[2026-03-23T05:40:21.095+0000] {logging_mixin.py:188} WARNING - /home/airflow/.local/lib/python3.12/site-packages/airflow/task/task_runner/standard_task_runner.py:61 DeprecationWarning: This process (pid=174) is multi-threaded, use of fork() may lead to deadlocks in the child.
[2026-03-23T05:40:21.100+0000] {standard_task_runner.py:63} INFO - Started process 182 to run task
[2026-03-23T05:40:22.315+0000] {task_command.py:426} INFO - Running <TaskInstance: reporting_nightly_refresh.location_batches.batch_000__locs_1_to_200 scheduled__2026-03-22T02:00:00+00:00 [running]> on host 7849ea7120c5
[2026-03-23T05:40:23.625+0000] {taskinstance.py:2644} INFO - Exporting env vars: AIRFLOW_CTX_DAG_OWNER='finance-ops' AIRFLOW_CTX_DAG_ID='reporting_nightly_refresh' AIRFLOW_CTX_TASK_ID='location_batches.batch_000__locs_1_to_200' AIRFLOW_CTX_EXECUTION_DATE='2026-03-22T02:00:00+00:00' AIRFLOW_CTX_TRY_NUMBER='1' AIRFLOW_CTX_DAG_RUN_ID='scheduled__2026-03-22T02:00:00+00:00'
[2026-03-23T05:40:23.633+0000] {taskinstance.py:430} INFO - ::endgroup::
[2026-03-23T05:40:23.790+0000] {lra_refresh_dag.py:51} INFO - Batch 0: 200 locations
[2026-03-23T05:40:25.307+0000] {lra_refresh_dag.py:54} WARNING - STDERR:
Traceback (most recent call last):
  File "/opt/automation/refresh_runner.py", line 25, in <module>
    import aiomysql
ModuleNotFoundError: No module named 'aiomysql'

[2026-03-23T05:40:25.309+0000] {taskinstance.py:441} INFO - ::group::Post task execution logs
[2026-03-23T05:40:25.311+0000] {taskinstance.py:2890} ERROR - Task failed with exception
Traceback (most recent call last):
  File "/home/airflow/.local/lib/python3.12/site-packages/airflow/models/taskinstance.py", line 460, in _execute_task
    result = _execute_callable(context=context, **execute_callable_kwargs)
             ^^^^^^^^^^^^^^^^^^^^^^^^^^^^^^^^^^^^^^^^^^^^^^^^^^^^^^^^^^^^^
  File "/home/airflow/.local/lib/python3.12/site-packages/airflow/models/taskinstance.py", line 432, in _execute_callable
    return execute_callable(context=context, **execute_callable_kwargs)
           ^^^^^^^^^^^^^^^^^^^^^^^^^^^^^^^^^^^^^^^^^^^^^^^^^^^^^^^^^^^^
  File "/home/airflow/.local/lib/python3.12/site-packages/airflow/models/baseoperator.py", line 400, in wrapper
    return func(self, *args, **kwargs)
           ^^^^^^^^^^^^^^^^^^^^^^^^^^^
  File "/home/airflow/.local/lib/python3.12/site-packages/airflow/operators/python.py", line 235, in execute
    return_value = self.execute_callable()
                   ^^^^^^^^^^^^^^^^^^^^^^^
  File "/home/airflow/.local/lib/python3.12/site-packages/airflow/operators/python.py", line 252, in execute_callable
    return self.python_callable(*self.op_args, **self.op_kwargs)
           ^^^^^^^^^^^^^^^^^^^^^^^^^^^^^^^^^^^^^^^^^^^^^^^^^^^^^
  File "/opt/airflow/dags/lra_refresh_dag.py", line 56, in run_location_batch
    raise RuntimeError(f"Batch {batch_index} failed (exit {result.returncode})")
RuntimeError: Batch 0 failed (exit 1)
[2026-03-23T05:40:25.460+0000] {taskinstance.py:1205} INFO - Marking task as UP_FOR_RETRY. dag_id=reporting_nightly_refresh, task_id=location_batches.batch_000__locs_1_to_200, execution_date=20260322T020000, start_date=20260323T054020, end_date=20260323T054025
[2026-03-23T05:40:25.506+0000] {standard_task_runner.py:110} ERROR - Failed to execute job 2 for task location_batches.batch_000__locs_1_to_200 (Batch 0 failed (exit 1); 182)
[2026-03-23T05:40:25.570+0000] {local_task_job_runner.py:240} INFO - Task exited with return code 1
[2026-03-23T05:40:25.755+0000] {taskinstance.py:3482} INFO - 0 downstream tasks scheduled from follow-on schedule check
[2026-03-23T05:40:25.759+0000] {local_task_job_runner.py:222} INFO - ::endgroup::
[2026-03-23T06:11:47.122+0000] {local_task_job_runner.py:120} INFO - ::group::Pre task execution logs
[2026-03-23T06:11:47.314+0000] {taskinstance.py:2073} INFO - Dependencies all met for dep_context=non-requeueable deps ti=<TaskInstance: reporting_nightly_refresh.location_batches.batch_000__locs_1_to_200 scheduled__2026-03-22T02:00:00+00:00 [queued]>
[2026-03-23T06:11:47.346+0000] {taskinstance.py:2073} INFO - Dependencies all met for dep_context=requeueable deps ti=<TaskInstance: reporting_nightly_refresh.location_batches.batch_000__locs_1_to_200 scheduled__2026-03-22T02:00:00+00:00 [queued]>
[2026-03-23T06:11:47.351+0000] {taskinstance.py:2303} INFO - Starting attempt 1 of 4
[2026-03-23T06:11:47.499+0000] {taskinstance.py:2327} INFO - Executing <Task(PythonOperator): location_batches.batch_000__locs_1_to_200> on 2026-03-22 02:00:00+00:00
[2026-03-23T06:11:47.545+0000] {logging_mixin.py:188} WARNING - /home/airflow/.local/lib/python3.12/site-packages/airflow/task/task_runner/standard_task_runner.py:61 DeprecationWarning: This process (pid=174) is multi-threaded, use of fork() may lead to deadlocks in the child.
[2026-03-23T06:11:47.534+0000] {standard_task_runner.py:90} INFO - Running: ['airflow', 'tasks', 'run', 'reporting_nightly_refresh', 'location_batches.batch_000__locs_1_to_200', 'scheduled__2026-03-22T02:00:00+00:00', '--job-id', '7', '--raw', '--subdir', 'DAGS_FOLDER/lra_refresh_dag.py', '--cfg-path', '/tmp/tmpj8jo5ifo']
[2026-03-23T06:11:47.548+0000] {standard_task_runner.py:63} INFO - Started process 187 to run task
[2026-03-23T06:11:47.549+0000] {standard_task_runner.py:91} INFO - Job 7: Subtask location_batches.batch_000__locs_1_to_200
[2026-03-23T06:11:48.127+0000] {task_command.py:426} INFO - Running <TaskInstance: reporting_nightly_refresh.location_batches.batch_000__locs_1_to_200 scheduled__2026-03-22T02:00:00+00:00 [running]> on host acc78bbd7e9f
[2026-03-23T06:11:49.251+0000] {taskinstance.py:2644} INFO - Exporting env vars: AIRFLOW_CTX_DAG_OWNER='finance-ops' AIRFLOW_CTX_DAG_ID='reporting_nightly_refresh' AIRFLOW_CTX_TASK_ID='location_batches.batch_000__locs_1_to_200' AIRFLOW_CTX_EXECUTION_DATE='2026-03-22T02:00:00+00:00' AIRFLOW_CTX_TRY_NUMBER='1' AIRFLOW_CTX_DAG_RUN_ID='scheduled__2026-03-22T02:00:00+00:00'
[2026-03-23T06:11:49.254+0000] {taskinstance.py:430} INFO - ::endgroup::
[2026-03-23T06:11:49.342+0000] {lra_refresh_dag.py:51} INFO - Batch 0: 200 locations
[2026-03-23T06:11:51.229+0000] {lra_refresh_dag.py:54} WARNING - STDERR:
Traceback (most recent call last):
  File "/opt/automation/refresh_runner.py", line 25, in <module>
    import aiomysql
ModuleNotFoundError: No module named 'aiomysql'

[2026-03-23T06:11:51.233+0000] {taskinstance.py:441} INFO - ::group::Post task execution logs
[2026-03-23T06:11:51.235+0000] {taskinstance.py:2890} ERROR - Task failed with exception
Traceback (most recent call last):
  File "/home/airflow/.local/lib/python3.12/site-packages/airflow/models/taskinstance.py", line 460, in _execute_task
    result = _execute_callable(context=context, **execute_callable_kwargs)
             ^^^^^^^^^^^^^^^^^^^^^^^^^^^^^^^^^^^^^^^^^^^^^^^^^^^^^^^^^^^^^
  File "/home/airflow/.local/lib/python3.12/site-packages/airflow/models/taskinstance.py", line 432, in _execute_callable
    return execute_callable(context=context, **execute_callable_kwargs)
           ^^^^^^^^^^^^^^^^^^^^^^^^^^^^^^^^^^^^^^^^^^^^^^^^^^^^^^^^^^^^
  File "/home/airflow/.local/lib/python3.12/site-packages/airflow/models/baseoperator.py", line 400, in wrapper
    return func(self, *args, **kwargs)
           ^^^^^^^^^^^^^^^^^^^^^^^^^^^
  File "/home/airflow/.local/lib/python3.12/site-packages/airflow/operators/python.py", line 235, in execute
    return_value = self.execute_callable()
                   ^^^^^^^^^^^^^^^^^^^^^^^
  File "/home/airflow/.local/lib/python3.12/site-packages/airflow/operators/python.py", line 252, in execute_callable
    return self.python_callable(*self.op_args, **self.op_kwargs)
           ^^^^^^^^^^^^^^^^^^^^^^^^^^^^^^^^^^^^^^^^^^^^^^^^^^^^^
  File "/opt/airflow/dags/lra_refresh_dag.py", line 56, in run_location_batch
    raise RuntimeError(f"Batch {batch_index} failed (exit {result.returncode})")
RuntimeError: Batch 0 failed (exit 1)
[2026-03-23T06:11:51.434+0000] {taskinstance.py:1205} INFO - Marking task as UP_FOR_RETRY. dag_id=reporting_nightly_refresh, task_id=location_batches.batch_000__locs_1_to_200, execution_date=20260322T020000, start_date=20260323T061147, end_date=20260323T061151
[2026-03-23T06:11:51.481+0000] {standard_task_runner.py:110} ERROR - Failed to execute job 7 for task location_batches.batch_000__locs_1_to_200 (Batch 0 failed (exit 1); 187)
[2026-03-23T06:11:51.609+0000] {local_task_job_runner.py:240} INFO - Task exited with return code 1
[2026-03-23T06:11:51.997+0000] {taskinstance.py:3482} INFO - 0 downstream tasks scheduled from follow-on schedule check
[2026-03-23T06:11:52.006+0000] {local_task_job_runner.py:222} INFO - ::endgroup::
[2026-03-23T06:15:20.515+0000] {local_task_job_runner.py:120} INFO - ::group::Pre task execution logs
[2026-03-23T06:15:20.692+0000] {taskinstance.py:2073} INFO - Dependencies all met for dep_context=non-requeueable deps ti=<TaskInstance: reporting_nightly_refresh.location_batches.batch_000__locs_1_to_200 scheduled__2026-03-22T02:00:00+00:00 [queued]>
[2026-03-23T06:15:20.719+0000] {taskinstance.py:2073} INFO - Dependencies all met for dep_context=requeueable deps ti=<TaskInstance: reporting_nightly_refresh.location_batches.batch_000__locs_1_to_200 scheduled__2026-03-22T02:00:00+00:00 [queued]>
[2026-03-23T06:15:20.720+0000] {taskinstance.py:2303} INFO - Starting attempt 1 of 4
[2026-03-23T06:15:20.877+0000] {taskinstance.py:2327} INFO - Executing <Task(PythonOperator): location_batches.batch_000__locs_1_to_200> on 2026-03-22 02:00:00+00:00
[2026-03-23T06:15:20.922+0000] {standard_task_runner.py:90} INFO - Running: ['airflow', 'tasks', 'run', 'reporting_nightly_refresh', 'location_batches.batch_000__locs_1_to_200', 'scheduled__2026-03-22T02:00:00+00:00', '--job-id', '16', '--raw', '--subdir', 'DAGS_FOLDER/lra_refresh_dag.py', '--cfg-path', '/tmp/tmpt4uzw9k2']
[2026-03-23T06:15:20.935+0000] {logging_mixin.py:188} WARNING - /home/airflow/.local/lib/python3.12/site-packages/airflow/task/task_runner/standard_task_runner.py:61 DeprecationWarning: This process (pid=237) is multi-threaded, use of fork() may lead to deadlocks in the child.
[2026-03-23T06:15:20.938+0000] {standard_task_runner.py:63} INFO - Started process 252 to run task
[2026-03-23T06:15:20.935+0000] {standard_task_runner.py:91} INFO - Job 16: Subtask location_batches.batch_000__locs_1_to_200
[2026-03-23T06:15:21.521+0000] {task_command.py:426} INFO - Running <TaskInstance: reporting_nightly_refresh.location_batches.batch_000__locs_1_to_200 scheduled__2026-03-22T02:00:00+00:00 [running]> on host acc78bbd7e9f
[2026-03-23T06:15:22.372+0000] {taskinstance.py:2644} INFO - Exporting env vars: AIRFLOW_CTX_DAG_OWNER='finance-ops' AIRFLOW_CTX_DAG_ID='reporting_nightly_refresh' AIRFLOW_CTX_TASK_ID='location_batches.batch_000__locs_1_to_200' AIRFLOW_CTX_EXECUTION_DATE='2026-03-22T02:00:00+00:00' AIRFLOW_CTX_TRY_NUMBER='1' AIRFLOW_CTX_DAG_RUN_ID='scheduled__2026-03-22T02:00:00+00:00'
[2026-03-23T06:15:22.376+0000] {taskinstance.py:430} INFO - ::endgroup::
[2026-03-23T06:15:22.439+0000] {lra_refresh_dag.py:51} INFO - Batch 0: 200 locations
[2026-03-23T06:15:23.403+0000] {lra_refresh_dag.py:54} WARNING - STDERR:
Traceback (most recent call last):
  File "/opt/automation/refresh_runner.py", line 25, in <module>
    import aiomysql
ModuleNotFoundError: No module named 'aiomysql'

[2026-03-23T06:15:23.404+0000] {taskinstance.py:441} INFO - ::group::Post task execution logs
[2026-03-23T06:15:23.405+0000] {taskinstance.py:2890} ERROR - Task failed with exception
Traceback (most recent call last):
  File "/home/airflow/.local/lib/python3.12/site-packages/airflow/models/taskinstance.py", line 460, in _execute_task
    result = _execute_callable(context=context, **execute_callable_kwargs)
             ^^^^^^^^^^^^^^^^^^^^^^^^^^^^^^^^^^^^^^^^^^^^^^^^^^^^^^^^^^^^^
  File "/home/airflow/.local/lib/python3.12/site-packages/airflow/models/taskinstance.py", line 432, in _execute_callable
    return execute_callable(context=context, **execute_callable_kwargs)
           ^^^^^^^^^^^^^^^^^^^^^^^^^^^^^^^^^^^^^^^^^^^^^^^^^^^^^^^^^^^^
  File "/home/airflow/.local/lib/python3.12/site-packages/airflow/models/baseoperator.py", line 400, in wrapper
    return func(self, *args, **kwargs)
           ^^^^^^^^^^^^^^^^^^^^^^^^^^^
  File "/home/airflow/.local/lib/python3.12/site-packages/airflow/operators/python.py", line 235, in execute
    return_value = self.execute_callable()
                   ^^^^^^^^^^^^^^^^^^^^^^^
  File "/home/airflow/.local/lib/python3.12/site-packages/airflow/operators/python.py", line 252, in execute_callable
    return self.python_callable(*self.op_args, **self.op_kwargs)
           ^^^^^^^^^^^^^^^^^^^^^^^^^^^^^^^^^^^^^^^^^^^^^^^^^^^^^
  File "/opt/airflow/dags/lra_refresh_dag.py", line 56, in run_location_batch
    raise RuntimeError(f"Batch {batch_index} failed (exit {result.returncode})")
RuntimeError: Batch 0 failed (exit 1)
[2026-03-23T06:15:23.516+0000] {taskinstance.py:1205} INFO - Marking task as UP_FOR_RETRY. dag_id=reporting_nightly_refresh, task_id=location_batches.batch_000__locs_1_to_200, execution_date=20260322T020000, start_date=20260323T061520, end_date=20260323T061523
[2026-03-23T06:15:23.552+0000] {standard_task_runner.py:110} ERROR - Failed to execute job 16 for task location_batches.batch_000__locs_1_to_200 (Batch 0 failed (exit 1); 252)
[2026-03-23T06:15:23.633+0000] {local_task_job_runner.py:240} INFO - Task exited with return code 1
[2026-03-23T06:15:24.043+0000] {taskinstance.py:3482} INFO - 0 downstream tasks scheduled from follow-on schedule check
[2026-03-23T06:15:24.048+0000] {local_task_job_runner.py:222} INFO - ::endgroup::
[2026-03-23T06:27:33.599+0000] {local_task_job_runner.py:120} INFO - ::group::Pre task execution logs
[2026-03-23T06:27:33.952+0000] {taskinstance.py:2073} INFO - Dependencies all met for dep_context=non-requeueable deps ti=<TaskInstance: reporting_nightly_refresh.location_batches.batch_000__locs_1_to_200 scheduled__2026-03-22T02:00:00+00:00 [queued]>
[2026-03-23T06:27:33.997+0000] {taskinstance.py:2073} INFO - Dependencies all met for dep_context=requeueable deps ti=<TaskInstance: reporting_nightly_refresh.location_batches.batch_000__locs_1_to_200 scheduled__2026-03-22T02:00:00+00:00 [queued]>
[2026-03-23T06:27:34.003+0000] {taskinstance.py:2303} INFO - Starting attempt 1 of 4
[2026-03-23T06:27:34.169+0000] {taskinstance.py:2327} INFO - Executing <Task(PythonOperator): location_batches.batch_000__locs_1_to_200> on 2026-03-22 02:00:00+00:00
[2026-03-23T06:27:34.290+0000] {standard_task_runner.py:90} INFO - Running: ['airflow', 'tasks', 'run', 'reporting_nightly_refresh', 'location_batches.batch_000__locs_1_to_200', 'scheduled__2026-03-22T02:00:00+00:00', '--job-id', '7', '--raw', '--subdir', 'DAGS_FOLDER/lra_refresh_dag.py', '--cfg-path', '/tmp/tmp42h91kdo']
[2026-03-23T06:27:34.362+0000] {logging_mixin.py:188} WARNING - /home/airflow/.local/lib/python3.12/site-packages/airflow/task/task_runner/standard_task_runner.py:61 DeprecationWarning: This process (pid=173) is multi-threaded, use of fork() may lead to deadlocks in the child.
[2026-03-23T06:27:34.372+0000] {standard_task_runner.py:91} INFO - Job 7: Subtask location_batches.batch_000__locs_1_to_200
[2026-03-23T06:27:34.375+0000] {standard_task_runner.py:63} INFO - Started process 186 to run task
[2026-03-23T06:27:35.211+0000] {task_command.py:426} INFO - Running <TaskInstance: reporting_nightly_refresh.location_batches.batch_000__locs_1_to_200 scheduled__2026-03-22T02:00:00+00:00 [running]> on host 4c525425e255
[2026-03-23T06:27:36.380+0000] {taskinstance.py:2644} INFO - Exporting env vars: AIRFLOW_CTX_DAG_OWNER='finance-ops' AIRFLOW_CTX_DAG_ID='reporting_nightly_refresh' AIRFLOW_CTX_TASK_ID='location_batches.batch_000__locs_1_to_200' AIRFLOW_CTX_EXECUTION_DATE='2026-03-22T02:00:00+00:00' AIRFLOW_CTX_TRY_NUMBER='1' AIRFLOW_CTX_DAG_RUN_ID='scheduled__2026-03-22T02:00:00+00:00'
[2026-03-23T06:27:36.384+0000] {taskinstance.py:430} INFO - ::endgroup::
[2026-03-23T06:27:36.515+0000] {lra_refresh_dag.py:51} INFO - Batch 0: 200 locations
[2026-03-23T06:29:02.509+0000] {lra_refresh_dag.py:54} WARNING - STDERR:
2026-03-23 06:27:38,703 [INFO] Run 20260323_062738 — 200 locations, concurrency=10
2026-03-23 06:27:41,400 [INFO] Navigating to login: http://mock_portal:5001
2026-03-23 06:27:42,668 [INFO] Authentication successful.
2026-03-23 06:27:44,566 [INFO] Navigating to login: http://mock_portal:5001
2026-03-23 06:27:46,621 [INFO] Authentication successful.
2026-03-23 06:27:48,797 [INFO] Navigating to login: http://mock_portal:5001
2026-03-23 06:27:50,373 [INFO] Authentication successful.
2026-03-23 06:27:52,771 [INFO] Navigating to login: http://mock_portal:5001
2026-03-23 06:27:54,516 [INFO] Authentication successful.
2026-03-23 06:27:56,183 [INFO] Navigating to login: http://mock_portal:5001
2026-03-23 06:27:58,401 [INFO] Authentication successful.
2026-03-23 06:28:00,421 [INFO] Navigating to login: http://mock_portal:5001
2026-03-23 06:28:02,990 [INFO] Authentication successful.
2026-03-23 06:28:05,320 [INFO] Navigating to login: http://mock_portal:5001
2026-03-23 06:28:10,378 [INFO] Authentication successful.
2026-03-23 06:28:57,324 [INFO] Navigating to login: http://mock_portal:5001
2026-03-23 06:28:58,438 [INFO] Authentication successful.
2026-03-23 06:28:58,905 [INFO] Navigating to login: http://mock_portal:5001
2026-03-23 06:28:59,731 [INFO] Authentication successful.
2026-03-23 06:29:00,065 [INFO] Navigating to login: http://mock_portal:5001
2026-03-23 06:29:00,832 [INFO] Authentication successful.
Traceback (most recent call last):
  File "/opt/automation/refresh_runner.py", line 185, in <module>
    asyncio.run(run_batch(location_list, concurrency=args.concurrency, headless=args.headless))
  File "/usr/local/lib/python3.12/asyncio/runners.py", line 194, in run
    return runner.run(main)
           ^^^^^^^^^^^^^^^^
  File "/usr/local/lib/python3.12/asyncio/runners.py", line 118, in run
    return self._loop.run_until_complete(task)
           ^^^^^^^^^^^^^^^^^^^^^^^^^^^^^^^^^^^
  File "/usr/local/lib/python3.12/asyncio/base_events.py", line 685, in run_until_complete
    return future.result()
           ^^^^^^^^^^^^^^^
  File "/opt/automation/refresh_runner.py", line 160, in run_batch
    await asyncio.gather(*[process(lid) for lid in location_ids])
  File "/opt/automation/refresh_runner.py", line 155, in process
    ok = await refresh_location(page, pool, loc_id, run_id)
         ^^^^^^^^^^^^^^^^^^^^^^^^^^^^^^^^^^^^^^^^^^^^^^^^^^
  File "/opt/automation/refresh_runner.py", line 88, in refresh_location
    await log_job_start(pool, location_id, run_id)
  File "/opt/automation/refresh_runner.py", line 53, in log_job_start
    await cur.execute("""
  File "/home/airflow/.local/lib/python3.12/site-packages/aiomysql/cursors.py", line 239, in execute
    await self._query(query)
  File "/home/airflow/.local/lib/python3.12/site-packages/aiomysql/cursors.py", line 457, in _query
    await conn.query(q)
  File "/home/airflow/.local/lib/python3.12/site-packages/aiomysql/connection.py", line 469, in query
    await self._read_query_result(unbuffered=unbuffered)
  File "/home/airflow/.local/lib/python3.12/site-packages/aiomysql/connection.py", line 683, in _read_query_result
    await result.read()
  File "/home/airflow/.local/lib/python3.12/site-packages/aiomysql/connection.py", line 1164, in read
    first_packet = await self.connection._read_packet()
                   ^^^^^^^^^^^^^^^^^^^^^^^^^^^^^^^^^^^^
  File "/home/airflow/.local/lib/python3.12/site-packages/aiomysql/connection.py", line 652, in _read_packet
    packet.raise_for_error()
  File "/home/airflow/.local/lib/python3.12/site-packages/pymysql/protocol.py", line 219, in raise_for_error
    err.raise_mysql_exception(self._data)
  File "/home/airflow/.local/lib/python3.12/site-packages/pymysql/err.py", line 150, in raise_mysql_exception
    raise errorclass(errno, errval)
pymysql.err.ProgrammingError: (1146, "Table 'refresh_jobs.refresh_jobs' doesn't exist")
Exception ignored in: <function Connection.__del__ at 0x7d23e1c587c0>
Traceback (most recent call last):
  File "/home/airflow/.local/lib/python3.12/site-packages/aiomysql/connection.py", line 1131, in __del__
  File "/home/airflow/.local/lib/python3.12/site-packages/aiomysql/connection.py", line 339, in close
  File "/usr/local/lib/python3.12/asyncio/selector_events.py", line 1210, in close
  File "/usr/local/lib/python3.12/asyncio/selector_events.py", line 875, in close
  File "/usr/local/lib/python3.12/asyncio/base_events.py", line 793, in call_soon
  File "/usr/local/lib/python3.12/asyncio/base_events.py", line 540, in _check_closed
RuntimeError: Event loop is closed
Exception ignored in: <function Connection.__del__ at 0x7d23e1c587c0>
Traceback (most recent call last):
  File "/home/airflow/.local/lib/python3.12/site-packages/aiomysql/connection.py", line 1131, in __del__
  File "/home/airflow/.local/lib/python3.12/site-packages/aiomysql/connection.py", line 339, in close
  File "/usr/local/lib/python3.12/asyncio/selector_events.py", line 1210, in close
  File "/usr/local/lib/python3.12/asyncio/selector_events.py", line 875, in close
  File "/usr/local/lib/python3.12/asyncio/base_events.py", line 793, in call_soon
  File "/usr/local/lib/python3.12/asyncio/base_events.py", line 540, in _check_closed
RuntimeError: Event loop is closed
Exception ignored in: <function Connection.__del__ at 0x7d23e1c587c0>
Traceback (most recent call last):
  File "/home/airflow/.local/lib/python3.12/site-packages/aiomysql/connection.py", line 1131, in __del__
  File "/home/airflow/.local/lib/python3.12/site-packages/aiomysql/connection.py", line 339, in close
  File "/usr/local/lib/python3.12/asyncio/selector_events.py", line 1210, in close
  File "/usr/local/lib/python3.12/asyncio/selector_events.py", line 875, in close
  File "/usr/local/lib/python3.12/asyncio/base_events.py", line 793, in call_soon
  File "/usr/local/lib/python3.12/asyncio/base_events.py", line 540, in _check_closed
RuntimeError: Event loop is closed
Exception ignored in: <function Connection.__del__ at 0x7d23e1c587c0>
Traceback (most recent call last):
  File "/home/airflow/.local/lib/python3.12/site-packages/aiomysql/connection.py", line 1131, in __del__
  File "/home/airflow/.local/lib/python3.12/site-packages/aiomysql/connection.py", line 339, in close
  File "/usr/local/lib/python3.12/asyncio/selector_events.py", line 1210, in close
  File "/usr/local/lib/python3.12/asyncio/selector_events.py", line 875, in close
  File "/usr/local/lib/python3.12/asyncio/base_events.py", line 793, in call_soon
  File "/usr/local/lib/python3.12/asyncio/base_events.py", line 540, in _check_closed
RuntimeError: Event loop is closed
Exception ignored in: <function Connection.__del__ at 0x7d23e1c587c0>
Traceback (most recent call last):
  File "/home/airflow/.local/lib/python3.12/site-packages/aiomysql/connection.py", line 1131, in __del__
  File "/home/airflow/.local/lib/python3.12/site-packages/aiomysql/connection.py", line 339, in close
  File "/usr/local/lib/python3.12/asyncio/selector_events.py", line 1210, in close
  File "/usr/local/lib/python3.12/asyncio/selector_events.py", line 875, in close
  File "/usr/local/lib/python3.12/asyncio/base_events.py", line 793, in call_soon
  File "/usr/local/lib/python3.12/asyncio/base_events.py", line 540, in _check_closed
RuntimeError: Event loop is closed
Exception ignored in: <function Connection.__del__ at 0x7d23e1c587c0>
Traceback (most recent call last):
  File "/home/airflow/.local/lib/python3.12/site-packages/aiomysql/connection.py", line 1131, in __del__
  File "/home/airflow/.local/lib/python3.12/site-packages/aiomysql/connection.py", line 339, in close
  File "/usr/local/lib/python3.12/asyncio/selector_events.py", line 1210, in close
  File "/usr/local/lib/python3.12/asyncio/selector_events.py", line 875, in close
  File "/usr/local/lib/python3.12/asyncio/base_events.py", line 793, in call_soon
  File "/usr/local/lib/python3.12/asyncio/base_events.py", line 540, in _check_closed
RuntimeError: Event loop is closed
Exception ignored in: <function Connection.__del__ at 0x7d23e1c587c0>
Traceback (most recent call last):
  File "/home/airflow/.local/lib/python3.12/site-packages/aiomysql/connection.py", line 1131, in __del__
  File "/home/airflow/.local/lib/python3.12/site-packages/aiomysql/connection.py", line 339, in close
  File "/usr/local/lib/python3.12/asyncio/selector_events.py", line 1210, in close
  File "/usr/local/lib/python3.12/asyncio/selector_events.py", line 875, in close
  File "/usr/local/lib/python3.12/asyncio/base_events.py", line 793, in call_soon
  File "/usr/local/lib/python3.12/asyncio/base_events.py", line 540, in _check_closed
RuntimeError: Event loop is closed
Exception ignored in: <function Connection.__del__ at 0x7d23e1c587c0>
Traceback (most recent call last):
  File "/home/airflow/.local/lib/python3.12/site-packages/aiomysql/connection.py", line 1131, in __del__
  File "/home/airflow/.local/lib/python3.12/site-packages/aiomysql/connection.py", line 339, in close
  File "/usr/local/lib/python3.12/asyncio/selector_events.py", line 1210, in close
  File "/usr/local/lib/python3.12/asyncio/selector_events.py", line 875, in close
  File "/usr/local/lib/python3.12/asyncio/base_events.py", line 793, in call_soon
  File "/usr/local/lib/python3.12/asyncio/base_events.py", line 540, in _check_closed
RuntimeError: Event loop is closed
Exception ignored in: <function Connection.__del__ at 0x7d23e1c587c0>
Traceback (most recent call last):
  File "/home/airflow/.local/lib/python3.12/site-packages/aiomysql/connection.py", line 1131, in __del__
  File "/home/airflow/.local/lib/python3.12/site-packages/aiomysql/connection.py", line 339, in close
  File "/usr/local/lib/python3.12/asyncio/selector_events.py", line 1210, in close
  File "/usr/local/lib/python3.12/asyncio/selector_events.py", line 875, in close
  File "/usr/local/lib/python3.12/asyncio/base_events.py", line 793, in call_soon
  File "/usr/local/lib/python3.12/asyncio/base_events.py", line 540, in _check_closed
RuntimeError: Event loop is closed
Exception ignored in: <function Connection.__del__ at 0x7d23e1c587c0>
Traceback (most recent call last):
  File "/home/airflow/.local/lib/python3.12/site-packages/aiomysql/connection.py", line 1131, in __del__
  File "/home/airflow/.local/lib/python3.12/site-packages/aiomysql/connection.py", line 339, in close
  File "/usr/local/lib/python3.12/asyncio/selector_events.py", line 1210, in close
  File "/usr/local/lib/python3.12/asyncio/selector_events.py", line 875, in close
  File "/usr/local/lib/python3.12/asyncio/base_events.py", line 793, in call_soon
  File "/usr/local/lib/python3.12/asyncio/base_events.py", line 540, in _check_closed
RuntimeError: Event loop is closed

[2026-03-23T06:29:02.621+0000] {taskinstance.py:441} INFO - ::group::Post task execution logs
[2026-03-23T06:29:02.683+0000] {taskinstance.py:2890} ERROR - Task failed with exception
Traceback (most recent call last):
  File "/home/airflow/.local/lib/python3.12/site-packages/airflow/models/taskinstance.py", line 460, in _execute_task
    result = _execute_callable(context=context, **execute_callable_kwargs)
             ^^^^^^^^^^^^^^^^^^^^^^^^^^^^^^^^^^^^^^^^^^^^^^^^^^^^^^^^^^^^^
  File "/home/airflow/.local/lib/python3.12/site-packages/airflow/models/taskinstance.py", line 432, in _execute_callable
    return execute_callable(context=context, **execute_callable_kwargs)
           ^^^^^^^^^^^^^^^^^^^^^^^^^^^^^^^^^^^^^^^^^^^^^^^^^^^^^^^^^^^^
  File "/home/airflow/.local/lib/python3.12/site-packages/airflow/models/baseoperator.py", line 400, in wrapper
    return func(self, *args, **kwargs)
           ^^^^^^^^^^^^^^^^^^^^^^^^^^^
  File "/home/airflow/.local/lib/python3.12/site-packages/airflow/operators/python.py", line 235, in execute
    return_value = self.execute_callable()
                   ^^^^^^^^^^^^^^^^^^^^^^^
  File "/home/airflow/.local/lib/python3.12/site-packages/airflow/operators/python.py", line 252, in execute_callable
    return self.python_callable(*self.op_args, **self.op_kwargs)
           ^^^^^^^^^^^^^^^^^^^^^^^^^^^^^^^^^^^^^^^^^^^^^^^^^^^^^
  File "/opt/airflow/dags/lra_refresh_dag.py", line 56, in run_location_batch
    raise RuntimeError(f"Batch {batch_index} failed (exit {result.returncode})")
RuntimeError: Batch 0 failed (exit 1)
[2026-03-23T06:29:03.652+0000] {taskinstance.py:1205} INFO - Marking task as UP_FOR_RETRY. dag_id=reporting_nightly_refresh, task_id=location_batches.batch_000__locs_1_to_200, execution_date=20260322T020000, start_date=20260323T062733, end_date=20260323T062903
[2026-03-23T06:29:04.102+0000] {standard_task_runner.py:110} ERROR - Failed to execute job 7 for task location_batches.batch_000__locs_1_to_200 (Batch 0 failed (exit 1); 186)
[2026-03-23T06:29:04.264+0000] {local_task_job_runner.py:240} INFO - Task exited with return code 1
[2026-03-23T06:29:05.017+0000] {taskinstance.py:3482} INFO - 0 downstream tasks scheduled from follow-on schedule check
[2026-03-23T06:29:05.023+0000] {local_task_job_runner.py:222} INFO - ::endgroup::
[2026-03-23T06:55:34.584+0000] {local_task_job_runner.py:120} INFO - ::group::Pre task execution logs
[2026-03-23T06:55:34.792+0000] {taskinstance.py:2073} INFO - Dependencies all met for dep_context=non-requeueable deps ti=<TaskInstance: reporting_nightly_refresh.location_batches.batch_000__locs_1_to_200 scheduled__2026-03-22T02:00:00+00:00 [queued]>
[2026-03-23T06:55:34.831+0000] {taskinstance.py:2073} INFO - Dependencies all met for dep_context=requeueable deps ti=<TaskInstance: reporting_nightly_refresh.location_batches.batch_000__locs_1_to_200 scheduled__2026-03-22T02:00:00+00:00 [queued]>
[2026-03-23T06:55:34.834+0000] {taskinstance.py:2303} INFO - Starting attempt 1 of 4
[2026-03-23T06:55:35.057+0000] {taskinstance.py:2327} INFO - Executing <Task(PythonOperator): location_batches.batch_000__locs_1_to_200> on 2026-03-22 02:00:00+00:00
[2026-03-23T06:55:35.087+0000] {standard_task_runner.py:90} INFO - Running: ['airflow', 'tasks', 'run', 'reporting_nightly_refresh', 'location_batches.batch_000__locs_1_to_200', 'scheduled__2026-03-22T02:00:00+00:00', '--job-id', '5', '--raw', '--subdir', 'DAGS_FOLDER/reporting_refresh_dag.py', '--cfg-path', '/tmp/tmp3og0r5_z']
[2026-03-23T06:55:35.099+0000] {standard_task_runner.py:91} INFO - Job 5: Subtask location_batches.batch_000__locs_1_to_200
[2026-03-23T06:55:35.100+0000] {logging_mixin.py:188} WARNING - /home/airflow/.local/lib/python3.12/site-packages/airflow/task/task_runner/standard_task_runner.py:61 DeprecationWarning: This process (pid=216) is multi-threaded, use of fork() may lead to deadlocks in the child.
[2026-03-23T06:55:35.103+0000] {standard_task_runner.py:63} INFO - Started process 226 to run task
[2026-03-23T06:55:35.539+0000] {task_command.py:426} INFO - Running <TaskInstance: reporting_nightly_refresh.location_batches.batch_000__locs_1_to_200 scheduled__2026-03-22T02:00:00+00:00 [running]> on host 709b26eca54f
[2026-03-23T06:55:36.339+0000] {taskinstance.py:2644} INFO - Exporting env vars: AIRFLOW_CTX_DAG_OWNER='finance-ops' AIRFLOW_CTX_DAG_ID='reporting_nightly_refresh' AIRFLOW_CTX_TASK_ID='location_batches.batch_000__locs_1_to_200' AIRFLOW_CTX_EXECUTION_DATE='2026-03-22T02:00:00+00:00' AIRFLOW_CTX_TRY_NUMBER='1' AIRFLOW_CTX_DAG_RUN_ID='scheduled__2026-03-22T02:00:00+00:00'
[2026-03-23T06:55:36.342+0000] {taskinstance.py:430} INFO - ::endgroup::
[2026-03-23T06:55:36.606+0000] {refresh_runner.py:135} INFO - Run 20260323_065536 — 200 locations, concurrency=10
[2026-03-23T06:55:39.252+0000] {refresh_runner.py:76} INFO - Navigating to login: http://mock_portal:5001
[2026-03-23T06:55:41.288+0000] {refresh_runner.py:82} INFO - Authentication successful.
[2026-03-23T06:55:43.526+0000] {refresh_runner.py:76} INFO - Navigating to login: http://mock_portal:5001
[2026-03-23T06:55:45.823+0000] {refresh_runner.py:82} INFO - Authentication successful.
[2026-03-23T06:55:47.909+0000] {refresh_runner.py:76} INFO - Navigating to login: http://mock_portal:5001
[2026-03-23T06:55:50.171+0000] {refresh_runner.py:82} INFO - Authentication successful.
[2026-03-23T06:55:53.132+0000] {refresh_runner.py:76} INFO - Navigating to login: http://mock_portal:5001
[2026-03-23T06:55:58.340+0000] {refresh_runner.py:82} INFO - Authentication successful.
[2026-03-23T06:56:02.098+0000] {refresh_runner.py:76} INFO - Navigating to login: http://mock_portal:5001
[2026-03-23T06:56:04.403+0000] {refresh_runner.py:82} INFO - Authentication successful.
[2026-03-23T06:56:06.831+0000] {refresh_runner.py:76} INFO - Navigating to login: http://mock_portal:5001
[2026-03-23T06:56:10.327+0000] {refresh_runner.py:82} INFO - Authentication successful.
[2026-03-23T06:56:57.680+0000] {local_task_job_runner.py:222} INFO - ::endgroup::
[2026-03-23T06:57:02.570+0000] {process_utils.py:132} INFO - Sending 15 to group 226. PIDs of all processes in the group: [289, 331, 1195, 1589, 2327, 2649, 3242, 3868, 3895, 3909, 4072, 4324, 4035, 3256, 3257, 3370, 3609, 3366, 2658, 2660, 2749, 2997, 2726, 2398, 2399, 2524, 2607, 2521, 1812, 1831, 1970, 2038, 1969, 1268, 1269, 1404, 1466, 1399, 399, 405, 710, 856, 654, 226]
[2026-03-23T06:57:02.595+0000] {process_utils.py:87} INFO - Sending the signal 15 to group 226
[2026-03-23T06:57:02.596+0000] {taskinstance.py:2607} ERROR - Received SIGTERM. Terminating subprocesses.
[2026-03-23T06:57:07.062+0000] {process_utils.py:80} INFO - Process psutil.Process(pid=331, status='terminated', started='06:55:38') (331) terminated with exit code None
[2026-03-23T06:57:07.100+0000] {process_utils.py:80} INFO - Process psutil.Process(pid=1812, status='terminated', started='06:55:46') (1812) terminated with exit code None
[2026-03-23T06:57:07.198+0000] {process_utils.py:80} INFO - Process psutil.Process(pid=1399, status='terminated', started='06:55:42') (1399) terminated with exit code None
[2026-03-23T06:57:07.233+0000] {process_utils.py:80} INFO - Process psutil.Process(pid=3257, status='terminated', started='06:56:04') (3257) terminated with exit code None
[2026-03-23T06:57:07.237+0000] {process_utils.py:80} INFO - Process psutil.Process(pid=2399, status='terminated', started='06:55:51') (2399) terminated with exit code None
[2026-03-23T06:57:07.249+0000] {process_utils.py:80} INFO - Process psutil.Process(pid=2649, status='terminated', started='06:55:58') (2649) terminated with exit code None
[2026-03-23T06:57:07.258+0000] {process_utils.py:80} INFO - Process psutil.Process(pid=1589, status='terminated', started='06:55:45') (1589) terminated with exit code None
[2026-03-23T06:57:07.294+0000] {process_utils.py:80} INFO - Process psutil.Process(pid=1268, status='terminated', started='06:55:41') (1268) terminated with exit code None
[2026-03-23T06:57:07.297+0000] {process_utils.py:80} INFO - Process psutil.Process(pid=654, status='terminated', started='06:55:38') (654) terminated with exit code None
[2026-03-23T06:57:07.329+0000] {process_utils.py:80} INFO - Process psutil.Process(pid=4072, status='terminated', started='06:56:24') (4072) terminated with exit code None
[2026-03-23T06:57:07.341+0000] {process_utils.py:80} INFO - Process psutil.Process(pid=1195, status='terminated', started='06:55:41') (1195) terminated with exit code None
[2026-03-23T06:57:07.363+0000] {process_utils.py:80} INFO - Process psutil.Process(pid=2658, status='terminated', started='06:55:59') (2658) terminated with exit code None
[2026-03-23T06:57:07.376+0000] {process_utils.py:80} INFO - Process psutil.Process(pid=2607, status='terminated', started='06:55:52') (2607) terminated with exit code None
[2026-03-23T06:57:07.380+0000] {process_utils.py:80} INFO - Process psutil.Process(pid=1831, status='terminated', started='06:55:46') (1831) terminated with exit code None
[2026-03-23T06:57:07.387+0000] {process_utils.py:80} INFO - Process psutil.Process(pid=3868, status='terminated', started='06:56:10') (3868) terminated with exit code None
[2026-03-23T06:57:07.420+0000] {process_utils.py:80} INFO - Process psutil.Process(pid=3370, status='terminated', started='06:56:05') (3370) terminated with exit code None
[2026-03-23T06:57:07.423+0000] {process_utils.py:80} INFO - Process psutil.Process(pid=1970, status='terminated', started='06:55:47') (1970) terminated with exit code None
[2026-03-23T06:57:07.440+0000] {process_utils.py:80} INFO - Process psutil.Process(pid=2398, status='terminated', started='06:55:51') (2398) terminated with exit code None
[2026-03-23T06:57:07.444+0000] {process_utils.py:80} INFO - Process psutil.Process(pid=3895, status='terminated', started='06:56:12') (3895) terminated with exit code None
[2026-03-23T06:57:07.446+0000] {process_utils.py:80} INFO - Process psutil.Process(pid=4035, status='terminated', started='06:56:21') (4035) terminated with exit code None
[2026-03-23T06:57:07.447+0000] {process_utils.py:80} INFO - Process psutil.Process(pid=1466, status='terminated', started='06:55:42') (1466) terminated with exit code None
[2026-03-23T06:57:07.453+0000] {process_utils.py:80} INFO - Process psutil.Process(pid=399, status='terminated', started='06:55:38') (399) terminated with exit code None
[2026-03-23T06:57:07.454+0000] {process_utils.py:80} INFO - Process psutil.Process(pid=1404, status='terminated', started='06:55:42') (1404) terminated with exit code None
[2026-03-23T06:57:07.460+0000] {process_utils.py:80} INFO - Process psutil.Process(pid=2997, status='terminated', started='06:56:01') (2997) terminated with exit code None
[2026-03-23T06:57:07.463+0000] {process_utils.py:80} INFO - Process psutil.Process(pid=2726, status='terminated', started='06:56:00') (2726) terminated with exit code None
[2026-03-23T06:57:07.478+0000] {process_utils.py:80} INFO - Process psutil.Process(pid=2749, status='terminated', started='06:56:00') (2749) terminated with exit code None
[2026-03-23T06:57:07.492+0000] {process_utils.py:80} INFO - Process psutil.Process(pid=856, status='terminated', started='06:55:39') (856) terminated with exit code None
[2026-03-23T06:57:07.532+0000] {process_utils.py:80} INFO - Process psutil.Process(pid=3909, status='terminated', started='06:56:12') (3909) terminated with exit code None
[2026-03-23T06:57:07.538+0000] {process_utils.py:80} INFO - Process psutil.Process(pid=3366, status='terminated', started='06:56:05') (3366) terminated with exit code None
[2026-03-23T06:57:07.540+0000] {process_utils.py:80} INFO - Process psutil.Process(pid=1969, status='terminated', started='06:55:47') (1969) terminated with exit code None
[2026-03-23T06:57:07.572+0000] {process_utils.py:80} INFO - Process psutil.Process(pid=2521, status='terminated', started='06:55:52') (2521) terminated with exit code None
[2026-03-23T06:57:07.576+0000] {process_utils.py:80} INFO - Process psutil.Process(pid=3242, status='terminated', started='06:56:04') (3242) terminated with exit code None
[2026-03-23T06:57:07.577+0000] {process_utils.py:80} INFO - Process psutil.Process(pid=4324, status='terminated', started='06:56:51') (4324) terminated with exit code None
[2026-03-23T06:57:07.580+0000] {process_utils.py:80} INFO - Process psutil.Process(pid=710, status='terminated', started='06:55:38') (710) terminated with exit code None
[2026-03-23T06:57:07.583+0000] {process_utils.py:80} INFO - Process psutil.Process(pid=1269, status='terminated', started='06:55:41') (1269) terminated with exit code None
[2026-03-23T06:57:07.654+0000] {process_utils.py:80} INFO - Process psutil.Process(pid=3609, status='terminated', started='06:56:06') (3609) terminated with exit code None
[2026-03-23T06:57:07.660+0000] {process_utils.py:80} INFO - Process psutil.Process(pid=2038, status='terminated', started='06:55:47') (2038) terminated with exit code None
[2026-03-23T06:57:07.662+0000] {process_utils.py:80} INFO - Process psutil.Process(pid=405, status='terminated', started='06:55:38') (405) terminated with exit code None
[2026-03-23T06:57:07.664+0000] {process_utils.py:80} INFO - Process psutil.Process(pid=2660, status='terminated', started='06:55:59') (2660) terminated with exit code None
[2026-03-23T06:57:07.666+0000] {process_utils.py:80} INFO - Process psutil.Process(pid=2524, status='terminated', started='06:55:52') (2524) terminated with exit code None
[2026-03-23T06:57:07.668+0000] {process_utils.py:80} INFO - Process psutil.Process(pid=3256, status='terminated', started='06:56:04') (3256) terminated with exit code None
[2026-03-23T06:57:07.673+0000] {process_utils.py:80} INFO - Process psutil.Process(pid=2327, status='terminated', started='06:55:50') (2327) terminated with exit code None
[2026-03-23T06:57:07.808+0000] {process_utils.py:80} INFO - Process psutil.Process(pid=289, status='terminated', started='06:55:36') (289) terminated with exit code None
[2026-03-23T06:58:02.584+0000] {process_utils.py:150} WARNING - process psutil.Process(pid=226, name='airflow task ru', status='sleeping', started='06:55:35') did not respond to SIGTERM. Trying SIGKILL
[2026-03-23T06:58:02.656+0000] {process_utils.py:87} INFO - Sending the signal 9 to group 226
[2026-03-23T06:58:02.753+0000] {process_utils.py:80} INFO - Process psutil.Process(pid=226, name='airflow task ru', status='terminated', exitcode=<Negsignal.SIGKILL: -9>, started='06:55:35') (226) terminated with exit code -9
[2026-03-23T06:58:02.759+0000] {standard_task_runner.py:178} ERROR - Job 5 was killed before it finished (likely due to running out of memory)
[2026-03-23T07:07:16.723+0000] {local_task_job_runner.py:120} INFO - ::group::Pre task execution logs
[2026-03-23T07:07:16.921+0000] {taskinstance.py:2073} INFO - Dependencies all met for dep_context=non-requeueable deps ti=<TaskInstance: reporting_nightly_refresh.location_batches.batch_000__locs_1_to_200 scheduled__2026-03-22T02:00:00+00:00 [queued]>
[2026-03-23T07:07:16.943+0000] {taskinstance.py:2073} INFO - Dependencies all met for dep_context=requeueable deps ti=<TaskInstance: reporting_nightly_refresh.location_batches.batch_000__locs_1_to_200 scheduled__2026-03-22T02:00:00+00:00 [queued]>
[2026-03-23T07:07:16.944+0000] {taskinstance.py:2303} INFO - Starting attempt 1 of 4
[2026-03-23T07:07:17.044+0000] {taskinstance.py:2327} INFO - Executing <Task(PythonOperator): location_batches.batch_000__locs_1_to_200> on 2026-03-22 02:00:00+00:00
[2026-03-23T07:07:17.074+0000] {standard_task_runner.py:90} INFO - Running: ['airflow', 'tasks', 'run', 'reporting_nightly_refresh', 'location_batches.batch_000__locs_1_to_200', 'scheduled__2026-03-22T02:00:00+00:00', '--job-id', '6', '--raw', '--subdir', 'DAGS_FOLDER/reporting_refresh_dag.py', '--cfg-path', '/tmp/tmp4ks9a_3y']
[2026-03-23T07:07:17.083+0000] {standard_task_runner.py:91} INFO - Job 6: Subtask location_batches.batch_000__locs_1_to_200
[2026-03-23T07:07:17.085+0000] {logging_mixin.py:188} WARNING - /home/airflow/.local/lib/python3.12/site-packages/airflow/task/task_runner/standard_task_runner.py:61 DeprecationWarning: This process (pid=174) is multi-threaded, use of fork() may lead to deadlocks in the child.
[2026-03-23T07:07:17.088+0000] {standard_task_runner.py:63} INFO - Started process 186 to run task
[2026-03-23T07:07:17.508+0000] {task_command.py:426} INFO - Running <TaskInstance: reporting_nightly_refresh.location_batches.batch_000__locs_1_to_200 scheduled__2026-03-22T02:00:00+00:00 [running]> on host 537b898fa87c
[2026-03-23T07:07:18.215+0000] {taskinstance.py:2644} INFO - Exporting env vars: AIRFLOW_CTX_DAG_OWNER='finance-ops' AIRFLOW_CTX_DAG_ID='reporting_nightly_refresh' AIRFLOW_CTX_TASK_ID='location_batches.batch_000__locs_1_to_200' AIRFLOW_CTX_EXECUTION_DATE='2026-03-22T02:00:00+00:00' AIRFLOW_CTX_TRY_NUMBER='1' AIRFLOW_CTX_DAG_RUN_ID='scheduled__2026-03-22T02:00:00+00:00'
[2026-03-23T07:07:18.219+0000] {taskinstance.py:430} INFO - ::endgroup::
[2026-03-23T07:07:18.476+0000] {refresh_runner.py:135} INFO - Run 20260323_070718 — 200 locations, concurrency=10
[2026-03-23T07:07:23.212+0000] {refresh_runner.py:76} INFO - Navigating to login: http://mock_portal:5001
[2026-03-23T07:07:24.626+0000] {refresh_runner.py:82} INFO - Authentication successful.
[2026-03-23T07:07:25.625+0000] {refresh_runner.py:76} INFO - Navigating to login: http://mock_portal:5001
[2026-03-23T07:07:26.925+0000] {refresh_runner.py:82} INFO - Authentication successful.
[2026-03-23T07:07:29.379+0000] {refresh_runner.py:76} INFO - Navigating to login: http://mock_portal:5001
[2026-03-23T07:07:30.830+0000] {refresh_runner.py:82} INFO - Authentication successful.
[2026-03-23T07:07:32.239+0000] {refresh_runner.py:76} INFO - Navigating to login: http://mock_portal:5001
[2026-03-23T07:07:35.676+0000] {refresh_runner.py:82} INFO - Authentication successful.
[2026-03-23T07:07:38.183+0000] {refresh_runner.py:76} INFO - Navigating to login: http://mock_portal:5001
[2026-03-23T07:07:40.891+0000] {refresh_runner.py:82} INFO - Authentication successful.
[2026-03-23T07:07:43.011+0000] {refresh_runner.py:76} INFO - Navigating to login: http://mock_portal:5001
[2026-03-23T07:07:44.766+0000] {refresh_runner.py:82} INFO - Authentication successful.
[2026-03-23T07:07:47.492+0000] {refresh_runner.py:76} INFO - Navigating to login: http://mock_portal:5001
[2026-03-23T07:07:49.757+0000] {refresh_runner.py:82} INFO - Authentication successful.
[2026-03-23T07:08:29.623+0000] {refresh_runner.py:76} INFO - Navigating to login: http://mock_portal:5001
[2026-03-23T07:08:31.055+0000] {refresh_runner.py:82} INFO - Authentication successful.
[2026-03-23T07:08:36.433+0000] {refresh_runner.py:76} INFO - Navigating to login: http://mock_portal:5001
[2026-03-23T07:09:10.364+0000] {refresh_runner.py:82} INFO - Authentication successful.
[2026-03-23T07:09:15.396+0000] {refresh_runner.py:76} INFO - Navigating to login: http://mock_portal:5001
[2026-03-23T07:09:17.095+0000] {refresh_runner.py:82} INFO - Authentication successful.
[2026-03-23T07:09:19.113+0000] {taskinstance.py:441} INFO - ::group::Post task execution logs
[2026-03-23T07:09:19.119+0000] {taskinstance.py:2890} ERROR - Task failed with exception
Traceback (most recent call last):
  File "/home/airflow/.local/lib/python3.12/site-packages/airflow/models/taskinstance.py", line 460, in _execute_task
    result = _execute_callable(context=context, **execute_callable_kwargs)
             ^^^^^^^^^^^^^^^^^^^^^^^^^^^^^^^^^^^^^^^^^^^^^^^^^^^^^^^^^^^^^
  File "/home/airflow/.local/lib/python3.12/site-packages/airflow/models/taskinstance.py", line 432, in _execute_callable
    return execute_callable(context=context, **execute_callable_kwargs)
           ^^^^^^^^^^^^^^^^^^^^^^^^^^^^^^^^^^^^^^^^^^^^^^^^^^^^^^^^^^^^
  File "/home/airflow/.local/lib/python3.12/site-packages/airflow/models/baseoperator.py", line 400, in wrapper
    return func(self, *args, **kwargs)
           ^^^^^^^^^^^^^^^^^^^^^^^^^^^
  File "/home/airflow/.local/lib/python3.12/site-packages/airflow/operators/python.py", line 235, in execute
    return_value = self.execute_callable()
                   ^^^^^^^^^^^^^^^^^^^^^^^
  File "/home/airflow/.local/lib/python3.12/site-packages/airflow/operators/python.py", line 252, in execute_callable
    return self.python_callable(*self.op_args, **self.op_kwargs)
           ^^^^^^^^^^^^^^^^^^^^^^^^^^^^^^^^^^^^^^^^^^^^^^^^^^^^^
  File "/opt/airflow/dags/reporting_refresh_dag.py", line 53, in run_location_batch
    asyncio.run(run_batch(location_ids, concurrency=CONCURRENCY, headless=True))
  File "/usr/local/lib/python3.12/asyncio/runners.py", line 194, in run
    return runner.run(main)
           ^^^^^^^^^^^^^^^^
  File "/usr/local/lib/python3.12/asyncio/runners.py", line 118, in run
    return self._loop.run_until_complete(task)
           ^^^^^^^^^^^^^^^^^^^^^^^^^^^^^^^^^^^
  File "/usr/local/lib/python3.12/asyncio/base_events.py", line 685, in run_until_complete
    return future.result()
           ^^^^^^^^^^^^^^^
  File "/opt/airflow/dags/refresh_runner.py", line 160, in run_batch
    await asyncio.gather(*[process(lid) for lid in location_ids])
  File "/opt/airflow/dags/refresh_runner.py", line 155, in process
    ok = await refresh_location(page, pool, loc_id, run_id)
         ^^^^^^^^^^^^^^^^^^^^^^^^^^^^^^^^^^^^^^^^^^^^^^^^^^
  File "/opt/airflow/dags/refresh_runner.py", line 88, in refresh_location
    await log_job_start(pool, location_id, run_id)
  File "/opt/airflow/dags/refresh_runner.py", line 53, in log_job_start
    await cur.execute("""
  File "/home/airflow/.local/lib/python3.12/site-packages/aiomysql/cursors.py", line 239, in execute
    await self._query(query)
  File "/home/airflow/.local/lib/python3.12/site-packages/aiomysql/cursors.py", line 457, in _query
    await conn.query(q)
  File "/home/airflow/.local/lib/python3.12/site-packages/aiomysql/connection.py", line 469, in query
    await self._read_query_result(unbuffered=unbuffered)
  File "/home/airflow/.local/lib/python3.12/site-packages/aiomysql/connection.py", line 683, in _read_query_result
    await result.read()
  File "/home/airflow/.local/lib/python3.12/site-packages/aiomysql/connection.py", line 1164, in read
    first_packet = await self.connection._read_packet()
                   ^^^^^^^^^^^^^^^^^^^^^^^^^^^^^^^^^^^^
  File "/home/airflow/.local/lib/python3.12/site-packages/aiomysql/connection.py", line 652, in _read_packet
    packet.raise_for_error()
  File "/home/airflow/.local/lib/python3.12/site-packages/pymysql/protocol.py", line 219, in raise_for_error
    err.raise_mysql_exception(self._data)
  File "/home/airflow/.local/lib/python3.12/site-packages/pymysql/err.py", line 150, in raise_mysql_exception
    raise errorclass(errno, errval)
pymysql.err.ProgrammingError: (1146, "Table 'refresh_jobs.refresh_jobs' doesn't exist")
[2026-03-23T07:09:19.372+0000] {taskinstance.py:1205} INFO - Marking task as UP_FOR_RETRY. dag_id=reporting_nightly_refresh, task_id=location_batches.batch_000__locs_1_to_200, execution_date=20260322T020000, start_date=20260323T070716, end_date=20260323T070919
[2026-03-23T07:09:20.981+0000] {standard_task_runner.py:110} ERROR - Failed to execute job 6 for task location_batches.batch_000__locs_1_to_200 ((1146, "Table 'refresh_jobs.refresh_jobs' doesn't exist"); 186)
[2026-03-23T07:09:21.147+0000] {local_task_job_runner.py:240} INFO - Task exited with return code 1
[2026-03-23T07:09:23.156+0000] {taskinstance.py:3482} INFO - 0 downstream tasks scheduled from follow-on schedule check
[2026-03-23T07:09:23.170+0000] {local_task_job_runner.py:222} INFO - ::endgroup::
[2026-03-23T07:12:58.789+0000] {local_task_job_runner.py:120} INFO - ::group::Pre task execution logs
[2026-03-23T07:12:59.038+0000] {taskinstance.py:2073} INFO - Dependencies all met for dep_context=non-requeueable deps ti=<TaskInstance: reporting_nightly_refresh.location_batches.batch_000__locs_1_to_200 scheduled__2026-03-22T02:00:00+00:00 [queued]>
[2026-03-23T07:12:59.067+0000] {taskinstance.py:2073} INFO - Dependencies all met for dep_context=requeueable deps ti=<TaskInstance: reporting_nightly_refresh.location_batches.batch_000__locs_1_to_200 scheduled__2026-03-22T02:00:00+00:00 [queued]>
[2026-03-23T07:12:59.070+0000] {taskinstance.py:2303} INFO - Starting attempt 1 of 4
[2026-03-23T07:12:59.143+0000] {taskinstance.py:2327} INFO - Executing <Task(PythonOperator): location_batches.batch_000__locs_1_to_200> on 2026-03-22 02:00:00+00:00
[2026-03-23T07:12:59.186+0000] {logging_mixin.py:188} WARNING - /home/airflow/.local/lib/python3.12/site-packages/airflow/task/task_runner/standard_task_runner.py:61 DeprecationWarning: This process (pid=175) is multi-threaded, use of fork() may lead to deadlocks in the child.
[2026-03-23T07:12:59.180+0000] {standard_task_runner.py:90} INFO - Running: ['airflow', 'tasks', 'run', 'reporting_nightly_refresh', 'location_batches.batch_000__locs_1_to_200', 'scheduled__2026-03-22T02:00:00+00:00', '--job-id', '10', '--raw', '--subdir', 'DAGS_FOLDER/reporting_refresh_dag.py', '--cfg-path', '/tmp/tmpxiyyip3u']
[2026-03-23T07:12:59.190+0000] {standard_task_runner.py:63} INFO - Started process 190 to run task
[2026-03-23T07:12:59.191+0000] {standard_task_runner.py:91} INFO - Job 10: Subtask location_batches.batch_000__locs_1_to_200
[2026-03-23T07:12:59.810+0000] {task_command.py:426} INFO - Running <TaskInstance: reporting_nightly_refresh.location_batches.batch_000__locs_1_to_200 scheduled__2026-03-22T02:00:00+00:00 [running]> on host a693e61dd0e6
[2026-03-23T07:13:00.881+0000] {taskinstance.py:2644} INFO - Exporting env vars: AIRFLOW_CTX_DAG_OWNER='finance-ops' AIRFLOW_CTX_DAG_ID='reporting_nightly_refresh' AIRFLOW_CTX_TASK_ID='location_batches.batch_000__locs_1_to_200' AIRFLOW_CTX_EXECUTION_DATE='2026-03-22T02:00:00+00:00' AIRFLOW_CTX_TRY_NUMBER='1' AIRFLOW_CTX_DAG_RUN_ID='scheduled__2026-03-22T02:00:00+00:00'
[2026-03-23T07:13:00.885+0000] {taskinstance.py:430} INFO - ::endgroup::
[2026-03-23T07:13:01.258+0000] {refresh_runner.py:135} INFO - Run 20260323_071301 — 200 locations, concurrency=10
[2026-03-23T07:13:04.997+0000] {refresh_runner.py:76} INFO - Navigating to login: http://mock_portal:5001
[2026-03-23T07:13:06.558+0000] {refresh_runner.py:82} INFO - Authentication successful.
[2026-03-23T07:13:07.435+0000] {refresh_runner.py:76} INFO - Navigating to login: http://mock_portal:5001
[2026-03-23T07:13:08.655+0000] {refresh_runner.py:82} INFO - Authentication successful.
[2026-03-23T07:13:09.665+0000] {refresh_runner.py:76} INFO - Navigating to login: http://mock_portal:5001
[2026-03-23T07:13:11.106+0000] {refresh_runner.py:82} INFO - Authentication successful.
[2026-03-23T07:13:13.982+0000] {refresh_runner.py:76} INFO - Navigating to login: http://mock_portal:5001
[2026-03-23T07:13:17.286+0000] {refresh_runner.py:82} INFO - Authentication successful.
[2026-03-23T07:13:19.335+0000] {refresh_runner.py:76} INFO - Navigating to login: http://mock_portal:5001
[2026-03-23T07:13:21.613+0000] {refresh_runner.py:82} INFO - Authentication successful.
[2026-03-23T07:13:24.325+0000] {refresh_runner.py:76} INFO - Navigating to login: http://mock_portal:5001
[2026-03-23T07:13:26.333+0000] {refresh_runner.py:82} INFO - Authentication successful.
[2026-03-23T07:13:29.369+0000] {refresh_runner.py:76} INFO - Navigating to login: http://mock_portal:5001
[2026-03-23T07:14:09.148+0000] {taskinstance.py:441} INFO - ::group::Post task execution logs
[2026-03-23T07:14:09.154+0000] {taskinstance.py:2890} ERROR - Task failed with exception
Traceback (most recent call last):
  File "/home/airflow/.local/lib/python3.12/site-packages/airflow/models/taskinstance.py", line 460, in _execute_task
    result = _execute_callable(context=context, **execute_callable_kwargs)
             ^^^^^^^^^^^^^^^^^^^^^^^^^^^^^^^^^^^^^^^^^^^^^^^^^^^^^^^^^^^^^
  File "/home/airflow/.local/lib/python3.12/site-packages/airflow/models/taskinstance.py", line 432, in _execute_callable
    return execute_callable(context=context, **execute_callable_kwargs)
           ^^^^^^^^^^^^^^^^^^^^^^^^^^^^^^^^^^^^^^^^^^^^^^^^^^^^^^^^^^^^
  File "/home/airflow/.local/lib/python3.12/site-packages/airflow/models/baseoperator.py", line 400, in wrapper
    return func(self, *args, **kwargs)
           ^^^^^^^^^^^^^^^^^^^^^^^^^^^
  File "/home/airflow/.local/lib/python3.12/site-packages/airflow/operators/python.py", line 235, in execute
    return_value = self.execute_callable()
                   ^^^^^^^^^^^^^^^^^^^^^^^
  File "/home/airflow/.local/lib/python3.12/site-packages/airflow/operators/python.py", line 252, in execute_callable
    return self.python_callable(*self.op_args, **self.op_kwargs)
           ^^^^^^^^^^^^^^^^^^^^^^^^^^^^^^^^^^^^^^^^^^^^^^^^^^^^^
  File "/opt/airflow/dags/reporting_refresh_dag.py", line 53, in run_location_batch
    asyncio.run(run_batch(location_ids, concurrency=CONCURRENCY, headless=True))
  File "/usr/local/lib/python3.12/asyncio/runners.py", line 194, in run
    return runner.run(main)
           ^^^^^^^^^^^^^^^^
  File "/usr/local/lib/python3.12/asyncio/runners.py", line 118, in run
    return self._loop.run_until_complete(task)
           ^^^^^^^^^^^^^^^^^^^^^^^^^^^^^^^^^^^
  File "/usr/local/lib/python3.12/asyncio/base_events.py", line 685, in run_until_complete
    return future.result()
           ^^^^^^^^^^^^^^^
  File "/opt/airflow/dags/refresh_runner.py", line 144, in run_batch
    b, c, p = await create_authenticated_session(playwright, headless=headless)
              ^^^^^^^^^^^^^^^^^^^^^^^^^^^^^^^^^^^^^^^^^^^^^^^^^^^^^^^^^^^^^^^^^
  File "/opt/airflow/dags/refresh_runner.py", line 81, in create_authenticated_session
    await page.wait_for_url(f"{BASE_URL}/dashboard", timeout=10_000)
  File "/home/airflow/.local/lib/python3.12/site-packages/playwright/async_api/_generated.py", line 8798, in wait_for_url
    await self._impl_obj.wait_for_url(
  File "/home/airflow/.local/lib/python3.12/site-packages/playwright/_impl/_page.py", line 543, in wait_for_url
    return await self._main_frame.wait_for_url(**locals_to_params(locals()))
           ^^^^^^^^^^^^^^^^^^^^^^^^^^^^^^^^^^^^^^^^^^^^^^^^^^^^^^^^^^^^^^^^^
  File "/home/airflow/.local/lib/python3.12/site-packages/playwright/_impl/_frame.py", line 231, in wait_for_url
    await self._wait_for_load_state_impl(state=waitUntil, timeout=timeout)
  File "/home/airflow/.local/lib/python3.12/site-packages/playwright/_impl/_frame.py", line 271, in _wait_for_load_state_impl
    await waiter.result()
playwright._impl._errors.TimeoutError: Timeout 10000ms exceeded.
=========================== logs ===========================
"networkidle" event fired
============================================================
[2026-03-23T07:14:09.905+0000] {taskinstance.py:1205} INFO - Marking task as UP_FOR_RETRY. dag_id=reporting_nightly_refresh, task_id=location_batches.batch_000__locs_1_to_200, execution_date=20260322T020000, start_date=20260323T071259, end_date=20260323T071409
[2026-03-23T07:14:10.147+0000] {standard_task_runner.py:110} ERROR - Failed to execute job 10 for task location_batches.batch_000__locs_1_to_200 (Timeout 10000ms exceeded.
=========================== logs ===========================
"networkidle" event fired
============================================================; 190)
[2026-03-23T07:14:10.356+0000] {local_task_job_runner.py:240} INFO - Task exited with return code 1
[2026-03-23T07:14:19.800+0000] {taskinstance.py:3482} INFO - 0 downstream tasks scheduled from follow-on schedule check
[2026-03-23T07:14:20.425+0000] {local_task_job_runner.py:222} INFO - ::endgroup::
