[2026-03-23T07:44:57.740+0000] {local_task_job_runner.py:120} INFO - ::group::Pre task execution logs
[2026-03-23T07:44:57.855+0000] {taskinstance.py:2073} INFO - Dependencies all met for dep_context=non-requeueable deps ti=<TaskInstance: reporting_nightly_refresh.location_batches.batch_000__locs_1_to_20 manual__2026-03-23T07:32:18+00:00 [queued]>
[2026-03-23T07:44:57.871+0000] {taskinstance.py:2073} INFO - Dependencies all met for dep_context=requeueable deps ti=<TaskInstance: reporting_nightly_refresh.location_batches.batch_000__locs_1_to_20 manual__2026-03-23T07:32:18+00:00 [queued]>
[2026-03-23T07:44:57.873+0000] {taskinstance.py:2303} INFO - Starting attempt 1 of 4
[2026-03-23T07:44:57.900+0000] {taskinstance.py:2327} INFO - Executing <Task(PythonOperator): location_batches.batch_000__locs_1_to_20> on 2026-03-23 07:32:18+00:00
[2026-03-23T07:44:57.918+0000] {standard_task_runner.py:90} INFO - Running: ['airflow', 'tasks', 'run', 'reporting_nightly_refresh', 'location_batches.batch_000__locs_1_to_20', 'manual__2026-03-23T07:32:18+00:00', '--job-id', '35', '--raw', '--subdir', 'DAGS_FOLDER/reporting_refresh_dag.py', '--cfg-path', '/tmp/tmpa1hpgbbx']
[2026-03-23T07:44:57.924+0000] {standard_task_runner.py:91} INFO - Job 35: Subtask location_batches.batch_000__locs_1_to_20
[2026-03-23T07:44:57.930+0000] {logging_mixin.py:188} WARNING - /home/airflow/.local/lib/python3.12/site-packages/airflow/task/task_runner/standard_task_runner.py:61 DeprecationWarning: This process (pid=18604) is multi-threaded, use of fork() may lead to deadlocks in the child.
[2026-03-23T07:44:57.932+0000] {standard_task_runner.py:63} INFO - Started process 18605 to run task
[2026-03-23T07:44:58.217+0000] {task_command.py:426} INFO - Running <TaskInstance: reporting_nightly_refresh.location_batches.batch_000__locs_1_to_20 manual__2026-03-23T07:32:18+00:00 [running]> on host a693e61dd0e6
[2026-03-23T07:44:58.562+0000] {taskinstance.py:2644} INFO - Exporting env vars: AIRFLOW_CTX_DAG_OWNER='finance-ops' AIRFLOW_CTX_DAG_ID='reporting_nightly_refresh' AIRFLOW_CTX_TASK_ID='location_batches.batch_000__locs_1_to_20' AIRFLOW_CTX_EXECUTION_DATE='2026-03-23T07:32:18+00:00' AIRFLOW_CTX_TRY_NUMBER='1' AIRFLOW_CTX_DAG_RUN_ID='manual__2026-03-23T07:32:18+00:00'
[2026-03-23T07:44:58.564+0000] {taskinstance.py:430} INFO - ::endgroup::
[2026-03-23T07:44:58.589+0000] {reporting_refresh_dag.py:50} INFO - Batch 0: 20 locations
[2026-03-23T07:44:58.704+0000] {refresh_runner.py:135} INFO - Run 20260323_074458 — 20 locations, concurrency=5
[2026-03-23T07:44:59.678+0000] {refresh_runner.py:76} INFO - Navigating to login: http://mock_portal:5001
[2026-03-23T07:45:00.468+0000] {refresh_runner.py:82} INFO - Authentication successful.
[2026-03-23T07:45:00.833+0000] {refresh_runner.py:76} INFO - Navigating to login: http://mock_portal:5001
[2026-03-23T07:45:01.622+0000] {refresh_runner.py:82} INFO - Authentication successful.
[2026-03-23T07:45:01.984+0000] {refresh_runner.py:76} INFO - Navigating to login: http://mock_portal:5001
[2026-03-23T07:45:02.799+0000] {refresh_runner.py:82} INFO - Authentication successful.
[2026-03-23T07:45:03.135+0000] {refresh_runner.py:76} INFO - Navigating to login: http://mock_portal:5001
[2026-03-23T07:45:04.235+0000] {refresh_runner.py:82} INFO - Authentication successful.
[2026-03-23T07:45:04.852+0000] {refresh_runner.py:76} INFO - Navigating to login: http://mock_portal:5001
[2026-03-23T07:45:05.651+0000] {refresh_runner.py:82} INFO - Authentication successful.
[2026-03-23T07:45:05.665+0000] {refresh_runner.py:90} INFO - Refreshing location 1 ...
[2026-03-23T07:45:05.683+0000] {refresh_runner.py:90} INFO - Refreshing location 2 ...
[2026-03-23T07:45:05.702+0000] {refresh_runner.py:90} INFO - Refreshing location 3 ...
[2026-03-23T07:45:05.722+0000] {refresh_runner.py:90} INFO - Refreshing location 4 ...
[2026-03-23T07:45:05.739+0000] {refresh_runner.py:90} INFO - Refreshing location 5 ...
[2026-03-23T07:45:06.043+0000] {refresh_runner.py:103} INFO - Location 1: COMPLETE
[2026-03-23T07:45:06.061+0000] {refresh_runner.py:103} INFO - Location 2: COMPLETE
[2026-03-23T07:45:06.063+0000] {refresh_runner.py:103} INFO - Location 3: COMPLETE
[2026-03-23T07:45:06.065+0000] {refresh_runner.py:103} INFO - Location 4: COMPLETE
[2026-03-23T07:45:06.067+0000] {refresh_runner.py:103} INFO - Location 5: COMPLETE
[2026-03-23T07:45:06.074+0000] {refresh_runner.py:90} INFO - Refreshing location 6 ...
[2026-03-23T07:45:06.091+0000] {refresh_runner.py:90} INFO - Refreshing location 7 ...
[2026-03-23T07:45:06.109+0000] {refresh_runner.py:90} INFO - Refreshing location 8 ...
[2026-03-23T07:45:06.129+0000] {refresh_runner.py:90} INFO - Refreshing location 9 ...
[2026-03-23T07:45:06.161+0000] {refresh_runner.py:90} INFO - Refreshing location 10 ...
[2026-03-23T07:45:06.433+0000] {refresh_runner.py:103} INFO - Location 6: COMPLETE
[2026-03-23T07:45:06.450+0000] {refresh_runner.py:103} INFO - Location 7: COMPLETE
[2026-03-23T07:45:06.451+0000] {refresh_runner.py:103} INFO - Location 8: COMPLETE
[2026-03-23T07:45:06.452+0000] {refresh_runner.py:103} INFO - Location 9: COMPLETE
[2026-03-23T07:45:06.454+0000] {refresh_runner.py:103} INFO - Location 10: COMPLETE
[2026-03-23T07:45:06.461+0000] {refresh_runner.py:90} INFO - Refreshing location 11 ...
[2026-03-23T07:45:06.477+0000] {refresh_runner.py:90} INFO - Refreshing location 12 ...
[2026-03-23T07:45:06.501+0000] {refresh_runner.py:90} INFO - Refreshing location 13 ...
[2026-03-23T07:45:06.528+0000] {refresh_runner.py:90} INFO - Refreshing location 14 ...
[2026-03-23T07:45:06.568+0000] {refresh_runner.py:90} INFO - Refreshing location 15 ...
[2026-03-23T07:45:06.867+0000] {refresh_runner.py:103} INFO - Location 11: COMPLETE
[2026-03-23T07:45:06.883+0000] {refresh_runner.py:103} INFO - Location 12: COMPLETE
[2026-03-23T07:45:06.884+0000] {refresh_runner.py:103} INFO - Location 13: COMPLETE
[2026-03-23T07:45:06.885+0000] {refresh_runner.py:103} INFO - Location 14: COMPLETE
[2026-03-23T07:45:06.887+0000] {refresh_runner.py:103} INFO - Location 15: COMPLETE
[2026-03-23T07:45:06.892+0000] {refresh_runner.py:90} INFO - Refreshing location 16 ...
[2026-03-23T07:45:06.907+0000] {refresh_runner.py:90} INFO - Refreshing location 17 ...
[2026-03-23T07:45:06.923+0000] {refresh_runner.py:90} INFO - Refreshing location 18 ...
[2026-03-23T07:45:06.942+0000] {refresh_runner.py:90} INFO - Refreshing location 19 ...
[2026-03-23T07:45:06.973+0000] {refresh_runner.py:90} INFO - Refreshing location 20 ...
[2026-03-23T07:45:07.230+0000] {refresh_runner.py:103} INFO - Location 16: COMPLETE
[2026-03-23T07:45:07.246+0000] {refresh_runner.py:103} INFO - Location 17: COMPLETE
[2026-03-23T07:45:07.247+0000] {refresh_runner.py:103} INFO - Location 18: COMPLETE
[2026-03-23T07:45:07.248+0000] {refresh_runner.py:103} INFO - Location 19: COMPLETE
[2026-03-23T07:45:07.250+0000] {refresh_runner.py:103} INFO - Location 20: COMPLETE
[2026-03-23T07:45:07.766+0000] {refresh_runner.py:168} INFO - Run 20260323_074458 complete — Success: 20, Failure: 0
[2026-03-23T07:45:07.770+0000] {python.py:237} INFO - Done. Returned value was: None
[2026-03-23T07:45:07.771+0000] {taskinstance.py:441} INFO - ::group::Post task execution logs
[2026-03-23T07:45:07.837+0000] {taskinstance.py:1205} INFO - Marking task as SUCCESS. dag_id=reporting_nightly_refresh, task_id=location_batches.batch_000__locs_1_to_20, execution_date=20260323T073218, start_date=20260323T074457, end_date=20260323T074507
[2026-03-23T07:45:07.935+0000] {local_task_job_runner.py:240} INFO - Task exited with return code 0
[2026-03-23T07:45:08.018+0000] {taskinstance.py:3482} INFO - 1 downstream tasks scheduled from follow-on schedule check
[2026-03-23T07:45:08.027+0000] {local_task_job_runner.py:222} INFO - ::endgroup::
