[2026-03-23T06:04:00.340+0000] {local_task_job_runner.py:120} INFO - ::group::Pre task execution logs
[2026-03-23T06:04:00.441+0000] {taskinstance.py:2073} INFO - Dependencies all met for dep_context=non-requeueable deps ti=<TaskInstance: reporting_nightly_refresh.location_batches.batch_007__locs_1401_to_1600 scheduled__2026-03-22T02:00:00+00:00 [queued]>
[2026-03-23T06:04:00.459+0000] {taskinstance.py:2073} INFO - Dependencies all met for dep_context=requeueable deps ti=<TaskInstance: reporting_nightly_refresh.location_batches.batch_007__locs_1401_to_1600 scheduled__2026-03-22T02:00:00+00:00 [queued]>
[2026-03-23T06:04:00.460+0000] {taskinstance.py:2303} INFO - Starting attempt 3 of 4
[2026-03-23T06:04:00.493+0000] {taskinstance.py:2327} INFO - Executing <Task(PythonOperator): location_batches.batch_007__locs_1401_to_1600> on 2026-03-22 02:00:00+00:00
[2026-03-23T06:04:00.524+0000] {logging_mixin.py:188} WARNING - /home/airflow/.local/lib/python3.12/site-packages/airflow/task/task_runner/standard_task_runner.py:61 DeprecationWarning: This process (pid=469) is multi-threaded, use of fork() may lead to deadlocks in the child.
[2026-03-23T06:04:00.522+0000] {standard_task_runner.py:90} INFO - Running: ['airflow', 'tasks', 'run', 'reporting_nightly_refresh', 'location_batches.batch_007__locs_1401_to_1600', 'scheduled__2026-03-22T02:00:00+00:00', '--job-id', '24', '--raw', '--subdir', 'DAGS_FOLDER/lra_refresh_dag.py', '--cfg-path', '/tmp/tmppa0wb27h']
[2026-03-23T06:04:00.527+0000] {standard_task_runner.py:63} INFO - Started process 470 to run task
[2026-03-23T06:04:00.527+0000] {standard_task_runner.py:91} INFO - Job 24: Subtask location_batches.batch_007__locs_1401_to_1600
[2026-03-23T06:04:00.795+0000] {task_command.py:426} INFO - Running <TaskInstance: reporting_nightly_refresh.location_batches.batch_007__locs_1401_to_1600 scheduled__2026-03-22T02:00:00+00:00 [running]> on host 7849ea7120c5
[2026-03-23T06:04:01.227+0000] {taskinstance.py:2644} INFO - Exporting env vars: AIRFLOW_CTX_DAG_OWNER='finance-ops' AIRFLOW_CTX_DAG_ID='reporting_nightly_refresh' AIRFLOW_CTX_TASK_ID='location_batches.batch_007__locs_1401_to_1600' AIRFLOW_CTX_EXECUTION_DATE='2026-03-22T02:00:00+00:00' AIRFLOW_CTX_TRY_NUMBER='3' AIRFLOW_CTX_DAG_RUN_ID='scheduled__2026-03-22T02:00:00+00:00'
[2026-03-23T06:04:01.229+0000] {taskinstance.py:430} INFO - ::endgroup::
[2026-03-23T06:04:01.252+0000] {lra_refresh_dag.py:51} INFO - Batch 7: 200 locations
[2026-03-23T06:04:01.972+0000] {lra_refresh_dag.py:54} WARNING - STDERR:
Traceback (most recent call last):
  File "/opt/automation/refresh_runner.py", line 25, in <module>
    import aiomysql
ModuleNotFoundError: No module named 'aiomysql'

[2026-03-23T06:04:01.973+0000] {taskinstance.py:441} INFO - ::group::Post task execution logs
[2026-03-23T06:04:01.974+0000] {taskinstance.py:2890} ERROR - Task failed with exception
Traceback (most recent call last):
  File "/home/airflow/.local/lib/python3.12/site-packages/airflow/models/taskinstance.py", line 460, in _execute_task
    result = _execute_callable(context=context, **execute_callable_kwargs)
             ^^^^^^^^^^^^^^^^^^^^^^^^^^^^^^^^^^^^^^^^^^^^^^^^^^^^^^^^^^^^^
  File "/home/airflow/.local/lib/python3.12/site-packages/airflow/models/taskinstance.py", line 432, in _execute_callable
    return execute_callable(context=context, **execute_callable_kwargs)
           ^^^^^^^^^^^^^^^^^^^^^^^^^^^^^^^^^^^^^^^^^^^^^^^^^^^^^^^^^^^^
  File "/home/airflow/.local/lib/python3.12/site-packages/airflow/models/baseoperator.py", line 400, in wrapper
    return func(self, *args, **kwargs)
           ^^^^^^^^^^^^^^^^^^^^^^^^^^^
  File "/home/airflow/.local/lib/python3.12/site-packages/airflow/operators/python.py", line 235, in execute
    return_value = self.execute_callable()
                   ^^^^^^^^^^^^^^^^^^^^^^^
  File "/home/airflow/.local/lib/python3.12/site-packages/airflow/operators/python.py", line 252, in execute_callable
    return self.python_callable(*self.op_args, **self.op_kwargs)
           ^^^^^^^^^^^^^^^^^^^^^^^^^^^^^^^^^^^^^^^^^^^^^^^^^^^^^
  File "/opt/airflow/dags/lra_refresh_dag.py", line 56, in run_location_batch
    raise RuntimeError(f"Batch {batch_index} failed (exit {result.returncode})")
RuntimeError: Batch 7 failed (exit 1)
[2026-03-23T06:04:02.070+0000] {taskinstance.py:1205} INFO - Marking task as UP_FOR_RETRY. dag_id=reporting_nightly_refresh, task_id=location_batches.batch_007__locs_1401_to_1600, execution_date=20260322T020000, start_date=20260323T060400, end_date=20260323T060402
[2026-03-23T06:04:02.161+0000] {standard_task_runner.py:110} ERROR - Failed to execute job 24 for task location_batches.batch_007__locs_1401_to_1600 (Batch 7 failed (exit 1); 470)
[2026-03-23T06:04:02.230+0000] {local_task_job_runner.py:240} INFO - Task exited with return code 1
[2026-03-23T06:04:02.327+0000] {taskinstance.py:3482} INFO - 0 downstream tasks scheduled from follow-on schedule check
[2026-03-23T06:04:02.331+0000] {local_task_job_runner.py:222} INFO - ::endgroup::
