[2026-03-23T05:40:20.641+0000] {local_task_job_runner.py:120} INFO - ::group::Pre task execution logs
[2026-03-23T05:40:20.912+0000] {taskinstance.py:2073} INFO - Dependencies all met for dep_context=non-requeueable deps ti=<TaskInstance: reporting_nightly_refresh.location_batches.batch_007__locs_1401_to_1600 scheduled__2026-03-22T02:00:00+00:00 [queued]>
[2026-03-23T05:40:20.958+0000] {taskinstance.py:2073} INFO - Dependencies all met for dep_context=requeueable deps ti=<TaskInstance: reporting_nightly_refresh.location_batches.batch_007__locs_1401_to_1600 scheduled__2026-03-22T02:00:00+00:00 [queued]>
[2026-03-23T05:40:20.959+0000] {taskinstance.py:2303} INFO - Starting attempt 1 of 4
[2026-03-23T05:40:21.054+0000] {taskinstance.py:2327} INFO - Executing <Task(PythonOperator): location_batches.batch_007__locs_1401_to_1600> on 2026-03-22 02:00:00+00:00
[2026-03-23T05:40:21.100+0000] {standard_task_runner.py:90} INFO - Running: ['airflow', 'tasks', 'run', 'reporting_nightly_refresh', 'location_batches.batch_007__locs_1401_to_1600', 'scheduled__2026-03-22T02:00:00+00:00', '--job-id', '4', '--raw', '--subdir', 'DAGS_FOLDER/lra_refresh_dag.py', '--cfg-path', '/tmp/tmpzwu8g99p']
[2026-03-23T05:40:21.143+0000] {logging_mixin.py:188} WARNING - /home/airflow/.local/lib/python3.12/site-packages/airflow/task/task_runner/standard_task_runner.py:61 DeprecationWarning: This process (pid=180) is multi-threaded, use of fork() may lead to deadlocks in the child.
[2026-03-23T05:40:21.160+0000] {standard_task_runner.py:91} INFO - Job 4: Subtask location_batches.batch_007__locs_1401_to_1600
[2026-03-23T05:40:21.162+0000] {standard_task_runner.py:63} INFO - Started process 183 to run task
[2026-03-23T05:40:22.364+0000] {task_command.py:426} INFO - Running <TaskInstance: reporting_nightly_refresh.location_batches.batch_007__locs_1401_to_1600 scheduled__2026-03-22T02:00:00+00:00 [running]> on host 7849ea7120c5
[2026-03-23T05:40:23.681+0000] {taskinstance.py:2644} INFO - Exporting env vars: AIRFLOW_CTX_DAG_OWNER='finance-ops' AIRFLOW_CTX_DAG_ID='reporting_nightly_refresh' AIRFLOW_CTX_TASK_ID='location_batches.batch_007__locs_1401_to_1600' AIRFLOW_CTX_EXECUTION_DATE='2026-03-22T02:00:00+00:00' AIRFLOW_CTX_TRY_NUMBER='1' AIRFLOW_CTX_DAG_RUN_ID='scheduled__2026-03-22T02:00:00+00:00'
[2026-03-23T05:40:23.690+0000] {taskinstance.py:430} INFO - ::endgroup::
[2026-03-23T05:40:23.791+0000] {lra_refresh_dag.py:51} INFO - Batch 7: 200 locations
[2026-03-23T05:40:25.334+0000] {lra_refresh_dag.py:54} WARNING - STDERR:
Traceback (most recent call last):
  File "/opt/automation/refresh_runner.py", line 25, in <module>
    import aiomysql
ModuleNotFoundError: No module named 'aiomysql'

[2026-03-23T05:40:25.338+0000] {taskinstance.py:441} INFO - ::group::Post task execution logs
[2026-03-23T05:40:25.340+0000] {taskinstance.py:2890} ERROR - Task failed with exception
Traceback (most recent call last):
  File "/home/airflow/.local/lib/python3.12/site-packages/airflow/models/taskinstance.py", line 460, in _execute_task
    result = _execute_callable(context=context, **execute_callable_kwargs)
             ^^^^^^^^^^^^^^^^^^^^^^^^^^^^^^^^^^^^^^^^^^^^^^^^^^^^^^^^^^^^^
  File "/home/airflow/.local/lib/python3.12/site-packages/airflow/models/taskinstance.py", line 432, in _execute_callable
    return execute_callable(context=context, **execute_callable_kwargs)
           ^^^^^^^^^^^^^^^^^^^^^^^^^^^^^^^^^^^^^^^^^^^^^^^^^^^^^^^^^^^^
  File "/home/airflow/.local/lib/python3.12/site-packages/airflow/models/baseoperator.py", line 400, in wrapper
    return func(self, *args, **kwargs)
           ^^^^^^^^^^^^^^^^^^^^^^^^^^^
  File "/home/airflow/.local/lib/python3.12/site-packages/airflow/operators/python.py", line 235, in execute
    return_value = self.execute_callable()
                   ^^^^^^^^^^^^^^^^^^^^^^^
  File "/home/airflow/.local/lib/python3.12/site-packages/airflow/operators/python.py", line 252, in execute_callable
    return self.python_callable(*self.op_args, **self.op_kwargs)
           ^^^^^^^^^^^^^^^^^^^^^^^^^^^^^^^^^^^^^^^^^^^^^^^^^^^^^
  File "/opt/airflow/dags/lra_refresh_dag.py", line 56, in run_location_batch
    raise RuntimeError(f"Batch {batch_index} failed (exit {result.returncode})")
RuntimeError: Batch 7 failed (exit 1)
[2026-03-23T05:40:25.468+0000] {taskinstance.py:1205} INFO - Marking task as UP_FOR_RETRY. dag_id=reporting_nightly_refresh, task_id=location_batches.batch_007__locs_1401_to_1600, execution_date=20260322T020000, start_date=20260323T054020, end_date=20260323T054025
[2026-03-23T05:40:25.533+0000] {standard_task_runner.py:110} ERROR - Failed to execute job 4 for task location_batches.batch_007__locs_1401_to_1600 (Batch 7 failed (exit 1); 183)
[2026-03-23T05:40:25.633+0000] {local_task_job_runner.py:240} INFO - Task exited with return code 1
[2026-03-23T05:40:25.905+0000] {taskinstance.py:3482} INFO - 0 downstream tasks scheduled from follow-on schedule check
[2026-03-23T05:40:25.909+0000] {local_task_job_runner.py:222} INFO - ::endgroup::
[2026-03-23T06:11:47.327+0000] {local_task_job_runner.py:120} INFO - ::group::Pre task execution logs
[2026-03-23T06:11:47.552+0000] {taskinstance.py:2073} INFO - Dependencies all met for dep_context=non-requeueable deps ti=<TaskInstance: reporting_nightly_refresh.location_batches.batch_007__locs_1401_to_1600 scheduled__2026-03-22T02:00:00+00:00 [queued]>
[2026-03-23T06:11:47.590+0000] {taskinstance.py:2073} INFO - Dependencies all met for dep_context=requeueable deps ti=<TaskInstance: reporting_nightly_refresh.location_batches.batch_007__locs_1401_to_1600 scheduled__2026-03-22T02:00:00+00:00 [queued]>
[2026-03-23T06:11:47.592+0000] {taskinstance.py:2303} INFO - Starting attempt 1 of 4
[2026-03-23T06:11:47.656+0000] {taskinstance.py:2327} INFO - Executing <Task(PythonOperator): location_batches.batch_007__locs_1401_to_1600> on 2026-03-22 02:00:00+00:00
[2026-03-23T06:11:47.688+0000] {standard_task_runner.py:90} INFO - Running: ['airflow', 'tasks', 'run', 'reporting_nightly_refresh', 'location_batches.batch_007__locs_1401_to_1600', 'scheduled__2026-03-22T02:00:00+00:00', '--job-id', '9', '--raw', '--subdir', 'DAGS_FOLDER/lra_refresh_dag.py', '--cfg-path', '/tmp/tmpa9feosr0']
[2026-03-23T06:11:47.701+0000] {logging_mixin.py:188} WARNING - /home/airflow/.local/lib/python3.12/site-packages/airflow/task/task_runner/standard_task_runner.py:61 DeprecationWarning: This process (pid=180) is multi-threaded, use of fork() may lead to deadlocks in the child.
[2026-03-23T06:11:47.702+0000] {standard_task_runner.py:91} INFO - Job 9: Subtask location_batches.batch_007__locs_1401_to_1600
[2026-03-23T06:11:47.704+0000] {standard_task_runner.py:63} INFO - Started process 190 to run task
[2026-03-23T06:11:48.273+0000] {task_command.py:426} INFO - Running <TaskInstance: reporting_nightly_refresh.location_batches.batch_007__locs_1401_to_1600 scheduled__2026-03-22T02:00:00+00:00 [running]> on host acc78bbd7e9f
[2026-03-23T06:11:49.380+0000] {taskinstance.py:2644} INFO - Exporting env vars: AIRFLOW_CTX_DAG_OWNER='finance-ops' AIRFLOW_CTX_DAG_ID='reporting_nightly_refresh' AIRFLOW_CTX_TASK_ID='location_batches.batch_007__locs_1401_to_1600' AIRFLOW_CTX_EXECUTION_DATE='2026-03-22T02:00:00+00:00' AIRFLOW_CTX_TRY_NUMBER='1' AIRFLOW_CTX_DAG_RUN_ID='scheduled__2026-03-22T02:00:00+00:00'
[2026-03-23T06:11:49.383+0000] {taskinstance.py:430} INFO - ::endgroup::
[2026-03-23T06:11:49.442+0000] {lra_refresh_dag.py:51} INFO - Batch 7: 200 locations
[2026-03-23T06:11:51.246+0000] {lra_refresh_dag.py:54} WARNING - STDERR:
Traceback (most recent call last):
  File "/opt/automation/refresh_runner.py", line 25, in <module>
    import aiomysql
ModuleNotFoundError: No module named 'aiomysql'

[2026-03-23T06:11:51.247+0000] {taskinstance.py:441} INFO - ::group::Post task execution logs
[2026-03-23T06:11:51.254+0000] {taskinstance.py:2890} ERROR - Task failed with exception
Traceback (most recent call last):
  File "/home/airflow/.local/lib/python3.12/site-packages/airflow/models/taskinstance.py", line 460, in _execute_task
    result = _execute_callable(context=context, **execute_callable_kwargs)
             ^^^^^^^^^^^^^^^^^^^^^^^^^^^^^^^^^^^^^^^^^^^^^^^^^^^^^^^^^^^^^
  File "/home/airflow/.local/lib/python3.12/site-packages/airflow/models/taskinstance.py", line 432, in _execute_callable
    return execute_callable(context=context, **execute_callable_kwargs)
           ^^^^^^^^^^^^^^^^^^^^^^^^^^^^^^^^^^^^^^^^^^^^^^^^^^^^^^^^^^^^
  File "/home/airflow/.local/lib/python3.12/site-packages/airflow/models/baseoperator.py", line 400, in wrapper
    return func(self, *args, **kwargs)
           ^^^^^^^^^^^^^^^^^^^^^^^^^^^
  File "/home/airflow/.local/lib/python3.12/site-packages/airflow/operators/python.py", line 235, in execute
    return_value = self.execute_callable()
                   ^^^^^^^^^^^^^^^^^^^^^^^
  File "/home/airflow/.local/lib/python3.12/site-packages/airflow/operators/python.py", line 252, in execute_callable
    return self.python_callable(*self.op_args, **self.op_kwargs)
           ^^^^^^^^^^^^^^^^^^^^^^^^^^^^^^^^^^^^^^^^^^^^^^^^^^^^^
  File "/opt/airflow/dags/lra_refresh_dag.py", line 56, in run_location_batch
    raise RuntimeError(f"Batch {batch_index} failed (exit {result.returncode})")
RuntimeError: Batch 7 failed (exit 1)
[2026-03-23T06:11:51.459+0000] {taskinstance.py:1205} INFO - Marking task as UP_FOR_RETRY. dag_id=reporting_nightly_refresh, task_id=location_batches.batch_007__locs_1401_to_1600, execution_date=20260322T020000, start_date=20260323T061147, end_date=20260323T061151
[2026-03-23T06:11:51.520+0000] {standard_task_runner.py:110} ERROR - Failed to execute job 9 for task location_batches.batch_007__locs_1401_to_1600 (Batch 7 failed (exit 1); 190)
[2026-03-23T06:11:51.627+0000] {local_task_job_runner.py:240} INFO - Task exited with return code 1
[2026-03-23T06:11:52.155+0000] {taskinstance.py:3482} INFO - 0 downstream tasks scheduled from follow-on schedule check
[2026-03-23T06:11:52.161+0000] {local_task_job_runner.py:222} INFO - ::endgroup::
[2026-03-23T06:15:20.519+0000] {local_task_job_runner.py:120} INFO - ::group::Pre task execution logs
[2026-03-23T06:15:20.687+0000] {taskinstance.py:2073} INFO - Dependencies all met for dep_context=non-requeueable deps ti=<TaskInstance: reporting_nightly_refresh.location_batches.batch_007__locs_1401_to_1600 scheduled__2026-03-22T02:00:00+00:00 [queued]>
[2026-03-23T06:15:20.713+0000] {taskinstance.py:2073} INFO - Dependencies all met for dep_context=requeueable deps ti=<TaskInstance: reporting_nightly_refresh.location_batches.batch_007__locs_1401_to_1600 scheduled__2026-03-22T02:00:00+00:00 [queued]>
[2026-03-23T06:15:20.714+0000] {taskinstance.py:2303} INFO - Starting attempt 1 of 4
[2026-03-23T06:15:20.835+0000] {taskinstance.py:2327} INFO - Executing <Task(PythonOperator): location_batches.batch_007__locs_1401_to_1600> on 2026-03-22 02:00:00+00:00
[2026-03-23T06:15:20.866+0000] {standard_task_runner.py:90} INFO - Running: ['airflow', 'tasks', 'run', 'reporting_nightly_refresh', 'location_batches.batch_007__locs_1401_to_1600', 'scheduled__2026-03-22T02:00:00+00:00', '--job-id', '17', '--raw', '--subdir', 'DAGS_FOLDER/lra_refresh_dag.py', '--cfg-path', '/tmp/tmpxzresl1k']
[2026-03-23T06:15:20.875+0000] {standard_task_runner.py:91} INFO - Job 17: Subtask location_batches.batch_007__locs_1401_to_1600
[2026-03-23T06:15:20.884+0000] {logging_mixin.py:188} WARNING - /home/airflow/.local/lib/python3.12/site-packages/airflow/task/task_runner/standard_task_runner.py:61 DeprecationWarning: This process (pid=244) is multi-threaded, use of fork() may lead to deadlocks in the child.
[2026-03-23T06:15:20.886+0000] {standard_task_runner.py:63} INFO - Started process 250 to run task
[2026-03-23T06:15:21.460+0000] {task_command.py:426} INFO - Running <TaskInstance: reporting_nightly_refresh.location_batches.batch_007__locs_1401_to_1600 scheduled__2026-03-22T02:00:00+00:00 [running]> on host acc78bbd7e9f
[2026-03-23T06:15:22.342+0000] {taskinstance.py:2644} INFO - Exporting env vars: AIRFLOW_CTX_DAG_OWNER='finance-ops' AIRFLOW_CTX_DAG_ID='reporting_nightly_refresh' AIRFLOW_CTX_TASK_ID='location_batches.batch_007__locs_1401_to_1600' AIRFLOW_CTX_EXECUTION_DATE='2026-03-22T02:00:00+00:00' AIRFLOW_CTX_TRY_NUMBER='1' AIRFLOW_CTX_DAG_RUN_ID='scheduled__2026-03-22T02:00:00+00:00'
[2026-03-23T06:15:22.346+0000] {taskinstance.py:430} INFO - ::endgroup::
[2026-03-23T06:15:22.387+0000] {lra_refresh_dag.py:51} INFO - Batch 7: 200 locations
[2026-03-23T06:15:23.393+0000] {lra_refresh_dag.py:54} WARNING - STDERR:
Traceback (most recent call last):
  File "/opt/automation/refresh_runner.py", line 25, in <module>
    import aiomysql
ModuleNotFoundError: No module named 'aiomysql'

[2026-03-23T06:15:23.394+0000] {taskinstance.py:441} INFO - ::group::Post task execution logs
[2026-03-23T06:15:23.395+0000] {taskinstance.py:2890} ERROR - Task failed with exception
Traceback (most recent call last):
  File "/home/airflow/.local/lib/python3.12/site-packages/airflow/models/taskinstance.py", line 460, in _execute_task
    result = _execute_callable(context=context, **execute_callable_kwargs)
             ^^^^^^^^^^^^^^^^^^^^^^^^^^^^^^^^^^^^^^^^^^^^^^^^^^^^^^^^^^^^^
  File "/home/airflow/.local/lib/python3.12/site-packages/airflow/models/taskinstance.py", line 432, in _execute_callable
    return execute_callable(context=context, **execute_callable_kwargs)
           ^^^^^^^^^^^^^^^^^^^^^^^^^^^^^^^^^^^^^^^^^^^^^^^^^^^^^^^^^^^^
  File "/home/airflow/.local/lib/python3.12/site-packages/airflow/models/baseoperator.py", line 400, in wrapper
    return func(self, *args, **kwargs)
           ^^^^^^^^^^^^^^^^^^^^^^^^^^^
  File "/home/airflow/.local/lib/python3.12/site-packages/airflow/operators/python.py", line 235, in execute
    return_value = self.execute_callable()
                   ^^^^^^^^^^^^^^^^^^^^^^^
  File "/home/airflow/.local/lib/python3.12/site-packages/airflow/operators/python.py", line 252, in execute_callable
    return self.python_callable(*self.op_args, **self.op_kwargs)
           ^^^^^^^^^^^^^^^^^^^^^^^^^^^^^^^^^^^^^^^^^^^^^^^^^^^^^
  File "/opt/airflow/dags/lra_refresh_dag.py", line 56, in run_location_batch
    raise RuntimeError(f"Batch {batch_index} failed (exit {result.returncode})")
RuntimeError: Batch 7 failed (exit 1)
[2026-03-23T06:15:23.507+0000] {taskinstance.py:1205} INFO - Marking task as UP_FOR_RETRY. dag_id=reporting_nightly_refresh, task_id=location_batches.batch_007__locs_1401_to_1600, execution_date=20260322T020000, start_date=20260323T061520, end_date=20260323T061523
[2026-03-23T06:15:23.542+0000] {standard_task_runner.py:110} ERROR - Failed to execute job 17 for task location_batches.batch_007__locs_1401_to_1600 (Batch 7 failed (exit 1); 250)
[2026-03-23T06:15:23.604+0000] {local_task_job_runner.py:240} INFO - Task exited with return code 1
[2026-03-23T06:15:23.890+0000] {taskinstance.py:3482} INFO - 0 downstream tasks scheduled from follow-on schedule check
[2026-03-23T06:15:23.895+0000] {local_task_job_runner.py:222} INFO - ::endgroup::
[2026-03-23T06:27:33.633+0000] {local_task_job_runner.py:120} INFO - ::group::Pre task execution logs
[2026-03-23T06:27:34.013+0000] {taskinstance.py:2073} INFO - Dependencies all met for dep_context=non-requeueable deps ti=<TaskInstance: reporting_nightly_refresh.location_batches.batch_007__locs_1401_to_1600 scheduled__2026-03-22T02:00:00+00:00 [queued]>
[2026-03-23T06:27:34.046+0000] {taskinstance.py:2073} INFO - Dependencies all met for dep_context=requeueable deps ti=<TaskInstance: reporting_nightly_refresh.location_batches.batch_007__locs_1401_to_1600 scheduled__2026-03-22T02:00:00+00:00 [queued]>
[2026-03-23T06:27:34.048+0000] {taskinstance.py:2303} INFO - Starting attempt 1 of 4
[2026-03-23T06:27:34.252+0000] {taskinstance.py:2327} INFO - Executing <Task(PythonOperator): location_batches.batch_007__locs_1401_to_1600> on 2026-03-22 02:00:00+00:00
[2026-03-23T06:27:34.436+0000] {standard_task_runner.py:90} INFO - Running: ['airflow', 'tasks', 'run', 'reporting_nightly_refresh', 'location_batches.batch_007__locs_1401_to_1600', 'scheduled__2026-03-22T02:00:00+00:00', '--job-id', '8', '--raw', '--subdir', 'DAGS_FOLDER/lra_refresh_dag.py', '--cfg-path', '/tmp/tmps6ic22i5']
[2026-03-23T06:27:34.453+0000] {logging_mixin.py:188} WARNING - /home/airflow/.local/lib/python3.12/site-packages/airflow/task/task_runner/standard_task_runner.py:61 DeprecationWarning: This process (pid=175) is multi-threaded, use of fork() may lead to deadlocks in the child.
[2026-03-23T06:27:34.463+0000] {standard_task_runner.py:63} INFO - Started process 188 to run task
[2026-03-23T06:27:34.461+0000] {standard_task_runner.py:91} INFO - Job 8: Subtask location_batches.batch_007__locs_1401_to_1600
[2026-03-23T06:27:35.259+0000] {task_command.py:426} INFO - Running <TaskInstance: reporting_nightly_refresh.location_batches.batch_007__locs_1401_to_1600 scheduled__2026-03-22T02:00:00+00:00 [running]> on host 4c525425e255
[2026-03-23T06:27:36.490+0000] {taskinstance.py:2644} INFO - Exporting env vars: AIRFLOW_CTX_DAG_OWNER='finance-ops' AIRFLOW_CTX_DAG_ID='reporting_nightly_refresh' AIRFLOW_CTX_TASK_ID='location_batches.batch_007__locs_1401_to_1600' AIRFLOW_CTX_EXECUTION_DATE='2026-03-22T02:00:00+00:00' AIRFLOW_CTX_TRY_NUMBER='1' AIRFLOW_CTX_DAG_RUN_ID='scheduled__2026-03-22T02:00:00+00:00'
[2026-03-23T06:27:36.503+0000] {taskinstance.py:430} INFO - ::endgroup::
[2026-03-23T06:27:36.571+0000] {lra_refresh_dag.py:51} INFO - Batch 7: 200 locations
[2026-03-23T06:28:55.185+0000] {local_task_job_runner.py:222} INFO - ::endgroup::
[2026-03-23T06:28:57.301+0000] {process_utils.py:132} INFO - Sending 15 to group 188. PIDs of all processes in the group: [196, 210, 290, 888, 1470, 2058, 2639, 3215, 3775, 4361, 4862, 4974, 4978, 5171, 4401, 4402, 4465, 4573, 4464, 3810, 3811, 3968, 4000, 3944, 3236, 3248, 3370, 3407, 3348, 2678, 2681, 2810, 2849, 2807, 2066, 2067, 2185, 2242, 2160, 1480, 1481, 1568, 1638, 1539, 892, 893, 928, 1028, 921, 316, 317, 494, 629, 412, 188]
[2026-03-23T06:28:57.315+0000] {process_utils.py:87} INFO - Sending the signal 15 to group 188
[2026-03-23T06:28:57.450+0000] {process_utils.py:80} INFO - Process psutil.Process(pid=4573, status='terminated', started='06:28:06') (4573) terminated with exit code None
[2026-03-23T06:28:57.525+0000] {process_utils.py:80} INFO - Process psutil.Process(pid=3407, status='terminated', started='06:27:57') (3407) terminated with exit code None
[2026-03-23T06:28:57.741+0000] {process_utils.py:80} INFO - Process psutil.Process(pid=494, status='terminated', started='06:27:40') (494) terminated with exit code None
[2026-03-23T06:28:57.743+0000] {process_utils.py:80} INFO - Process psutil.Process(pid=2160, status='terminated', started='06:27:49') (2160) terminated with exit code None
[2026-03-23T06:28:57.748+0000] {process_utils.py:80} INFO - Process psutil.Process(pid=3944, status='terminated', started='06:28:01') (3944) terminated with exit code None
[2026-03-23T06:28:57.564+0000] {taskinstance.py:2607} ERROR - Received SIGTERM. Terminating subprocesses.
[2026-03-23T06:28:57.809+0000] {process_utils.py:80} INFO - Process psutil.Process(pid=892, status='terminated', started='06:27:42') (892) terminated with exit code None
[2026-03-23T06:28:57.841+0000] {process_utils.py:80} INFO - Process psutil.Process(pid=3968, status='terminated', started='06:28:01') (3968) terminated with exit code None
[2026-03-23T06:28:57.845+0000] {process_utils.py:80} INFO - Process psutil.Process(pid=2242, status='terminated', started='06:27:50') (2242) terminated with exit code None
[2026-03-23T06:28:57.848+0000] {process_utils.py:80} INFO - Process psutil.Process(pid=2681, status='terminated', started='06:27:53') (2681) terminated with exit code None
[2026-03-23T06:28:57.849+0000] {process_utils.py:80} INFO - Process psutil.Process(pid=1028, status='terminated', started='06:27:42') (1028) terminated with exit code None
[2026-03-23T06:28:57.851+0000] {process_utils.py:80} INFO - Process psutil.Process(pid=4465, status='terminated', started='06:28:06') (4465) terminated with exit code None
[2026-03-23T06:28:57.853+0000] {process_utils.py:80} INFO - Process psutil.Process(pid=3348, status='terminated', started='06:27:57') (3348) terminated with exit code None
[2026-03-23T06:28:57.856+0000] {process_utils.py:80} INFO - Process psutil.Process(pid=4401, status='terminated', started='06:28:05') (4401) terminated with exit code None
[2026-03-23T06:28:57.852+0000] {taskinstance.py:441} INFO - ::group::Post task execution logs
[2026-03-23T06:28:57.860+0000] {process_utils.py:80} INFO - Process psutil.Process(pid=4402, status='terminated', started='06:28:05') (4402) terminated with exit code None
[2026-03-23T06:28:57.863+0000] {process_utils.py:80} INFO - Process psutil.Process(pid=4978, status='terminated', started='06:28:26') (4978) terminated with exit code None
[2026-03-23T06:28:57.867+0000] {process_utils.py:80} INFO - Process psutil.Process(pid=3370, status='terminated', started='06:27:57') (3370) terminated with exit code None
[2026-03-23T06:28:57.870+0000] {process_utils.py:80} INFO - Process psutil.Process(pid=196, status='terminated', started='06:27:36') (196) terminated with exit code None
[2026-03-23T06:28:57.873+0000] {process_utils.py:80} INFO - Process psutil.Process(pid=2066, status='terminated', started='06:27:49') (2066) terminated with exit code None
[2026-03-23T06:28:57.875+0000] {process_utils.py:80} INFO - Process psutil.Process(pid=316, status='terminated', started='06:27:40') (316) terminated with exit code None
[2026-03-23T06:28:57.877+0000] {process_utils.py:80} INFO - Process psutil.Process(pid=4000, status='terminated', started='06:28:02') (4000) terminated with exit code None
[2026-03-23T06:28:57.879+0000] {process_utils.py:80} INFO - Process psutil.Process(pid=921, status='terminated', started='06:27:42') (921) terminated with exit code None
[2026-03-23T06:28:57.881+0000] {process_utils.py:80} INFO - Process psutil.Process(pid=3248, status='terminated', started='06:27:56') (3248) terminated with exit code None
[2026-03-23T06:28:57.886+0000] {process_utils.py:80} INFO - Process psutil.Process(pid=2810, status='terminated', started='06:27:53') (2810) terminated with exit code None
[2026-03-23T06:28:57.920+0000] {process_utils.py:80} INFO - Process psutil.Process(pid=3236, status='terminated', started='06:27:56') (3236) terminated with exit code None
[2026-03-23T06:28:57.949+0000] {process_utils.py:80} INFO - Process psutil.Process(pid=2067, status='terminated', started='06:27:49') (2067) terminated with exit code None
[2026-03-23T06:28:57.951+0000] {process_utils.py:80} INFO - Process psutil.Process(pid=4974, status='terminated', started='06:28:26') (4974) terminated with exit code None
[2026-03-23T06:28:57.980+0000] {process_utils.py:80} INFO - Process psutil.Process(pid=317, status='terminated', started='06:27:40') (317) terminated with exit code None
[2026-03-23T06:28:58.009+0000] {process_utils.py:80} INFO - Process psutil.Process(pid=1568, status='terminated', started='06:27:46') (1568) terminated with exit code None
[2026-03-23T06:28:58.010+0000] {process_utils.py:80} INFO - Process psutil.Process(pid=928, status='terminated', started='06:27:42') (928) terminated with exit code None
[2026-03-23T06:28:58.012+0000] {process_utils.py:80} INFO - Process psutil.Process(pid=2185, status='terminated', started='06:27:49') (2185) terminated with exit code None
[2026-03-23T06:28:58.014+0000] {process_utils.py:80} INFO - Process psutil.Process(pid=893, status='terminated', started='06:27:42') (893) terminated with exit code None
[2026-03-23T06:28:58.016+0000] {process_utils.py:80} INFO - Process psutil.Process(pid=4464, status='terminated', started='06:28:05') (4464) terminated with exit code None
[2026-03-23T06:28:58.018+0000] {process_utils.py:80} INFO - Process psutil.Process(pid=2849, status='terminated', started='06:27:53') (2849) terminated with exit code None
[2026-03-23T06:28:58.035+0000] {process_utils.py:80} INFO - Process psutil.Process(pid=210, status='terminated', started='06:27:38') (210) terminated with exit code None
[2026-03-23T06:28:58.036+0000] {process_utils.py:80} INFO - Process psutil.Process(pid=2807, status='terminated', started='06:27:53') (2807) terminated with exit code None
[2026-03-23T06:28:58.040+0000] {process_utils.py:80} INFO - Process psutil.Process(pid=1638, status='terminated', started='06:27:46') (1638) terminated with exit code None
[2026-03-23T06:28:58.042+0000] {process_utils.py:80} INFO - Process psutil.Process(pid=629, status='terminated', started='06:27:40') (629) terminated with exit code None
[2026-03-23T06:28:58.043+0000] {process_utils.py:80} INFO - Process psutil.Process(pid=412, status='terminated', started='06:27:40') (412) terminated with exit code None
[2026-03-23T06:28:58.045+0000] {process_utils.py:80} INFO - Process psutil.Process(pid=1539, status='terminated', started='06:27:46') (1539) terminated with exit code None
[2026-03-23T06:28:58.046+0000] {process_utils.py:80} INFO - Process psutil.Process(pid=5171, status='terminated', started='06:28:55') (5171) terminated with exit code None
[2026-03-23T06:28:58.049+0000] {process_utils.py:80} INFO - Process psutil.Process(pid=3810, status='terminated', started='06:28:00') (3810) terminated with exit code None
[2026-03-23T06:28:58.051+0000] {process_utils.py:80} INFO - Process psutil.Process(pid=1480, status='terminated', started='06:27:45') (1480) terminated with exit code None
[2026-03-23T06:28:58.056+0000] {process_utils.py:80} INFO - Process psutil.Process(pid=3811, status='terminated', started='06:28:00') (3811) terminated with exit code None
[2026-03-23T06:28:58.057+0000] {process_utils.py:80} INFO - Process psutil.Process(pid=888, status='terminated', started='06:27:42') (888) terminated with exit code None
[2026-03-23T06:28:58.059+0000] {process_utils.py:80} INFO - Process psutil.Process(pid=1481, status='terminated', started='06:27:45') (1481) terminated with exit code None
[2026-03-23T06:28:58.060+0000] {process_utils.py:80} INFO - Process psutil.Process(pid=2678, status='terminated', started='06:27:53') (2678) terminated with exit code None
[2026-03-23T06:28:58.062+0000] {process_utils.py:80} INFO - Process psutil.Process(pid=2639, status='terminated', started='06:27:52') (2639) terminated with exit code None
[2026-03-23T06:28:58.117+0000] {process_utils.py:80} INFO - Process psutil.Process(pid=4361, status='terminated', started='06:28:04') (4361) terminated with exit code None
[2026-03-23T06:28:58.119+0000] {process_utils.py:80} INFO - Process psutil.Process(pid=4862, status='terminated', started='06:28:19') (4862) terminated with exit code None
[2026-03-23T06:28:58.121+0000] {process_utils.py:80} INFO - Process psutil.Process(pid=3775, status='terminated', started='06:27:59') (3775) terminated with exit code None
[2026-03-23T06:28:58.122+0000] {process_utils.py:80} INFO - Process psutil.Process(pid=290, status='terminated', started='06:27:39') (290) terminated with exit code None
[2026-03-23T06:28:58.124+0000] {process_utils.py:80} INFO - Process psutil.Process(pid=3215, status='terminated', started='06:27:56') (3215) terminated with exit code None
[2026-03-23T06:28:58.126+0000] {process_utils.py:80} INFO - Process psutil.Process(pid=2058, status='terminated', started='06:27:49') (2058) terminated with exit code None
[2026-03-23T06:28:58.128+0000] {process_utils.py:80} INFO - Process psutil.Process(pid=1470, status='terminated', started='06:27:45') (1470) terminated with exit code None
[2026-03-23T06:28:59.275+0000] {taskinstance.py:2890} ERROR - Task failed with exception
Traceback (most recent call last):
  File "/home/airflow/.local/lib/python3.12/site-packages/airflow/models/taskinstance.py", line 460, in _execute_task
    result = _execute_callable(context=context, **execute_callable_kwargs)
             ^^^^^^^^^^^^^^^^^^^^^^^^^^^^^^^^^^^^^^^^^^^^^^^^^^^^^^^^^^^^^
  File "/home/airflow/.local/lib/python3.12/site-packages/airflow/models/taskinstance.py", line 432, in _execute_callable
    return execute_callable(context=context, **execute_callable_kwargs)
           ^^^^^^^^^^^^^^^^^^^^^^^^^^^^^^^^^^^^^^^^^^^^^^^^^^^^^^^^^^^^
  File "/home/airflow/.local/lib/python3.12/site-packages/airflow/models/baseoperator.py", line 400, in wrapper
    return func(self, *args, **kwargs)
           ^^^^^^^^^^^^^^^^^^^^^^^^^^^
  File "/home/airflow/.local/lib/python3.12/site-packages/airflow/operators/python.py", line 235, in execute
    return_value = self.execute_callable()
                   ^^^^^^^^^^^^^^^^^^^^^^^
  File "/home/airflow/.local/lib/python3.12/site-packages/airflow/operators/python.py", line 252, in execute_callable
    return self.python_callable(*self.op_args, **self.op_kwargs)
           ^^^^^^^^^^^^^^^^^^^^^^^^^^^^^^^^^^^^^^^^^^^^^^^^^^^^^
  File "/opt/airflow/dags/lra_refresh_dag.py", line 52, in run_location_batch
    result = subprocess.run(cmd, capture_output=True, text=True, timeout=3600)
             ^^^^^^^^^^^^^^^^^^^^^^^^^^^^^^^^^^^^^^^^^^^^^^^^^^^^^^^^^^^^^^^^^
  File "/usr/local/lib/python3.12/subprocess.py", line 550, in run
    stdout, stderr = process.communicate(input, timeout=timeout)
                     ^^^^^^^^^^^^^^^^^^^^^^^^^^^^^^^^^^^^^^^^^^^
  File "/usr/local/lib/python3.12/subprocess.py", line 1209, in communicate
    stdout, stderr = self._communicate(input, endtime, timeout)
                     ^^^^^^^^^^^^^^^^^^^^^^^^^^^^^^^^^^^^^^^^^^
  File "/usr/local/lib/python3.12/subprocess.py", line 2113, in _communicate
    ready = selector.select(timeout)
            ^^^^^^^^^^^^^^^^^^^^^^^^
  File "/usr/local/lib/python3.12/selectors.py", line 415, in select
    fd_event_list = self._selector.poll(timeout)
                    ^^^^^^^^^^^^^^^^^^^^^^^^^^^^
  File "/home/airflow/.local/lib/python3.12/site-packages/airflow/models/taskinstance.py", line 2609, in signal_handler
    raise AirflowTaskTerminated("Task received SIGTERM signal")
airflow.exceptions.AirflowTaskTerminated: Task received SIGTERM signal
[2026-03-23T06:28:59.421+0000] {taskinstance.py:1205} INFO - Marking task as UP_FOR_RETRY. dag_id=reporting_nightly_refresh, task_id=location_batches.batch_007__locs_1401_to_1600, execution_date=20260322T020000, start_date=20260323T062734, end_date=20260323T062859
[2026-03-23T06:29:04.123+0000] {process_utils.py:80} INFO - Process psutil.Process(pid=188, status='terminated', exitcode=2, started='06:27:34') (188) terminated with exit code 2
[2026-03-23T06:55:34.590+0000] {local_task_job_runner.py:120} INFO - ::group::Pre task execution logs
[2026-03-23T06:55:34.797+0000] {taskinstance.py:2073} INFO - Dependencies all met for dep_context=non-requeueable deps ti=<TaskInstance: reporting_nightly_refresh.location_batches.batch_007__locs_1401_to_1600 scheduled__2026-03-22T02:00:00+00:00 [queued]>
[2026-03-23T06:55:34.829+0000] {taskinstance.py:2073} INFO - Dependencies all met for dep_context=requeueable deps ti=<TaskInstance: reporting_nightly_refresh.location_batches.batch_007__locs_1401_to_1600 scheduled__2026-03-22T02:00:00+00:00 [queued]>
[2026-03-23T06:55:34.832+0000] {taskinstance.py:2303} INFO - Starting attempt 1 of 4
[2026-03-23T06:55:35.016+0000] {taskinstance.py:2327} INFO - Executing <Task(PythonOperator): location_batches.batch_007__locs_1401_to_1600> on 2026-03-22 02:00:00+00:00
[2026-03-23T06:55:35.042+0000] {standard_task_runner.py:90} INFO - Running: ['airflow', 'tasks', 'run', 'reporting_nightly_refresh', 'location_batches.batch_007__locs_1401_to_1600', 'scheduled__2026-03-22T02:00:00+00:00', '--job-id', '7', '--raw', '--subdir', 'DAGS_FOLDER/reporting_refresh_dag.py', '--cfg-path', '/tmp/tmp2ut4plss']
[2026-03-23T06:55:35.052+0000] {standard_task_runner.py:91} INFO - Job 7: Subtask location_batches.batch_007__locs_1401_to_1600
[2026-03-23T06:55:35.054+0000] {logging_mixin.py:188} WARNING - /home/airflow/.local/lib/python3.12/site-packages/airflow/task/task_runner/standard_task_runner.py:61 DeprecationWarning: This process (pid=214) is multi-threaded, use of fork() may lead to deadlocks in the child.
[2026-03-23T06:55:35.059+0000] {standard_task_runner.py:63} INFO - Started process 224 to run task
[2026-03-23T06:55:35.505+0000] {task_command.py:426} INFO - Running <TaskInstance: reporting_nightly_refresh.location_batches.batch_007__locs_1401_to_1600 scheduled__2026-03-22T02:00:00+00:00 [running]> on host 709b26eca54f
[2026-03-23T06:55:36.294+0000] {taskinstance.py:2644} INFO - Exporting env vars: AIRFLOW_CTX_DAG_OWNER='finance-ops' AIRFLOW_CTX_DAG_ID='reporting_nightly_refresh' AIRFLOW_CTX_TASK_ID='location_batches.batch_007__locs_1401_to_1600' AIRFLOW_CTX_EXECUTION_DATE='2026-03-22T02:00:00+00:00' AIRFLOW_CTX_TRY_NUMBER='1' AIRFLOW_CTX_DAG_RUN_ID='scheduled__2026-03-22T02:00:00+00:00'
[2026-03-23T06:55:36.298+0000] {taskinstance.py:430} INFO - ::endgroup::
[2026-03-23T06:55:36.540+0000] {refresh_runner.py:135} INFO - Run 20260323_065536 — 200 locations, concurrency=10
[2026-03-23T06:55:39.278+0000] {refresh_runner.py:76} INFO - Navigating to login: http://mock_portal:5001
[2026-03-23T06:55:40.823+0000] {refresh_runner.py:82} INFO - Authentication successful.
[2026-03-23T06:55:42.116+0000] {refresh_runner.py:76} INFO - Navigating to login: http://mock_portal:5001
[2026-03-23T06:55:44.778+0000] {refresh_runner.py:82} INFO - Authentication successful.
[2026-03-23T06:55:47.649+0000] {refresh_runner.py:76} INFO - Navigating to login: http://mock_portal:5001
[2026-03-23T06:55:49.148+0000] {refresh_runner.py:82} INFO - Authentication successful.
[2026-03-23T06:55:52.882+0000] {refresh_runner.py:76} INFO - Navigating to login: http://mock_portal:5001
[2026-03-23T06:55:58.400+0000] {refresh_runner.py:82} INFO - Authentication successful.
[2026-03-23T06:56:02.264+0000] {refresh_runner.py:76} INFO - Navigating to login: http://mock_portal:5001
[2026-03-23T06:56:04.041+0000] {refresh_runner.py:82} INFO - Authentication successful.
[2026-03-23T06:56:06.691+0000] {refresh_runner.py:76} INFO - Navigating to login: http://mock_portal:5001
[2026-03-23T06:56:09.237+0000] {refresh_runner.py:82} INFO - Authentication successful.
[2026-03-23T06:56:57.056+0000] {local_task_job_runner.py:222} INFO - ::endgroup::
[2026-03-23T06:57:02.100+0000] {process_utils.py:132} INFO - Sending 15 to group 224. PIDs of all processes in the group: [274, 367, 985, 1510, 2183, 2651, 3240, 3828, 3893, 3902, 4067, 4329, 3994, 3251, 3252, 3364, 3563, 3344, 2663, 2666, 2746, 2943, 2739, 2323, 2335, 2449, 2498, 2446, 1577, 1581, 1872, 1925, 1823, 1054, 1058, 1184, 1307, 1162, 476, 480, 716, 861, 676, 224]
[2026-03-23T06:57:02.806+0000] {process_utils.py:87} INFO - Sending the signal 15 to group 224
[2026-03-23T06:57:02.816+0000] {taskinstance.py:2607} ERROR - Received SIGTERM. Terminating subprocesses.
[2026-03-23T06:57:07.009+0000] {process_utils.py:80} INFO - Process psutil.Process(pid=367, status='terminated', started='06:55:38') (367) terminated with exit code None
[2026-03-23T06:57:07.054+0000] {process_utils.py:80} INFO - Process psutil.Process(pid=1581, status='terminated', started='06:55:45') (1581) terminated with exit code None
[2026-03-23T06:57:07.105+0000] {process_utils.py:80} INFO - Process psutil.Process(pid=476, status='terminated', started='06:55:38') (476) terminated with exit code None
[2026-03-23T06:57:07.203+0000] {process_utils.py:80} INFO - Process psutil.Process(pid=2498, status='terminated', started='06:55:52') (2498) terminated with exit code None
[2026-03-23T06:57:07.240+0000] {process_utils.py:80} INFO - Process psutil.Process(pid=2651, status='terminated', started='06:55:58') (2651) terminated with exit code None
[2026-03-23T06:57:07.273+0000] {process_utils.py:80} INFO - Process psutil.Process(pid=3252, status='terminated', started='06:56:04') (3252) terminated with exit code None
[2026-03-23T06:57:07.321+0000] {process_utils.py:80} INFO - Process psutil.Process(pid=480, status='terminated', started='06:55:38') (480) terminated with exit code None
[2026-03-23T06:57:07.377+0000] {process_utils.py:80} INFO - Process psutil.Process(pid=3893, status='terminated', started='06:56:12') (3893) terminated with exit code None
[2026-03-23T06:57:07.382+0000] {process_utils.py:80} INFO - Process psutil.Process(pid=2746, status='terminated', started='06:56:00') (2746) terminated with exit code None
[2026-03-23T06:57:07.459+0000] {process_utils.py:80} INFO - Process psutil.Process(pid=1184, status='terminated', started='06:55:41') (1184) terminated with exit code None
[2026-03-23T06:57:07.465+0000] {process_utils.py:80} INFO - Process psutil.Process(pid=2323, status='terminated', started='06:55:50') (2323) terminated with exit code None
[2026-03-23T06:57:07.472+0000] {process_utils.py:80} INFO - Process psutil.Process(pid=1054, status='terminated', started='06:55:41') (1054) terminated with exit code None
[2026-03-23T06:57:07.483+0000] {process_utils.py:80} INFO - Process psutil.Process(pid=1823, status='terminated', started='06:55:46') (1823) terminated with exit code None
[2026-03-23T06:57:07.484+0000] {process_utils.py:80} INFO - Process psutil.Process(pid=2183, status='terminated', started='06:55:49') (2183) terminated with exit code None
[2026-03-23T06:57:07.519+0000] {process_utils.py:80} INFO - Process psutil.Process(pid=2663, status='terminated', started='06:55:59') (2663) terminated with exit code None
[2026-03-23T06:57:07.535+0000] {process_utils.py:80} INFO - Process psutil.Process(pid=3364, status='terminated', started='06:56:05') (3364) terminated with exit code None
[2026-03-23T06:57:07.544+0000] {process_utils.py:80} INFO - Process psutil.Process(pid=1872, status='terminated', started='06:55:46') (1872) terminated with exit code None
[2026-03-23T06:57:07.571+0000] {process_utils.py:80} INFO - Process psutil.Process(pid=2943, status='terminated', started='06:56:00') (2943) terminated with exit code None
[2026-03-23T06:57:07.573+0000] {process_utils.py:80} INFO - Process psutil.Process(pid=2335, status='terminated', started='06:55:50') (2335) terminated with exit code None
[2026-03-23T06:57:07.575+0000] {process_utils.py:80} INFO - Process psutil.Process(pid=2739, status='terminated', started='06:56:00') (2739) terminated with exit code None
[2026-03-23T06:57:07.578+0000] {process_utils.py:80} INFO - Process psutil.Process(pid=3344, status='terminated', started='06:56:05') (3344) terminated with exit code None
[2026-03-23T06:57:07.581+0000] {process_utils.py:80} INFO - Process psutil.Process(pid=2666, status='terminated', started='06:55:59') (2666) terminated with exit code None
[2026-03-23T06:57:07.660+0000] {process_utils.py:80} INFO - Process psutil.Process(pid=1510, status='terminated', started='06:55:44') (1510) terminated with exit code None
[2026-03-23T06:57:07.661+0000] {process_utils.py:80} INFO - Process psutil.Process(pid=3563, status='terminated', started='06:56:06') (3563) terminated with exit code None
[2026-03-23T06:57:07.725+0000] {process_utils.py:80} INFO - Process psutil.Process(pid=3902, status='terminated', started='06:56:12') (3902) terminated with exit code None
[2026-03-23T06:57:07.727+0000] {process_utils.py:80} INFO - Process psutil.Process(pid=3240, status='terminated', started='06:56:04') (3240) terminated with exit code None
[2026-03-23T06:57:07.729+0000] {process_utils.py:80} INFO - Process psutil.Process(pid=3251, status='terminated', started='06:56:04') (3251) terminated with exit code None
[2026-03-23T06:57:07.733+0000] {process_utils.py:80} INFO - Process psutil.Process(pid=2446, status='terminated', started='06:55:51') (2446) terminated with exit code None
[2026-03-23T06:57:07.735+0000] {process_utils.py:80} INFO - Process psutil.Process(pid=1162, status='terminated', started='06:55:41') (1162) terminated with exit code None
[2026-03-23T06:57:07.737+0000] {process_utils.py:80} INFO - Process psutil.Process(pid=716, status='terminated', started='06:55:38') (716) terminated with exit code None
[2026-03-23T06:57:07.739+0000] {process_utils.py:80} INFO - Process psutil.Process(pid=2449, status='terminated', started='06:55:52') (2449) terminated with exit code None
[2026-03-23T06:57:07.797+0000] {process_utils.py:80} INFO - Process psutil.Process(pid=1307, status='terminated', started='06:55:41') (1307) terminated with exit code None
[2026-03-23T06:57:07.799+0000] {process_utils.py:80} INFO - Process psutil.Process(pid=1577, status='terminated', started='06:55:45') (1577) terminated with exit code None
[2026-03-23T06:57:07.802+0000] {process_utils.py:80} INFO - Process psutil.Process(pid=1058, status='terminated', started='06:55:41') (1058) terminated with exit code None
[2026-03-23T06:57:07.806+0000] {process_utils.py:80} INFO - Process psutil.Process(pid=3994, status='terminated', started='06:56:19') (3994) terminated with exit code None
[2026-03-23T06:57:07.810+0000] {process_utils.py:80} INFO - Process psutil.Process(pid=861, status='terminated', started='06:55:39') (861) terminated with exit code None
[2026-03-23T06:57:07.812+0000] {process_utils.py:80} INFO - Process psutil.Process(pid=676, status='terminated', started='06:55:38') (676) terminated with exit code None
[2026-03-23T06:57:07.818+0000] {process_utils.py:80} INFO - Process psutil.Process(pid=985, status='terminated', started='06:55:40') (985) terminated with exit code None
[2026-03-23T06:57:07.821+0000] {process_utils.py:80} INFO - Process psutil.Process(pid=4329, status='terminated', started='06:56:52') (4329) terminated with exit code None
[2026-03-23T06:57:07.825+0000] {process_utils.py:80} INFO - Process psutil.Process(pid=4067, status='terminated', started='06:56:23') (4067) terminated with exit code None
[2026-03-23T06:57:07.827+0000] {process_utils.py:80} INFO - Process psutil.Process(pid=1925, status='terminated', started='06:55:47') (1925) terminated with exit code None
[2026-03-23T06:57:07.829+0000] {process_utils.py:80} INFO - Process psutil.Process(pid=3828, status='terminated', started='06:56:09') (3828) terminated with exit code None
[2026-03-23T06:57:07.886+0000] {process_utils.py:80} INFO - Process psutil.Process(pid=274, status='terminated', started='06:55:36') (274) terminated with exit code None
[2026-03-23T06:58:03.376+0000] {process_utils.py:150} WARNING - process psutil.Process(pid=224, name='airflow task ru', status='sleeping', started='06:55:34') did not respond to SIGTERM. Trying SIGKILL
[2026-03-23T06:58:03.445+0000] {process_utils.py:87} INFO - Sending the signal 9 to group 224
[2026-03-23T06:58:03.542+0000] {process_utils.py:80} INFO - Process psutil.Process(pid=224, name='airflow task ru', status='terminated', exitcode=<Negsignal.SIGKILL: -9>, started='06:55:34') (224) terminated with exit code -9
[2026-03-23T06:58:03.548+0000] {standard_task_runner.py:178} ERROR - Job 7 was killed before it finished (likely due to running out of memory)
[2026-03-23T07:07:16.727+0000] {local_task_job_runner.py:120} INFO - ::group::Pre task execution logs
[2026-03-23T07:07:16.925+0000] {taskinstance.py:2073} INFO - Dependencies all met for dep_context=non-requeueable deps ti=<TaskInstance: reporting_nightly_refresh.location_batches.batch_007__locs_1401_to_1600 scheduled__2026-03-22T02:00:00+00:00 [queued]>
[2026-03-23T07:07:16.946+0000] {taskinstance.py:2073} INFO - Dependencies all met for dep_context=requeueable deps ti=<TaskInstance: reporting_nightly_refresh.location_batches.batch_007__locs_1401_to_1600 scheduled__2026-03-22T02:00:00+00:00 [queued]>
[2026-03-23T07:07:16.947+0000] {taskinstance.py:2303} INFO - Starting attempt 1 of 4
[2026-03-23T07:07:17.061+0000] {taskinstance.py:2327} INFO - Executing <Task(PythonOperator): location_batches.batch_007__locs_1401_to_1600> on 2026-03-22 02:00:00+00:00
[2026-03-23T07:07:17.091+0000] {standard_task_runner.py:90} INFO - Running: ['airflow', 'tasks', 'run', 'reporting_nightly_refresh', 'location_batches.batch_007__locs_1401_to_1600', 'scheduled__2026-03-22T02:00:00+00:00', '--job-id', '5', '--raw', '--subdir', 'DAGS_FOLDER/reporting_refresh_dag.py', '--cfg-path', '/tmp/tmpzoo2zoan']
[2026-03-23T07:07:17.104+0000] {standard_task_runner.py:91} INFO - Job 5: Subtask location_batches.batch_007__locs_1401_to_1600
[2026-03-23T07:07:17.103+0000] {logging_mixin.py:188} WARNING - /home/airflow/.local/lib/python3.12/site-packages/airflow/task/task_runner/standard_task_runner.py:61 DeprecationWarning: This process (pid=181) is multi-threaded, use of fork() may lead to deadlocks in the child.
[2026-03-23T07:07:17.105+0000] {standard_task_runner.py:63} INFO - Started process 187 to run task
[2026-03-23T07:07:17.522+0000] {task_command.py:426} INFO - Running <TaskInstance: reporting_nightly_refresh.location_batches.batch_007__locs_1401_to_1600 scheduled__2026-03-22T02:00:00+00:00 [running]> on host 537b898fa87c
[2026-03-23T07:07:18.224+0000] {taskinstance.py:2644} INFO - Exporting env vars: AIRFLOW_CTX_DAG_OWNER='finance-ops' AIRFLOW_CTX_DAG_ID='reporting_nightly_refresh' AIRFLOW_CTX_TASK_ID='location_batches.batch_007__locs_1401_to_1600' AIRFLOW_CTX_EXECUTION_DATE='2026-03-22T02:00:00+00:00' AIRFLOW_CTX_TRY_NUMBER='1' AIRFLOW_CTX_DAG_RUN_ID='scheduled__2026-03-22T02:00:00+00:00'
[2026-03-23T07:07:18.228+0000] {taskinstance.py:430} INFO - ::endgroup::
[2026-03-23T07:07:18.475+0000] {refresh_runner.py:135} INFO - Run 20260323_070718 — 200 locations, concurrency=10
[2026-03-23T07:07:23.222+0000] {refresh_runner.py:76} INFO - Navigating to login: http://mock_portal:5001
[2026-03-23T07:07:24.610+0000] {refresh_runner.py:82} INFO - Authentication successful.
[2026-03-23T07:07:25.648+0000] {refresh_runner.py:76} INFO - Navigating to login: http://mock_portal:5001
[2026-03-23T07:07:26.927+0000] {refresh_runner.py:82} INFO - Authentication successful.
[2026-03-23T07:07:30.062+0000] {refresh_runner.py:76} INFO - Navigating to login: http://mock_portal:5001
[2026-03-23T07:07:31.788+0000] {refresh_runner.py:82} INFO - Authentication successful.
[2026-03-23T07:07:33.462+0000] {refresh_runner.py:76} INFO - Navigating to login: http://mock_portal:5001
[2026-03-23T07:07:36.458+0000] {refresh_runner.py:82} INFO - Authentication successful.
[2026-03-23T07:07:38.965+0000] {refresh_runner.py:76} INFO - Navigating to login: http://mock_portal:5001
[2026-03-23T07:07:41.715+0000] {refresh_runner.py:82} INFO - Authentication successful.
[2026-03-23T07:07:44.093+0000] {refresh_runner.py:76} INFO - Navigating to login: http://mock_portal:5001
[2026-03-23T07:07:46.457+0000] {refresh_runner.py:82} INFO - Authentication successful.
[2026-03-23T07:07:48.424+0000] {refresh_runner.py:76} INFO - Navigating to login: http://mock_portal:5001
[2026-03-23T07:07:52.693+0000] {refresh_runner.py:82} INFO - Authentication successful.
[2026-03-23T07:08:29.954+0000] {refresh_runner.py:76} INFO - Navigating to login: http://mock_portal:5001
[2026-03-23T07:08:31.775+0000] {refresh_runner.py:82} INFO - Authentication successful.
[2026-03-23T07:08:37.195+0000] {refresh_runner.py:76} INFO - Navigating to login: http://mock_portal:5001
[2026-03-23T07:09:10.862+0000] {refresh_runner.py:82} INFO - Authentication successful.
[2026-03-23T07:09:15.350+0000] {refresh_runner.py:76} INFO - Navigating to login: http://mock_portal:5001
[2026-03-23T07:09:17.174+0000] {refresh_runner.py:82} INFO - Authentication successful.
[2026-03-23T07:09:19.089+0000] {taskinstance.py:441} INFO - ::group::Post task execution logs
[2026-03-23T07:09:19.096+0000] {taskinstance.py:2890} ERROR - Task failed with exception
Traceback (most recent call last):
  File "/home/airflow/.local/lib/python3.12/site-packages/airflow/models/taskinstance.py", line 460, in _execute_task
    result = _execute_callable(context=context, **execute_callable_kwargs)
             ^^^^^^^^^^^^^^^^^^^^^^^^^^^^^^^^^^^^^^^^^^^^^^^^^^^^^^^^^^^^^
  File "/home/airflow/.local/lib/python3.12/site-packages/airflow/models/taskinstance.py", line 432, in _execute_callable
    return execute_callable(context=context, **execute_callable_kwargs)
           ^^^^^^^^^^^^^^^^^^^^^^^^^^^^^^^^^^^^^^^^^^^^^^^^^^^^^^^^^^^^
  File "/home/airflow/.local/lib/python3.12/site-packages/airflow/models/baseoperator.py", line 400, in wrapper
    return func(self, *args, **kwargs)
           ^^^^^^^^^^^^^^^^^^^^^^^^^^^
  File "/home/airflow/.local/lib/python3.12/site-packages/airflow/operators/python.py", line 235, in execute
    return_value = self.execute_callable()
                   ^^^^^^^^^^^^^^^^^^^^^^^
  File "/home/airflow/.local/lib/python3.12/site-packages/airflow/operators/python.py", line 252, in execute_callable
    return self.python_callable(*self.op_args, **self.op_kwargs)
           ^^^^^^^^^^^^^^^^^^^^^^^^^^^^^^^^^^^^^^^^^^^^^^^^^^^^^
  File "/opt/airflow/dags/reporting_refresh_dag.py", line 53, in run_location_batch
    asyncio.run(run_batch(location_ids, concurrency=CONCURRENCY, headless=True))
  File "/usr/local/lib/python3.12/asyncio/runners.py", line 194, in run
    return runner.run(main)
           ^^^^^^^^^^^^^^^^
  File "/usr/local/lib/python3.12/asyncio/runners.py", line 118, in run
    return self._loop.run_until_complete(task)
           ^^^^^^^^^^^^^^^^^^^^^^^^^^^^^^^^^^^
  File "/usr/local/lib/python3.12/asyncio/base_events.py", line 685, in run_until_complete
    return future.result()
           ^^^^^^^^^^^^^^^
  File "/opt/airflow/dags/refresh_runner.py", line 160, in run_batch
    await asyncio.gather(*[process(lid) for lid in location_ids])
  File "/opt/airflow/dags/refresh_runner.py", line 155, in process
    ok = await refresh_location(page, pool, loc_id, run_id)
         ^^^^^^^^^^^^^^^^^^^^^^^^^^^^^^^^^^^^^^^^^^^^^^^^^^
  File "/opt/airflow/dags/refresh_runner.py", line 88, in refresh_location
    await log_job_start(pool, location_id, run_id)
  File "/opt/airflow/dags/refresh_runner.py", line 53, in log_job_start
    await cur.execute("""
  File "/home/airflow/.local/lib/python3.12/site-packages/aiomysql/cursors.py", line 239, in execute
    await self._query(query)
  File "/home/airflow/.local/lib/python3.12/site-packages/aiomysql/cursors.py", line 457, in _query
    await conn.query(q)
  File "/home/airflow/.local/lib/python3.12/site-packages/aiomysql/connection.py", line 469, in query
    await self._read_query_result(unbuffered=unbuffered)
  File "/home/airflow/.local/lib/python3.12/site-packages/aiomysql/connection.py", line 683, in _read_query_result
    await result.read()
  File "/home/airflow/.local/lib/python3.12/site-packages/aiomysql/connection.py", line 1164, in read
    first_packet = await self.connection._read_packet()
                   ^^^^^^^^^^^^^^^^^^^^^^^^^^^^^^^^^^^^
  File "/home/airflow/.local/lib/python3.12/site-packages/aiomysql/connection.py", line 652, in _read_packet
    packet.raise_for_error()
  File "/home/airflow/.local/lib/python3.12/site-packages/pymysql/protocol.py", line 219, in raise_for_error
    err.raise_mysql_exception(self._data)
  File "/home/airflow/.local/lib/python3.12/site-packages/pymysql/err.py", line 150, in raise_mysql_exception
    raise errorclass(errno, errval)
pymysql.err.ProgrammingError: (1146, "Table 'refresh_jobs.refresh_jobs' doesn't exist")
[2026-03-23T07:09:19.331+0000] {taskinstance.py:1205} INFO - Marking task as UP_FOR_RETRY. dag_id=reporting_nightly_refresh, task_id=location_batches.batch_007__locs_1401_to_1600, execution_date=20260322T020000, start_date=20260323T070716, end_date=20260323T070919
[2026-03-23T07:09:20.949+0000] {standard_task_runner.py:110} ERROR - Failed to execute job 5 for task location_batches.batch_007__locs_1401_to_1600 ((1146, "Table 'refresh_jobs.refresh_jobs' doesn't exist"); 187)
[2026-03-23T07:09:21.130+0000] {local_task_job_runner.py:240} INFO - Task exited with return code 1
[2026-03-23T07:09:22.882+0000] {taskinstance.py:3482} INFO - 0 downstream tasks scheduled from follow-on schedule check
[2026-03-23T07:09:22.888+0000] {local_task_job_runner.py:222} INFO - ::endgroup::
[2026-03-23T07:12:58.558+0000] {local_task_job_runner.py:120} INFO - ::group::Pre task execution logs
[2026-03-23T07:12:58.832+0000] {taskinstance.py:2073} INFO - Dependencies all met for dep_context=non-requeueable deps ti=<TaskInstance: reporting_nightly_refresh.location_batches.batch_007__locs_1401_to_1600 scheduled__2026-03-22T02:00:00+00:00 [queued]>
[2026-03-23T07:12:58.871+0000] {taskinstance.py:2073} INFO - Dependencies all met for dep_context=requeueable deps ti=<TaskInstance: reporting_nightly_refresh.location_batches.batch_007__locs_1401_to_1600 scheduled__2026-03-22T02:00:00+00:00 [queued]>
[2026-03-23T07:12:58.878+0000] {taskinstance.py:2303} INFO - Starting attempt 1 of 4
[2026-03-23T07:12:58.996+0000] {taskinstance.py:2327} INFO - Executing <Task(PythonOperator): location_batches.batch_007__locs_1401_to_1600> on 2026-03-22 02:00:00+00:00
[2026-03-23T07:12:59.024+0000] {standard_task_runner.py:90} INFO - Running: ['airflow', 'tasks', 'run', 'reporting_nightly_refresh', 'location_batches.batch_007__locs_1401_to_1600', 'scheduled__2026-03-22T02:00:00+00:00', '--job-id', '7', '--raw', '--subdir', 'DAGS_FOLDER/reporting_refresh_dag.py', '--cfg-path', '/tmp/tmpi2ww8kgy']
[2026-03-23T07:12:59.033+0000] {standard_task_runner.py:91} INFO - Job 7: Subtask location_batches.batch_007__locs_1401_to_1600
[2026-03-23T07:12:59.035+0000] {logging_mixin.py:188} WARNING - /home/airflow/.local/lib/python3.12/site-packages/airflow/task/task_runner/standard_task_runner.py:61 DeprecationWarning: This process (pid=180) is multi-threaded, use of fork() may lead to deadlocks in the child.
[2026-03-23T07:12:59.037+0000] {standard_task_runner.py:63} INFO - Started process 185 to run task
[2026-03-23T07:12:59.589+0000] {task_command.py:426} INFO - Running <TaskInstance: reporting_nightly_refresh.location_batches.batch_007__locs_1401_to_1600 scheduled__2026-03-22T02:00:00+00:00 [running]> on host a693e61dd0e6
[2026-03-23T07:13:00.694+0000] {taskinstance.py:2644} INFO - Exporting env vars: AIRFLOW_CTX_DAG_OWNER='finance-ops' AIRFLOW_CTX_DAG_ID='reporting_nightly_refresh' AIRFLOW_CTX_TASK_ID='location_batches.batch_007__locs_1401_to_1600' AIRFLOW_CTX_EXECUTION_DATE='2026-03-22T02:00:00+00:00' AIRFLOW_CTX_TRY_NUMBER='1' AIRFLOW_CTX_DAG_RUN_ID='scheduled__2026-03-22T02:00:00+00:00'
[2026-03-23T07:13:00.700+0000] {taskinstance.py:430} INFO - ::endgroup::
[2026-03-23T07:13:01.043+0000] {refresh_runner.py:135} INFO - Run 20260323_071301 — 200 locations, concurrency=10
[2026-03-23T07:13:04.814+0000] {refresh_runner.py:76} INFO - Navigating to login: http://mock_portal:5001
[2026-03-23T07:13:06.166+0000] {refresh_runner.py:82} INFO - Authentication successful.
[2026-03-23T07:13:07.274+0000] {refresh_runner.py:76} INFO - Navigating to login: http://mock_portal:5001
[2026-03-23T07:13:08.520+0000] {refresh_runner.py:82} INFO - Authentication successful.
[2026-03-23T07:13:09.695+0000] {refresh_runner.py:76} INFO - Navigating to login: http://mock_portal:5001
[2026-03-23T07:13:10.994+0000] {refresh_runner.py:82} INFO - Authentication successful.
[2026-03-23T07:13:13.253+0000] {refresh_runner.py:76} INFO - Navigating to login: http://mock_portal:5001
[2026-03-23T07:13:16.658+0000] {refresh_runner.py:82} INFO - Authentication successful.
[2026-03-23T07:13:18.699+0000] {refresh_runner.py:76} INFO - Navigating to login: http://mock_portal:5001
[2026-03-23T07:13:20.240+0000] {refresh_runner.py:82} INFO - Authentication successful.
[2026-03-23T07:13:23.431+0000] {refresh_runner.py:76} INFO - Navigating to login: http://mock_portal:5001
[2026-03-23T07:13:25.066+0000] {refresh_runner.py:82} INFO - Authentication successful.
[2026-03-23T07:13:27.838+0000] {refresh_runner.py:76} INFO - Navigating to login: http://mock_portal:5001
[2026-03-23T07:13:31.291+0000] {refresh_runner.py:82} INFO - Authentication successful.
[2026-03-23T07:14:08.366+0000] {refresh_runner.py:76} INFO - Navigating to login: http://mock_portal:5001
[2026-03-23T07:14:10.845+0000] {refresh_runner.py:82} INFO - Authentication successful.
[2026-03-23T07:14:49.804+0000] {refresh_runner.py:76} INFO - Navigating to login: http://mock_portal:5001
[2026-03-23T07:15:28.081+0000] {taskinstance.py:441} INFO - ::group::Post task execution logs
[2026-03-23T07:15:28.085+0000] {taskinstance.py:2890} ERROR - Task failed with exception
Traceback (most recent call last):
  File "/home/airflow/.local/lib/python3.12/site-packages/airflow/models/taskinstance.py", line 460, in _execute_task
    result = _execute_callable(context=context, **execute_callable_kwargs)
             ^^^^^^^^^^^^^^^^^^^^^^^^^^^^^^^^^^^^^^^^^^^^^^^^^^^^^^^^^^^^^
  File "/home/airflow/.local/lib/python3.12/site-packages/airflow/models/taskinstance.py", line 432, in _execute_callable
    return execute_callable(context=context, **execute_callable_kwargs)
           ^^^^^^^^^^^^^^^^^^^^^^^^^^^^^^^^^^^^^^^^^^^^^^^^^^^^^^^^^^^^
  File "/home/airflow/.local/lib/python3.12/site-packages/airflow/models/baseoperator.py", line 400, in wrapper
    return func(self, *args, **kwargs)
           ^^^^^^^^^^^^^^^^^^^^^^^^^^^
  File "/home/airflow/.local/lib/python3.12/site-packages/airflow/operators/python.py", line 235, in execute
    return_value = self.execute_callable()
                   ^^^^^^^^^^^^^^^^^^^^^^^
  File "/home/airflow/.local/lib/python3.12/site-packages/airflow/operators/python.py", line 252, in execute_callable
    return self.python_callable(*self.op_args, **self.op_kwargs)
           ^^^^^^^^^^^^^^^^^^^^^^^^^^^^^^^^^^^^^^^^^^^^^^^^^^^^^
  File "/opt/airflow/dags/reporting_refresh_dag.py", line 53, in run_location_batch
    asyncio.run(run_batch(location_ids, concurrency=CONCURRENCY, headless=True))
  File "/usr/local/lib/python3.12/asyncio/runners.py", line 194, in run
    return runner.run(main)
           ^^^^^^^^^^^^^^^^
  File "/usr/local/lib/python3.12/asyncio/runners.py", line 118, in run
    return self._loop.run_until_complete(task)
           ^^^^^^^^^^^^^^^^^^^^^^^^^^^^^^^^^^^
  File "/usr/local/lib/python3.12/asyncio/base_events.py", line 685, in run_until_complete
    return future.result()
           ^^^^^^^^^^^^^^^
  File "/opt/airflow/dags/refresh_runner.py", line 144, in run_batch
    b, c, p = await create_authenticated_session(playwright, headless=headless)
              ^^^^^^^^^^^^^^^^^^^^^^^^^^^^^^^^^^^^^^^^^^^^^^^^^^^^^^^^^^^^^^^^^
  File "/opt/airflow/dags/refresh_runner.py", line 81, in create_authenticated_session
    await page.wait_for_url(f"{BASE_URL}/dashboard", timeout=10_000)
  File "/home/airflow/.local/lib/python3.12/site-packages/playwright/async_api/_generated.py", line 8798, in wait_for_url
    await self._impl_obj.wait_for_url(
  File "/home/airflow/.local/lib/python3.12/site-packages/playwright/_impl/_page.py", line 543, in wait_for_url
    return await self._main_frame.wait_for_url(**locals_to_params(locals()))
           ^^^^^^^^^^^^^^^^^^^^^^^^^^^^^^^^^^^^^^^^^^^^^^^^^^^^^^^^^^^^^^^^^
  File "/home/airflow/.local/lib/python3.12/site-packages/playwright/_impl/_frame.py", line 231, in wait_for_url
    await self._wait_for_load_state_impl(state=waitUntil, timeout=timeout)
  File "/home/airflow/.local/lib/python3.12/site-packages/playwright/_impl/_frame.py", line 271, in _wait_for_load_state_impl
    await waiter.result()
playwright._impl._errors.TimeoutError: Timeout 10000ms exceeded.
=========================== logs ===========================
"networkidle" event fired
============================================================
[2026-03-23T07:15:28.256+0000] {taskinstance.py:1205} INFO - Marking task as UP_FOR_RETRY. dag_id=reporting_nightly_refresh, task_id=location_batches.batch_007__locs_1401_to_1600, execution_date=20260322T020000, start_date=20260323T071258, end_date=20260323T071528
[2026-03-23T07:15:28.318+0000] {standard_task_runner.py:110} ERROR - Failed to execute job 7 for task location_batches.batch_007__locs_1401_to_1600 (Timeout 10000ms exceeded.
=========================== logs ===========================
"networkidle" event fired
============================================================; 185)
[2026-03-23T07:15:28.449+0000] {local_task_job_runner.py:240} INFO - Task exited with return code 1
[2026-03-23T07:15:30.662+0000] {taskinstance.py:3482} INFO - 0 downstream tasks scheduled from follow-on schedule check
[2026-03-23T07:15:30.808+0000] {local_task_job_runner.py:222} INFO - ::endgroup::
