[2026-03-23T06:06:18.760+0000] {local_task_job_runner.py:120} INFO - ::group::Pre task execution logs
[2026-03-23T06:06:19.022+0000] {taskinstance.py:2073} INFO - Dependencies all met for dep_context=non-requeueable deps ti=<TaskInstance: reporting_nightly_refresh.location_batches.batch_008__locs_1601_to_1800 manual__2026-03-23T05:48:00.647587+00:00 [queued]>
[2026-03-23T06:06:19.077+0000] {taskinstance.py:2073} INFO - Dependencies all met for dep_context=requeueable deps ti=<TaskInstance: reporting_nightly_refresh.location_batches.batch_008__locs_1601_to_1800 manual__2026-03-23T05:48:00.647587+00:00 [queued]>
[2026-03-23T06:06:19.079+0000] {taskinstance.py:2303} INFO - Starting attempt 1 of 4
[2026-03-23T06:06:19.500+0000] {taskinstance.py:2327} INFO - Executing <Task(PythonOperator): location_batches.batch_008__locs_1601_to_1800> on 2026-03-23 05:48:00.647587+00:00
[2026-03-23T06:06:19.595+0000] {logging_mixin.py:188} WARNING - /home/airflow/.local/lib/python3.12/site-packages/airflow/task/task_runner/standard_task_runner.py:61 DeprecationWarning: This process (pid=512) is multi-threaded, use of fork() may lead to deadlocks in the child.
[2026-03-23T06:06:19.634+0000] {standard_task_runner.py:63} INFO - Started process 523 to run task
[2026-03-23T06:06:19.633+0000] {standard_task_runner.py:90} INFO - Running: ['airflow', 'tasks', 'run', 'reporting_nightly_refresh', 'location_batches.batch_008__locs_1601_to_1800', 'manual__2026-03-23T05:48:00.647587+00:00', '--job-id', '36', '--raw', '--subdir', 'DAGS_FOLDER/lra_refresh_dag.py', '--cfg-path', '/tmp/tmpkwjlww3k']
[2026-03-23T06:06:19.680+0000] {standard_task_runner.py:91} INFO - Job 36: Subtask location_batches.batch_008__locs_1601_to_1800
[2026-03-23T06:06:20.730+0000] {task_command.py:426} INFO - Running <TaskInstance: reporting_nightly_refresh.location_batches.batch_008__locs_1601_to_1800 manual__2026-03-23T05:48:00.647587+00:00 [running]> on host 7849ea7120c5
[2026-03-23T06:06:21.687+0000] {taskinstance.py:2644} INFO - Exporting env vars: AIRFLOW_CTX_DAG_OWNER='finance-ops' AIRFLOW_CTX_DAG_ID='reporting_nightly_refresh' AIRFLOW_CTX_TASK_ID='location_batches.batch_008__locs_1601_to_1800' AIRFLOW_CTX_EXECUTION_DATE='2026-03-23T05:48:00.647587+00:00' AIRFLOW_CTX_TRY_NUMBER='1' AIRFLOW_CTX_DAG_RUN_ID='manual__2026-03-23T05:48:00.647587+00:00'
[2026-03-23T06:06:21.695+0000] {taskinstance.py:430} INFO - ::endgroup::
[2026-03-23T06:06:21.759+0000] {lra_refresh_dag.py:51} INFO - Batch 8: 200 locations
[2026-03-23T06:06:22.974+0000] {lra_refresh_dag.py:54} WARNING - STDERR:
Traceback (most recent call last):
  File "/opt/automation/refresh_runner.py", line 25, in <module>
    import aiomysql
ModuleNotFoundError: No module named 'aiomysql'

[2026-03-23T06:06:22.975+0000] {taskinstance.py:441} INFO - ::group::Post task execution logs
[2026-03-23T06:06:22.976+0000] {taskinstance.py:2890} ERROR - Task failed with exception
Traceback (most recent call last):
  File "/home/airflow/.local/lib/python3.12/site-packages/airflow/models/taskinstance.py", line 460, in _execute_task
    result = _execute_callable(context=context, **execute_callable_kwargs)
             ^^^^^^^^^^^^^^^^^^^^^^^^^^^^^^^^^^^^^^^^^^^^^^^^^^^^^^^^^^^^^
  File "/home/airflow/.local/lib/python3.12/site-packages/airflow/models/taskinstance.py", line 432, in _execute_callable
    return execute_callable(context=context, **execute_callable_kwargs)
           ^^^^^^^^^^^^^^^^^^^^^^^^^^^^^^^^^^^^^^^^^^^^^^^^^^^^^^^^^^^^
  File "/home/airflow/.local/lib/python3.12/site-packages/airflow/models/baseoperator.py", line 400, in wrapper
    return func(self, *args, **kwargs)
           ^^^^^^^^^^^^^^^^^^^^^^^^^^^
  File "/home/airflow/.local/lib/python3.12/site-packages/airflow/operators/python.py", line 235, in execute
    return_value = self.execute_callable()
                   ^^^^^^^^^^^^^^^^^^^^^^^
  File "/home/airflow/.local/lib/python3.12/site-packages/airflow/operators/python.py", line 252, in execute_callable
    return self.python_callable(*self.op_args, **self.op_kwargs)
           ^^^^^^^^^^^^^^^^^^^^^^^^^^^^^^^^^^^^^^^^^^^^^^^^^^^^^
  File "/opt/airflow/dags/lra_refresh_dag.py", line 56, in run_location_batch
    raise RuntimeError(f"Batch {batch_index} failed (exit {result.returncode})")
RuntimeError: Batch 8 failed (exit 1)
[2026-03-23T06:06:23.074+0000] {taskinstance.py:1205} INFO - Marking task as UP_FOR_RETRY. dag_id=reporting_nightly_refresh, task_id=location_batches.batch_008__locs_1601_to_1800, execution_date=20260323T054800, start_date=20260323T060619, end_date=20260323T060623
[2026-03-23T06:06:23.110+0000] {standard_task_runner.py:110} ERROR - Failed to execute job 36 for task location_batches.batch_008__locs_1601_to_1800 (Batch 8 failed (exit 1); 523)
[2026-03-23T06:06:23.170+0000] {local_task_job_runner.py:240} INFO - Task exited with return code 1
[2026-03-23T06:06:23.672+0000] {taskinstance.py:3482} INFO - 0 downstream tasks scheduled from follow-on schedule check
[2026-03-23T06:06:23.677+0000] {local_task_job_runner.py:222} INFO - ::endgroup::
