[2026-03-23T05:40:20.642+0000] {local_task_job_runner.py:120} INFO - ::group::Pre task execution logs
[2026-03-23T05:40:20.916+0000] {taskinstance.py:2073} INFO - Dependencies all met for dep_context=non-requeueable deps ti=<TaskInstance: reporting_nightly_refresh.location_batches.batch_003__locs_601_to_800 scheduled__2026-03-22T02:00:00+00:00 [queued]>
[2026-03-23T05:40:20.958+0000] {taskinstance.py:2073} INFO - Dependencies all met for dep_context=requeueable deps ti=<TaskInstance: reporting_nightly_refresh.location_batches.batch_003__locs_601_to_800 scheduled__2026-03-22T02:00:00+00:00 [queued]>
[2026-03-23T05:40:20.960+0000] {taskinstance.py:2303} INFO - Starting attempt 1 of 4
[2026-03-23T05:40:21.087+0000] {taskinstance.py:2327} INFO - Executing <Task(PythonOperator): location_batches.batch_003__locs_601_to_800> on 2026-03-22 02:00:00+00:00
[2026-03-23T05:40:21.240+0000] {logging_mixin.py:188} WARNING - /home/airflow/.local/lib/python3.12/site-packages/airflow/task/task_runner/standard_task_runner.py:61 DeprecationWarning: This process (pid=176) is multi-threaded, use of fork() may lead to deadlocks in the child.
[2026-03-23T05:40:21.235+0000] {standard_task_runner.py:90} INFO - Running: ['airflow', 'tasks', 'run', 'reporting_nightly_refresh', 'location_batches.batch_003__locs_601_to_800', 'scheduled__2026-03-22T02:00:00+00:00', '--job-id', '5', '--raw', '--subdir', 'DAGS_FOLDER/lra_refresh_dag.py', '--cfg-path', '/tmp/tmppja1t2pn']
[2026-03-23T05:40:21.262+0000] {standard_task_runner.py:63} INFO - Started process 184 to run task
[2026-03-23T05:40:21.266+0000] {standard_task_runner.py:91} INFO - Job 5: Subtask location_batches.batch_003__locs_601_to_800
[2026-03-23T05:40:22.477+0000] {task_command.py:426} INFO - Running <TaskInstance: reporting_nightly_refresh.location_batches.batch_003__locs_601_to_800 scheduled__2026-03-22T02:00:00+00:00 [running]> on host 7849ea7120c5
[2026-03-23T05:40:23.646+0000] {taskinstance.py:2644} INFO - Exporting env vars: AIRFLOW_CTX_DAG_OWNER='finance-ops' AIRFLOW_CTX_DAG_ID='reporting_nightly_refresh' AIRFLOW_CTX_TASK_ID='location_batches.batch_003__locs_601_to_800' AIRFLOW_CTX_EXECUTION_DATE='2026-03-22T02:00:00+00:00' AIRFLOW_CTX_TRY_NUMBER='1' AIRFLOW_CTX_DAG_RUN_ID='scheduled__2026-03-22T02:00:00+00:00'
[2026-03-23T05:40:23.651+0000] {taskinstance.py:430} INFO - ::endgroup::
[2026-03-23T05:40:23.787+0000] {lra_refresh_dag.py:51} INFO - Batch 3: 200 locations
[2026-03-23T05:40:25.261+0000] {lra_refresh_dag.py:54} WARNING - STDERR:
Traceback (most recent call last):
  File "/opt/automation/refresh_runner.py", line 25, in <module>
    import aiomysql
ModuleNotFoundError: No module named 'aiomysql'

[2026-03-23T05:40:25.262+0000] {taskinstance.py:441} INFO - ::group::Post task execution logs
[2026-03-23T05:40:25.263+0000] {taskinstance.py:2890} ERROR - Task failed with exception
Traceback (most recent call last):
  File "/home/airflow/.local/lib/python3.12/site-packages/airflow/models/taskinstance.py", line 460, in _execute_task
    result = _execute_callable(context=context, **execute_callable_kwargs)
             ^^^^^^^^^^^^^^^^^^^^^^^^^^^^^^^^^^^^^^^^^^^^^^^^^^^^^^^^^^^^^
  File "/home/airflow/.local/lib/python3.12/site-packages/airflow/models/taskinstance.py", line 432, in _execute_callable
    return execute_callable(context=context, **execute_callable_kwargs)
           ^^^^^^^^^^^^^^^^^^^^^^^^^^^^^^^^^^^^^^^^^^^^^^^^^^^^^^^^^^^^
  File "/home/airflow/.local/lib/python3.12/site-packages/airflow/models/baseoperator.py", line 400, in wrapper
    return func(self, *args, **kwargs)
           ^^^^^^^^^^^^^^^^^^^^^^^^^^^
  File "/home/airflow/.local/lib/python3.12/site-packages/airflow/operators/python.py", line 235, in execute
    return_value = self.execute_callable()
                   ^^^^^^^^^^^^^^^^^^^^^^^
  File "/home/airflow/.local/lib/python3.12/site-packages/airflow/operators/python.py", line 252, in execute_callable
    return self.python_callable(*self.op_args, **self.op_kwargs)
           ^^^^^^^^^^^^^^^^^^^^^^^^^^^^^^^^^^^^^^^^^^^^^^^^^^^^^
  File "/opt/airflow/dags/lra_refresh_dag.py", line 56, in run_location_batch
    raise RuntimeError(f"Batch {batch_index} failed (exit {result.returncode})")
RuntimeError: Batch 3 failed (exit 1)
[2026-03-23T05:40:25.411+0000] {taskinstance.py:1205} INFO - Marking task as UP_FOR_RETRY. dag_id=reporting_nightly_refresh, task_id=location_batches.batch_003__locs_601_to_800, execution_date=20260322T020000, start_date=20260323T054020, end_date=20260323T054025
[2026-03-23T05:40:25.460+0000] {standard_task_runner.py:110} ERROR - Failed to execute job 5 for task location_batches.batch_003__locs_601_to_800 (Batch 3 failed (exit 1); 184)
[2026-03-23T05:40:25.518+0000] {local_task_job_runner.py:240} INFO - Task exited with return code 1
[2026-03-23T05:40:25.701+0000] {taskinstance.py:3482} INFO - 0 downstream tasks scheduled from follow-on schedule check
[2026-03-23T05:40:25.706+0000] {local_task_job_runner.py:222} INFO - ::endgroup::
[2026-03-23T06:11:47.111+0000] {local_task_job_runner.py:120} INFO - ::group::Pre task execution logs
[2026-03-23T06:11:47.306+0000] {taskinstance.py:2073} INFO - Dependencies all met for dep_context=non-requeueable deps ti=<TaskInstance: reporting_nightly_refresh.location_batches.batch_003__locs_601_to_800 scheduled__2026-03-22T02:00:00+00:00 [queued]>
[2026-03-23T06:11:47.342+0000] {taskinstance.py:2073} INFO - Dependencies all met for dep_context=requeueable deps ti=<TaskInstance: reporting_nightly_refresh.location_batches.batch_003__locs_601_to_800 scheduled__2026-03-22T02:00:00+00:00 [queued]>
[2026-03-23T06:11:47.344+0000] {taskinstance.py:2303} INFO - Starting attempt 1 of 4
[2026-03-23T06:11:47.432+0000] {taskinstance.py:2327} INFO - Executing <Task(PythonOperator): location_batches.batch_003__locs_601_to_800> on 2026-03-22 02:00:00+00:00
[2026-03-23T06:11:47.467+0000] {standard_task_runner.py:90} INFO - Running: ['airflow', 'tasks', 'run', 'reporting_nightly_refresh', 'location_batches.batch_003__locs_601_to_800', 'scheduled__2026-03-22T02:00:00+00:00', '--job-id', '6', '--raw', '--subdir', 'DAGS_FOLDER/lra_refresh_dag.py', '--cfg-path', '/tmp/tmpb5q9cyvp']
[2026-03-23T06:11:47.478+0000] {standard_task_runner.py:91} INFO - Job 6: Subtask location_batches.batch_003__locs_601_to_800
[2026-03-23T06:11:47.487+0000] {logging_mixin.py:188} WARNING - /home/airflow/.local/lib/python3.12/site-packages/airflow/task/task_runner/standard_task_runner.py:61 DeprecationWarning: This process (pid=179) is multi-threaded, use of fork() may lead to deadlocks in the child.
[2026-03-23T06:11:47.489+0000] {standard_task_runner.py:63} INFO - Started process 185 to run task
[2026-03-23T06:11:48.079+0000] {task_command.py:426} INFO - Running <TaskInstance: reporting_nightly_refresh.location_batches.batch_003__locs_601_to_800 scheduled__2026-03-22T02:00:00+00:00 [running]> on host acc78bbd7e9f
[2026-03-23T06:11:49.275+0000] {taskinstance.py:2644} INFO - Exporting env vars: AIRFLOW_CTX_DAG_OWNER='finance-ops' AIRFLOW_CTX_DAG_ID='reporting_nightly_refresh' AIRFLOW_CTX_TASK_ID='location_batches.batch_003__locs_601_to_800' AIRFLOW_CTX_EXECUTION_DATE='2026-03-22T02:00:00+00:00' AIRFLOW_CTX_TRY_NUMBER='1' AIRFLOW_CTX_DAG_RUN_ID='scheduled__2026-03-22T02:00:00+00:00'
[2026-03-23T06:11:49.281+0000] {taskinstance.py:430} INFO - ::endgroup::
[2026-03-23T06:11:49.339+0000] {lra_refresh_dag.py:51} INFO - Batch 3: 200 locations
[2026-03-23T06:11:51.145+0000] {lra_refresh_dag.py:54} WARNING - STDERR:
Traceback (most recent call last):
  File "/opt/automation/refresh_runner.py", line 25, in <module>
    import aiomysql
ModuleNotFoundError: No module named 'aiomysql'

[2026-03-23T06:11:51.147+0000] {taskinstance.py:441} INFO - ::group::Post task execution logs
[2026-03-23T06:11:51.149+0000] {taskinstance.py:2890} ERROR - Task failed with exception
Traceback (most recent call last):
  File "/home/airflow/.local/lib/python3.12/site-packages/airflow/models/taskinstance.py", line 460, in _execute_task
    result = _execute_callable(context=context, **execute_callable_kwargs)
             ^^^^^^^^^^^^^^^^^^^^^^^^^^^^^^^^^^^^^^^^^^^^^^^^^^^^^^^^^^^^^
  File "/home/airflow/.local/lib/python3.12/site-packages/airflow/models/taskinstance.py", line 432, in _execute_callable
    return execute_callable(context=context, **execute_callable_kwargs)
           ^^^^^^^^^^^^^^^^^^^^^^^^^^^^^^^^^^^^^^^^^^^^^^^^^^^^^^^^^^^^
  File "/home/airflow/.local/lib/python3.12/site-packages/airflow/models/baseoperator.py", line 400, in wrapper
    return func(self, *args, **kwargs)
           ^^^^^^^^^^^^^^^^^^^^^^^^^^^
  File "/home/airflow/.local/lib/python3.12/site-packages/airflow/operators/python.py", line 235, in execute
    return_value = self.execute_callable()
                   ^^^^^^^^^^^^^^^^^^^^^^^
  File "/home/airflow/.local/lib/python3.12/site-packages/airflow/operators/python.py", line 252, in execute_callable
    return self.python_callable(*self.op_args, **self.op_kwargs)
           ^^^^^^^^^^^^^^^^^^^^^^^^^^^^^^^^^^^^^^^^^^^^^^^^^^^^^
  File "/opt/airflow/dags/lra_refresh_dag.py", line 56, in run_location_batch
    raise RuntimeError(f"Batch {batch_index} failed (exit {result.returncode})")
RuntimeError: Batch 3 failed (exit 1)
[2026-03-23T06:11:51.317+0000] {taskinstance.py:1205} INFO - Marking task as UP_FOR_RETRY. dag_id=reporting_nightly_refresh, task_id=location_batches.batch_003__locs_601_to_800, execution_date=20260322T020000, start_date=20260323T061147, end_date=20260323T061151
[2026-03-23T06:11:51.424+0000] {standard_task_runner.py:110} ERROR - Failed to execute job 6 for task location_batches.batch_003__locs_601_to_800 (Batch 3 failed (exit 1); 185)
[2026-03-23T06:11:51.506+0000] {local_task_job_runner.py:240} INFO - Task exited with return code 1
[2026-03-23T06:11:51.859+0000] {taskinstance.py:3482} INFO - 0 downstream tasks scheduled from follow-on schedule check
[2026-03-23T06:11:51.866+0000] {local_task_job_runner.py:222} INFO - ::endgroup::
[2026-03-23T06:15:20.524+0000] {local_task_job_runner.py:120} INFO - ::group::Pre task execution logs
[2026-03-23T06:15:20.703+0000] {taskinstance.py:2073} INFO - Dependencies all met for dep_context=non-requeueable deps ti=<TaskInstance: reporting_nightly_refresh.location_batches.batch_003__locs_601_to_800 scheduled__2026-03-22T02:00:00+00:00 [queued]>
[2026-03-23T06:15:20.731+0000] {taskinstance.py:2073} INFO - Dependencies all met for dep_context=requeueable deps ti=<TaskInstance: reporting_nightly_refresh.location_batches.batch_003__locs_601_to_800 scheduled__2026-03-22T02:00:00+00:00 [queued]>
[2026-03-23T06:15:20.732+0000] {taskinstance.py:2303} INFO - Starting attempt 1 of 4
[2026-03-23T06:15:20.904+0000] {taskinstance.py:2327} INFO - Executing <Task(PythonOperator): location_batches.batch_003__locs_601_to_800> on 2026-03-22 02:00:00+00:00
[2026-03-23T06:15:20.947+0000] {standard_task_runner.py:90} INFO - Running: ['airflow', 'tasks', 'run', 'reporting_nightly_refresh', 'location_batches.batch_003__locs_601_to_800', 'scheduled__2026-03-22T02:00:00+00:00', '--job-id', '18', '--raw', '--subdir', 'DAGS_FOLDER/lra_refresh_dag.py', '--cfg-path', '/tmp/tmpc3zqooko']
[2026-03-23T06:15:20.958+0000] {standard_task_runner.py:91} INFO - Job 18: Subtask location_batches.batch_003__locs_601_to_800
[2026-03-23T06:15:20.966+0000] {logging_mixin.py:188} WARNING - /home/airflow/.local/lib/python3.12/site-packages/airflow/task/task_runner/standard_task_runner.py:61 DeprecationWarning: This process (pid=241) is multi-threaded, use of fork() may lead to deadlocks in the child.
[2026-03-23T06:15:20.973+0000] {standard_task_runner.py:63} INFO - Started process 253 to run task
[2026-03-23T06:15:21.533+0000] {task_command.py:426} INFO - Running <TaskInstance: reporting_nightly_refresh.location_batches.batch_003__locs_601_to_800 scheduled__2026-03-22T02:00:00+00:00 [running]> on host acc78bbd7e9f
[2026-03-23T06:15:22.394+0000] {taskinstance.py:2644} INFO - Exporting env vars: AIRFLOW_CTX_DAG_OWNER='finance-ops' AIRFLOW_CTX_DAG_ID='reporting_nightly_refresh' AIRFLOW_CTX_TASK_ID='location_batches.batch_003__locs_601_to_800' AIRFLOW_CTX_EXECUTION_DATE='2026-03-22T02:00:00+00:00' AIRFLOW_CTX_TRY_NUMBER='1' AIRFLOW_CTX_DAG_RUN_ID='scheduled__2026-03-22T02:00:00+00:00'
[2026-03-23T06:15:22.399+0000] {taskinstance.py:430} INFO - ::endgroup::
[2026-03-23T06:15:22.445+0000] {lra_refresh_dag.py:51} INFO - Batch 3: 200 locations
[2026-03-23T06:15:23.444+0000] {lra_refresh_dag.py:54} WARNING - STDERR:
Traceback (most recent call last):
  File "/opt/automation/refresh_runner.py", line 25, in <module>
    import aiomysql
ModuleNotFoundError: No module named 'aiomysql'

[2026-03-23T06:15:23.445+0000] {taskinstance.py:441} INFO - ::group::Post task execution logs
[2026-03-23T06:15:23.447+0000] {taskinstance.py:2890} ERROR - Task failed with exception
Traceback (most recent call last):
  File "/home/airflow/.local/lib/python3.12/site-packages/airflow/models/taskinstance.py", line 460, in _execute_task
    result = _execute_callable(context=context, **execute_callable_kwargs)
             ^^^^^^^^^^^^^^^^^^^^^^^^^^^^^^^^^^^^^^^^^^^^^^^^^^^^^^^^^^^^^
  File "/home/airflow/.local/lib/python3.12/site-packages/airflow/models/taskinstance.py", line 432, in _execute_callable
    return execute_callable(context=context, **execute_callable_kwargs)
           ^^^^^^^^^^^^^^^^^^^^^^^^^^^^^^^^^^^^^^^^^^^^^^^^^^^^^^^^^^^^
  File "/home/airflow/.local/lib/python3.12/site-packages/airflow/models/baseoperator.py", line 400, in wrapper
    return func(self, *args, **kwargs)
           ^^^^^^^^^^^^^^^^^^^^^^^^^^^
  File "/home/airflow/.local/lib/python3.12/site-packages/airflow/operators/python.py", line 235, in execute
    return_value = self.execute_callable()
                   ^^^^^^^^^^^^^^^^^^^^^^^
  File "/home/airflow/.local/lib/python3.12/site-packages/airflow/operators/python.py", line 252, in execute_callable
    return self.python_callable(*self.op_args, **self.op_kwargs)
           ^^^^^^^^^^^^^^^^^^^^^^^^^^^^^^^^^^^^^^^^^^^^^^^^^^^^^
  File "/opt/airflow/dags/lra_refresh_dag.py", line 56, in run_location_batch
    raise RuntimeError(f"Batch {batch_index} failed (exit {result.returncode})")
RuntimeError: Batch 3 failed (exit 1)
[2026-03-23T06:15:23.558+0000] {taskinstance.py:1205} INFO - Marking task as UP_FOR_RETRY. dag_id=reporting_nightly_refresh, task_id=location_batches.batch_003__locs_601_to_800, execution_date=20260322T020000, start_date=20260323T061520, end_date=20260323T061523
[2026-03-23T06:15:23.596+0000] {standard_task_runner.py:110} ERROR - Failed to execute job 18 for task location_batches.batch_003__locs_601_to_800 (Batch 3 failed (exit 1); 253)
[2026-03-23T06:15:23.660+0000] {local_task_job_runner.py:240} INFO - Task exited with return code 1
[2026-03-23T06:15:24.083+0000] {taskinstance.py:3482} INFO - 0 downstream tasks scheduled from follow-on schedule check
[2026-03-23T06:15:24.087+0000] {local_task_job_runner.py:222} INFO - ::endgroup::
[2026-03-23T06:27:33.584+0000] {local_task_job_runner.py:120} INFO - ::group::Pre task execution logs
[2026-03-23T06:27:33.950+0000] {taskinstance.py:2073} INFO - Dependencies all met for dep_context=non-requeueable deps ti=<TaskInstance: reporting_nightly_refresh.location_batches.batch_003__locs_601_to_800 scheduled__2026-03-22T02:00:00+00:00 [queued]>
[2026-03-23T06:27:33.991+0000] {taskinstance.py:2073} INFO - Dependencies all met for dep_context=requeueable deps ti=<TaskInstance: reporting_nightly_refresh.location_batches.batch_003__locs_601_to_800 scheduled__2026-03-22T02:00:00+00:00 [queued]>
[2026-03-23T06:27:33.992+0000] {taskinstance.py:2303} INFO - Starting attempt 1 of 4
[2026-03-23T06:27:34.127+0000] {taskinstance.py:2327} INFO - Executing <Task(PythonOperator): location_batches.batch_003__locs_601_to_800> on 2026-03-22 02:00:00+00:00
[2026-03-23T06:27:34.203+0000] {standard_task_runner.py:90} INFO - Running: ['airflow', 'tasks', 'run', 'reporting_nightly_refresh', 'location_batches.batch_003__locs_601_to_800', 'scheduled__2026-03-22T02:00:00+00:00', '--job-id', '4', '--raw', '--subdir', 'DAGS_FOLDER/lra_refresh_dag.py', '--cfg-path', '/tmp/tmp_gjuqr02']
[2026-03-23T06:27:34.250+0000] {logging_mixin.py:188} WARNING - /home/airflow/.local/lib/python3.12/site-packages/airflow/task/task_runner/standard_task_runner.py:61 DeprecationWarning: This process (pid=176) is multi-threaded, use of fork() may lead to deadlocks in the child.
[2026-03-23T06:27:34.271+0000] {standard_task_runner.py:91} INFO - Job 4: Subtask location_batches.batch_003__locs_601_to_800
[2026-03-23T06:27:34.274+0000] {standard_task_runner.py:63} INFO - Started process 185 to run task
[2026-03-23T06:27:35.195+0000] {task_command.py:426} INFO - Running <TaskInstance: reporting_nightly_refresh.location_batches.batch_003__locs_601_to_800 scheduled__2026-03-22T02:00:00+00:00 [running]> on host 4c525425e255
[2026-03-23T06:27:36.363+0000] {taskinstance.py:2644} INFO - Exporting env vars: AIRFLOW_CTX_DAG_OWNER='finance-ops' AIRFLOW_CTX_DAG_ID='reporting_nightly_refresh' AIRFLOW_CTX_TASK_ID='location_batches.batch_003__locs_601_to_800' AIRFLOW_CTX_EXECUTION_DATE='2026-03-22T02:00:00+00:00' AIRFLOW_CTX_TRY_NUMBER='1' AIRFLOW_CTX_DAG_RUN_ID='scheduled__2026-03-22T02:00:00+00:00'
[2026-03-23T06:27:36.367+0000] {taskinstance.py:430} INFO - ::endgroup::
[2026-03-23T06:27:36.520+0000] {lra_refresh_dag.py:51} INFO - Batch 3: 200 locations
[2026-03-23T06:28:55.219+0000] {local_task_job_runner.py:222} INFO - ::endgroup::
[2026-03-23T06:28:56.041+0000] {process_utils.py:132} INFO - Sending 15 to group 185. PIDs of all processes in the group: [193, 205, 281, 2658, 3247, 3924, 3966, 3967, 3391, 3397, 2716, 2719, 306, 307, 493, 727, 382, 185]
[2026-03-23T06:28:56.069+0000] {process_utils.py:87} INFO - Sending the signal 15 to group 185
[2026-03-23T06:28:56.131+0000] {process_utils.py:80} INFO - Process psutil.Process(pid=2658, status='terminated', started='06:27:53') (2658) terminated with exit code None
[2026-03-23T06:28:56.318+0000] {process_utils.py:80} INFO - Process psutil.Process(pid=3391, status='terminated', started='06:27:57') (3391) terminated with exit code None
[2026-03-23T06:28:56.393+0000] {process_utils.py:80} INFO - Process psutil.Process(pid=3966, status='terminated', started='06:28:01') (3966) terminated with exit code None
[2026-03-23T06:28:56.705+0000] {process_utils.py:80} INFO - Process psutil.Process(pid=3397, status='terminated', started='06:27:57') (3397) terminated with exit code None
[2026-03-23T06:28:56.905+0000] {process_utils.py:80} INFO - Process psutil.Process(pid=3247, status='terminated', started='06:27:56') (3247) terminated with exit code None
[2026-03-23T06:28:56.938+0000] {process_utils.py:80} INFO - Process psutil.Process(pid=2719, status='terminated', started='06:27:53') (2719) terminated with exit code None
[2026-03-23T06:28:57.126+0000] {process_utils.py:80} INFO - Process psutil.Process(pid=2716, status='terminated', started='06:27:53') (2716) terminated with exit code None
[2026-03-23T06:28:57.141+0000] {process_utils.py:80} INFO - Process psutil.Process(pid=727, status='terminated', started='06:27:40') (727) terminated with exit code None
[2026-03-23T06:28:57.144+0000] {process_utils.py:80} INFO - Process psutil.Process(pid=3967, status='terminated', started='06:28:01') (3967) terminated with exit code None
[2026-03-23T06:28:57.149+0000] {process_utils.py:80} INFO - Process psutil.Process(pid=3924, status='terminated', started='06:28:01') (3924) terminated with exit code None
[2026-03-23T06:28:57.157+0000] {process_utils.py:80} INFO - Process psutil.Process(pid=493, status='terminated', started='06:27:40') (493) terminated with exit code None
[2026-03-23T06:28:57.167+0000] {process_utils.py:80} INFO - Process psutil.Process(pid=307, status='terminated', started='06:27:40') (307) terminated with exit code None
[2026-03-23T06:28:57.171+0000] {process_utils.py:80} INFO - Process psutil.Process(pid=306, status='terminated', started='06:27:40') (306) terminated with exit code None
[2026-03-23T06:28:57.188+0000] {process_utils.py:80} INFO - Process psutil.Process(pid=382, status='terminated', started='06:27:40') (382) terminated with exit code None
[2026-03-23T06:28:57.193+0000] {process_utils.py:80} INFO - Process psutil.Process(pid=281, status='terminated', started='06:27:39') (281) terminated with exit code None
[2026-03-23T06:28:56.531+0000] {taskinstance.py:2607} ERROR - Received SIGTERM. Terminating subprocesses.
[2026-03-23T06:28:57.489+0000] {process_utils.py:80} INFO - Process psutil.Process(pid=193, status='terminated', started='06:27:36') (193) terminated with exit code None
[2026-03-23T06:28:57.501+0000] {taskinstance.py:441} INFO - ::group::Post task execution logs
[2026-03-23T06:28:57.635+0000] {process_utils.py:80} INFO - Process psutil.Process(pid=205, status='terminated', started='06:27:38') (205) terminated with exit code None
[2026-03-23T06:28:59.158+0000] {taskinstance.py:2890} ERROR - Task failed with exception
Traceback (most recent call last):
  File "/home/airflow/.local/lib/python3.12/site-packages/airflow/models/taskinstance.py", line 460, in _execute_task
    result = _execute_callable(context=context, **execute_callable_kwargs)
             ^^^^^^^^^^^^^^^^^^^^^^^^^^^^^^^^^^^^^^^^^^^^^^^^^^^^^^^^^^^^^
  File "/home/airflow/.local/lib/python3.12/site-packages/airflow/models/taskinstance.py", line 432, in _execute_callable
    return execute_callable(context=context, **execute_callable_kwargs)
           ^^^^^^^^^^^^^^^^^^^^^^^^^^^^^^^^^^^^^^^^^^^^^^^^^^^^^^^^^^^^
  File "/home/airflow/.local/lib/python3.12/site-packages/airflow/models/baseoperator.py", line 400, in wrapper
    return func(self, *args, **kwargs)
           ^^^^^^^^^^^^^^^^^^^^^^^^^^^
  File "/home/airflow/.local/lib/python3.12/site-packages/airflow/operators/python.py", line 235, in execute
    return_value = self.execute_callable()
                   ^^^^^^^^^^^^^^^^^^^^^^^
  File "/home/airflow/.local/lib/python3.12/site-packages/airflow/operators/python.py", line 252, in execute_callable
    return self.python_callable(*self.op_args, **self.op_kwargs)
           ^^^^^^^^^^^^^^^^^^^^^^^^^^^^^^^^^^^^^^^^^^^^^^^^^^^^^
  File "/opt/airflow/dags/lra_refresh_dag.py", line 52, in run_location_batch
    result = subprocess.run(cmd, capture_output=True, text=True, timeout=3600)
             ^^^^^^^^^^^^^^^^^^^^^^^^^^^^^^^^^^^^^^^^^^^^^^^^^^^^^^^^^^^^^^^^^
  File "/usr/local/lib/python3.12/subprocess.py", line 550, in run
    stdout, stderr = process.communicate(input, timeout=timeout)
                     ^^^^^^^^^^^^^^^^^^^^^^^^^^^^^^^^^^^^^^^^^^^
  File "/usr/local/lib/python3.12/subprocess.py", line 1209, in communicate
    stdout, stderr = self._communicate(input, endtime, timeout)
                     ^^^^^^^^^^^^^^^^^^^^^^^^^^^^^^^^^^^^^^^^^^
  File "/usr/local/lib/python3.12/subprocess.py", line 2113, in _communicate
    ready = selector.select(timeout)
            ^^^^^^^^^^^^^^^^^^^^^^^^
  File "/usr/local/lib/python3.12/selectors.py", line 415, in select
    fd_event_list = self._selector.poll(timeout)
                    ^^^^^^^^^^^^^^^^^^^^^^^^^^^^
  File "/home/airflow/.local/lib/python3.12/site-packages/airflow/models/taskinstance.py", line 2609, in signal_handler
    raise AirflowTaskTerminated("Task received SIGTERM signal")
airflow.exceptions.AirflowTaskTerminated: Task received SIGTERM signal
[2026-03-23T06:28:59.310+0000] {taskinstance.py:1205} INFO - Marking task as UP_FOR_RETRY. dag_id=reporting_nightly_refresh, task_id=location_batches.batch_003__locs_601_to_800, execution_date=20260322T020000, start_date=20260323T062733, end_date=20260323T062859
[2026-03-23T06:29:03.939+0000] {process_utils.py:80} INFO - Process psutil.Process(pid=185, status='terminated', exitcode=2, started='06:27:33') (185) terminated with exit code 2
[2026-03-23T06:55:34.580+0000] {local_task_job_runner.py:120} INFO - ::group::Pre task execution logs
[2026-03-23T06:55:34.792+0000] {taskinstance.py:2073} INFO - Dependencies all met for dep_context=non-requeueable deps ti=<TaskInstance: reporting_nightly_refresh.location_batches.batch_003__locs_601_to_800 scheduled__2026-03-22T02:00:00+00:00 [queued]>
[2026-03-23T06:55:34.827+0000] {taskinstance.py:2073} INFO - Dependencies all met for dep_context=requeueable deps ti=<TaskInstance: reporting_nightly_refresh.location_batches.batch_003__locs_601_to_800 scheduled__2026-03-22T02:00:00+00:00 [queued]>
[2026-03-23T06:55:34.829+0000] {taskinstance.py:2303} INFO - Starting attempt 1 of 4
[2026-03-23T06:55:34.958+0000] {taskinstance.py:2327} INFO - Executing <Task(PythonOperator): location_batches.batch_003__locs_601_to_800> on 2026-03-22 02:00:00+00:00
[2026-03-23T06:55:34.994+0000] {standard_task_runner.py:90} INFO - Running: ['airflow', 'tasks', 'run', 'reporting_nightly_refresh', 'location_batches.batch_003__locs_601_to_800', 'scheduled__2026-03-22T02:00:00+00:00', '--job-id', '2', '--raw', '--subdir', 'DAGS_FOLDER/reporting_refresh_dag.py', '--cfg-path', '/tmp/tmpol9vevxl']
[2026-03-23T06:55:35.004+0000] {logging_mixin.py:188} WARNING - /home/airflow/.local/lib/python3.12/site-packages/airflow/task/task_runner/standard_task_runner.py:61 DeprecationWarning: This process (pid=217) is multi-threaded, use of fork() may lead to deadlocks in the child.
[2026-03-23T06:55:35.007+0000] {standard_task_runner.py:91} INFO - Job 2: Subtask location_batches.batch_003__locs_601_to_800
[2026-03-23T06:55:35.008+0000] {standard_task_runner.py:63} INFO - Started process 223 to run task
[2026-03-23T06:55:35.443+0000] {task_command.py:426} INFO - Running <TaskInstance: reporting_nightly_refresh.location_batches.batch_003__locs_601_to_800 scheduled__2026-03-22T02:00:00+00:00 [running]> on host 709b26eca54f
[2026-03-23T06:55:36.252+0000] {taskinstance.py:2644} INFO - Exporting env vars: AIRFLOW_CTX_DAG_OWNER='finance-ops' AIRFLOW_CTX_DAG_ID='reporting_nightly_refresh' AIRFLOW_CTX_TASK_ID='location_batches.batch_003__locs_601_to_800' AIRFLOW_CTX_EXECUTION_DATE='2026-03-22T02:00:00+00:00' AIRFLOW_CTX_TRY_NUMBER='1' AIRFLOW_CTX_DAG_RUN_ID='scheduled__2026-03-22T02:00:00+00:00'
[2026-03-23T06:55:36.256+0000] {taskinstance.py:430} INFO - ::endgroup::
[2026-03-23T06:55:36.467+0000] {refresh_runner.py:135} INFO - Run 20260323_065536 — 200 locations, concurrency=10
[2026-03-23T06:55:39.340+0000] {refresh_runner.py:76} INFO - Navigating to login: http://mock_portal:5001
[2026-03-23T06:55:41.459+0000] {refresh_runner.py:82} INFO - Authentication successful.
[2026-03-23T06:55:43.425+0000] {refresh_runner.py:76} INFO - Navigating to login: http://mock_portal:5001
[2026-03-23T06:55:45.683+0000] {refresh_runner.py:82} INFO - Authentication successful.
[2026-03-23T06:55:47.927+0000] {refresh_runner.py:76} INFO - Navigating to login: http://mock_portal:5001
[2026-03-23T06:55:50.537+0000] {refresh_runner.py:82} INFO - Authentication successful.
[2026-03-23T06:55:53.264+0000] {refresh_runner.py:76} INFO - Navigating to login: http://mock_portal:5001
[2026-03-23T06:55:58.351+0000] {refresh_runner.py:82} INFO - Authentication successful.
[2026-03-23T06:56:02.264+0000] {refresh_runner.py:76} INFO - Navigating to login: http://mock_portal:5001
[2026-03-23T06:56:04.513+0000] {refresh_runner.py:82} INFO - Authentication successful.
[2026-03-23T06:56:07.289+0000] {refresh_runner.py:76} INFO - Navigating to login: http://mock_portal:5001
[2026-03-23T06:56:10.900+0000] {refresh_runner.py:82} INFO - Authentication successful.
[2026-03-23T06:56:57.576+0000] {local_task_job_runner.py:222} INFO - ::endgroup::
[2026-03-23T06:57:01.197+0000] {process_utils.py:132} INFO - Sending 15 to group 223. PIDs of all processes in the group: [251, 378, 1246, 1580, 2361, 2650, 3245, 3873, 3915, 3917, 4311, 4219, 3262, 3263, 3587, 3697, 3551, 2662, 2664, 2750, 3043, 2740, 2489, 2491, 2575, 2623, 2574, 1824, 1837, 1990, 2044, 1975, 1303, 1306, 1398, 1467, 1397, 487, 488, 675, 890, 647, 223]
[2026-03-23T06:57:01.850+0000] {process_utils.py:87} INFO - Sending the signal 15 to group 223
[2026-03-23T06:57:01.854+0000] {taskinstance.py:2607} ERROR - Received SIGTERM. Terminating subprocesses.
[2026-03-23T06:57:07.316+0000] {process_utils.py:80} INFO - Process psutil.Process(pid=2361, status='terminated', started='06:55:50') (2361) terminated with exit code None
[2026-03-23T06:57:07.397+0000] {process_utils.py:80} INFO - Process psutil.Process(pid=2575, status='terminated', started='06:55:52') (2575) terminated with exit code None
[2026-03-23T06:57:07.435+0000] {process_utils.py:80} INFO - Process psutil.Process(pid=3873, status='terminated', started='06:56:11') (3873) terminated with exit code None
[2026-03-23T06:57:07.440+0000] {process_utils.py:80} INFO - Process psutil.Process(pid=3263, status='terminated', started='06:56:04') (3263) terminated with exit code None
[2026-03-23T06:57:07.451+0000] {process_utils.py:80} INFO - Process psutil.Process(pid=890, status='terminated', started='06:55:39') (890) terminated with exit code None
[2026-03-23T06:57:07.454+0000] {process_utils.py:80} INFO - Process psutil.Process(pid=1397, status='terminated', started='06:55:42') (1397) terminated with exit code None
[2026-03-23T06:57:07.461+0000] {process_utils.py:80} INFO - Process psutil.Process(pid=1398, status='terminated', started='06:55:42') (1398) terminated with exit code None
[2026-03-23T06:57:07.471+0000] {process_utils.py:80} INFO - Process psutil.Process(pid=3915, status='terminated', started='06:56:12') (3915) terminated with exit code None
[2026-03-23T06:57:07.475+0000] {process_utils.py:80} INFO - Process psutil.Process(pid=1306, status='terminated', started='06:55:41') (1306) terminated with exit code None
[2026-03-23T06:57:07.479+0000] {process_utils.py:80} INFO - Process psutil.Process(pid=2662, status='terminated', started='06:55:59') (2662) terminated with exit code None
[2026-03-23T06:57:07.481+0000] {process_utils.py:80} INFO - Process psutil.Process(pid=3245, status='terminated', started='06:56:04') (3245) terminated with exit code None
[2026-03-23T06:57:07.485+0000] {process_utils.py:80} INFO - Process psutil.Process(pid=2750, status='terminated', started='06:56:00') (2750) terminated with exit code None
[2026-03-23T06:57:07.488+0000] {process_utils.py:80} INFO - Process psutil.Process(pid=488, status='terminated', started='06:55:38') (488) terminated with exit code None
[2026-03-23T06:57:07.492+0000] {process_utils.py:80} INFO - Process psutil.Process(pid=1580, status='terminated', started='06:55:45') (1580) terminated with exit code None
[2026-03-23T06:57:07.497+0000] {process_utils.py:80} INFO - Process psutil.Process(pid=2664, status='terminated', started='06:55:59') (2664) terminated with exit code None
[2026-03-23T06:57:07.500+0000] {process_utils.py:80} INFO - Process psutil.Process(pid=487, status='terminated', started='06:55:38') (487) terminated with exit code None
[2026-03-23T06:57:07.516+0000] {process_utils.py:80} INFO - Process psutil.Process(pid=2044, status='terminated', started='06:55:47') (2044) terminated with exit code None
[2026-03-23T06:57:07.528+0000] {process_utils.py:80} INFO - Process psutil.Process(pid=1990, status='terminated', started='06:55:47') (1990) terminated with exit code None
[2026-03-23T06:57:07.532+0000] {process_utils.py:80} INFO - Process psutil.Process(pid=3551, status='terminated', started='06:56:06') (3551) terminated with exit code None
[2026-03-23T06:57:07.541+0000] {process_utils.py:80} INFO - Process psutil.Process(pid=2623, status='terminated', started='06:55:53') (2623) terminated with exit code None
[2026-03-23T06:57:07.549+0000] {process_utils.py:80} INFO - Process psutil.Process(pid=2574, status='terminated', started='06:55:52') (2574) terminated with exit code None
[2026-03-23T06:57:07.552+0000] {process_utils.py:80} INFO - Process psutil.Process(pid=2650, status='terminated', started='06:55:58') (2650) terminated with exit code None
[2026-03-23T06:57:07.554+0000] {process_utils.py:80} INFO - Process psutil.Process(pid=2740, status='terminated', started='06:56:00') (2740) terminated with exit code None
[2026-03-23T06:57:07.583+0000] {process_utils.py:80} INFO - Process psutil.Process(pid=1303, status='terminated', started='06:55:41') (1303) terminated with exit code None
[2026-03-23T06:57:07.585+0000] {process_utils.py:80} INFO - Process psutil.Process(pid=3697, status='terminated', started='06:56:06') (3697) terminated with exit code None
[2026-03-23T06:57:07.586+0000] {process_utils.py:80} INFO - Process psutil.Process(pid=4219, status='terminated', started='06:56:45') (4219) terminated with exit code None
[2026-03-23T06:57:07.588+0000] {process_utils.py:80} INFO - Process psutil.Process(pid=1467, status='terminated', started='06:55:42') (1467) terminated with exit code None
[2026-03-23T06:57:07.590+0000] {process_utils.py:80} INFO - Process psutil.Process(pid=3587, status='terminated', started='06:56:06') (3587) terminated with exit code None
[2026-03-23T06:57:07.593+0000] {process_utils.py:80} INFO - Process psutil.Process(pid=647, status='terminated', started='06:55:38') (647) terminated with exit code None
[2026-03-23T06:57:07.594+0000] {process_utils.py:80} INFO - Process psutil.Process(pid=2489, status='terminated', started='06:55:52') (2489) terminated with exit code None
[2026-03-23T06:57:07.597+0000] {process_utils.py:80} INFO - Process psutil.Process(pid=1824, status='terminated', started='06:55:46') (1824) terminated with exit code None
[2026-03-23T06:57:07.598+0000] {process_utils.py:80} INFO - Process psutil.Process(pid=2491, status='terminated', started='06:55:52') (2491) terminated with exit code None
[2026-03-23T06:57:07.629+0000] {process_utils.py:80} INFO - Process psutil.Process(pid=3917, status='terminated', started='06:56:12') (3917) terminated with exit code None
[2026-03-23T06:57:07.631+0000] {process_utils.py:80} INFO - Process psutil.Process(pid=4311, status='terminated', started='06:56:48') (4311) terminated with exit code None
[2026-03-23T06:57:07.634+0000] {process_utils.py:80} INFO - Process psutil.Process(pid=1975, status='terminated', started='06:55:47') (1975) terminated with exit code None
[2026-03-23T06:57:07.636+0000] {process_utils.py:80} INFO - Process psutil.Process(pid=378, status='terminated', started='06:55:38') (378) terminated with exit code None
[2026-03-23T06:57:07.638+0000] {process_utils.py:80} INFO - Process psutil.Process(pid=1837, status='terminated', started='06:55:46') (1837) terminated with exit code None
[2026-03-23T06:57:07.640+0000] {process_utils.py:80} INFO - Process psutil.Process(pid=1246, status='terminated', started='06:55:41') (1246) terminated with exit code None
[2026-03-23T06:57:07.642+0000] {process_utils.py:80} INFO - Process psutil.Process(pid=675, status='terminated', started='06:55:38') (675) terminated with exit code None
[2026-03-23T06:57:07.644+0000] {process_utils.py:80} INFO - Process psutil.Process(pid=3043, status='terminated', started='06:56:01') (3043) terminated with exit code None
[2026-03-23T06:57:07.648+0000] {process_utils.py:80} INFO - Process psutil.Process(pid=3262, status='terminated', started='06:56:04') (3262) terminated with exit code None
[2026-03-23T06:57:07.793+0000] {process_utils.py:80} INFO - Process psutil.Process(pid=251, status='terminated', started='06:55:36') (251) terminated with exit code None
[2026-03-23T06:58:01.841+0000] {process_utils.py:150} WARNING - process psutil.Process(pid=223, name='airflow task ru', status='sleeping', started='06:55:34') did not respond to SIGTERM. Trying SIGKILL
[2026-03-23T06:58:01.906+0000] {process_utils.py:87} INFO - Sending the signal 9 to group 223
[2026-03-23T06:58:02.004+0000] {process_utils.py:80} INFO - Process psutil.Process(pid=223, name='airflow task ru', status='terminated', exitcode=<Negsignal.SIGKILL: -9>, started='06:55:34') (223) terminated with exit code -9
[2026-03-23T06:58:02.009+0000] {standard_task_runner.py:178} ERROR - Job 2 was killed before it finished (likely due to running out of memory)
