[2026-03-23T05:47:25.705+0000] {local_task_job_runner.py:120} INFO - ::group::Pre task execution logs
[2026-03-23T05:47:25.800+0000] {taskinstance.py:2073} INFO - Dependencies all met for dep_context=non-requeueable deps ti=<TaskInstance: reporting_nightly_refresh.location_batches.batch_003__locs_601_to_800 scheduled__2026-03-22T02:00:00+00:00 [queued]>
[2026-03-23T05:47:25.815+0000] {taskinstance.py:2073} INFO - Dependencies all met for dep_context=requeueable deps ti=<TaskInstance: reporting_nightly_refresh.location_batches.batch_003__locs_601_to_800 scheduled__2026-03-22T02:00:00+00:00 [queued]>
[2026-03-23T05:47:25.816+0000] {taskinstance.py:2303} INFO - Starting attempt 2 of 4
[2026-03-23T05:47:25.847+0000] {taskinstance.py:2327} INFO - Executing <Task(PythonOperator): location_batches.batch_003__locs_601_to_800> on 2026-03-22 02:00:00+00:00
[2026-03-23T05:47:25.862+0000] {standard_task_runner.py:90} INFO - Running: ['airflow', 'tasks', 'run', 'reporting_nightly_refresh', 'location_batches.batch_003__locs_601_to_800', 'scheduled__2026-03-22T02:00:00+00:00', '--job-id', '14', '--raw', '--subdir', 'DAGS_FOLDER/lra_refresh_dag.py', '--cfg-path', '/tmp/tmp503iyblo']
[2026-03-23T05:47:25.867+0000] {standard_task_runner.py:91} INFO - Job 14: Subtask location_batches.batch_003__locs_601_to_800
[2026-03-23T05:47:25.867+0000] {logging_mixin.py:188} WARNING - /home/airflow/.local/lib/python3.12/site-packages/airflow/task/task_runner/standard_task_runner.py:61 DeprecationWarning: This process (pid=277) is multi-threaded, use of fork() may lead to deadlocks in the child.
[2026-03-23T05:47:25.869+0000] {standard_task_runner.py:63} INFO - Started process 280 to run task
[2026-03-23T05:47:26.109+0000] {task_command.py:426} INFO - Running <TaskInstance: reporting_nightly_refresh.location_batches.batch_003__locs_601_to_800 scheduled__2026-03-22T02:00:00+00:00 [running]> on host 7849ea7120c5
[2026-03-23T05:47:26.586+0000] {taskinstance.py:2644} INFO - Exporting env vars: AIRFLOW_CTX_DAG_OWNER='finance-ops' AIRFLOW_CTX_DAG_ID='reporting_nightly_refresh' AIRFLOW_CTX_TASK_ID='location_batches.batch_003__locs_601_to_800' AIRFLOW_CTX_EXECUTION_DATE='2026-03-22T02:00:00+00:00' AIRFLOW_CTX_TRY_NUMBER='2' AIRFLOW_CTX_DAG_RUN_ID='scheduled__2026-03-22T02:00:00+00:00'
[2026-03-23T05:47:26.589+0000] {taskinstance.py:430} INFO - ::endgroup::
[2026-03-23T05:47:26.613+0000] {lra_refresh_dag.py:51} INFO - Batch 3: 200 locations
[2026-03-23T05:47:27.296+0000] {lra_refresh_dag.py:54} WARNING - STDERR:
Traceback (most recent call last):
  File "/opt/automation/refresh_runner.py", line 25, in <module>
    import aiomysql
ModuleNotFoundError: No module named 'aiomysql'

[2026-03-23T05:47:27.297+0000] {taskinstance.py:441} INFO - ::group::Post task execution logs
[2026-03-23T05:47:27.298+0000] {taskinstance.py:2890} ERROR - Task failed with exception
Traceback (most recent call last):
  File "/home/airflow/.local/lib/python3.12/site-packages/airflow/models/taskinstance.py", line 460, in _execute_task
    result = _execute_callable(context=context, **execute_callable_kwargs)
             ^^^^^^^^^^^^^^^^^^^^^^^^^^^^^^^^^^^^^^^^^^^^^^^^^^^^^^^^^^^^^
  File "/home/airflow/.local/lib/python3.12/site-packages/airflow/models/taskinstance.py", line 432, in _execute_callable
    return execute_callable(context=context, **execute_callable_kwargs)
           ^^^^^^^^^^^^^^^^^^^^^^^^^^^^^^^^^^^^^^^^^^^^^^^^^^^^^^^^^^^^
  File "/home/airflow/.local/lib/python3.12/site-packages/airflow/models/baseoperator.py", line 400, in wrapper
    return func(self, *args, **kwargs)
           ^^^^^^^^^^^^^^^^^^^^^^^^^^^
  File "/home/airflow/.local/lib/python3.12/site-packages/airflow/operators/python.py", line 235, in execute
    return_value = self.execute_callable()
                   ^^^^^^^^^^^^^^^^^^^^^^^
  File "/home/airflow/.local/lib/python3.12/site-packages/airflow/operators/python.py", line 252, in execute_callable
    return self.python_callable(*self.op_args, **self.op_kwargs)
           ^^^^^^^^^^^^^^^^^^^^^^^^^^^^^^^^^^^^^^^^^^^^^^^^^^^^^
  File "/opt/airflow/dags/lra_refresh_dag.py", line 56, in run_location_batch
    raise RuntimeError(f"Batch {batch_index} failed (exit {result.returncode})")
RuntimeError: Batch 3 failed (exit 1)
[2026-03-23T05:47:27.360+0000] {taskinstance.py:1205} INFO - Marking task as UP_FOR_RETRY. dag_id=reporting_nightly_refresh, task_id=location_batches.batch_003__locs_601_to_800, execution_date=20260322T020000, start_date=20260323T054725, end_date=20260323T054727
[2026-03-23T05:47:27.382+0000] {standard_task_runner.py:110} ERROR - Failed to execute job 14 for task location_batches.batch_003__locs_601_to_800 (Batch 3 failed (exit 1); 280)
[2026-03-23T05:47:27.450+0000] {local_task_job_runner.py:240} INFO - Task exited with return code 1
[2026-03-23T05:47:27.546+0000] {taskinstance.py:3482} INFO - 0 downstream tasks scheduled from follow-on schedule check
[2026-03-23T05:47:27.550+0000] {local_task_job_runner.py:222} INFO - ::endgroup::
[2026-03-23T06:35:59.699+0000] {local_task_job_runner.py:120} INFO - ::group::Pre task execution logs
[2026-03-23T06:35:59.815+0000] {taskinstance.py:2073} INFO - Dependencies all met for dep_context=non-requeueable deps ti=<TaskInstance: reporting_nightly_refresh.location_batches.batch_003__locs_601_to_800 scheduled__2026-03-22T02:00:00+00:00 [queued]>
[2026-03-23T06:35:59.833+0000] {taskinstance.py:2073} INFO - Dependencies all met for dep_context=requeueable deps ti=<TaskInstance: reporting_nightly_refresh.location_batches.batch_003__locs_601_to_800 scheduled__2026-03-22T02:00:00+00:00 [queued]>
[2026-03-23T06:35:59.834+0000] {taskinstance.py:2303} INFO - Starting attempt 2 of 4
[2026-03-23T06:35:59.872+0000] {taskinstance.py:2327} INFO - Executing <Task(PythonOperator): location_batches.batch_003__locs_601_to_800> on 2026-03-22 02:00:00+00:00
[2026-03-23T06:35:59.897+0000] {standard_task_runner.py:90} INFO - Running: ['airflow', 'tasks', 'run', 'reporting_nightly_refresh', 'location_batches.batch_003__locs_601_to_800', 'scheduled__2026-03-22T02:00:00+00:00', '--job-id', '14', '--raw', '--subdir', 'DAGS_FOLDER/lra_refresh_dag.py', '--cfg-path', '/tmp/tmpaf95cbw5']
[2026-03-23T06:35:59.905+0000] {logging_mixin.py:188} WARNING - /home/airflow/.local/lib/python3.12/site-packages/airflow/task/task_runner/standard_task_runner.py:61 DeprecationWarning: This process (pid=7039) is multi-threaded, use of fork() may lead to deadlocks in the child.
[2026-03-23T06:35:59.906+0000] {standard_task_runner.py:91} INFO - Job 14: Subtask location_batches.batch_003__locs_601_to_800
[2026-03-23T06:35:59.907+0000] {standard_task_runner.py:63} INFO - Started process 7088 to run task
[2026-03-23T06:36:00.184+0000] {task_command.py:426} INFO - Running <TaskInstance: reporting_nightly_refresh.location_batches.batch_003__locs_601_to_800 scheduled__2026-03-22T02:00:00+00:00 [running]> on host 4c525425e255
[2026-03-23T06:36:00.644+0000] {taskinstance.py:2644} INFO - Exporting env vars: AIRFLOW_CTX_DAG_OWNER='finance-ops' AIRFLOW_CTX_DAG_ID='reporting_nightly_refresh' AIRFLOW_CTX_TASK_ID='location_batches.batch_003__locs_601_to_800' AIRFLOW_CTX_EXECUTION_DATE='2026-03-22T02:00:00+00:00' AIRFLOW_CTX_TRY_NUMBER='2' AIRFLOW_CTX_DAG_RUN_ID='scheduled__2026-03-22T02:00:00+00:00'
[2026-03-23T06:36:00.646+0000] {taskinstance.py:430} INFO - ::endgroup::
[2026-03-23T06:36:00.678+0000] {lra_refresh_dag.py:51} INFO - Batch 3: 200 locations
[2026-03-23T06:36:13.649+0000] {lra_refresh_dag.py:54} WARNING - STDERR:
2026-03-23 06:36:01,725 [INFO] Run 20260323_063601 — 200 locations, concurrency=10
2026-03-23 06:36:02,622 [INFO] Navigating to login: http://mock_portal:5001
2026-03-23 06:36:03,423 [INFO] Authentication successful.
2026-03-23 06:36:03,762 [INFO] Navigating to login: http://mock_portal:5001
2026-03-23 06:36:04,523 [INFO] Authentication successful.
2026-03-23 06:36:04,909 [INFO] Navigating to login: http://mock_portal:5001
2026-03-23 06:36:05,693 [INFO] Authentication successful.
2026-03-23 06:36:06,008 [INFO] Navigating to login: http://mock_portal:5001
2026-03-23 06:36:06,743 [INFO] Authentication successful.
2026-03-23 06:36:07,059 [INFO] Navigating to login: http://mock_portal:5001
2026-03-23 06:36:07,811 [INFO] Authentication successful.
2026-03-23 06:36:08,136 [INFO] Navigating to login: http://mock_portal:5001
2026-03-23 06:36:08,888 [INFO] Authentication successful.
2026-03-23 06:36:09,223 [INFO] Navigating to login: http://mock_portal:5001
2026-03-23 06:36:09,962 [INFO] Authentication successful.
2026-03-23 06:36:10,315 [INFO] Navigating to login: http://mock_portal:5001
2026-03-23 06:36:11,064 [INFO] Authentication successful.
2026-03-23 06:36:11,393 [INFO] Navigating to login: http://mock_portal:5001
2026-03-23 06:36:12,134 [INFO] Authentication successful.
2026-03-23 06:36:12,445 [INFO] Navigating to login: http://mock_portal:5001
2026-03-23 06:36:13,281 [INFO] Authentication successful.
Traceback (most recent call last):
  File "/opt/automation/refresh_runner.py", line 185, in <module>
    asyncio.run(run_batch(location_list, concurrency=args.concurrency, headless=args.headless))
  File "/usr/local/lib/python3.12/asyncio/runners.py", line 194, in run
    return runner.run(main)
           ^^^^^^^^^^^^^^^^
  File "/usr/local/lib/python3.12/asyncio/runners.py", line 118, in run
    return self._loop.run_until_complete(task)
           ^^^^^^^^^^^^^^^^^^^^^^^^^^^^^^^^^^^
  File "/usr/local/lib/python3.12/asyncio/base_events.py", line 685, in run_until_complete
    return future.result()
           ^^^^^^^^^^^^^^^
  File "/opt/automation/refresh_runner.py", line 160, in run_batch
    await asyncio.gather(*[process(lid) for lid in location_ids])
  File "/opt/automation/refresh_runner.py", line 155, in process
    ok = await refresh_location(page, pool, loc_id, run_id)
         ^^^^^^^^^^^^^^^^^^^^^^^^^^^^^^^^^^^^^^^^^^^^^^^^^^
  File "/opt/automation/refresh_runner.py", line 88, in refresh_location
    await log_job_start(pool, location_id, run_id)
  File "/opt/automation/refresh_runner.py", line 53, in log_job_start
    await cur.execute("""
  File "/home/airflow/.local/lib/python3.12/site-packages/aiomysql/cursors.py", line 239, in execute
    await self._query(query)
  File "/home/airflow/.local/lib/python3.12/site-packages/aiomysql/cursors.py", line 457, in _query
    await conn.query(q)
  File "/home/airflow/.local/lib/python3.12/site-packages/aiomysql/connection.py", line 469, in query
    await self._read_query_result(unbuffered=unbuffered)
  File "/home/airflow/.local/lib/python3.12/site-packages/aiomysql/connection.py", line 683, in _read_query_result
    await result.read()
  File "/home/airflow/.local/lib/python3.12/site-packages/aiomysql/connection.py", line 1164, in read
    first_packet = await self.connection._read_packet()
                   ^^^^^^^^^^^^^^^^^^^^^^^^^^^^^^^^^^^^
  File "/home/airflow/.local/lib/python3.12/site-packages/aiomysql/connection.py", line 652, in _read_packet
    packet.raise_for_error()
  File "/home/airflow/.local/lib/python3.12/site-packages/pymysql/protocol.py", line 219, in raise_for_error
    err.raise_mysql_exception(self._data)
  File "/home/airflow/.local/lib/python3.12/site-packages/pymysql/err.py", line 150, in raise_mysql_exception
    raise errorclass(errno, errval)
pymysql.err.ProgrammingError: (1146, "Table 'refresh_jobs.refresh_jobs' doesn't exist")
Exception ignored in: <function Connection.__del__ at 0x79817edcc7c0>
Traceback (most recent call last):
  File "/home/airflow/.local/lib/python3.12/site-packages/aiomysql/connection.py", line 1131, in __del__
  File "/home/airflow/.local/lib/python3.12/site-packages/aiomysql/connection.py", line 339, in close
  File "/usr/local/lib/python3.12/asyncio/selector_events.py", line 1210, in close
  File "/usr/local/lib/python3.12/asyncio/selector_events.py", line 875, in close
  File "/usr/local/lib/python3.12/asyncio/base_events.py", line 793, in call_soon
  File "/usr/local/lib/python3.12/asyncio/base_events.py", line 540, in _check_closed
RuntimeError: Event loop is closed
Exception ignored in: <function Connection.__del__ at 0x79817edcc7c0>
Traceback (most recent call last):
  File "/home/airflow/.local/lib/python3.12/site-packages/aiomysql/connection.py", line 1131, in __del__
  File "/home/airflow/.local/lib/python3.12/site-packages/aiomysql/connection.py", line 339, in close
  File "/usr/local/lib/python3.12/asyncio/selector_events.py", line 1210, in close
  File "/usr/local/lib/python3.12/asyncio/selector_events.py", line 875, in close
  File "/usr/local/lib/python3.12/asyncio/base_events.py", line 793, in call_soon
  File "/usr/local/lib/python3.12/asyncio/base_events.py", line 540, in _check_closed
RuntimeError: Event loop is closed
Exception ignored in: <function Connection.__del__ at 0x79817edcc7c0>
Traceback (most recent call last):
  File "/home/airflow/.local/lib/python3.12/site-packages/aiomysql/connection.py", line 1131, in __del__
  File "/home/airflow/.local/lib/python3.12/site-packages/aiomysql/connection.py", line 339, in close
  File "/usr/local/lib/python3.12/asyncio/selector_events.py", line 1210, in close
  File "/usr/local/lib/python3.12/asyncio/selector_events.py", line 875, in close
  File "/usr/local/lib/python3.12/asyncio/base_events.py", line 793, in call_soon
  File "/usr/local/lib/python3.12/asyncio/base_events.py", line 540, in _check_closed
RuntimeError: Event loop is closed
Exception ignored in: <function Connection.__del__ at 0x79817edcc7c0>
Traceback (most recent call last):
  File "/home/airflow/.local/lib/python3.12/site-packages/aiomysql/connection.py", line 1131, in __del__
  File "/home/airflow/.local/lib/python3.12/site-packages/aiomysql/connection.py", line 339, in close
  File "/usr/local/lib/python3.12/asyncio/selector_events.py", line 1210, in close
  File "/usr/local/lib/python3.12/asyncio/selector_events.py", line 875, in close
  File "/usr/local/lib/python3.12/asyncio/base_events.py", line 793, in call_soon
  File "/usr/local/lib/python3.12/asyncio/base_events.py", line 540, in _check_closed
RuntimeError: Event loop is closed
Exception ignored in: <function Connection.__del__ at 0x79817edcc7c0>
Traceback (most recent call last):
  File "/home/airflow/.local/lib/python3.12/site-packages/aiomysql/connection.py", line 1131, in __del__
  File "/home/airflow/.local/lib/python3.12/site-packages/aiomysql/connection.py", line 339, in close
  File "/usr/local/lib/python3.12/asyncio/selector_events.py", line 1210, in close
  File "/usr/local/lib/python3.12/asyncio/selector_events.py", line 875, in close
  File "/usr/local/lib/python3.12/asyncio/base_events.py", line 793, in call_soon
  File "/usr/local/lib/python3.12/asyncio/base_events.py", line 540, in _check_closed
RuntimeError: Event loop is closed
Exception ignored in: <function Connection.__del__ at 0x79817edcc7c0>
Traceback (most recent call last):
  File "/home/airflow/.local/lib/python3.12/site-packages/aiomysql/connection.py", line 1131, in __del__
  File "/home/airflow/.local/lib/python3.12/site-packages/aiomysql/connection.py", line 339, in close
  File "/usr/local/lib/python3.12/asyncio/selector_events.py", line 1210, in close
  File "/usr/local/lib/python3.12/asyncio/selector_events.py", line 875, in close
  File "/usr/local/lib/python3.12/asyncio/base_events.py", line 793, in call_soon
  File "/usr/local/lib/python3.12/asyncio/base_events.py", line 540, in _check_closed
RuntimeError: Event loop is closed

[2026-03-23T06:36:13.650+0000] {taskinstance.py:441} INFO - ::group::Post task execution logs
[2026-03-23T06:36:13.652+0000] {taskinstance.py:2890} ERROR - Task failed with exception
Traceback (most recent call last):
  File "/home/airflow/.local/lib/python3.12/site-packages/airflow/models/taskinstance.py", line 460, in _execute_task
    result = _execute_callable(context=context, **execute_callable_kwargs)
             ^^^^^^^^^^^^^^^^^^^^^^^^^^^^^^^^^^^^^^^^^^^^^^^^^^^^^^^^^^^^^
  File "/home/airflow/.local/lib/python3.12/site-packages/airflow/models/taskinstance.py", line 432, in _execute_callable
    return execute_callable(context=context, **execute_callable_kwargs)
           ^^^^^^^^^^^^^^^^^^^^^^^^^^^^^^^^^^^^^^^^^^^^^^^^^^^^^^^^^^^^
  File "/home/airflow/.local/lib/python3.12/site-packages/airflow/models/baseoperator.py", line 400, in wrapper
    return func(self, *args, **kwargs)
           ^^^^^^^^^^^^^^^^^^^^^^^^^^^
  File "/home/airflow/.local/lib/python3.12/site-packages/airflow/operators/python.py", line 235, in execute
    return_value = self.execute_callable()
                   ^^^^^^^^^^^^^^^^^^^^^^^
  File "/home/airflow/.local/lib/python3.12/site-packages/airflow/operators/python.py", line 252, in execute_callable
    return self.python_callable(*self.op_args, **self.op_kwargs)
           ^^^^^^^^^^^^^^^^^^^^^^^^^^^^^^^^^^^^^^^^^^^^^^^^^^^^^
  File "/opt/airflow/dags/lra_refresh_dag.py", line 56, in run_location_batch
    raise RuntimeError(f"Batch {batch_index} failed (exit {result.returncode})")
RuntimeError: Batch 3 failed (exit 1)
[2026-03-23T06:36:13.720+0000] {taskinstance.py:1205} INFO - Marking task as UP_FOR_RETRY. dag_id=reporting_nightly_refresh, task_id=location_batches.batch_003__locs_601_to_800, execution_date=20260322T020000, start_date=20260323T063559, end_date=20260323T063613
[2026-03-23T06:36:13.751+0000] {standard_task_runner.py:110} ERROR - Failed to execute job 14 for task location_batches.batch_003__locs_601_to_800 (Batch 3 failed (exit 1); 7088)
[2026-03-23T06:36:13.796+0000] {local_task_job_runner.py:240} INFO - Task exited with return code 1
[2026-03-23T06:36:13.906+0000] {taskinstance.py:3482} INFO - 0 downstream tasks scheduled from follow-on schedule check
[2026-03-23T06:36:13.909+0000] {local_task_job_runner.py:222} INFO - ::endgroup::
[2026-03-23T07:00:37.595+0000] {local_task_job_runner.py:120} INFO - ::group::Pre task execution logs
[2026-03-23T07:00:37.890+0000] {taskinstance.py:2073} INFO - Dependencies all met for dep_context=non-requeueable deps ti=<TaskInstance: reporting_nightly_refresh.location_batches.batch_003__locs_601_to_800 scheduled__2026-03-22T02:00:00+00:00 [queued]>
[2026-03-23T07:00:37.917+0000] {taskinstance.py:2073} INFO - Dependencies all met for dep_context=requeueable deps ti=<TaskInstance: reporting_nightly_refresh.location_batches.batch_003__locs_601_to_800 scheduled__2026-03-22T02:00:00+00:00 [queued]>
[2026-03-23T07:00:37.919+0000] {taskinstance.py:2303} INFO - Starting attempt 2 of 5
[2026-03-23T07:00:38.003+0000] {taskinstance.py:2327} INFO - Executing <Task(PythonOperator): location_batches.batch_003__locs_601_to_800> on 2026-03-22 02:00:00+00:00
[2026-03-23T07:00:38.035+0000] {standard_task_runner.py:90} INFO - Running: ['airflow', 'tasks', 'run', 'reporting_nightly_refresh', 'location_batches.batch_003__locs_601_to_800', 'scheduled__2026-03-22T02:00:00+00:00', '--job-id', '19', '--raw', '--subdir', 'DAGS_FOLDER/reporting_refresh_dag.py', '--cfg-path', '/tmp/tmplj6jhvtg']
[2026-03-23T07:00:38.045+0000] {standard_task_runner.py:91} INFO - Job 19: Subtask location_batches.batch_003__locs_601_to_800
[2026-03-23T07:00:38.047+0000] {logging_mixin.py:188} WARNING - /home/airflow/.local/lib/python3.12/site-packages/airflow/task/task_runner/standard_task_runner.py:61 DeprecationWarning: This process (pid=4491) is multi-threaded, use of fork() may lead to deadlocks in the child.
[2026-03-23T07:00:38.053+0000] {standard_task_runner.py:63} INFO - Started process 4496 to run task
[2026-03-23T07:00:38.578+0000] {task_command.py:426} INFO - Running <TaskInstance: reporting_nightly_refresh.location_batches.batch_003__locs_601_to_800 scheduled__2026-03-22T02:00:00+00:00 [running]> on host 709b26eca54f
[2026-03-23T07:00:39.300+0000] {taskinstance.py:2644} INFO - Exporting env vars: AIRFLOW_CTX_DAG_OWNER='finance-ops' AIRFLOW_CTX_DAG_ID='reporting_nightly_refresh' AIRFLOW_CTX_TASK_ID='location_batches.batch_003__locs_601_to_800' AIRFLOW_CTX_EXECUTION_DATE='2026-03-22T02:00:00+00:00' AIRFLOW_CTX_TRY_NUMBER='2' AIRFLOW_CTX_DAG_RUN_ID='scheduled__2026-03-22T02:00:00+00:00'
[2026-03-23T07:00:39.304+0000] {taskinstance.py:430} INFO - ::endgroup::
[2026-03-23T07:00:39.671+0000] {refresh_runner.py:135} INFO - Run 20260323_070039 — 200 locations, concurrency=10
[2026-03-23T07:00:42.738+0000] {refresh_runner.py:76} INFO - Navigating to login: http://mock_portal:5001
[2026-03-23T07:00:43.963+0000] {refresh_runner.py:82} INFO - Authentication successful.
[2026-03-23T07:00:44.714+0000] {refresh_runner.py:76} INFO - Navigating to login: http://mock_portal:5001
[2026-03-23T07:00:45.585+0000] {refresh_runner.py:82} INFO - Authentication successful.
[2026-03-23T07:00:46.345+0000] {refresh_runner.py:76} INFO - Navigating to login: http://mock_portal:5001
[2026-03-23T07:00:47.536+0000] {refresh_runner.py:82} INFO - Authentication successful.
[2026-03-23T07:00:51.633+0000] {refresh_runner.py:76} INFO - Navigating to login: http://mock_portal:5001
[2026-03-23T07:00:53.343+0000] {refresh_runner.py:82} INFO - Authentication successful.
[2026-03-23T07:00:56.231+0000] {refresh_runner.py:76} INFO - Navigating to login: http://mock_portal:5001
[2026-03-23T07:00:58.012+0000] {refresh_runner.py:82} INFO - Authentication successful.
[2026-03-23T07:01:00.430+0000] {refresh_runner.py:76} INFO - Navigating to login: http://mock_portal:5001
[2026-03-23T07:01:04.328+0000] {refresh_runner.py:82} INFO - Authentication successful.
[2026-03-23T07:02:04.442+0000] {local_task_job_runner.py:222} INFO - ::endgroup::
[2026-03-23T07:02:05.712+0000] {process_utils.py:132} INFO - Sending 15 to group 4496. PIDs of all processes in the group: [4520, 4618, 5197, 5787, 6376, 6975, 7560, 8142, 8149, 8154, 8226, 8469, 8208, 7567, 7568, 7675, 7761, 7634, 7022, 7025, 7127, 7332, 7106, 6378, 6379, 6396, 6423, 6395, 5789, 5790, 5822, 5859, 5807, 5209, 5211, 5309, 5644, 5289, 4635, 4646, 4935, 5130, 4748, 4496]
[2026-03-23T07:02:05.744+0000] {process_utils.py:87} INFO - Sending the signal 15 to group 4496
[2026-03-23T07:02:05.799+0000] {taskinstance.py:2607} ERROR - Received SIGTERM. Terminating subprocesses.
[2026-03-23T07:02:06.327+0000] {process_utils.py:80} INFO - Process psutil.Process(pid=5859, status='terminated', started='07:00:46') (5859) terminated with exit code None
[2026-03-23T07:02:06.413+0000] {process_utils.py:80} INFO - Process psutil.Process(pid=5790, status='terminated', started='07:00:45') (5790) terminated with exit code None
[2026-03-23T07:02:06.562+0000] {process_utils.py:80} INFO - Process psutil.Process(pid=5644, status='terminated', started='07:00:44') (5644) terminated with exit code None
[2026-03-23T07:02:06.691+0000] {process_utils.py:80} INFO - Process psutil.Process(pid=7025, status='terminated', started='07:00:53') (7025) terminated with exit code None
[2026-03-23T07:02:06.781+0000] {process_utils.py:80} INFO - Process psutil.Process(pid=7127, status='terminated', started='07:00:55') (7127) terminated with exit code None
[2026-03-23T07:02:06.785+0000] {process_utils.py:80} INFO - Process psutil.Process(pid=7106, status='terminated', started='07:00:55') (7106) terminated with exit code None
[2026-03-23T07:02:06.850+0000] {process_utils.py:80} INFO - Process psutil.Process(pid=8149, status='terminated', started='07:01:07') (8149) terminated with exit code None
[2026-03-23T07:02:06.873+0000] {process_utils.py:80} INFO - Process psutil.Process(pid=5787, status='terminated', started='07:00:45') (5787) terminated with exit code None
[2026-03-23T07:02:06.877+0000] {process_utils.py:80} INFO - Process psutil.Process(pid=5130, status='terminated', started='07:00:42') (5130) terminated with exit code None
[2026-03-23T07:02:06.880+0000] {process_utils.py:80} INFO - Process psutil.Process(pid=8226, status='terminated', started='07:01:09') (8226) terminated with exit code None
[2026-03-23T07:02:06.914+0000] {process_utils.py:80} INFO - Process psutil.Process(pid=5789, status='terminated', started='07:00:45') (5789) terminated with exit code None
[2026-03-23T07:02:06.959+0000] {process_utils.py:80} INFO - Process psutil.Process(pid=6395, status='terminated', started='07:00:47') (6395) terminated with exit code None
[2026-03-23T07:02:06.994+0000] {process_utils.py:80} INFO - Process psutil.Process(pid=6975, status='terminated', started='07:00:53') (6975) terminated with exit code None
[2026-03-23T07:02:07.050+0000] {process_utils.py:80} INFO - Process psutil.Process(pid=6423, status='terminated', started='07:00:48') (6423) terminated with exit code None
[2026-03-23T07:02:07.051+0000] {process_utils.py:80} INFO - Process psutil.Process(pid=5822, status='terminated', started='07:00:45') (5822) terminated with exit code None
[2026-03-23T07:02:07.103+0000] {process_utils.py:80} INFO - Process psutil.Process(pid=7022, status='terminated', started='07:00:53') (7022) terminated with exit code None
[2026-03-23T07:02:07.154+0000] {process_utils.py:80} INFO - Process psutil.Process(pid=6379, status='terminated', started='07:00:47') (6379) terminated with exit code None
[2026-03-23T07:02:07.165+0000] {process_utils.py:80} INFO - Process psutil.Process(pid=7332, status='terminated', started='07:00:55') (7332) terminated with exit code None
[2026-03-23T07:02:07.233+0000] {process_utils.py:80} INFO - Process psutil.Process(pid=8469, status='terminated', started='07:01:45') (8469) terminated with exit code None
[2026-03-23T07:02:07.235+0000] {process_utils.py:80} INFO - Process psutil.Process(pid=8154, status='terminated', started='07:01:07') (8154) terminated with exit code None
[2026-03-23T07:02:07.243+0000] {process_utils.py:80} INFO - Process psutil.Process(pid=8208, status='terminated', started='07:01:08') (8208) terminated with exit code None
[2026-03-23T07:02:07.246+0000] {process_utils.py:80} INFO - Process psutil.Process(pid=5309, status='terminated', started='07:00:44') (5309) terminated with exit code None
[2026-03-23T07:02:07.249+0000] {process_utils.py:80} INFO - Process psutil.Process(pid=7568, status='terminated', started='07:00:58') (7568) terminated with exit code None
[2026-03-23T07:02:07.252+0000] {process_utils.py:80} INFO - Process psutil.Process(pid=5807, status='terminated', started='07:00:45') (5807) terminated with exit code None
[2026-03-23T07:02:07.256+0000] {process_utils.py:80} INFO - Process psutil.Process(pid=7761, status='terminated', started='07:00:59') (7761) terminated with exit code None
[2026-03-23T07:02:07.271+0000] {process_utils.py:80} INFO - Process psutil.Process(pid=5289, status='terminated', started='07:00:44') (5289) terminated with exit code None
[2026-03-23T07:02:07.282+0000] {process_utils.py:80} INFO - Process psutil.Process(pid=6396, status='terminated', started='07:00:47') (6396) terminated with exit code None
[2026-03-23T07:02:07.289+0000] {process_utils.py:80} INFO - Process psutil.Process(pid=7634, status='terminated', started='07:00:58') (7634) terminated with exit code None
[2026-03-23T07:02:07.291+0000] {process_utils.py:80} INFO - Process psutil.Process(pid=7675, status='terminated', started='07:00:59') (7675) terminated with exit code None
[2026-03-23T07:02:07.293+0000] {process_utils.py:80} INFO - Process psutil.Process(pid=4748, status='terminated', started='07:00:42') (4748) terminated with exit code None
[2026-03-23T07:02:07.295+0000] {process_utils.py:80} INFO - Process psutil.Process(pid=7560, status='terminated', started='07:00:58') (7560) terminated with exit code None
[2026-03-23T07:02:07.310+0000] {process_utils.py:80} INFO - Process psutil.Process(pid=4935, status='terminated', started='07:00:42') (4935) terminated with exit code None
[2026-03-23T07:02:07.313+0000] {process_utils.py:80} INFO - Process psutil.Process(pid=6376, status='terminated', started='07:00:47') (6376) terminated with exit code None
[2026-03-23T07:02:07.315+0000] {process_utils.py:80} INFO - Process psutil.Process(pid=6378, status='terminated', started='07:00:47') (6378) terminated with exit code None
[2026-03-23T07:02:07.319+0000] {process_utils.py:80} INFO - Process psutil.Process(pid=4646, status='terminated', started='07:00:41') (4646) terminated with exit code None
[2026-03-23T07:02:07.325+0000] {process_utils.py:80} INFO - Process psutil.Process(pid=8142, status='terminated', started='07:01:04') (8142) terminated with exit code None
[2026-03-23T07:02:07.338+0000] {process_utils.py:80} INFO - Process psutil.Process(pid=5197, status='terminated', started='07:00:44') (5197) terminated with exit code None
[2026-03-23T07:02:07.342+0000] {process_utils.py:80} INFO - Process psutil.Process(pid=5209, status='terminated', started='07:00:44') (5209) terminated with exit code None
[2026-03-23T07:02:07.345+0000] {process_utils.py:80} INFO - Process psutil.Process(pid=4618, status='terminated', started='07:00:41') (4618) terminated with exit code None
[2026-03-23T07:02:07.406+0000] {process_utils.py:80} INFO - Process psutil.Process(pid=5211, status='terminated', started='07:00:44') (5211) terminated with exit code None
[2026-03-23T07:02:07.410+0000] {process_utils.py:80} INFO - Process psutil.Process(pid=7567, status='terminated', started='07:00:58') (7567) terminated with exit code None
[2026-03-23T07:02:07.414+0000] {process_utils.py:80} INFO - Process psutil.Process(pid=4635, status='terminated', started='07:00:41') (4635) terminated with exit code None
[2026-03-23T07:02:57.196+0000] {local_task_job_runner.py:124} ERROR - Received SIGTERM. Terminating subprocesses
[2026-03-23T07:02:57.234+0000] {process_utils.py:132} INFO - Sending 15 to group 4496. PIDs of all processes in the group: [4520, 4496]
[2026-03-23T07:02:57.257+0000] {process_utils.py:87} INFO - Sending the signal 15 to group 4496
[2026-03-23T07:02:57.265+0000] {taskinstance.py:2607} ERROR - Received SIGTERM. Terminating subprocesses.
[2026-03-23T07:02:57.397+0000] {process_utils.py:80} INFO - Process psutil.Process(pid=4520, status='terminated', started='07:00:39') (4520) terminated with exit code None
[2026-03-23T07:22:32.105+0000] {local_task_job_runner.py:120} INFO - ::group::Pre task execution logs
[2026-03-23T07:22:32.269+0000] {taskinstance.py:2073} INFO - Dependencies all met for dep_context=non-requeueable deps ti=<TaskInstance: reporting_nightly_refresh.location_batches.batch_003__locs_601_to_800 scheduled__2026-03-22T02:00:00+00:00 [queued]>
[2026-03-23T07:22:32.292+0000] {taskinstance.py:2073} INFO - Dependencies all met for dep_context=requeueable deps ti=<TaskInstance: reporting_nightly_refresh.location_batches.batch_003__locs_601_to_800 scheduled__2026-03-22T02:00:00+00:00 [queued]>
[2026-03-23T07:22:32.295+0000] {taskinstance.py:2303} INFO - Starting attempt 2 of 4
[2026-03-23T07:22:32.331+0000] {taskinstance.py:2327} INFO - Executing <Task(PythonOperator): location_batches.batch_003__locs_601_to_800> on 2026-03-22 02:00:00+00:00
[2026-03-23T07:22:32.353+0000] {standard_task_runner.py:90} INFO - Running: ['airflow', 'tasks', 'run', 'reporting_nightly_refresh', 'location_batches.batch_003__locs_601_to_800', 'scheduled__2026-03-22T02:00:00+00:00', '--job-id', '15', '--raw', '--subdir', 'DAGS_FOLDER/reporting_refresh_dag.py', '--cfg-path', '/tmp/tmp2oyagdbs']
[2026-03-23T07:22:32.359+0000] {standard_task_runner.py:91} INFO - Job 15: Subtask location_batches.batch_003__locs_601_to_800
[2026-03-23T07:22:32.360+0000] {logging_mixin.py:188} WARNING - /home/airflow/.local/lib/python3.12/site-packages/airflow/task/task_runner/standard_task_runner.py:61 DeprecationWarning: This process (pid=7832) is multi-threaded, use of fork() may lead to deadlocks in the child.
[2026-03-23T07:22:32.362+0000] {standard_task_runner.py:63} INFO - Started process 7901 to run task
[2026-03-23T07:22:32.653+0000] {task_command.py:426} INFO - Running <TaskInstance: reporting_nightly_refresh.location_batches.batch_003__locs_601_to_800 scheduled__2026-03-22T02:00:00+00:00 [running]> on host a693e61dd0e6
[2026-03-23T07:22:33.515+0000] {taskinstance.py:2644} INFO - Exporting env vars: AIRFLOW_CTX_DAG_OWNER='finance-ops' AIRFLOW_CTX_DAG_ID='reporting_nightly_refresh' AIRFLOW_CTX_TASK_ID='location_batches.batch_003__locs_601_to_800' AIRFLOW_CTX_EXECUTION_DATE='2026-03-22T02:00:00+00:00' AIRFLOW_CTX_TRY_NUMBER='2' AIRFLOW_CTX_DAG_RUN_ID='scheduled__2026-03-22T02:00:00+00:00'
[2026-03-23T07:22:33.519+0000] {taskinstance.py:430} INFO - ::endgroup::
[2026-03-23T07:22:33.725+0000] {refresh_runner.py:135} INFO - Run 20260323_072233 — 200 locations, concurrency=10
[2026-03-23T07:22:34.888+0000] {refresh_runner.py:76} INFO - Navigating to login: http://mock_portal:5001
[2026-03-23T07:22:35.820+0000] {refresh_runner.py:82} INFO - Authentication successful.
[2026-03-23T07:22:36.270+0000] {refresh_runner.py:76} INFO - Navigating to login: http://mock_portal:5001
[2026-03-23T07:22:37.150+0000] {refresh_runner.py:82} INFO - Authentication successful.
[2026-03-23T07:22:37.680+0000] {refresh_runner.py:76} INFO - Navigating to login: http://mock_portal:5001
[2026-03-23T07:22:38.557+0000] {refresh_runner.py:82} INFO - Authentication successful.
[2026-03-23T07:22:39.467+0000] {refresh_runner.py:76} INFO - Navigating to login: http://mock_portal:5001
[2026-03-23T07:22:40.346+0000] {refresh_runner.py:82} INFO - Authentication successful.
[2026-03-23T07:22:40.739+0000] {refresh_runner.py:76} INFO - Navigating to login: http://mock_portal:5001
[2026-03-23T07:22:41.597+0000] {refresh_runner.py:82} INFO - Authentication successful.
[2026-03-23T07:22:41.977+0000] {refresh_runner.py:76} INFO - Navigating to login: http://mock_portal:5001
[2026-03-23T07:22:42.867+0000] {refresh_runner.py:82} INFO - Authentication successful.
[2026-03-23T07:22:43.490+0000] {refresh_runner.py:76} INFO - Navigating to login: http://mock_portal:5001
[2026-03-23T07:22:44.334+0000] {refresh_runner.py:82} INFO - Authentication successful.
[2026-03-23T07:22:44.708+0000] {refresh_runner.py:76} INFO - Navigating to login: http://mock_portal:5001
[2026-03-23T07:22:45.551+0000] {refresh_runner.py:82} INFO - Authentication successful.
[2026-03-23T07:22:45.940+0000] {refresh_runner.py:76} INFO - Navigating to login: http://mock_portal:5001
[2026-03-23T07:22:46.840+0000] {refresh_runner.py:82} INFO - Authentication successful.
[2026-03-23T07:22:47.293+0000] {refresh_runner.py:76} INFO - Navigating to login: http://mock_portal:5001
[2026-03-23T07:22:48.416+0000] {refresh_runner.py:82} INFO - Authentication successful.
[2026-03-23T07:22:48.771+0000] {taskinstance.py:441} INFO - ::group::Post task execution logs
[2026-03-23T07:22:48.773+0000] {taskinstance.py:2890} ERROR - Task failed with exception
Traceback (most recent call last):
  File "/home/airflow/.local/lib/python3.12/site-packages/airflow/models/taskinstance.py", line 460, in _execute_task
    result = _execute_callable(context=context, **execute_callable_kwargs)
             ^^^^^^^^^^^^^^^^^^^^^^^^^^^^^^^^^^^^^^^^^^^^^^^^^^^^^^^^^^^^^
  File "/home/airflow/.local/lib/python3.12/site-packages/airflow/models/taskinstance.py", line 432, in _execute_callable
    return execute_callable(context=context, **execute_callable_kwargs)
           ^^^^^^^^^^^^^^^^^^^^^^^^^^^^^^^^^^^^^^^^^^^^^^^^^^^^^^^^^^^^
  File "/home/airflow/.local/lib/python3.12/site-packages/airflow/models/baseoperator.py", line 400, in wrapper
    return func(self, *args, **kwargs)
           ^^^^^^^^^^^^^^^^^^^^^^^^^^^
  File "/home/airflow/.local/lib/python3.12/site-packages/airflow/operators/python.py", line 235, in execute
    return_value = self.execute_callable()
                   ^^^^^^^^^^^^^^^^^^^^^^^
  File "/home/airflow/.local/lib/python3.12/site-packages/airflow/operators/python.py", line 252, in execute_callable
    return self.python_callable(*self.op_args, **self.op_kwargs)
           ^^^^^^^^^^^^^^^^^^^^^^^^^^^^^^^^^^^^^^^^^^^^^^^^^^^^^
  File "/opt/airflow/dags/reporting_refresh_dag.py", line 53, in run_location_batch
    asyncio.run(run_batch(location_ids, concurrency=CONCURRENCY, headless=True))
  File "/usr/local/lib/python3.12/asyncio/runners.py", line 194, in run
    return runner.run(main)
           ^^^^^^^^^^^^^^^^
  File "/usr/local/lib/python3.12/asyncio/runners.py", line 118, in run
    return self._loop.run_until_complete(task)
           ^^^^^^^^^^^^^^^^^^^^^^^^^^^^^^^^^^^
  File "/usr/local/lib/python3.12/asyncio/base_events.py", line 685, in run_until_complete
    return future.result()
           ^^^^^^^^^^^^^^^
  File "/opt/airflow/dags/refresh_runner.py", line 160, in run_batch
    await asyncio.gather(*[process(lid) for lid in location_ids])
  File "/opt/airflow/dags/refresh_runner.py", line 155, in process
    ok = await refresh_location(page, pool, loc_id, run_id)
         ^^^^^^^^^^^^^^^^^^^^^^^^^^^^^^^^^^^^^^^^^^^^^^^^^^
  File "/opt/airflow/dags/refresh_runner.py", line 88, in refresh_location
    await log_job_start(pool, location_id, run_id)
  File "/opt/airflow/dags/refresh_runner.py", line 53, in log_job_start
    await cur.execute("""
  File "/home/airflow/.local/lib/python3.12/site-packages/aiomysql/cursors.py", line 239, in execute
    await self._query(query)
  File "/home/airflow/.local/lib/python3.12/site-packages/aiomysql/cursors.py", line 457, in _query
    await conn.query(q)
  File "/home/airflow/.local/lib/python3.12/site-packages/aiomysql/connection.py", line 469, in query
    await self._read_query_result(unbuffered=unbuffered)
  File "/home/airflow/.local/lib/python3.12/site-packages/aiomysql/connection.py", line 683, in _read_query_result
    await result.read()
  File "/home/airflow/.local/lib/python3.12/site-packages/aiomysql/connection.py", line 1164, in read
    first_packet = await self.connection._read_packet()
                   ^^^^^^^^^^^^^^^^^^^^^^^^^^^^^^^^^^^^
  File "/home/airflow/.local/lib/python3.12/site-packages/aiomysql/connection.py", line 652, in _read_packet
    packet.raise_for_error()
  File "/home/airflow/.local/lib/python3.12/site-packages/pymysql/protocol.py", line 219, in raise_for_error
    err.raise_mysql_exception(self._data)
  File "/home/airflow/.local/lib/python3.12/site-packages/pymysql/err.py", line 150, in raise_mysql_exception
    raise errorclass(errno, errval)
pymysql.err.IntegrityError: (1452, 'Cannot add or update a child row: a foreign key constraint fails (`refresh_jobs`.`refresh_jobs`, CONSTRAINT `fk_rj_loc` FOREIGN KEY (`location_id`) REFERENCES `locations` (`location_id`))')
[2026-03-23T07:22:48.866+0000] {taskinstance.py:1205} INFO - Marking task as UP_FOR_RETRY. dag_id=reporting_nightly_refresh, task_id=location_batches.batch_003__locs_601_to_800, execution_date=20260322T020000, start_date=20260323T072232, end_date=20260323T072248
[2026-03-23T07:22:48.913+0000] {standard_task_runner.py:110} ERROR - Failed to execute job 15 for task location_batches.batch_003__locs_601_to_800 ((1452, 'Cannot add or update a child row: a foreign key constraint fails (`refresh_jobs`.`refresh_jobs`, CONSTRAINT `fk_rj_loc` FOREIGN KEY (`location_id`) REFERENCES `locations` (`location_id`))'); 7901)
[2026-03-23T07:22:49.062+0000] {local_task_job_runner.py:240} INFO - Task exited with return code 1
[2026-03-23T07:22:49.246+0000] {taskinstance.py:3482} INFO - 0 downstream tasks scheduled from follow-on schedule check
[2026-03-23T07:22:49.249+0000] {local_task_job_runner.py:222} INFO - ::endgroup::
