[2026-03-23T07:46:14.384+0000] {local_task_job_runner.py:120} INFO - ::group::Pre task execution logs
[2026-03-23T07:46:14.656+0000] {taskinstance.py:2073} INFO - Dependencies all met for dep_context=non-requeueable deps ti=<TaskInstance: reporting_nightly_refresh.location_batches.batch_000__locs_1_to_20 scheduled__2026-03-22T02:00:00+00:00 [queued]>
[2026-03-23T07:46:14.709+0000] {taskinstance.py:2073} INFO - Dependencies all met for dep_context=requeueable deps ti=<TaskInstance: reporting_nightly_refresh.location_batches.batch_000__locs_1_to_20 scheduled__2026-03-22T02:00:00+00:00 [queued]>
[2026-03-23T07:46:14.730+0000] {taskinstance.py:2303} INFO - Starting attempt 1 of 4
[2026-03-23T07:46:14.809+0000] {taskinstance.py:2327} INFO - Executing <Task(PythonOperator): location_batches.batch_000__locs_1_to_20> on 2026-03-22 02:00:00+00:00
[2026-03-23T07:46:14.830+0000] {standard_task_runner.py:90} INFO - Running: ['airflow', 'tasks', 'run', 'reporting_nightly_refresh', 'location_batches.batch_000__locs_1_to_20', 'scheduled__2026-03-22T02:00:00+00:00', '--job-id', '43', '--raw', '--subdir', 'DAGS_FOLDER/reporting_refresh_dag.py', '--cfg-path', '/tmp/tmpghej2_v5']
[2026-03-23T07:46:14.836+0000] {standard_task_runner.py:91} INFO - Job 43: Subtask location_batches.batch_000__locs_1_to_20
[2026-03-23T07:46:14.843+0000] {logging_mixin.py:188} WARNING - /home/airflow/.local/lib/python3.12/site-packages/airflow/task/task_runner/standard_task_runner.py:61 DeprecationWarning: This process (pid=19998) is multi-threaded, use of fork() may lead to deadlocks in the child.
[2026-03-23T07:46:14.845+0000] {standard_task_runner.py:63} INFO - Started process 19999 to run task
[2026-03-23T07:46:15.092+0000] {task_command.py:426} INFO - Running <TaskInstance: reporting_nightly_refresh.location_batches.batch_000__locs_1_to_20 scheduled__2026-03-22T02:00:00+00:00 [running]> on host a693e61dd0e6
[2026-03-23T07:46:15.438+0000] {taskinstance.py:2644} INFO - Exporting env vars: AIRFLOW_CTX_DAG_OWNER='finance-ops' AIRFLOW_CTX_DAG_ID='reporting_nightly_refresh' AIRFLOW_CTX_TASK_ID='location_batches.batch_000__locs_1_to_20' AIRFLOW_CTX_EXECUTION_DATE='2026-03-22T02:00:00+00:00' AIRFLOW_CTX_TRY_NUMBER='1' AIRFLOW_CTX_DAG_RUN_ID='scheduled__2026-03-22T02:00:00+00:00'
[2026-03-23T07:46:15.440+0000] {taskinstance.py:430} INFO - ::endgroup::
[2026-03-23T07:46:15.464+0000] {reporting_refresh_dag.py:50} INFO - Batch 0: 20 locations
[2026-03-23T07:46:15.586+0000] {refresh_runner.py:135} INFO - Run 20260323_074615 — 20 locations, concurrency=5
[2026-03-23T07:46:16.532+0000] {refresh_runner.py:76} INFO - Navigating to login: http://mock_portal:5001
[2026-03-23T07:46:17.359+0000] {refresh_runner.py:82} INFO - Authentication successful.
[2026-03-23T07:46:17.722+0000] {refresh_runner.py:76} INFO - Navigating to login: http://mock_portal:5001
[2026-03-23T07:46:18.515+0000] {refresh_runner.py:82} INFO - Authentication successful.
[2026-03-23T07:46:18.889+0000] {refresh_runner.py:76} INFO - Navigating to login: http://mock_portal:5001
[2026-03-23T07:46:19.708+0000] {refresh_runner.py:82} INFO - Authentication successful.
[2026-03-23T07:46:20.075+0000] {refresh_runner.py:76} INFO - Navigating to login: http://mock_portal:5001
[2026-03-23T07:46:21.140+0000] {refresh_runner.py:82} INFO - Authentication successful.
[2026-03-23T07:46:21.486+0000] {refresh_runner.py:76} INFO - Navigating to login: http://mock_portal:5001
[2026-03-23T07:46:22.275+0000] {refresh_runner.py:82} INFO - Authentication successful.
[2026-03-23T07:46:22.289+0000] {refresh_runner.py:90} INFO - Refreshing location 1 ...
[2026-03-23T07:46:22.304+0000] {refresh_runner.py:90} INFO - Refreshing location 2 ...
[2026-03-23T07:46:22.317+0000] {refresh_runner.py:90} INFO - Refreshing location 3 ...
[2026-03-23T07:46:22.336+0000] {refresh_runner.py:90} INFO - Refreshing location 5 ...
[2026-03-23T07:46:22.364+0000] {refresh_runner.py:90} INFO - Refreshing location 4 ...
[2026-03-23T07:46:22.711+0000] {refresh_runner.py:103} INFO - Location 1: COMPLETE
[2026-03-23T07:46:22.729+0000] {refresh_runner.py:103} INFO - Location 2: COMPLETE
[2026-03-23T07:46:22.730+0000] {refresh_runner.py:103} INFO - Location 3: COMPLETE
[2026-03-23T07:46:22.731+0000] {refresh_runner.py:103} INFO - Location 5: COMPLETE
[2026-03-23T07:46:22.734+0000] {refresh_runner.py:103} INFO - Location 4: COMPLETE
[2026-03-23T07:46:22.742+0000] {refresh_runner.py:90} INFO - Refreshing location 6 ...
[2026-03-23T07:46:22.758+0000] {refresh_runner.py:90} INFO - Refreshing location 7 ...
[2026-03-23T07:46:22.774+0000] {refresh_runner.py:90} INFO - Refreshing location 8 ...
[2026-03-23T07:46:22.792+0000] {refresh_runner.py:90} INFO - Refreshing location 9 ...
[2026-03-23T07:46:22.828+0000] {refresh_runner.py:90} INFO - Refreshing location 10 ...
[2026-03-23T07:46:23.071+0000] {refresh_runner.py:103} INFO - Location 6: COMPLETE
[2026-03-23T07:46:23.086+0000] {refresh_runner.py:103} INFO - Location 7: COMPLETE
[2026-03-23T07:46:23.088+0000] {refresh_runner.py:103} INFO - Location 8: COMPLETE
[2026-03-23T07:46:23.090+0000] {refresh_runner.py:103} INFO - Location 9: COMPLETE
[2026-03-23T07:46:23.091+0000] {refresh_runner.py:103} INFO - Location 10: COMPLETE
[2026-03-23T07:46:23.098+0000] {refresh_runner.py:90} INFO - Refreshing location 11 ...
[2026-03-23T07:46:23.113+0000] {refresh_runner.py:90} INFO - Refreshing location 12 ...
[2026-03-23T07:46:23.128+0000] {refresh_runner.py:90} INFO - Refreshing location 13 ...
[2026-03-23T07:46:23.144+0000] {refresh_runner.py:90} INFO - Refreshing location 14 ...
[2026-03-23T07:46:23.174+0000] {refresh_runner.py:90} INFO - Refreshing location 15 ...
[2026-03-23T07:46:23.448+0000] {refresh_runner.py:103} INFO - Location 11: COMPLETE
[2026-03-23T07:46:23.464+0000] {refresh_runner.py:103} INFO - Location 12: COMPLETE
[2026-03-23T07:46:23.465+0000] {refresh_runner.py:103} INFO - Location 13: COMPLETE
[2026-03-23T07:46:23.467+0000] {refresh_runner.py:103} INFO - Location 14: COMPLETE
[2026-03-23T07:46:23.469+0000] {refresh_runner.py:103} INFO - Location 15: COMPLETE
[2026-03-23T07:46:23.480+0000] {refresh_runner.py:90} INFO - Refreshing location 16 ...
[2026-03-23T07:46:23.495+0000] {refresh_runner.py:90} INFO - Refreshing location 17 ...
[2026-03-23T07:46:23.511+0000] {refresh_runner.py:90} INFO - Refreshing location 18 ...
[2026-03-23T07:46:23.529+0000] {refresh_runner.py:90} INFO - Refreshing location 19 ...
[2026-03-23T07:46:23.563+0000] {refresh_runner.py:90} INFO - Refreshing location 20 ...
[2026-03-23T07:46:23.826+0000] {refresh_runner.py:103} INFO - Location 16: COMPLETE
[2026-03-23T07:46:23.842+0000] {refresh_runner.py:103} INFO - Location 17: COMPLETE
[2026-03-23T07:46:23.843+0000] {refresh_runner.py:103} INFO - Location 18: COMPLETE
[2026-03-23T07:46:23.844+0000] {refresh_runner.py:103} INFO - Location 19: COMPLETE
[2026-03-23T07:46:23.846+0000] {refresh_runner.py:103} INFO - Location 20: COMPLETE
[2026-03-23T07:46:24.487+0000] {refresh_runner.py:168} INFO - Run 20260323_074615 complete — Success: 20, Failure: 0
[2026-03-23T07:46:24.492+0000] {python.py:237} INFO - Done. Returned value was: None
[2026-03-23T07:46:24.495+0000] {taskinstance.py:441} INFO - ::group::Post task execution logs
[2026-03-23T07:46:24.680+0000] {taskinstance.py:1205} INFO - Marking task as SUCCESS. dag_id=reporting_nightly_refresh, task_id=location_batches.batch_000__locs_1_to_20, execution_date=20260322T020000, start_date=20260323T074614, end_date=20260323T074624
[2026-03-23T07:46:24.839+0000] {local_task_job_runner.py:240} INFO - Task exited with return code 0
[2026-03-23T07:46:24.936+0000] {taskinstance.py:3482} INFO - 1 downstream tasks scheduled from follow-on schedule check
[2026-03-23T07:46:24.945+0000] {local_task_job_runner.py:222} INFO - ::endgroup::
