[2026-03-23T07:44:42.177+0000] {local_task_job_runner.py:120} INFO - ::group::Pre task execution logs
[2026-03-23T07:44:42.360+0000] {taskinstance.py:2073} INFO - Dependencies all met for dep_context=non-requeueable deps ti=<TaskInstance: reporting_nightly_refresh.location_batches.batch_000__locs_1_to_20 manual__2026-03-23T07:26:28.848501+00:00 [queued]>
[2026-03-23T07:44:42.398+0000] {taskinstance.py:2073} INFO - Dependencies all met for dep_context=requeueable deps ti=<TaskInstance: reporting_nightly_refresh.location_batches.batch_000__locs_1_to_20 manual__2026-03-23T07:26:28.848501+00:00 [queued]>
[2026-03-23T07:44:42.408+0000] {taskinstance.py:2303} INFO - Starting attempt 5 of 8
[2026-03-23T07:44:42.503+0000] {taskinstance.py:2327} INFO - Executing <Task(PythonOperator): location_batches.batch_000__locs_1_to_20> on 2026-03-23 07:26:28.848501+00:00
[2026-03-23T07:44:42.536+0000] {standard_task_runner.py:90} INFO - Running: ['airflow', 'tasks', 'run', 'reporting_nightly_refresh', 'location_batches.batch_000__locs_1_to_20', 'manual__2026-03-23T07:26:28.848501+00:00', '--job-id', '33', '--raw', '--subdir', 'DAGS_FOLDER/reporting_refresh_dag.py', '--cfg-path', '/tmp/tmpymukqtg_']
[2026-03-23T07:44:42.542+0000] {standard_task_runner.py:91} INFO - Job 33: Subtask location_batches.batch_000__locs_1_to_20
[2026-03-23T07:44:42.543+0000] {logging_mixin.py:188} WARNING - /home/airflow/.local/lib/python3.12/site-packages/airflow/task/task_runner/standard_task_runner.py:61 DeprecationWarning: This process (pid=18258) is multi-threaded, use of fork() may lead to deadlocks in the child.
[2026-03-23T07:44:42.546+0000] {standard_task_runner.py:63} INFO - Started process 18259 to run task
[2026-03-23T07:44:42.790+0000] {task_command.py:426} INFO - Running <TaskInstance: reporting_nightly_refresh.location_batches.batch_000__locs_1_to_20 manual__2026-03-23T07:26:28.848501+00:00 [running]> on host a693e61dd0e6
[2026-03-23T07:44:43.114+0000] {taskinstance.py:2644} INFO - Exporting env vars: AIRFLOW_CTX_DAG_OWNER='finance-ops' AIRFLOW_CTX_DAG_ID='reporting_nightly_refresh' AIRFLOW_CTX_TASK_ID='location_batches.batch_000__locs_1_to_20' AIRFLOW_CTX_EXECUTION_DATE='2026-03-23T07:26:28.848501+00:00' AIRFLOW_CTX_TRY_NUMBER='5' AIRFLOW_CTX_DAG_RUN_ID='manual__2026-03-23T07:26:28.848501+00:00'
[2026-03-23T07:44:43.116+0000] {taskinstance.py:430} INFO - ::endgroup::
[2026-03-23T07:44:43.139+0000] {reporting_refresh_dag.py:50} INFO - Batch 0: 20 locations
[2026-03-23T07:44:43.245+0000] {refresh_runner.py:135} INFO - Run 20260323_074443 — 20 locations, concurrency=5
[2026-03-23T07:44:44.175+0000] {refresh_runner.py:76} INFO - Navigating to login: http://mock_portal:5001
[2026-03-23T07:44:44.979+0000] {refresh_runner.py:82} INFO - Authentication successful.
[2026-03-23T07:44:45.303+0000] {refresh_runner.py:76} INFO - Navigating to login: http://mock_portal:5001
[2026-03-23T07:44:46.073+0000] {refresh_runner.py:82} INFO - Authentication successful.
[2026-03-23T07:44:46.419+0000] {refresh_runner.py:76} INFO - Navigating to login: http://mock_portal:5001
[2026-03-23T07:44:47.194+0000] {refresh_runner.py:82} INFO - Authentication successful.
[2026-03-23T07:44:47.532+0000] {refresh_runner.py:76} INFO - Navigating to login: http://mock_portal:5001
[2026-03-23T07:44:48.590+0000] {refresh_runner.py:82} INFO - Authentication successful.
[2026-03-23T07:44:48.932+0000] {refresh_runner.py:76} INFO - Navigating to login: http://mock_portal:5001
[2026-03-23T07:44:49.703+0000] {refresh_runner.py:82} INFO - Authentication successful.
[2026-03-23T07:44:49.715+0000] {refresh_runner.py:90} INFO - Refreshing location 1 ...
[2026-03-23T07:44:49.731+0000] {refresh_runner.py:90} INFO - Refreshing location 2 ...
[2026-03-23T07:44:49.745+0000] {refresh_runner.py:90} INFO - Refreshing location 3 ...
[2026-03-23T07:44:49.764+0000] {refresh_runner.py:90} INFO - Refreshing location 4 ...
[2026-03-23T07:44:49.783+0000] {refresh_runner.py:90} INFO - Refreshing location 5 ...
[2026-03-23T07:44:50.155+0000] {refresh_runner.py:103} INFO - Location 1: COMPLETE
[2026-03-23T07:44:50.174+0000] {refresh_runner.py:103} INFO - Location 2: COMPLETE
[2026-03-23T07:44:50.176+0000] {refresh_runner.py:103} INFO - Location 3: COMPLETE
[2026-03-23T07:44:50.178+0000] {refresh_runner.py:103} INFO - Location 4: COMPLETE
[2026-03-23T07:44:50.182+0000] {refresh_runner.py:103} INFO - Location 5: COMPLETE
[2026-03-23T07:44:50.191+0000] {refresh_runner.py:90} INFO - Refreshing location 6 ...
[2026-03-23T07:44:50.210+0000] {refresh_runner.py:90} INFO - Refreshing location 8 ...
[2026-03-23T07:44:50.231+0000] {refresh_runner.py:90} INFO - Refreshing location 9 ...
[2026-03-23T07:44:50.251+0000] {refresh_runner.py:90} INFO - Refreshing location 7 ...
[2026-03-23T07:44:50.304+0000] {refresh_runner.py:90} INFO - Refreshing location 10 ...
[2026-03-23T07:44:50.517+0000] {refresh_runner.py:103} INFO - Location 6: COMPLETE
[2026-03-23T07:44:50.546+0000] {refresh_runner.py:103} INFO - Location 8: COMPLETE
[2026-03-23T07:44:50.562+0000] {refresh_runner.py:103} INFO - Location 9: COMPLETE
[2026-03-23T07:44:50.564+0000] {refresh_runner.py:103} INFO - Location 7: COMPLETE
[2026-03-23T07:44:50.566+0000] {refresh_runner.py:103} INFO - Location 10: COMPLETE
[2026-03-23T07:44:50.568+0000] {refresh_runner.py:90} INFO - Refreshing location 11 ...
[2026-03-23T07:44:50.584+0000] {refresh_runner.py:90} INFO - Refreshing location 12 ...
[2026-03-23T07:44:50.615+0000] {refresh_runner.py:90} INFO - Refreshing location 13 ...
[2026-03-23T07:44:50.629+0000] {refresh_runner.py:90} INFO - Refreshing location 14 ...
[2026-03-23T07:44:50.645+0000] {refresh_runner.py:90} INFO - Refreshing location 15 ...
[2026-03-23T07:44:50.864+0000] {refresh_runner.py:103} INFO - Location 11: COMPLETE
[2026-03-23T07:44:50.895+0000] {refresh_runner.py:103} INFO - Location 12: COMPLETE
[2026-03-23T07:44:50.912+0000] {refresh_runner.py:103} INFO - Location 13: COMPLETE
[2026-03-23T07:44:50.913+0000] {refresh_runner.py:103} INFO - Location 14: COMPLETE
[2026-03-23T07:44:50.917+0000] {refresh_runner.py:103} INFO - Location 15: COMPLETE
[2026-03-23T07:44:50.928+0000] {refresh_runner.py:90} INFO - Refreshing location 17 ...
[2026-03-23T07:44:50.943+0000] {refresh_runner.py:90} INFO - Refreshing location 16 ...
[2026-03-23T07:44:50.958+0000] {refresh_runner.py:90} INFO - Refreshing location 18 ...
[2026-03-23T07:44:50.998+0000] {refresh_runner.py:90} INFO - Refreshing location 19 ...
[2026-03-23T07:44:51.012+0000] {refresh_runner.py:90} INFO - Refreshing location 20 ...
[2026-03-23T07:44:51.328+0000] {refresh_runner.py:103} INFO - Location 17: COMPLETE
[2026-03-23T07:44:51.329+0000] {refresh_runner.py:103} INFO - Location 16: COMPLETE
[2026-03-23T07:44:51.343+0000] {refresh_runner.py:103} INFO - Location 18: COMPLETE
[2026-03-23T07:44:51.345+0000] {refresh_runner.py:103} INFO - Location 19: COMPLETE
[2026-03-23T07:44:51.348+0000] {refresh_runner.py:103} INFO - Location 20: COMPLETE
[2026-03-23T07:44:51.858+0000] {refresh_runner.py:168} INFO - Run 20260323_074443 complete — Success: 20, Failure: 0
[2026-03-23T07:44:51.862+0000] {python.py:237} INFO - Done. Returned value was: None
[2026-03-23T07:44:51.863+0000] {taskinstance.py:441} INFO - ::group::Post task execution logs
[2026-03-23T07:44:51.920+0000] {taskinstance.py:1205} INFO - Marking task as SUCCESS. dag_id=reporting_nightly_refresh, task_id=location_batches.batch_000__locs_1_to_20, execution_date=20260323T072628, start_date=20260323T074442, end_date=20260323T074451
[2026-03-23T07:44:52.003+0000] {local_task_job_runner.py:240} INFO - Task exited with return code 0
[2026-03-23T07:44:52.084+0000] {taskinstance.py:3482} INFO - 1 downstream tasks scheduled from follow-on schedule check
[2026-03-23T07:44:52.092+0000] {local_task_job_runner.py:222} INFO - ::endgroup::
