[2026-03-23T07:35:33.659+0000] {local_task_job_runner.py:120} INFO - ::group::Pre task execution logs
[2026-03-23T07:35:33.813+0000] {taskinstance.py:2073} INFO - Dependencies all met for dep_context=non-requeueable deps ti=<TaskInstance: reporting_nightly_refresh.location_batches.batch_000__locs_1_to_20 manual__2026-03-23T07:26:28.848501+00:00 [queued]>
[2026-03-23T07:35:33.855+0000] {taskinstance.py:2073} INFO - Dependencies all met for dep_context=requeueable deps ti=<TaskInstance: reporting_nightly_refresh.location_batches.batch_000__locs_1_to_20 manual__2026-03-23T07:26:28.848501+00:00 [queued]>
[2026-03-23T07:35:33.857+0000] {taskinstance.py:2303} INFO - Starting attempt 3 of 6
[2026-03-23T07:35:33.901+0000] {taskinstance.py:2327} INFO - Executing <Task(PythonOperator): location_batches.batch_000__locs_1_to_20> on 2026-03-23 07:26:28.848501+00:00
[2026-03-23T07:35:33.936+0000] {standard_task_runner.py:90} INFO - Running: ['airflow', 'tasks', 'run', 'reporting_nightly_refresh', 'location_batches.batch_000__locs_1_to_20', 'manual__2026-03-23T07:26:28.848501+00:00', '--job-id', '31', '--raw', '--subdir', 'DAGS_FOLDER/reporting_refresh_dag.py', '--cfg-path', '/tmp/tmpx3k2rcn3']
[2026-03-23T07:35:33.946+0000] {standard_task_runner.py:91} INFO - Job 31: Subtask location_batches.batch_000__locs_1_to_20
[2026-03-23T07:35:33.962+0000] {logging_mixin.py:188} WARNING - /home/airflow/.local/lib/python3.12/site-packages/airflow/task/task_runner/standard_task_runner.py:61 DeprecationWarning: This process (pid=17478) is multi-threaded, use of fork() may lead to deadlocks in the child.
[2026-03-23T07:35:33.975+0000] {standard_task_runner.py:63} INFO - Started process 17479 to run task
[2026-03-23T07:35:34.426+0000] {task_command.py:426} INFO - Running <TaskInstance: reporting_nightly_refresh.location_batches.batch_000__locs_1_to_20 manual__2026-03-23T07:26:28.848501+00:00 [running]> on host a693e61dd0e6
[2026-03-23T07:35:34.749+0000] {taskinstance.py:2644} INFO - Exporting env vars: AIRFLOW_CTX_DAG_OWNER='finance-ops' AIRFLOW_CTX_DAG_ID='reporting_nightly_refresh' AIRFLOW_CTX_TASK_ID='location_batches.batch_000__locs_1_to_20' AIRFLOW_CTX_EXECUTION_DATE='2026-03-23T07:26:28.848501+00:00' AIRFLOW_CTX_TRY_NUMBER='3' AIRFLOW_CTX_DAG_RUN_ID='manual__2026-03-23T07:26:28.848501+00:00'
[2026-03-23T07:35:34.751+0000] {taskinstance.py:430} INFO - ::endgroup::
[2026-03-23T07:35:34.880+0000] {refresh_runner.py:135} INFO - Run 20260323_073534 — 20 locations, concurrency=5
[2026-03-23T07:35:35.817+0000] {refresh_runner.py:76} INFO - Navigating to login: http://mock_portal:5001
[2026-03-23T07:35:36.689+0000] {refresh_runner.py:82} INFO - Authentication successful.
[2026-03-23T07:35:37.135+0000] {refresh_runner.py:76} INFO - Navigating to login: http://mock_portal:5001
[2026-03-23T07:35:38.011+0000] {refresh_runner.py:82} INFO - Authentication successful.
[2026-03-23T07:35:38.382+0000] {refresh_runner.py:76} INFO - Navigating to login: http://mock_portal:5001
[2026-03-23T07:35:39.189+0000] {refresh_runner.py:82} INFO - Authentication successful.
[2026-03-23T07:35:39.544+0000] {refresh_runner.py:76} INFO - Navigating to login: http://mock_portal:5001
[2026-03-23T07:35:40.644+0000] {refresh_runner.py:82} INFO - Authentication successful.
[2026-03-23T07:35:40.978+0000] {refresh_runner.py:76} INFO - Navigating to login: http://mock_portal:5001
[2026-03-23T07:35:41.756+0000] {refresh_runner.py:82} INFO - Authentication successful.
[2026-03-23T07:35:41.768+0000] {refresh_runner.py:90} INFO - Refreshing location 1 ...
[2026-03-23T07:35:41.784+0000] {refresh_runner.py:90} INFO - Refreshing location 2 ...
[2026-03-23T07:35:41.800+0000] {refresh_runner.py:90} INFO - Refreshing location 3 ...
[2026-03-23T07:35:41.817+0000] {refresh_runner.py:90} INFO - Refreshing location 4 ...
[2026-03-23T07:35:41.836+0000] {refresh_runner.py:90} INFO - Refreshing location 5 ...
[2026-03-23T07:35:42.193+0000] {refresh_runner.py:103} INFO - Location 1: COMPLETE
[2026-03-23T07:35:42.249+0000] {refresh_runner.py:103} INFO - Location 2: COMPLETE
[2026-03-23T07:35:42.252+0000] {refresh_runner.py:103} INFO - Location 3: COMPLETE
[2026-03-23T07:35:42.258+0000] {refresh_runner.py:103} INFO - Location 4: COMPLETE
[2026-03-23T07:35:42.261+0000] {refresh_runner.py:103} INFO - Location 5: COMPLETE
[2026-03-23T07:35:42.270+0000] {refresh_runner.py:90} INFO - Refreshing location 6 ...
[2026-03-23T07:35:42.297+0000] {refresh_runner.py:90} INFO - Refreshing location 7 ...
[2026-03-23T07:35:42.326+0000] {refresh_runner.py:90} INFO - Refreshing location 8 ...
[2026-03-23T07:35:42.381+0000] {refresh_runner.py:90} INFO - Refreshing location 10 ...
[2026-03-23T07:35:42.406+0000] {refresh_runner.py:90} INFO - Refreshing location 9 ...
[2026-03-23T07:35:42.634+0000] {refresh_runner.py:103} INFO - Location 6: COMPLETE
[2026-03-23T07:35:42.666+0000] {refresh_runner.py:103} INFO - Location 7: COMPLETE
[2026-03-23T07:35:42.684+0000] {refresh_runner.py:103} INFO - Location 8: COMPLETE
[2026-03-23T07:35:42.685+0000] {refresh_runner.py:103} INFO - Location 10: COMPLETE
[2026-03-23T07:35:42.688+0000] {refresh_runner.py:103} INFO - Location 9: COMPLETE
[2026-03-23T07:35:42.690+0000] {refresh_runner.py:90} INFO - Refreshing location 11 ...
[2026-03-23T07:35:42.707+0000] {refresh_runner.py:90} INFO - Refreshing location 12 ...
[2026-03-23T07:35:42.742+0000] {refresh_runner.py:90} INFO - Refreshing location 13 ...
[2026-03-23T07:35:42.759+0000] {refresh_runner.py:90} INFO - Refreshing location 14 ...
[2026-03-23T07:35:42.780+0000] {refresh_runner.py:90} INFO - Refreshing location 15 ...
[2026-03-23T07:35:42.986+0000] {refresh_runner.py:103} INFO - Location 11: COMPLETE
[2026-03-23T07:35:43.018+0000] {refresh_runner.py:103} INFO - Location 12: COMPLETE
[2026-03-23T07:35:43.047+0000] {refresh_runner.py:103} INFO - Location 13: COMPLETE
[2026-03-23T07:35:43.049+0000] {refresh_runner.py:90} INFO - Refreshing location 16 ...
[2026-03-23T07:35:43.063+0000] {refresh_runner.py:103} INFO - Location 14: COMPLETE
[2026-03-23T07:35:43.064+0000] {refresh_runner.py:90} INFO - Refreshing location 17 ...
[2026-03-23T07:35:43.080+0000] {refresh_runner.py:103} INFO - Location 15: COMPLETE
[2026-03-23T07:35:43.102+0000] {refresh_runner.py:90} INFO - Refreshing location 18 ...
[2026-03-23T07:35:43.119+0000] {refresh_runner.py:90} INFO - Refreshing location 19 ...
[2026-03-23T07:35:43.169+0000] {refresh_runner.py:90} INFO - Refreshing location 20 ...
[2026-03-23T07:35:43.369+0000] {refresh_runner.py:103} INFO - Location 16: COMPLETE
[2026-03-23T07:35:43.370+0000] {refresh_runner.py:103} INFO - Location 17: COMPLETE
[2026-03-23T07:35:43.387+0000] {refresh_runner.py:103} INFO - Location 18: COMPLETE
[2026-03-23T07:35:43.403+0000] {refresh_runner.py:103} INFO - Location 19: COMPLETE
[2026-03-23T07:35:43.407+0000] {refresh_runner.py:103} INFO - Location 20: COMPLETE
[2026-03-23T07:35:44.089+0000] {refresh_runner.py:168} INFO - Run 20260323_073534 complete — Success: 20, Failure: 0
[2026-03-23T07:35:44.096+0000] {reporting_refresh_dag.py:55} INFO - Batch 0: 20 locations
[2026-03-23T07:35:44.097+0000] {taskinstance.py:441} INFO - ::group::Post task execution logs
[2026-03-23T07:35:44.099+0000] {taskinstance.py:2890} ERROR - Task failed with exception
Traceback (most recent call last):
  File "/home/airflow/.local/lib/python3.12/site-packages/airflow/models/taskinstance.py", line 460, in _execute_task
    result = _execute_callable(context=context, **execute_callable_kwargs)
             ^^^^^^^^^^^^^^^^^^^^^^^^^^^^^^^^^^^^^^^^^^^^^^^^^^^^^^^^^^^^^
  File "/home/airflow/.local/lib/python3.12/site-packages/airflow/models/taskinstance.py", line 432, in _execute_callable
    return execute_callable(context=context, **execute_callable_kwargs)
           ^^^^^^^^^^^^^^^^^^^^^^^^^^^^^^^^^^^^^^^^^^^^^^^^^^^^^^^^^^^^
  File "/home/airflow/.local/lib/python3.12/site-packages/airflow/models/baseoperator.py", line 400, in wrapper
    return func(self, *args, **kwargs)
           ^^^^^^^^^^^^^^^^^^^^^^^^^^^
  File "/home/airflow/.local/lib/python3.12/site-packages/airflow/operators/python.py", line 235, in execute
    return_value = self.execute_callable()
                   ^^^^^^^^^^^^^^^^^^^^^^^
  File "/home/airflow/.local/lib/python3.12/site-packages/airflow/operators/python.py", line 252, in execute_callable
    return self.python_callable(*self.op_args, **self.op_kwargs)
           ^^^^^^^^^^^^^^^^^^^^^^^^^^^^^^^^^^^^^^^^^^^^^^^^^^^^^
  File "/opt/airflow/dags/reporting_refresh_dag.py", line 56, in run_location_batch
    result = subprocess.run(cmd, capture_output=True, text=True, timeout=3600)
             ^^^^^^^^^^
NameError: name 'subprocess' is not defined. Did you forget to import 'subprocess'
[2026-03-23T07:35:44.239+0000] {taskinstance.py:1205} INFO - Marking task as UP_FOR_RETRY. dag_id=reporting_nightly_refresh, task_id=location_batches.batch_000__locs_1_to_20, execution_date=20260323T072628, start_date=20260323T073533, end_date=20260323T073544
[2026-03-23T07:35:44.277+0000] {standard_task_runner.py:110} ERROR - Failed to execute job 31 for task location_batches.batch_000__locs_1_to_20 (name 'subprocess' is not defined; 17479)
[2026-03-23T07:35:44.411+0000] {local_task_job_runner.py:240} INFO - Task exited with return code 1
[2026-03-23T07:35:44.491+0000] {taskinstance.py:3482} INFO - 0 downstream tasks scheduled from follow-on schedule check
[2026-03-23T07:35:44.495+0000] {local_task_job_runner.py:222} INFO - ::endgroup::
