[2026-03-23T07:31:58.220+0000] {local_task_job_runner.py:120} INFO - ::group::Pre task execution logs
[2026-03-23T07:31:58.343+0000] {taskinstance.py:2073} INFO - Dependencies all met for dep_context=non-requeueable deps ti=<TaskInstance: reporting_nightly_refresh.location_batches.batch_000__locs_1_to_20 manual__2026-03-23T07:26:28.848501+00:00 [queued]>
[2026-03-23T07:31:58.360+0000] {taskinstance.py:2073} INFO - Dependencies all met for dep_context=requeueable deps ti=<TaskInstance: reporting_nightly_refresh.location_batches.batch_000__locs_1_to_20 manual__2026-03-23T07:26:28.848501+00:00 [queued]>
[2026-03-23T07:31:58.362+0000] {taskinstance.py:2303} INFO - Starting attempt 2 of 5
[2026-03-23T07:31:58.393+0000] {taskinstance.py:2327} INFO - Executing <Task(PythonOperator): location_batches.batch_000__locs_1_to_20> on 2026-03-23 07:26:28.848501+00:00
[2026-03-23T07:31:58.410+0000] {standard_task_runner.py:90} INFO - Running: ['airflow', 'tasks', 'run', 'reporting_nightly_refresh', 'location_batches.batch_000__locs_1_to_20', 'manual__2026-03-23T07:26:28.848501+00:00', '--job-id', '30', '--raw', '--subdir', 'DAGS_FOLDER/reporting_refresh_dag.py', '--cfg-path', '/tmp/tmpg777vjjc']
[2026-03-23T07:31:58.415+0000] {standard_task_runner.py:91} INFO - Job 30: Subtask location_batches.batch_000__locs_1_to_20
[2026-03-23T07:31:58.416+0000] {logging_mixin.py:188} WARNING - /home/airflow/.local/lib/python3.12/site-packages/airflow/task/task_runner/standard_task_runner.py:61 DeprecationWarning: This process (pid=17099) is multi-threaded, use of fork() may lead to deadlocks in the child.
[2026-03-23T07:31:58.418+0000] {standard_task_runner.py:63} INFO - Started process 17102 to run task
[2026-03-23T07:31:58.657+0000] {task_command.py:426} INFO - Running <TaskInstance: reporting_nightly_refresh.location_batches.batch_000__locs_1_to_20 manual__2026-03-23T07:26:28.848501+00:00 [running]> on host a693e61dd0e6
[2026-03-23T07:31:59.020+0000] {taskinstance.py:2644} INFO - Exporting env vars: AIRFLOW_CTX_DAG_OWNER='finance-ops' AIRFLOW_CTX_DAG_ID='reporting_nightly_refresh' AIRFLOW_CTX_TASK_ID='location_batches.batch_000__locs_1_to_20' AIRFLOW_CTX_EXECUTION_DATE='2026-03-23T07:26:28.848501+00:00' AIRFLOW_CTX_TRY_NUMBER='2' AIRFLOW_CTX_DAG_RUN_ID='manual__2026-03-23T07:26:28.848501+00:00'
[2026-03-23T07:31:59.022+0000] {taskinstance.py:430} INFO - ::endgroup::
[2026-03-23T07:31:59.150+0000] {refresh_runner.py:135} INFO - Run 20260323_073159 — 20 locations, concurrency=5
[2026-03-23T07:32:00.037+0000] {refresh_runner.py:76} INFO - Navigating to login: http://mock_portal:5001
[2026-03-23T07:32:00.833+0000] {refresh_runner.py:82} INFO - Authentication successful.
[2026-03-23T07:32:01.168+0000] {refresh_runner.py:76} INFO - Navigating to login: http://mock_portal:5001
[2026-03-23T07:32:01.942+0000] {refresh_runner.py:82} INFO - Authentication successful.
[2026-03-23T07:32:02.301+0000] {refresh_runner.py:76} INFO - Navigating to login: http://mock_portal:5001
[2026-03-23T07:32:03.076+0000] {refresh_runner.py:82} INFO - Authentication successful.
[2026-03-23T07:32:03.416+0000] {refresh_runner.py:76} INFO - Navigating to login: http://mock_portal:5001
[2026-03-23T07:32:04.511+0000] {refresh_runner.py:82} INFO - Authentication successful.
[2026-03-23T07:32:04.872+0000] {refresh_runner.py:76} INFO - Navigating to login: http://mock_portal:5001
[2026-03-23T07:32:05.644+0000] {refresh_runner.py:82} INFO - Authentication successful.
[2026-03-23T07:32:05.658+0000] {refresh_runner.py:90} INFO - Refreshing location 1 ...
[2026-03-23T07:32:05.674+0000] {refresh_runner.py:90} INFO - Refreshing location 2 ...
[2026-03-23T07:32:05.691+0000] {refresh_runner.py:90} INFO - Refreshing location 3 ...
[2026-03-23T07:32:05.713+0000] {refresh_runner.py:90} INFO - Refreshing location 4 ...
[2026-03-23T07:32:05.727+0000] {refresh_runner.py:90} INFO - Refreshing location 5 ...
[2026-03-23T07:32:06.071+0000] {refresh_runner.py:103} INFO - Location 1: COMPLETE
[2026-03-23T07:32:06.087+0000] {refresh_runner.py:103} INFO - Location 2: COMPLETE
[2026-03-23T07:32:06.088+0000] {refresh_runner.py:103} INFO - Location 3: COMPLETE
[2026-03-23T07:32:06.090+0000] {refresh_runner.py:103} INFO - Location 4: COMPLETE
[2026-03-23T07:32:06.093+0000] {refresh_runner.py:103} INFO - Location 5: COMPLETE
[2026-03-23T07:32:06.111+0000] {refresh_runner.py:90} INFO - Refreshing location 6 ...
[2026-03-23T07:32:06.127+0000] {refresh_runner.py:90} INFO - Refreshing location 7 ...
[2026-03-23T07:32:06.159+0000] {refresh_runner.py:90} INFO - Refreshing location 9 ...
[2026-03-23T07:32:06.173+0000] {refresh_runner.py:90} INFO - Refreshing location 8 ...
[2026-03-23T07:32:06.188+0000] {refresh_runner.py:90} INFO - Refreshing location 10 ...
[2026-03-23T07:32:06.396+0000] {refresh_runner.py:103} INFO - Location 6: COMPLETE
[2026-03-23T07:32:06.426+0000] {refresh_runner.py:103} INFO - Location 7: COMPLETE
[2026-03-23T07:32:06.440+0000] {refresh_runner.py:103} INFO - Location 9: COMPLETE
[2026-03-23T07:32:06.442+0000] {refresh_runner.py:103} INFO - Location 8: COMPLETE
[2026-03-23T07:32:06.444+0000] {refresh_runner.py:103} INFO - Location 10: COMPLETE
[2026-03-23T07:32:06.447+0000] {refresh_runner.py:90} INFO - Refreshing location 11 ...
[2026-03-23T07:32:06.461+0000] {refresh_runner.py:90} INFO - Refreshing location 12 ...
[2026-03-23T07:32:06.493+0000] {refresh_runner.py:90} INFO - Refreshing location 13 ...
[2026-03-23T07:32:06.507+0000] {refresh_runner.py:90} INFO - Refreshing location 14 ...
[2026-03-23T07:32:06.522+0000] {refresh_runner.py:90} INFO - Refreshing location 15 ...
[2026-03-23T07:32:06.711+0000] {refresh_runner.py:103} INFO - Location 11: COMPLETE
[2026-03-23T07:32:06.794+0000] {refresh_runner.py:103} INFO - Location 12: COMPLETE
[2026-03-23T07:32:06.796+0000] {refresh_runner.py:103} INFO - Location 13: COMPLETE
[2026-03-23T07:32:06.797+0000] {refresh_runner.py:90} INFO - Refreshing location 16 ...
[2026-03-23T07:32:06.811+0000] {refresh_runner.py:103} INFO - Location 14: COMPLETE
[2026-03-23T07:32:06.813+0000] {refresh_runner.py:103} INFO - Location 15: COMPLETE
[2026-03-23T07:32:06.836+0000] {refresh_runner.py:90} INFO - Refreshing location 17 ...
[2026-03-23T07:32:06.853+0000] {refresh_runner.py:90} INFO - Refreshing location 18 ...
[2026-03-23T07:32:06.872+0000] {refresh_runner.py:90} INFO - Refreshing location 19 ...
[2026-03-23T07:32:06.948+0000] {refresh_runner.py:90} INFO - Refreshing location 20 ...
[2026-03-23T07:32:07.065+0000] {refresh_runner.py:103} INFO - Location 16: COMPLETE
[2026-03-23T07:32:07.147+0000] {refresh_runner.py:103} INFO - Location 17: COMPLETE
[2026-03-23T07:32:07.165+0000] {refresh_runner.py:103} INFO - Location 18: COMPLETE
[2026-03-23T07:32:07.180+0000] {refresh_runner.py:103} INFO - Location 19: COMPLETE
[2026-03-23T07:32:07.185+0000] {refresh_runner.py:103} INFO - Location 20: COMPLETE
[2026-03-23T07:32:07.692+0000] {refresh_runner.py:168} INFO - Run 20260323_073159 complete — Success: 20, Failure: 0
[2026-03-23T07:32:07.695+0000] {reporting_refresh_dag.py:55} INFO - Batch 0: 20 locations
[2026-03-23T07:32:07.696+0000] {taskinstance.py:441} INFO - ::group::Post task execution logs
[2026-03-23T07:32:07.697+0000] {taskinstance.py:2890} ERROR - Task failed with exception
Traceback (most recent call last):
  File "/home/airflow/.local/lib/python3.12/site-packages/airflow/models/taskinstance.py", line 460, in _execute_task
    result = _execute_callable(context=context, **execute_callable_kwargs)
             ^^^^^^^^^^^^^^^^^^^^^^^^^^^^^^^^^^^^^^^^^^^^^^^^^^^^^^^^^^^^^
  File "/home/airflow/.local/lib/python3.12/site-packages/airflow/models/taskinstance.py", line 432, in _execute_callable
    return execute_callable(context=context, **execute_callable_kwargs)
           ^^^^^^^^^^^^^^^^^^^^^^^^^^^^^^^^^^^^^^^^^^^^^^^^^^^^^^^^^^^^
  File "/home/airflow/.local/lib/python3.12/site-packages/airflow/models/baseoperator.py", line 400, in wrapper
    return func(self, *args, **kwargs)
           ^^^^^^^^^^^^^^^^^^^^^^^^^^^
  File "/home/airflow/.local/lib/python3.12/site-packages/airflow/operators/python.py", line 235, in execute
    return_value = self.execute_callable()
                   ^^^^^^^^^^^^^^^^^^^^^^^
  File "/home/airflow/.local/lib/python3.12/site-packages/airflow/operators/python.py", line 252, in execute_callable
    return self.python_callable(*self.op_args, **self.op_kwargs)
           ^^^^^^^^^^^^^^^^^^^^^^^^^^^^^^^^^^^^^^^^^^^^^^^^^^^^^
  File "/opt/airflow/dags/reporting_refresh_dag.py", line 56, in run_location_batch
    result = subprocess.run(cmd, capture_output=True, text=True, timeout=3600)
             ^^^^^^^^^^
NameError: name 'subprocess' is not defined. Did you forget to import 'subprocess'
[2026-03-23T07:32:07.768+0000] {taskinstance.py:1205} INFO - Marking task as UP_FOR_RETRY. dag_id=reporting_nightly_refresh, task_id=location_batches.batch_000__locs_1_to_20, execution_date=20260323T072628, start_date=20260323T073158, end_date=20260323T073207
[2026-03-23T07:32:07.799+0000] {standard_task_runner.py:110} ERROR - Failed to execute job 30 for task location_batches.batch_000__locs_1_to_20 (name 'subprocess' is not defined; 17102)
[2026-03-23T07:32:07.877+0000] {local_task_job_runner.py:240} INFO - Task exited with return code 1
[2026-03-23T07:32:07.956+0000] {taskinstance.py:3482} INFO - 0 downstream tasks scheduled from follow-on schedule check
[2026-03-23T07:32:07.960+0000] {local_task_job_runner.py:222} INFO - ::endgroup::
