[2026-03-23T07:40:11.934+0000] {local_task_job_runner.py:120} INFO - ::group::Pre task execution logs
[2026-03-23T07:40:12.059+0000] {taskinstance.py:2073} INFO - Dependencies all met for dep_context=non-requeueable deps ti=<TaskInstance: reporting_nightly_refresh.location_batches.batch_000__locs_1_to_20 manual__2026-03-23T07:26:28.848501+00:00 [queued]>
[2026-03-23T07:40:12.076+0000] {taskinstance.py:2073} INFO - Dependencies all met for dep_context=requeueable deps ti=<TaskInstance: reporting_nightly_refresh.location_batches.batch_000__locs_1_to_20 manual__2026-03-23T07:26:28.848501+00:00 [queued]>
[2026-03-23T07:40:12.078+0000] {taskinstance.py:2303} INFO - Starting attempt 4 of 7
[2026-03-23T07:40:12.113+0000] {taskinstance.py:2327} INFO - Executing <Task(PythonOperator): location_batches.batch_000__locs_1_to_20> on 2026-03-23 07:26:28.848501+00:00
[2026-03-23T07:40:12.132+0000] {standard_task_runner.py:90} INFO - Running: ['airflow', 'tasks', 'run', 'reporting_nightly_refresh', 'location_batches.batch_000__locs_1_to_20', 'manual__2026-03-23T07:26:28.848501+00:00', '--job-id', '32', '--raw', '--subdir', 'DAGS_FOLDER/reporting_refresh_dag.py', '--cfg-path', '/tmp/tmpszurwl74']
[2026-03-23T07:40:12.137+0000] {standard_task_runner.py:91} INFO - Job 32: Subtask location_batches.batch_000__locs_1_to_20
[2026-03-23T07:40:12.138+0000] {logging_mixin.py:188} WARNING - /home/airflow/.local/lib/python3.12/site-packages/airflow/task/task_runner/standard_task_runner.py:61 DeprecationWarning: This process (pid=17861) is multi-threaded, use of fork() may lead to deadlocks in the child.
[2026-03-23T07:40:12.140+0000] {standard_task_runner.py:63} INFO - Started process 17862 to run task
[2026-03-23T07:40:12.380+0000] {task_command.py:426} INFO - Running <TaskInstance: reporting_nightly_refresh.location_batches.batch_000__locs_1_to_20 manual__2026-03-23T07:26:28.848501+00:00 [running]> on host a693e61dd0e6
[2026-03-23T07:40:12.705+0000] {taskinstance.py:2644} INFO - Exporting env vars: AIRFLOW_CTX_DAG_OWNER='finance-ops' AIRFLOW_CTX_DAG_ID='reporting_nightly_refresh' AIRFLOW_CTX_TASK_ID='location_batches.batch_000__locs_1_to_20' AIRFLOW_CTX_EXECUTION_DATE='2026-03-23T07:26:28.848501+00:00' AIRFLOW_CTX_TRY_NUMBER='4' AIRFLOW_CTX_DAG_RUN_ID='manual__2026-03-23T07:26:28.848501+00:00'
[2026-03-23T07:40:12.708+0000] {taskinstance.py:430} INFO - ::endgroup::
[2026-03-23T07:40:12.730+0000] {reporting_refresh_dag.py:50} INFO - Batch 0: 20 locations
[2026-03-23T07:40:12.840+0000] {refresh_runner.py:135} INFO - Run 20260323_074012 — 20 locations, concurrency=5
[2026-03-23T07:40:13.736+0000] {refresh_runner.py:76} INFO - Navigating to login: http://mock_portal:5001
[2026-03-23T07:40:14.604+0000] {refresh_runner.py:82} INFO - Authentication successful.
[2026-03-23T07:40:14.934+0000] {refresh_runner.py:76} INFO - Navigating to login: http://mock_portal:5001
[2026-03-23T07:40:15.709+0000] {refresh_runner.py:82} INFO - Authentication successful.
[2026-03-23T07:40:16.048+0000] {refresh_runner.py:76} INFO - Navigating to login: http://mock_portal:5001
[2026-03-23T07:40:16.854+0000] {refresh_runner.py:82} INFO - Authentication successful.
[2026-03-23T07:40:17.319+0000] {refresh_runner.py:76} INFO - Navigating to login: http://mock_portal:5001
[2026-03-23T07:40:18.445+0000] {refresh_runner.py:82} INFO - Authentication successful.
[2026-03-23T07:40:18.790+0000] {refresh_runner.py:76} INFO - Navigating to login: http://mock_portal:5001
[2026-03-23T07:40:19.580+0000] {refresh_runner.py:82} INFO - Authentication successful.
[2026-03-23T07:40:19.594+0000] {refresh_runner.py:90} INFO - Refreshing location 1 ...
[2026-03-23T07:40:19.610+0000] {refresh_runner.py:90} INFO - Refreshing location 2 ...
[2026-03-23T07:40:19.625+0000] {refresh_runner.py:90} INFO - Refreshing location 3 ...
[2026-03-23T07:40:19.645+0000] {refresh_runner.py:90} INFO - Refreshing location 4 ...
[2026-03-23T07:40:19.662+0000] {refresh_runner.py:90} INFO - Refreshing location 5 ...
[2026-03-23T07:40:19.949+0000] {refresh_runner.py:103} INFO - Location 1: COMPLETE
[2026-03-23T07:40:19.967+0000] {refresh_runner.py:103} INFO - Location 2: COMPLETE
[2026-03-23T07:40:19.969+0000] {refresh_runner.py:103} INFO - Location 3: COMPLETE
[2026-03-23T07:40:19.971+0000] {refresh_runner.py:103} INFO - Location 4: COMPLETE
[2026-03-23T07:40:19.974+0000] {refresh_runner.py:103} INFO - Location 5: COMPLETE
[2026-03-23T07:40:19.982+0000] {refresh_runner.py:90} INFO - Refreshing location 6 ...
[2026-03-23T07:40:19.997+0000] {refresh_runner.py:90} INFO - Refreshing location 7 ...
[2026-03-23T07:40:20.015+0000] {refresh_runner.py:90} INFO - Refreshing location 8 ...
[2026-03-23T07:40:20.039+0000] {refresh_runner.py:90} INFO - Refreshing location 9 ...
[2026-03-23T07:40:20.076+0000] {refresh_runner.py:90} INFO - Refreshing location 10 ...
[2026-03-23T07:40:20.346+0000] {refresh_runner.py:103} INFO - Location 6: COMPLETE
[2026-03-23T07:40:20.361+0000] {refresh_runner.py:103} INFO - Location 7: COMPLETE
[2026-03-23T07:40:20.363+0000] {refresh_runner.py:103} INFO - Location 8: COMPLETE
[2026-03-23T07:40:20.364+0000] {refresh_runner.py:103} INFO - Location 9: COMPLETE
[2026-03-23T07:40:20.365+0000] {refresh_runner.py:103} INFO - Location 10: COMPLETE
[2026-03-23T07:40:20.372+0000] {refresh_runner.py:90} INFO - Refreshing location 11 ...
[2026-03-23T07:40:20.387+0000] {refresh_runner.py:90} INFO - Refreshing location 12 ...
[2026-03-23T07:40:20.403+0000] {refresh_runner.py:90} INFO - Refreshing location 13 ...
[2026-03-23T07:40:20.421+0000] {refresh_runner.py:90} INFO - Refreshing location 14 ...
[2026-03-23T07:40:20.450+0000] {refresh_runner.py:90} INFO - Refreshing location 15 ...
[2026-03-23T07:40:20.704+0000] {refresh_runner.py:103} INFO - Location 11: COMPLETE
[2026-03-23T07:40:20.721+0000] {refresh_runner.py:103} INFO - Location 12: COMPLETE
[2026-03-23T07:40:20.737+0000] {refresh_runner.py:103} INFO - Location 13: COMPLETE
[2026-03-23T07:40:20.738+0000] {refresh_runner.py:103} INFO - Location 14: COMPLETE
[2026-03-23T07:40:20.741+0000] {refresh_runner.py:103} INFO - Location 15: COMPLETE
[2026-03-23T07:40:20.745+0000] {refresh_runner.py:90} INFO - Refreshing location 16 ...
[2026-03-23T07:40:20.759+0000] {refresh_runner.py:90} INFO - Refreshing location 17 ...
[2026-03-23T07:40:20.796+0000] {refresh_runner.py:90} INFO - Refreshing location 18 ...
[2026-03-23T07:40:20.812+0000] {refresh_runner.py:90} INFO - Refreshing location 19 ...
[2026-03-23T07:40:20.831+0000] {refresh_runner.py:90} INFO - Refreshing location 20 ...
[2026-03-23T07:40:21.056+0000] {refresh_runner.py:103} INFO - Location 16: COMPLETE
[2026-03-23T07:40:21.085+0000] {refresh_runner.py:103} INFO - Location 17: COMPLETE
[2026-03-23T07:40:21.100+0000] {refresh_runner.py:103} INFO - Location 18: COMPLETE
[2026-03-23T07:40:21.102+0000] {refresh_runner.py:103} INFO - Location 19: COMPLETE
[2026-03-23T07:40:21.104+0000] {refresh_runner.py:103} INFO - Location 20: COMPLETE
[2026-03-23T07:40:21.608+0000] {refresh_runner.py:168} INFO - Run 20260323_074012 complete — Success: 20, Failure: 0
[2026-03-23T07:40:21.611+0000] {reporting_refresh_dag.py:54} INFO - Batch 0: 20 locations
[2026-03-23T07:40:21.612+0000] {taskinstance.py:441} INFO - ::group::Post task execution logs
[2026-03-23T07:40:21.613+0000] {taskinstance.py:2890} ERROR - Task failed with exception
Traceback (most recent call last):
  File "/home/airflow/.local/lib/python3.12/site-packages/airflow/models/taskinstance.py", line 460, in _execute_task
    result = _execute_callable(context=context, **execute_callable_kwargs)
             ^^^^^^^^^^^^^^^^^^^^^^^^^^^^^^^^^^^^^^^^^^^^^^^^^^^^^^^^^^^^^
  File "/home/airflow/.local/lib/python3.12/site-packages/airflow/models/taskinstance.py", line 432, in _execute_callable
    return execute_callable(context=context, **execute_callable_kwargs)
           ^^^^^^^^^^^^^^^^^^^^^^^^^^^^^^^^^^^^^^^^^^^^^^^^^^^^^^^^^^^^
  File "/home/airflow/.local/lib/python3.12/site-packages/airflow/models/baseoperator.py", line 400, in wrapper
    return func(self, *args, **kwargs)
           ^^^^^^^^^^^^^^^^^^^^^^^^^^^
  File "/home/airflow/.local/lib/python3.12/site-packages/airflow/operators/python.py", line 235, in execute
    return_value = self.execute_callable()
                   ^^^^^^^^^^^^^^^^^^^^^^^
  File "/home/airflow/.local/lib/python3.12/site-packages/airflow/operators/python.py", line 252, in execute_callable
    return self.python_callable(*self.op_args, **self.op_kwargs)
           ^^^^^^^^^^^^^^^^^^^^^^^^^^^^^^^^^^^^^^^^^^^^^^^^^^^^^
  File "/opt/airflow/dags/reporting_refresh_dag.py", line 55, in run_location_batch
    result = subprocess.run(cmd, capture_output=True, text=True, timeout=3600)
             ^^^^^^^^^^
NameError: name 'subprocess' is not defined. Did you forget to import 'subprocess'
[2026-03-23T07:40:21.676+0000] {taskinstance.py:1205} INFO - Marking task as UP_FOR_RETRY. dag_id=reporting_nightly_refresh, task_id=location_batches.batch_000__locs_1_to_20, execution_date=20260323T072628, start_date=20260323T074012, end_date=20260323T074021
[2026-03-23T07:40:21.704+0000] {standard_task_runner.py:110} ERROR - Failed to execute job 32 for task location_batches.batch_000__locs_1_to_20 (name 'subprocess' is not defined; 17862)
[2026-03-23T07:40:21.786+0000] {local_task_job_runner.py:240} INFO - Task exited with return code 1
[2026-03-23T07:40:21.862+0000] {taskinstance.py:3482} INFO - 0 downstream tasks scheduled from follow-on schedule check
[2026-03-23T07:40:21.865+0000] {local_task_job_runner.py:222} INFO - ::endgroup::
