[2026-03-23T07:31:18.193+0000] {local_task_job_runner.py:120} INFO - ::group::Pre task execution logs
[2026-03-23T07:31:18.413+0000] {taskinstance.py:2073} INFO - Dependencies all met for dep_context=non-requeueable deps ti=<TaskInstance: reporting_nightly_refresh.location_batches.batch_000__locs_1_to_20 manual__2026-03-23T07:26:28.848501+00:00 [queued]>
[2026-03-23T07:31:18.434+0000] {taskinstance.py:2073} INFO - Dependencies all met for dep_context=requeueable deps ti=<TaskInstance: reporting_nightly_refresh.location_batches.batch_000__locs_1_to_20 manual__2026-03-23T07:26:28.848501+00:00 [queued]>
[2026-03-23T07:31:18.435+0000] {taskinstance.py:2303} INFO - Starting attempt 1 of 4
[2026-03-23T07:31:18.469+0000] {taskinstance.py:2327} INFO - Executing <Task(PythonOperator): location_batches.batch_000__locs_1_to_20> on 2026-03-23 07:26:28.848501+00:00
[2026-03-23T07:31:18.487+0000] {standard_task_runner.py:90} INFO - Running: ['airflow', 'tasks', 'run', 'reporting_nightly_refresh', 'location_batches.batch_000__locs_1_to_20', 'manual__2026-03-23T07:26:28.848501+00:00', '--job-id', '29', '--raw', '--subdir', 'DAGS_FOLDER/reporting_refresh_dag.py', '--cfg-path', '/tmp/tmpo_uc3kyg']
[2026-03-23T07:31:18.491+0000] {standard_task_runner.py:91} INFO - Job 29: Subtask location_batches.batch_000__locs_1_to_20
[2026-03-23T07:31:18.493+0000] {logging_mixin.py:188} WARNING - /home/airflow/.local/lib/python3.12/site-packages/airflow/task/task_runner/standard_task_runner.py:61 DeprecationWarning: This process (pid=16749) is multi-threaded, use of fork() may lead to deadlocks in the child.
[2026-03-23T07:31:18.494+0000] {standard_task_runner.py:63} INFO - Started process 16750 to run task
[2026-03-23T07:31:18.745+0000] {task_command.py:426} INFO - Running <TaskInstance: reporting_nightly_refresh.location_batches.batch_000__locs_1_to_20 manual__2026-03-23T07:26:28.848501+00:00 [running]> on host a693e61dd0e6
[2026-03-23T07:31:19.093+0000] {taskinstance.py:2644} INFO - Exporting env vars: AIRFLOW_CTX_DAG_OWNER='finance-ops' AIRFLOW_CTX_DAG_ID='reporting_nightly_refresh' AIRFLOW_CTX_TASK_ID='location_batches.batch_000__locs_1_to_20' AIRFLOW_CTX_EXECUTION_DATE='2026-03-23T07:26:28.848501+00:00' AIRFLOW_CTX_TRY_NUMBER='1' AIRFLOW_CTX_DAG_RUN_ID='manual__2026-03-23T07:26:28.848501+00:00'
[2026-03-23T07:31:19.095+0000] {taskinstance.py:430} INFO - ::endgroup::
[2026-03-23T07:31:19.335+0000] {refresh_runner.py:135} INFO - Run 20260323_073119 — 20 locations, concurrency=5
[2026-03-23T07:31:20.665+0000] {refresh_runner.py:76} INFO - Navigating to login: http://mock_portal:5001
[2026-03-23T07:31:21.500+0000] {refresh_runner.py:82} INFO - Authentication successful.
[2026-03-23T07:31:21.834+0000] {refresh_runner.py:76} INFO - Navigating to login: http://mock_portal:5001
[2026-03-23T07:31:22.621+0000] {refresh_runner.py:82} INFO - Authentication successful.
[2026-03-23T07:31:22.987+0000] {refresh_runner.py:76} INFO - Navigating to login: http://mock_portal:5001
[2026-03-23T07:31:24.080+0000] {refresh_runner.py:82} INFO - Authentication successful.
[2026-03-23T07:31:24.467+0000] {refresh_runner.py:76} INFO - Navigating to login: http://mock_portal:5001
[2026-03-23T07:31:25.526+0000] {refresh_runner.py:82} INFO - Authentication successful.
[2026-03-23T07:31:25.868+0000] {refresh_runner.py:76} INFO - Navigating to login: http://mock_portal:5001
[2026-03-23T07:31:26.680+0000] {refresh_runner.py:82} INFO - Authentication successful.
[2026-03-23T07:31:26.699+0000] {refresh_runner.py:90} INFO - Refreshing location 1 ...
[2026-03-23T07:31:26.722+0000] {refresh_runner.py:90} INFO - Refreshing location 2 ...
[2026-03-23T07:31:26.743+0000] {refresh_runner.py:90} INFO - Refreshing location 3 ...
[2026-03-23T07:31:26.761+0000] {refresh_runner.py:90} INFO - Refreshing location 4 ...
[2026-03-23T07:31:26.781+0000] {refresh_runner.py:90} INFO - Refreshing location 5 ...
[2026-03-23T07:31:27.090+0000] {refresh_runner.py:103} INFO - Location 1: COMPLETE
[2026-03-23T07:31:27.108+0000] {refresh_runner.py:103} INFO - Location 2: COMPLETE
[2026-03-23T07:31:27.109+0000] {refresh_runner.py:103} INFO - Location 3: COMPLETE
[2026-03-23T07:31:27.111+0000] {refresh_runner.py:103} INFO - Location 4: COMPLETE
[2026-03-23T07:31:27.114+0000] {refresh_runner.py:103} INFO - Location 5: COMPLETE
[2026-03-23T07:31:27.125+0000] {refresh_runner.py:90} INFO - Refreshing location 7 ...
[2026-03-23T07:31:27.142+0000] {refresh_runner.py:90} INFO - Refreshing location 6 ...
[2026-03-23T07:31:27.162+0000] {refresh_runner.py:90} INFO - Refreshing location 8 ...
[2026-03-23T07:31:27.203+0000] {refresh_runner.py:90} INFO - Refreshing location 10 ...
[2026-03-23T07:31:27.222+0000] {refresh_runner.py:90} INFO - Refreshing location 9 ...
[2026-03-23T07:31:27.493+0000] {refresh_runner.py:103} INFO - Location 7: COMPLETE
[2026-03-23T07:31:27.512+0000] {refresh_runner.py:103} INFO - Location 6: COMPLETE
[2026-03-23T07:31:27.529+0000] {refresh_runner.py:103} INFO - Location 8: COMPLETE
[2026-03-23T07:31:27.531+0000] {refresh_runner.py:103} INFO - Location 10: COMPLETE
[2026-03-23T07:31:27.533+0000] {refresh_runner.py:103} INFO - Location 9: COMPLETE
[2026-03-23T07:31:27.537+0000] {refresh_runner.py:90} INFO - Refreshing location 11 ...
[2026-03-23T07:31:27.552+0000] {refresh_runner.py:90} INFO - Refreshing location 12 ...
[2026-03-23T07:31:27.588+0000] {refresh_runner.py:90} INFO - Refreshing location 13 ...
[2026-03-23T07:31:27.605+0000] {refresh_runner.py:90} INFO - Refreshing location 14 ...
[2026-03-23T07:31:27.626+0000] {refresh_runner.py:90} INFO - Refreshing location 15 ...
[2026-03-23T07:31:27.850+0000] {refresh_runner.py:103} INFO - Location 11: COMPLETE
[2026-03-23T07:31:27.899+0000] {refresh_runner.py:103} INFO - Location 12: COMPLETE
[2026-03-23T07:31:27.918+0000] {refresh_runner.py:103} INFO - Location 13: COMPLETE
[2026-03-23T07:31:27.920+0000] {refresh_runner.py:90} INFO - Refreshing location 16 ...
[2026-03-23T07:31:27.938+0000] {refresh_runner.py:103} INFO - Location 14: COMPLETE
[2026-03-23T07:31:27.940+0000] {refresh_runner.py:103} INFO - Location 15: COMPLETE
[2026-03-23T07:31:27.946+0000] {refresh_runner.py:90} INFO - Refreshing location 17 ...
[2026-03-23T07:31:27.967+0000] {refresh_runner.py:90} INFO - Refreshing location 18 ...
[2026-03-23T07:31:28.022+0000] {refresh_runner.py:90} INFO - Refreshing location 19 ...
[2026-03-23T07:31:28.045+0000] {refresh_runner.py:90} INFO - Refreshing location 20 ...
[2026-03-23T07:31:28.265+0000] {refresh_runner.py:103} INFO - Location 16: COMPLETE
[2026-03-23T07:31:28.294+0000] {refresh_runner.py:103} INFO - Location 17: COMPLETE
[2026-03-23T07:31:28.322+0000] {refresh_runner.py:103} INFO - Location 18: COMPLETE
[2026-03-23T07:31:28.323+0000] {refresh_runner.py:103} INFO - Location 19: COMPLETE
[2026-03-23T07:31:28.326+0000] {refresh_runner.py:103} INFO - Location 20: COMPLETE
[2026-03-23T07:31:28.890+0000] {refresh_runner.py:168} INFO - Run 20260323_073119 complete — Success: 20, Failure: 0
[2026-03-23T07:31:28.893+0000] {reporting_refresh_dag.py:55} INFO - Batch 0: 20 locations
[2026-03-23T07:31:28.894+0000] {taskinstance.py:441} INFO - ::group::Post task execution logs
[2026-03-23T07:31:28.895+0000] {taskinstance.py:2890} ERROR - Task failed with exception
Traceback (most recent call last):
  File "/home/airflow/.local/lib/python3.12/site-packages/airflow/models/taskinstance.py", line 460, in _execute_task
    result = _execute_callable(context=context, **execute_callable_kwargs)
             ^^^^^^^^^^^^^^^^^^^^^^^^^^^^^^^^^^^^^^^^^^^^^^^^^^^^^^^^^^^^^
  File "/home/airflow/.local/lib/python3.12/site-packages/airflow/models/taskinstance.py", line 432, in _execute_callable
    return execute_callable(context=context, **execute_callable_kwargs)
           ^^^^^^^^^^^^^^^^^^^^^^^^^^^^^^^^^^^^^^^^^^^^^^^^^^^^^^^^^^^^
  File "/home/airflow/.local/lib/python3.12/site-packages/airflow/models/baseoperator.py", line 400, in wrapper
    return func(self, *args, **kwargs)
           ^^^^^^^^^^^^^^^^^^^^^^^^^^^
  File "/home/airflow/.local/lib/python3.12/site-packages/airflow/operators/python.py", line 235, in execute
    return_value = self.execute_callable()
                   ^^^^^^^^^^^^^^^^^^^^^^^
  File "/home/airflow/.local/lib/python3.12/site-packages/airflow/operators/python.py", line 252, in execute_callable
    return self.python_callable(*self.op_args, **self.op_kwargs)
           ^^^^^^^^^^^^^^^^^^^^^^^^^^^^^^^^^^^^^^^^^^^^^^^^^^^^^
  File "/opt/airflow/dags/reporting_refresh_dag.py", line 56, in run_location_batch
    result = subprocess.run(cmd, capture_output=True, text=True, timeout=3600)
             ^^^^^^^^^^
NameError: name 'subprocess' is not defined. Did you forget to import 'subprocess'
[2026-03-23T07:31:28.964+0000] {taskinstance.py:1205} INFO - Marking task as UP_FOR_RETRY. dag_id=reporting_nightly_refresh, task_id=location_batches.batch_000__locs_1_to_20, execution_date=20260323T072628, start_date=20260323T073118, end_date=20260323T073128
[2026-03-23T07:31:28.988+0000] {standard_task_runner.py:110} ERROR - Failed to execute job 29 for task location_batches.batch_000__locs_1_to_20 (name 'subprocess' is not defined; 16750)
[2026-03-23T07:31:29.043+0000] {local_task_job_runner.py:240} INFO - Task exited with return code 1
[2026-03-23T07:31:29.121+0000] {taskinstance.py:3482} INFO - 0 downstream tasks scheduled from follow-on schedule check
[2026-03-23T07:31:29.124+0000] {local_task_job_runner.py:222} INFO - ::endgroup::
