[2026-03-23T05:40:20.665+0000] {local_task_job_runner.py:120} INFO - ::group::Pre task execution logs
[2026-03-23T05:40:20.952+0000] {taskinstance.py:2073} INFO - Dependencies all met for dep_context=non-requeueable deps ti=<TaskInstance: reporting_nightly_refresh.location_batches.batch_005__locs_1001_to_1200 scheduled__2026-03-22T02:00:00+00:00 [queued]>
[2026-03-23T05:40:20.994+0000] {taskinstance.py:2073} INFO - Dependencies all met for dep_context=requeueable deps ti=<TaskInstance: reporting_nightly_refresh.location_batches.batch_005__locs_1001_to_1200 scheduled__2026-03-22T02:00:00+00:00 [queued]>
[2026-03-23T05:40:20.996+0000] {taskinstance.py:2303} INFO - Starting attempt 1 of 4
[2026-03-23T05:40:21.324+0000] {taskinstance.py:2327} INFO - Executing <Task(PythonOperator): location_batches.batch_005__locs_1001_to_1200> on 2026-03-22 02:00:00+00:00
[2026-03-23T05:40:21.436+0000] {standard_task_runner.py:90} INFO - Running: ['airflow', 'tasks', 'run', 'reporting_nightly_refresh', 'location_batches.batch_005__locs_1001_to_1200', 'scheduled__2026-03-22T02:00:00+00:00', '--job-id', '8', '--raw', '--subdir', 'DAGS_FOLDER/lra_refresh_dag.py', '--cfg-path', '/tmp/tmpf2o5wy6j']
[2026-03-23T05:40:21.508+0000] {standard_task_runner.py:91} INFO - Job 8: Subtask location_batches.batch_005__locs_1001_to_1200
[2026-03-23T05:40:21.545+0000] {logging_mixin.py:188} WARNING - /home/airflow/.local/lib/python3.12/site-packages/airflow/task/task_runner/standard_task_runner.py:61 DeprecationWarning: This process (pid=177) is multi-threaded, use of fork() may lead to deadlocks in the child.
[2026-03-23T05:40:21.548+0000] {standard_task_runner.py:63} INFO - Started process 188 to run task
[2026-03-23T05:40:22.690+0000] {task_command.py:426} INFO - Running <TaskInstance: reporting_nightly_refresh.location_batches.batch_005__locs_1001_to_1200 scheduled__2026-03-22T02:00:00+00:00 [running]> on host 7849ea7120c5
[2026-03-23T05:40:23.904+0000] {taskinstance.py:2644} INFO - Exporting env vars: AIRFLOW_CTX_DAG_OWNER='finance-ops' AIRFLOW_CTX_DAG_ID='reporting_nightly_refresh' AIRFLOW_CTX_TASK_ID='location_batches.batch_005__locs_1001_to_1200' AIRFLOW_CTX_EXECUTION_DATE='2026-03-22T02:00:00+00:00' AIRFLOW_CTX_TRY_NUMBER='1' AIRFLOW_CTX_DAG_RUN_ID='scheduled__2026-03-22T02:00:00+00:00'
[2026-03-23T05:40:23.921+0000] {taskinstance.py:430} INFO - ::endgroup::
[2026-03-23T05:40:23.982+0000] {lra_refresh_dag.py:51} INFO - Batch 5: 200 locations
[2026-03-23T05:40:25.469+0000] {lra_refresh_dag.py:54} WARNING - STDERR:
Traceback (most recent call last):
  File "/opt/automation/refresh_runner.py", line 25, in <module>
    import aiomysql
ModuleNotFoundError: No module named 'aiomysql'

[2026-03-23T05:40:25.471+0000] {taskinstance.py:441} INFO - ::group::Post task execution logs
[2026-03-23T05:40:25.473+0000] {taskinstance.py:2890} ERROR - Task failed with exception
Traceback (most recent call last):
  File "/home/airflow/.local/lib/python3.12/site-packages/airflow/models/taskinstance.py", line 460, in _execute_task
    result = _execute_callable(context=context, **execute_callable_kwargs)
             ^^^^^^^^^^^^^^^^^^^^^^^^^^^^^^^^^^^^^^^^^^^^^^^^^^^^^^^^^^^^^
  File "/home/airflow/.local/lib/python3.12/site-packages/airflow/models/taskinstance.py", line 432, in _execute_callable
    return execute_callable(context=context, **execute_callable_kwargs)
           ^^^^^^^^^^^^^^^^^^^^^^^^^^^^^^^^^^^^^^^^^^^^^^^^^^^^^^^^^^^^
  File "/home/airflow/.local/lib/python3.12/site-packages/airflow/models/baseoperator.py", line 400, in wrapper
    return func(self, *args, **kwargs)
           ^^^^^^^^^^^^^^^^^^^^^^^^^^^
  File "/home/airflow/.local/lib/python3.12/site-packages/airflow/operators/python.py", line 235, in execute
    return_value = self.execute_callable()
                   ^^^^^^^^^^^^^^^^^^^^^^^
  File "/home/airflow/.local/lib/python3.12/site-packages/airflow/operators/python.py", line 252, in execute_callable
    return self.python_callable(*self.op_args, **self.op_kwargs)
           ^^^^^^^^^^^^^^^^^^^^^^^^^^^^^^^^^^^^^^^^^^^^^^^^^^^^^
  File "/opt/airflow/dags/lra_refresh_dag.py", line 56, in run_location_batch
    raise RuntimeError(f"Batch {batch_index} failed (exit {result.returncode})")
RuntimeError: Batch 5 failed (exit 1)
[2026-03-23T05:40:25.608+0000] {taskinstance.py:1205} INFO - Marking task as UP_FOR_RETRY. dag_id=reporting_nightly_refresh, task_id=location_batches.batch_005__locs_1001_to_1200, execution_date=20260322T020000, start_date=20260323T054020, end_date=20260323T054025
[2026-03-23T05:40:25.645+0000] {standard_task_runner.py:110} ERROR - Failed to execute job 8 for task location_batches.batch_005__locs_1001_to_1200 (Batch 5 failed (exit 1); 188)
[2026-03-23T05:40:25.704+0000] {local_task_job_runner.py:240} INFO - Task exited with return code 1
[2026-03-23T05:40:26.058+0000] {taskinstance.py:3482} INFO - 0 downstream tasks scheduled from follow-on schedule check
[2026-03-23T05:40:26.063+0000] {local_task_job_runner.py:222} INFO - ::endgroup::
[2026-03-23T06:11:47.105+0000] {local_task_job_runner.py:120} INFO - ::group::Pre task execution logs
[2026-03-23T06:11:47.295+0000] {taskinstance.py:2073} INFO - Dependencies all met for dep_context=non-requeueable deps ti=<TaskInstance: reporting_nightly_refresh.location_batches.batch_005__locs_1001_to_1200 scheduled__2026-03-22T02:00:00+00:00 [queued]>
[2026-03-23T06:11:47.328+0000] {taskinstance.py:2073} INFO - Dependencies all met for dep_context=requeueable deps ti=<TaskInstance: reporting_nightly_refresh.location_batches.batch_005__locs_1001_to_1200 scheduled__2026-03-22T02:00:00+00:00 [queued]>
[2026-03-23T06:11:47.333+0000] {taskinstance.py:2303} INFO - Starting attempt 1 of 4
[2026-03-23T06:11:47.412+0000] {taskinstance.py:2327} INFO - Executing <Task(PythonOperator): location_batches.batch_005__locs_1001_to_1200> on 2026-03-22 02:00:00+00:00
[2026-03-23T06:11:47.442+0000] {standard_task_runner.py:90} INFO - Running: ['airflow', 'tasks', 'run', 'reporting_nightly_refresh', 'location_batches.batch_005__locs_1001_to_1200', 'scheduled__2026-03-22T02:00:00+00:00', '--job-id', '5', '--raw', '--subdir', 'DAGS_FOLDER/lra_refresh_dag.py', '--cfg-path', '/tmp/tmp1yaoawk2']
[2026-03-23T06:11:47.458+0000] {standard_task_runner.py:91} INFO - Job 5: Subtask location_batches.batch_005__locs_1001_to_1200
[2026-03-23T06:11:47.461+0000] {logging_mixin.py:188} WARNING - /home/airflow/.local/lib/python3.12/site-packages/airflow/task/task_runner/standard_task_runner.py:61 DeprecationWarning: This process (pid=175) is multi-threaded, use of fork() may lead to deadlocks in the child.
[2026-03-23T06:11:47.464+0000] {standard_task_runner.py:63} INFO - Started process 184 to run task
[2026-03-23T06:11:48.097+0000] {task_command.py:426} INFO - Running <TaskInstance: reporting_nightly_refresh.location_batches.batch_005__locs_1001_to_1200 scheduled__2026-03-22T02:00:00+00:00 [running]> on host acc78bbd7e9f
[2026-03-23T06:11:49.296+0000] {taskinstance.py:2644} INFO - Exporting env vars: AIRFLOW_CTX_DAG_OWNER='finance-ops' AIRFLOW_CTX_DAG_ID='reporting_nightly_refresh' AIRFLOW_CTX_TASK_ID='location_batches.batch_005__locs_1001_to_1200' AIRFLOW_CTX_EXECUTION_DATE='2026-03-22T02:00:00+00:00' AIRFLOW_CTX_TRY_NUMBER='1' AIRFLOW_CTX_DAG_RUN_ID='scheduled__2026-03-22T02:00:00+00:00'
[2026-03-23T06:11:49.300+0000] {taskinstance.py:430} INFO - ::endgroup::
[2026-03-23T06:11:49.353+0000] {lra_refresh_dag.py:51} INFO - Batch 5: 200 locations
[2026-03-23T06:11:51.241+0000] {lra_refresh_dag.py:54} WARNING - STDERR:
Traceback (most recent call last):
  File "/opt/automation/refresh_runner.py", line 25, in <module>
    import aiomysql
ModuleNotFoundError: No module named 'aiomysql'

[2026-03-23T06:11:51.242+0000] {taskinstance.py:441} INFO - ::group::Post task execution logs
[2026-03-23T06:11:51.245+0000] {taskinstance.py:2890} ERROR - Task failed with exception
Traceback (most recent call last):
  File "/home/airflow/.local/lib/python3.12/site-packages/airflow/models/taskinstance.py", line 460, in _execute_task
    result = _execute_callable(context=context, **execute_callable_kwargs)
             ^^^^^^^^^^^^^^^^^^^^^^^^^^^^^^^^^^^^^^^^^^^^^^^^^^^^^^^^^^^^^
  File "/home/airflow/.local/lib/python3.12/site-packages/airflow/models/taskinstance.py", line 432, in _execute_callable
    return execute_callable(context=context, **execute_callable_kwargs)
           ^^^^^^^^^^^^^^^^^^^^^^^^^^^^^^^^^^^^^^^^^^^^^^^^^^^^^^^^^^^^
  File "/home/airflow/.local/lib/python3.12/site-packages/airflow/models/baseoperator.py", line 400, in wrapper
    return func(self, *args, **kwargs)
           ^^^^^^^^^^^^^^^^^^^^^^^^^^^
  File "/home/airflow/.local/lib/python3.12/site-packages/airflow/operators/python.py", line 235, in execute
    return_value = self.execute_callable()
                   ^^^^^^^^^^^^^^^^^^^^^^^
  File "/home/airflow/.local/lib/python3.12/site-packages/airflow/operators/python.py", line 252, in execute_callable
    return self.python_callable(*self.op_args, **self.op_kwargs)
           ^^^^^^^^^^^^^^^^^^^^^^^^^^^^^^^^^^^^^^^^^^^^^^^^^^^^^
  File "/opt/airflow/dags/lra_refresh_dag.py", line 56, in run_location_batch
    raise RuntimeError(f"Batch {batch_index} failed (exit {result.returncode})")
RuntimeError: Batch 5 failed (exit 1)
[2026-03-23T06:11:51.429+0000] {taskinstance.py:1205} INFO - Marking task as UP_FOR_RETRY. dag_id=reporting_nightly_refresh, task_id=location_batches.batch_005__locs_1001_to_1200, execution_date=20260322T020000, start_date=20260323T061147, end_date=20260323T061151
[2026-03-23T06:11:51.496+0000] {standard_task_runner.py:110} ERROR - Failed to execute job 5 for task location_batches.batch_005__locs_1001_to_1200 (Batch 5 failed (exit 1); 184)
[2026-03-23T06:11:51.579+0000] {local_task_job_runner.py:240} INFO - Task exited with return code 1
[2026-03-23T06:11:51.920+0000] {taskinstance.py:3482} INFO - 0 downstream tasks scheduled from follow-on schedule check
[2026-03-23T06:11:51.925+0000] {local_task_job_runner.py:222} INFO - ::endgroup::
[2026-03-23T06:15:20.471+0000] {local_task_job_runner.py:120} INFO - ::group::Pre task execution logs
[2026-03-23T06:15:20.647+0000] {taskinstance.py:2073} INFO - Dependencies all met for dep_context=non-requeueable deps ti=<TaskInstance: reporting_nightly_refresh.location_batches.batch_005__locs_1001_to_1200 scheduled__2026-03-22T02:00:00+00:00 [queued]>
[2026-03-23T06:15:20.675+0000] {taskinstance.py:2073} INFO - Dependencies all met for dep_context=requeueable deps ti=<TaskInstance: reporting_nightly_refresh.location_batches.batch_005__locs_1001_to_1200 scheduled__2026-03-22T02:00:00+00:00 [queued]>
[2026-03-23T06:15:20.677+0000] {taskinstance.py:2303} INFO - Starting attempt 1 of 4
[2026-03-23T06:15:20.786+0000] {taskinstance.py:2327} INFO - Executing <Task(PythonOperator): location_batches.batch_005__locs_1001_to_1200> on 2026-03-22 02:00:00+00:00
[2026-03-23T06:15:20.816+0000] {standard_task_runner.py:90} INFO - Running: ['airflow', 'tasks', 'run', 'reporting_nightly_refresh', 'location_batches.batch_005__locs_1001_to_1200', 'scheduled__2026-03-22T02:00:00+00:00', '--job-id', '12', '--raw', '--subdir', 'DAGS_FOLDER/lra_refresh_dag.py', '--cfg-path', '/tmp/tmpdt79x8zo']
[2026-03-23T06:15:20.829+0000] {standard_task_runner.py:91} INFO - Job 12: Subtask location_batches.batch_005__locs_1001_to_1200
[2026-03-23T06:15:20.829+0000] {logging_mixin.py:188} WARNING - /home/airflow/.local/lib/python3.12/site-packages/airflow/task/task_runner/standard_task_runner.py:61 DeprecationWarning: This process (pid=243) is multi-threaded, use of fork() may lead to deadlocks in the child.
[2026-03-23T06:15:20.833+0000] {standard_task_runner.py:63} INFO - Started process 248 to run task
[2026-03-23T06:15:21.396+0000] {task_command.py:426} INFO - Running <TaskInstance: reporting_nightly_refresh.location_batches.batch_005__locs_1001_to_1200 scheduled__2026-03-22T02:00:00+00:00 [running]> on host acc78bbd7e9f
[2026-03-23T06:15:22.291+0000] {taskinstance.py:2644} INFO - Exporting env vars: AIRFLOW_CTX_DAG_OWNER='finance-ops' AIRFLOW_CTX_DAG_ID='reporting_nightly_refresh' AIRFLOW_CTX_TASK_ID='location_batches.batch_005__locs_1001_to_1200' AIRFLOW_CTX_EXECUTION_DATE='2026-03-22T02:00:00+00:00' AIRFLOW_CTX_TRY_NUMBER='1' AIRFLOW_CTX_DAG_RUN_ID='scheduled__2026-03-22T02:00:00+00:00'
[2026-03-23T06:15:22.295+0000] {taskinstance.py:430} INFO - ::endgroup::
[2026-03-23T06:15:22.332+0000] {lra_refresh_dag.py:51} INFO - Batch 5: 200 locations
[2026-03-23T06:15:23.346+0000] {lra_refresh_dag.py:54} WARNING - STDERR:
Traceback (most recent call last):
  File "/opt/automation/refresh_runner.py", line 25, in <module>
    import aiomysql
ModuleNotFoundError: No module named 'aiomysql'

[2026-03-23T06:15:23.347+0000] {taskinstance.py:441} INFO - ::group::Post task execution logs
[2026-03-23T06:15:23.349+0000] {taskinstance.py:2890} ERROR - Task failed with exception
Traceback (most recent call last):
  File "/home/airflow/.local/lib/python3.12/site-packages/airflow/models/taskinstance.py", line 460, in _execute_task
    result = _execute_callable(context=context, **execute_callable_kwargs)
             ^^^^^^^^^^^^^^^^^^^^^^^^^^^^^^^^^^^^^^^^^^^^^^^^^^^^^^^^^^^^^
  File "/home/airflow/.local/lib/python3.12/site-packages/airflow/models/taskinstance.py", line 432, in _execute_callable
    return execute_callable(context=context, **execute_callable_kwargs)
           ^^^^^^^^^^^^^^^^^^^^^^^^^^^^^^^^^^^^^^^^^^^^^^^^^^^^^^^^^^^^
  File "/home/airflow/.local/lib/python3.12/site-packages/airflow/models/baseoperator.py", line 400, in wrapper
    return func(self, *args, **kwargs)
           ^^^^^^^^^^^^^^^^^^^^^^^^^^^
  File "/home/airflow/.local/lib/python3.12/site-packages/airflow/operators/python.py", line 235, in execute
    return_value = self.execute_callable()
                   ^^^^^^^^^^^^^^^^^^^^^^^
  File "/home/airflow/.local/lib/python3.12/site-packages/airflow/operators/python.py", line 252, in execute_callable
    return self.python_callable(*self.op_args, **self.op_kwargs)
           ^^^^^^^^^^^^^^^^^^^^^^^^^^^^^^^^^^^^^^^^^^^^^^^^^^^^^
  File "/opt/airflow/dags/lra_refresh_dag.py", line 56, in run_location_batch
    raise RuntimeError(f"Batch {batch_index} failed (exit {result.returncode})")
RuntimeError: Batch 5 failed (exit 1)
[2026-03-23T06:15:23.449+0000] {taskinstance.py:1205} INFO - Marking task as UP_FOR_RETRY. dag_id=reporting_nightly_refresh, task_id=location_batches.batch_005__locs_1001_to_1200, execution_date=20260322T020000, start_date=20260323T061520, end_date=20260323T061523
[2026-03-23T06:15:23.528+0000] {standard_task_runner.py:110} ERROR - Failed to execute job 12 for task location_batches.batch_005__locs_1001_to_1200 (Batch 5 failed (exit 1); 248)
[2026-03-23T06:15:23.608+0000] {local_task_job_runner.py:240} INFO - Task exited with return code 1
[2026-03-23T06:15:23.939+0000] {taskinstance.py:3482} INFO - 0 downstream tasks scheduled from follow-on schedule check
[2026-03-23T06:15:23.945+0000] {local_task_job_runner.py:222} INFO - ::endgroup::
[2026-03-23T06:27:33.697+0000] {local_task_job_runner.py:120} INFO - ::group::Pre task execution logs
[2026-03-23T06:27:34.020+0000] {taskinstance.py:2073} INFO - Dependencies all met for dep_context=non-requeueable deps ti=<TaskInstance: reporting_nightly_refresh.location_batches.batch_005__locs_1001_to_1200 scheduled__2026-03-22T02:00:00+00:00 [queued]>
[2026-03-23T06:27:34.069+0000] {taskinstance.py:2073} INFO - Dependencies all met for dep_context=requeueable deps ti=<TaskInstance: reporting_nightly_refresh.location_batches.batch_005__locs_1001_to_1200 scheduled__2026-03-22T02:00:00+00:00 [queued]>
[2026-03-23T06:27:34.071+0000] {taskinstance.py:2303} INFO - Starting attempt 1 of 4
[2026-03-23T06:27:34.313+0000] {taskinstance.py:2327} INFO - Executing <Task(PythonOperator): location_batches.batch_005__locs_1001_to_1200> on 2026-03-22 02:00:00+00:00
[2026-03-23T06:27:34.395+0000] {standard_task_runner.py:90} INFO - Running: ['airflow', 'tasks', 'run', 'reporting_nightly_refresh', 'location_batches.batch_005__locs_1001_to_1200', 'scheduled__2026-03-22T02:00:00+00:00', '--job-id', '9', '--raw', '--subdir', 'DAGS_FOLDER/lra_refresh_dag.py', '--cfg-path', '/tmp/tmpen8wnt15']
[2026-03-23T06:27:34.449+0000] {standard_task_runner.py:91} INFO - Job 9: Subtask location_batches.batch_005__locs_1001_to_1200
[2026-03-23T06:27:34.458+0000] {logging_mixin.py:188} WARNING - /home/airflow/.local/lib/python3.12/site-packages/airflow/task/task_runner/standard_task_runner.py:61 DeprecationWarning: This process (pid=180) is multi-threaded, use of fork() may lead to deadlocks in the child.
[2026-03-23T06:27:34.461+0000] {standard_task_runner.py:63} INFO - Started process 189 to run task
[2026-03-23T06:27:35.309+0000] {task_command.py:426} INFO - Running <TaskInstance: reporting_nightly_refresh.location_batches.batch_005__locs_1001_to_1200 scheduled__2026-03-22T02:00:00+00:00 [running]> on host 4c525425e255
[2026-03-23T06:27:36.555+0000] {taskinstance.py:2644} INFO - Exporting env vars: AIRFLOW_CTX_DAG_OWNER='finance-ops' AIRFLOW_CTX_DAG_ID='reporting_nightly_refresh' AIRFLOW_CTX_TASK_ID='location_batches.batch_005__locs_1001_to_1200' AIRFLOW_CTX_EXECUTION_DATE='2026-03-22T02:00:00+00:00' AIRFLOW_CTX_TRY_NUMBER='1' AIRFLOW_CTX_DAG_RUN_ID='scheduled__2026-03-22T02:00:00+00:00'
[2026-03-23T06:27:36.564+0000] {taskinstance.py:430} INFO - ::endgroup::
[2026-03-23T06:27:36.625+0000] {lra_refresh_dag.py:51} INFO - Batch 5: 200 locations
[2026-03-23T06:28:54.793+0000] {local_task_job_runner.py:222} INFO - ::endgroup::
[2026-03-23T06:28:55.962+0000] {process_utils.py:132} INFO - Sending 15 to group 189. PIDs of all processes in the group: [197, 246, 301, 890, 1469, 2057, 2628, 3116, 3707, 4337, 4868, 4976, 4977, 4398, 4399, 4512, 4572, 4466, 3783, 3788, 3888, 3921, 3861, 3213, 3214, 3284, 3373, 3272, 2635, 2637, 2659, 2687, 2657, 2061, 2063, 2107, 2191, 2096, 1474, 1475, 1524, 1618, 1515, 896, 897, 972, 1059, 965, 323, 324, 533, 623, 502, 189]
[2026-03-23T06:28:56.065+0000] {process_utils.py:87} INFO - Sending the signal 15 to group 189
[2026-03-23T06:28:56.684+0000] {process_utils.py:80} INFO - Process psutil.Process(pid=2191, status='terminated', started='06:27:49') (2191) terminated with exit code None
[2026-03-23T06:28:56.822+0000] {process_utils.py:80} INFO - Process psutil.Process(pid=890, status='terminated', started='06:27:42') (890) terminated with exit code None
[2026-03-23T06:28:56.965+0000] {process_utils.py:80} INFO - Process psutil.Process(pid=1524, status='terminated', started='06:27:46') (1524) terminated with exit code None
[2026-03-23T06:28:56.987+0000] {process_utils.py:80} INFO - Process psutil.Process(pid=2061, status='terminated', started='06:27:49') (2061) terminated with exit code None
[2026-03-23T06:28:57.019+0000] {process_utils.py:80} INFO - Process psutil.Process(pid=1474, status='terminated', started='06:27:45') (1474) terminated with exit code None
[2026-03-23T06:28:57.024+0000] {process_utils.py:80} INFO - Process psutil.Process(pid=3783, status='terminated', started='06:28:00') (3783) terminated with exit code None
[2026-03-23T06:28:57.029+0000] {process_utils.py:80} INFO - Process psutil.Process(pid=3213, status='terminated', started='06:27:55') (3213) terminated with exit code None
[2026-03-23T06:28:57.043+0000] {process_utils.py:80} INFO - Process psutil.Process(pid=1475, status='terminated', started='06:27:45') (1475) terminated with exit code None
[2026-03-23T06:28:57.047+0000] {process_utils.py:80} INFO - Process psutil.Process(pid=972, status='terminated', started='06:27:42') (972) terminated with exit code None
[2026-03-23T06:28:57.050+0000] {process_utils.py:80} INFO - Process psutil.Process(pid=4398, status='terminated', started='06:28:05') (4398) terminated with exit code None
[2026-03-23T06:28:57.085+0000] {process_utils.py:80} INFO - Process psutil.Process(pid=2659, status='terminated', started='06:27:53') (2659) terminated with exit code None
[2026-03-23T06:28:57.103+0000] {process_utils.py:80} INFO - Process psutil.Process(pid=1059, status='terminated', started='06:27:42') (1059) terminated with exit code None
[2026-03-23T06:28:57.109+0000] {process_utils.py:80} INFO - Process psutil.Process(pid=323, status='terminated', started='06:27:40') (323) terminated with exit code None
[2026-03-23T06:28:57.115+0000] {process_utils.py:80} INFO - Process psutil.Process(pid=896, status='terminated', started='06:27:42') (896) terminated with exit code None
[2026-03-23T06:28:57.123+0000] {process_utils.py:80} INFO - Process psutil.Process(pid=1618, status='terminated', started='06:27:46') (1618) terminated with exit code None
[2026-03-23T06:28:57.152+0000] {process_utils.py:80} INFO - Process psutil.Process(pid=324, status='terminated', started='06:27:40') (324) terminated with exit code None
[2026-03-23T06:28:57.160+0000] {process_utils.py:80} INFO - Process psutil.Process(pid=533, status='terminated', started='06:27:40') (533) terminated with exit code None
[2026-03-23T06:28:57.163+0000] {process_utils.py:80} INFO - Process psutil.Process(pid=623, status='terminated', started='06:27:40') (623) terminated with exit code None
[2026-03-23T06:28:57.166+0000] {process_utils.py:80} INFO - Process psutil.Process(pid=897, status='terminated', started='06:27:42') (897) terminated with exit code None
[2026-03-23T06:28:57.168+0000] {process_utils.py:80} INFO - Process psutil.Process(pid=965, status='terminated', started='06:27:42') (965) terminated with exit code None
[2026-03-23T06:28:57.170+0000] {process_utils.py:80} INFO - Process psutil.Process(pid=1469, status='terminated', started='06:27:45') (1469) terminated with exit code None
[2026-03-23T06:28:57.210+0000] {process_utils.py:80} INFO - Process psutil.Process(pid=3373, status='terminated', started='06:27:57') (3373) terminated with exit code None
[2026-03-23T06:28:57.217+0000] {process_utils.py:80} INFO - Process psutil.Process(pid=4512, status='terminated', started='06:28:06') (4512) terminated with exit code None
[2026-03-23T06:28:57.223+0000] {process_utils.py:80} INFO - Process psutil.Process(pid=2657, status='terminated', started='06:27:53') (2657) terminated with exit code None
[2026-03-23T06:28:57.260+0000] {process_utils.py:80} INFO - Process psutil.Process(pid=4337, status='terminated', started='06:28:04') (4337) terminated with exit code None
[2026-03-23T06:28:57.262+0000] {process_utils.py:80} INFO - Process psutil.Process(pid=4976, status='terminated', started='06:28:26') (4976) terminated with exit code None
[2026-03-23T06:28:57.269+0000] {process_utils.py:80} INFO - Process psutil.Process(pid=301, status='terminated', started='06:27:39') (301) terminated with exit code None
[2026-03-23T06:28:57.286+0000] {process_utils.py:80} INFO - Process psutil.Process(pid=3861, status='terminated', started='06:28:00') (3861) terminated with exit code None
[2026-03-23T06:28:56.686+0000] {taskinstance.py:2607} ERROR - Received SIGTERM. Terminating subprocesses.
[2026-03-23T06:28:57.320+0000] {process_utils.py:80} INFO - Process psutil.Process(pid=1515, status='terminated', started='06:27:46') (1515) terminated with exit code None
[2026-03-23T06:28:57.333+0000] {process_utils.py:80} INFO - Process psutil.Process(pid=3116, status='terminated', started='06:27:55') (3116) terminated with exit code None
[2026-03-23T06:28:57.337+0000] {process_utils.py:80} INFO - Process psutil.Process(pid=3214, status='terminated', started='06:27:55') (3214) terminated with exit code None
[2026-03-23T06:28:57.340+0000] {process_utils.py:80} INFO - Process psutil.Process(pid=2063, status='terminated', started='06:27:49') (2063) terminated with exit code None
[2026-03-23T06:28:57.343+0000] {process_utils.py:80} INFO - Process psutil.Process(pid=2635, status='terminated', started='06:27:52') (2635) terminated with exit code None
[2026-03-23T06:28:57.349+0000] {process_utils.py:80} INFO - Process psutil.Process(pid=2687, status='terminated', started='06:27:53') (2687) terminated with exit code None
[2026-03-23T06:28:57.383+0000] {process_utils.py:80} INFO - Process psutil.Process(pid=2107, status='terminated', started='06:27:49') (2107) terminated with exit code None
[2026-03-23T06:28:57.427+0000] {process_utils.py:80} INFO - Process psutil.Process(pid=2096, status='terminated', started='06:27:49') (2096) terminated with exit code None
[2026-03-23T06:28:57.454+0000] {process_utils.py:80} INFO - Process psutil.Process(pid=2057, status='terminated', started='06:27:49') (2057) terminated with exit code None
[2026-03-23T06:28:57.456+0000] {process_utils.py:80} INFO - Process psutil.Process(pid=2637, status='terminated', started='06:27:52') (2637) terminated with exit code None
[2026-03-23T06:28:57.443+0000] {taskinstance.py:441} INFO - ::group::Post task execution logs
[2026-03-23T06:28:57.466+0000] {process_utils.py:80} INFO - Process psutil.Process(pid=4466, status='terminated', started='06:28:06') (4466) terminated with exit code None
[2026-03-23T06:28:57.505+0000] {process_utils.py:80} INFO - Process psutil.Process(pid=502, status='terminated', started='06:27:40') (502) terminated with exit code None
[2026-03-23T06:28:57.517+0000] {process_utils.py:80} INFO - Process psutil.Process(pid=3788, status='terminated', started='06:28:00') (3788) terminated with exit code None
[2026-03-23T06:28:57.531+0000] {process_utils.py:80} INFO - Process psutil.Process(pid=3888, status='terminated', started='06:28:00') (3888) terminated with exit code None
[2026-03-23T06:28:57.613+0000] {process_utils.py:80} INFO - Process psutil.Process(pid=3707, status='terminated', started='06:27:59') (3707) terminated with exit code None
[2026-03-23T06:28:57.616+0000] {process_utils.py:80} INFO - Process psutil.Process(pid=3272, status='terminated', started='06:27:56') (3272) terminated with exit code None
[2026-03-23T06:28:57.619+0000] {process_utils.py:80} INFO - Process psutil.Process(pid=3284, status='terminated', started='06:27:56') (3284) terminated with exit code None
[2026-03-23T06:28:57.675+0000] {process_utils.py:80} INFO - Process psutil.Process(pid=4399, status='terminated', started='06:28:05') (4399) terminated with exit code None
[2026-03-23T06:28:57.678+0000] {process_utils.py:80} INFO - Process psutil.Process(pid=3921, status='terminated', started='06:28:01') (3921) terminated with exit code None
[2026-03-23T06:28:57.682+0000] {process_utils.py:80} INFO - Process psutil.Process(pid=4977, status='terminated', started='06:28:26') (4977) terminated with exit code None
[2026-03-23T06:28:57.684+0000] {process_utils.py:80} INFO - Process psutil.Process(pid=4572, status='terminated', started='06:28:06') (4572) terminated with exit code None
[2026-03-23T06:28:57.686+0000] {process_utils.py:80} INFO - Process psutil.Process(pid=4868, status='terminated', started='06:28:19') (4868) terminated with exit code None
[2026-03-23T06:28:57.690+0000] {process_utils.py:80} INFO - Process psutil.Process(pid=2628, status='terminated', started='06:27:52') (2628) terminated with exit code None
[2026-03-23T06:28:57.694+0000] {process_utils.py:80} INFO - Process psutil.Process(pid=197, status='terminated', started='06:27:36') (197) terminated with exit code None
[2026-03-23T06:28:57.835+0000] {process_utils.py:80} INFO - Process psutil.Process(pid=246, status='terminated', started='06:27:38') (246) terminated with exit code None
[2026-03-23T06:28:59.378+0000] {taskinstance.py:2890} ERROR - Task failed with exception
Traceback (most recent call last):
  File "/home/airflow/.local/lib/python3.12/site-packages/airflow/models/taskinstance.py", line 460, in _execute_task
    result = _execute_callable(context=context, **execute_callable_kwargs)
             ^^^^^^^^^^^^^^^^^^^^^^^^^^^^^^^^^^^^^^^^^^^^^^^^^^^^^^^^^^^^^
  File "/home/airflow/.local/lib/python3.12/site-packages/airflow/models/taskinstance.py", line 432, in _execute_callable
    return execute_callable(context=context, **execute_callable_kwargs)
           ^^^^^^^^^^^^^^^^^^^^^^^^^^^^^^^^^^^^^^^^^^^^^^^^^^^^^^^^^^^^
  File "/home/airflow/.local/lib/python3.12/site-packages/airflow/models/baseoperator.py", line 400, in wrapper
    return func(self, *args, **kwargs)
           ^^^^^^^^^^^^^^^^^^^^^^^^^^^
  File "/home/airflow/.local/lib/python3.12/site-packages/airflow/operators/python.py", line 235, in execute
    return_value = self.execute_callable()
                   ^^^^^^^^^^^^^^^^^^^^^^^
  File "/home/airflow/.local/lib/python3.12/site-packages/airflow/operators/python.py", line 252, in execute_callable
    return self.python_callable(*self.op_args, **self.op_kwargs)
           ^^^^^^^^^^^^^^^^^^^^^^^^^^^^^^^^^^^^^^^^^^^^^^^^^^^^^
  File "/opt/airflow/dags/lra_refresh_dag.py", line 52, in run_location_batch
    result = subprocess.run(cmd, capture_output=True, text=True, timeout=3600)
             ^^^^^^^^^^^^^^^^^^^^^^^^^^^^^^^^^^^^^^^^^^^^^^^^^^^^^^^^^^^^^^^^^
  File "/usr/local/lib/python3.12/subprocess.py", line 550, in run
    stdout, stderr = process.communicate(input, timeout=timeout)
                     ^^^^^^^^^^^^^^^^^^^^^^^^^^^^^^^^^^^^^^^^^^^
  File "/usr/local/lib/python3.12/subprocess.py", line 1209, in communicate
    stdout, stderr = self._communicate(input, endtime, timeout)
                     ^^^^^^^^^^^^^^^^^^^^^^^^^^^^^^^^^^^^^^^^^^
  File "/usr/local/lib/python3.12/subprocess.py", line 2113, in _communicate
    ready = selector.select(timeout)
            ^^^^^^^^^^^^^^^^^^^^^^^^
  File "/usr/local/lib/python3.12/selectors.py", line 415, in select
    fd_event_list = self._selector.poll(timeout)
                    ^^^^^^^^^^^^^^^^^^^^^^^^^^^^
  File "/home/airflow/.local/lib/python3.12/site-packages/airflow/models/taskinstance.py", line 2609, in signal_handler
    raise AirflowTaskTerminated("Task received SIGTERM signal")
airflow.exceptions.AirflowTaskTerminated: Task received SIGTERM signal
[2026-03-23T06:28:59.505+0000] {taskinstance.py:1205} INFO - Marking task as UP_FOR_RETRY. dag_id=reporting_nightly_refresh, task_id=location_batches.batch_005__locs_1001_to_1200, execution_date=20260322T020000, start_date=20260323T062734, end_date=20260323T062859
[2026-03-23T06:29:04.326+0000] {process_utils.py:80} INFO - Process psutil.Process(pid=189, status='terminated', exitcode=2, started='06:27:34') (189) terminated with exit code 2
