[2026-03-23T05:49:01.389+0000] {local_task_job_runner.py:120} INFO - ::group::Pre task execution logs
[2026-03-23T05:49:01.489+0000] {taskinstance.py:2073} INFO - Dependencies all met for dep_context=non-requeueable deps ti=<TaskInstance: reporting_nightly_refresh.location_batches.batch_006__locs_1201_to_1400 scheduled__2026-03-22T02:00:00+00:00 [queued]>
[2026-03-23T05:49:01.506+0000] {taskinstance.py:2073} INFO - Dependencies all met for dep_context=requeueable deps ti=<TaskInstance: reporting_nightly_refresh.location_batches.batch_006__locs_1201_to_1400 scheduled__2026-03-22T02:00:00+00:00 [queued]>
[2026-03-23T05:49:01.508+0000] {taskinstance.py:2303} INFO - Starting attempt 2 of 4
[2026-03-23T05:49:01.538+0000] {taskinstance.py:2327} INFO - Executing <Task(PythonOperator): location_batches.batch_006__locs_1201_to_1400> on 2026-03-22 02:00:00+00:00
[2026-03-23T05:49:01.555+0000] {standard_task_runner.py:90} INFO - Running: ['airflow', 'tasks', 'run', 'reporting_nightly_refresh', 'location_batches.batch_006__locs_1201_to_1400', 'scheduled__2026-03-22T02:00:00+00:00', '--job-id', '17', '--raw', '--subdir', 'DAGS_FOLDER/lra_refresh_dag.py', '--cfg-path', '/tmp/tmppwga7ijn']
[2026-03-23T05:49:01.561+0000] {standard_task_runner.py:91} INFO - Job 17: Subtask location_batches.batch_006__locs_1201_to_1400
[2026-03-23T05:49:01.562+0000] {logging_mixin.py:188} WARNING - /home/airflow/.local/lib/python3.12/site-packages/airflow/task/task_runner/standard_task_runner.py:61 DeprecationWarning: This process (pid=303) is multi-threaded, use of fork() may lead to deadlocks in the child.
[2026-03-23T05:49:01.564+0000] {standard_task_runner.py:63} INFO - Started process 304 to run task
[2026-03-23T05:49:01.821+0000] {task_command.py:426} INFO - Running <TaskInstance: reporting_nightly_refresh.location_batches.batch_006__locs_1201_to_1400 scheduled__2026-03-22T02:00:00+00:00 [running]> on host 7849ea7120c5
[2026-03-23T05:49:02.253+0000] {taskinstance.py:2644} INFO - Exporting env vars: AIRFLOW_CTX_DAG_OWNER='finance-ops' AIRFLOW_CTX_DAG_ID='reporting_nightly_refresh' AIRFLOW_CTX_TASK_ID='location_batches.batch_006__locs_1201_to_1400' AIRFLOW_CTX_EXECUTION_DATE='2026-03-22T02:00:00+00:00' AIRFLOW_CTX_TRY_NUMBER='2' AIRFLOW_CTX_DAG_RUN_ID='scheduled__2026-03-22T02:00:00+00:00'
[2026-03-23T05:49:02.255+0000] {taskinstance.py:430} INFO - ::endgroup::
[2026-03-23T05:49:02.289+0000] {lra_refresh_dag.py:51} INFO - Batch 6: 200 locations
[2026-03-23T05:49:03.118+0000] {lra_refresh_dag.py:54} WARNING - STDERR:
Traceback (most recent call last):
  File "/opt/automation/refresh_runner.py", line 25, in <module>
    import aiomysql
ModuleNotFoundError: No module named 'aiomysql'

[2026-03-23T05:49:03.119+0000] {taskinstance.py:441} INFO - ::group::Post task execution logs
[2026-03-23T05:49:03.120+0000] {taskinstance.py:2890} ERROR - Task failed with exception
Traceback (most recent call last):
  File "/home/airflow/.local/lib/python3.12/site-packages/airflow/models/taskinstance.py", line 460, in _execute_task
    result = _execute_callable(context=context, **execute_callable_kwargs)
             ^^^^^^^^^^^^^^^^^^^^^^^^^^^^^^^^^^^^^^^^^^^^^^^^^^^^^^^^^^^^^
  File "/home/airflow/.local/lib/python3.12/site-packages/airflow/models/taskinstance.py", line 432, in _execute_callable
    return execute_callable(context=context, **execute_callable_kwargs)
           ^^^^^^^^^^^^^^^^^^^^^^^^^^^^^^^^^^^^^^^^^^^^^^^^^^^^^^^^^^^^
  File "/home/airflow/.local/lib/python3.12/site-packages/airflow/models/baseoperator.py", line 400, in wrapper
    return func(self, *args, **kwargs)
           ^^^^^^^^^^^^^^^^^^^^^^^^^^^
  File "/home/airflow/.local/lib/python3.12/site-packages/airflow/operators/python.py", line 235, in execute
    return_value = self.execute_callable()
                   ^^^^^^^^^^^^^^^^^^^^^^^
  File "/home/airflow/.local/lib/python3.12/site-packages/airflow/operators/python.py", line 252, in execute_callable
    return self.python_callable(*self.op_args, **self.op_kwargs)
           ^^^^^^^^^^^^^^^^^^^^^^^^^^^^^^^^^^^^^^^^^^^^^^^^^^^^^
  File "/opt/airflow/dags/lra_refresh_dag.py", line 56, in run_location_batch
    raise RuntimeError(f"Batch {batch_index} failed (exit {result.returncode})")
RuntimeError: Batch 6 failed (exit 1)
[2026-03-23T05:49:03.181+0000] {taskinstance.py:1205} INFO - Marking task as UP_FOR_RETRY. dag_id=reporting_nightly_refresh, task_id=location_batches.batch_006__locs_1201_to_1400, execution_date=20260322T020000, start_date=20260323T054901, end_date=20260323T054903
[2026-03-23T05:49:03.204+0000] {standard_task_runner.py:110} ERROR - Failed to execute job 17 for task location_batches.batch_006__locs_1201_to_1400 (Batch 6 failed (exit 1); 304)
[2026-03-23T05:49:03.266+0000] {local_task_job_runner.py:240} INFO - Task exited with return code 1
[2026-03-23T05:49:03.363+0000] {taskinstance.py:3482} INFO - 0 downstream tasks scheduled from follow-on schedule check
[2026-03-23T05:49:03.366+0000] {local_task_job_runner.py:222} INFO - ::endgroup::
[2026-03-23T06:37:34.932+0000] {local_task_job_runner.py:120} INFO - ::group::Pre task execution logs
[2026-03-23T06:37:35.049+0000] {taskinstance.py:2073} INFO - Dependencies all met for dep_context=non-requeueable deps ti=<TaskInstance: reporting_nightly_refresh.location_batches.batch_006__locs_1201_to_1400 scheduled__2026-03-22T02:00:00+00:00 [queued]>
[2026-03-23T06:37:35.065+0000] {taskinstance.py:2073} INFO - Dependencies all met for dep_context=requeueable deps ti=<TaskInstance: reporting_nightly_refresh.location_batches.batch_006__locs_1201_to_1400 scheduled__2026-03-22T02:00:00+00:00 [queued]>
[2026-03-23T06:37:35.066+0000] {taskinstance.py:2303} INFO - Starting attempt 2 of 4
[2026-03-23T06:37:35.094+0000] {taskinstance.py:2327} INFO - Executing <Task(PythonOperator): location_batches.batch_006__locs_1201_to_1400> on 2026-03-22 02:00:00+00:00
[2026-03-23T06:37:35.113+0000] {standard_task_runner.py:90} INFO - Running: ['airflow', 'tasks', 'run', 'reporting_nightly_refresh', 'location_batches.batch_006__locs_1201_to_1400', 'scheduled__2026-03-22T02:00:00+00:00', '--job-id', '17', '--raw', '--subdir', 'DAGS_FOLDER/lra_refresh_dag.py', '--cfg-path', '/tmp/tmp25qf067a']
[2026-03-23T06:37:35.119+0000] {standard_task_runner.py:91} INFO - Job 17: Subtask location_batches.batch_006__locs_1201_to_1400
[2026-03-23T06:37:35.120+0000] {logging_mixin.py:188} WARNING - /home/airflow/.local/lib/python3.12/site-packages/airflow/task/task_runner/standard_task_runner.py:61 DeprecationWarning: This process (pid=9380) is multi-threaded, use of fork() may lead to deadlocks in the child.
[2026-03-23T06:37:35.121+0000] {standard_task_runner.py:63} INFO - Started process 9447 to run task
[2026-03-23T06:37:35.371+0000] {task_command.py:426} INFO - Running <TaskInstance: reporting_nightly_refresh.location_batches.batch_006__locs_1201_to_1400 scheduled__2026-03-22T02:00:00+00:00 [running]> on host 4c525425e255
[2026-03-23T06:37:35.867+0000] {taskinstance.py:2644} INFO - Exporting env vars: AIRFLOW_CTX_DAG_OWNER='finance-ops' AIRFLOW_CTX_DAG_ID='reporting_nightly_refresh' AIRFLOW_CTX_TASK_ID='location_batches.batch_006__locs_1201_to_1400' AIRFLOW_CTX_EXECUTION_DATE='2026-03-22T02:00:00+00:00' AIRFLOW_CTX_TRY_NUMBER='2' AIRFLOW_CTX_DAG_RUN_ID='scheduled__2026-03-22T02:00:00+00:00'
[2026-03-23T06:37:35.870+0000] {taskinstance.py:430} INFO - ::endgroup::
[2026-03-23T06:37:35.898+0000] {lra_refresh_dag.py:51} INFO - Batch 6: 200 locations
[2026-03-23T06:37:48.690+0000] {lra_refresh_dag.py:54} WARNING - STDERR:
2026-03-23 06:37:36,907 [INFO] Run 20260323_063736 — 200 locations, concurrency=10
2026-03-23 06:37:37,833 [INFO] Navigating to login: http://mock_portal:5001
2026-03-23 06:37:38,580 [INFO] Authentication successful.
2026-03-23 06:37:39,017 [INFO] Navigating to login: http://mock_portal:5001
2026-03-23 06:37:39,793 [INFO] Authentication successful.
2026-03-23 06:37:40,108 [INFO] Navigating to login: http://mock_portal:5001
2026-03-23 06:37:40,862 [INFO] Authentication successful.
2026-03-23 06:37:41,197 [INFO] Navigating to login: http://mock_portal:5001
2026-03-23 06:37:41,945 [INFO] Authentication successful.
2026-03-23 06:37:42,253 [INFO] Navigating to login: http://mock_portal:5001
2026-03-23 06:37:42,973 [INFO] Authentication successful.
2026-03-23 06:37:43,272 [INFO] Navigating to login: http://mock_portal:5001
2026-03-23 06:37:44,010 [INFO] Authentication successful.
2026-03-23 06:37:44,325 [INFO] Navigating to login: http://mock_portal:5001
2026-03-23 06:37:45,082 [INFO] Authentication successful.
2026-03-23 06:37:45,423 [INFO] Navigating to login: http://mock_portal:5001
2026-03-23 06:37:46,162 [INFO] Authentication successful.
2026-03-23 06:37:46,481 [INFO] Navigating to login: http://mock_portal:5001
2026-03-23 06:37:47,211 [INFO] Authentication successful.
2026-03-23 06:37:47,586 [INFO] Navigating to login: http://mock_portal:5001
2026-03-23 06:37:48,330 [INFO] Authentication successful.
Traceback (most recent call last):
  File "/opt/automation/refresh_runner.py", line 185, in <module>
    asyncio.run(run_batch(location_list, concurrency=args.concurrency, headless=args.headless))
  File "/usr/local/lib/python3.12/asyncio/runners.py", line 194, in run
    return runner.run(main)
           ^^^^^^^^^^^^^^^^
  File "/usr/local/lib/python3.12/asyncio/runners.py", line 118, in run
    return self._loop.run_until_complete(task)
           ^^^^^^^^^^^^^^^^^^^^^^^^^^^^^^^^^^^
  File "/usr/local/lib/python3.12/asyncio/base_events.py", line 685, in run_until_complete
    return future.result()
           ^^^^^^^^^^^^^^^
  File "/opt/automation/refresh_runner.py", line 160, in run_batch
    await asyncio.gather(*[process(lid) for lid in location_ids])
  File "/opt/automation/refresh_runner.py", line 155, in process
    ok = await refresh_location(page, pool, loc_id, run_id)
         ^^^^^^^^^^^^^^^^^^^^^^^^^^^^^^^^^^^^^^^^^^^^^^^^^^
  File "/opt/automation/refresh_runner.py", line 88, in refresh_location
    await log_job_start(pool, location_id, run_id)
  File "/opt/automation/refresh_runner.py", line 53, in log_job_start
    await cur.execute("""
  File "/home/airflow/.local/lib/python3.12/site-packages/aiomysql/cursors.py", line 239, in execute
    await self._query(query)
  File "/home/airflow/.local/lib/python3.12/site-packages/aiomysql/cursors.py", line 457, in _query
    await conn.query(q)
  File "/home/airflow/.local/lib/python3.12/site-packages/aiomysql/connection.py", line 469, in query
    await self._read_query_result(unbuffered=unbuffered)
  File "/home/airflow/.local/lib/python3.12/site-packages/aiomysql/connection.py", line 683, in _read_query_result
    await result.read()
  File "/home/airflow/.local/lib/python3.12/site-packages/aiomysql/connection.py", line 1164, in read
    first_packet = await self.connection._read_packet()
                   ^^^^^^^^^^^^^^^^^^^^^^^^^^^^^^^^^^^^
  File "/home/airflow/.local/lib/python3.12/site-packages/aiomysql/connection.py", line 652, in _read_packet
    packet.raise_for_error()
  File "/home/airflow/.local/lib/python3.12/site-packages/pymysql/protocol.py", line 219, in raise_for_error
    err.raise_mysql_exception(self._data)
  File "/home/airflow/.local/lib/python3.12/site-packages/pymysql/err.py", line 150, in raise_mysql_exception
    raise errorclass(errno, errval)
pymysql.err.ProgrammingError: (1146, "Table 'refresh_jobs.refresh_jobs' doesn't exist")
Exception ignored in: <function Connection.__del__ at 0x7e79bdad87c0>
Traceback (most recent call last):
  File "/home/airflow/.local/lib/python3.12/site-packages/aiomysql/connection.py", line 1131, in __del__
  File "/home/airflow/.local/lib/python3.12/site-packages/aiomysql/connection.py", line 339, in close
  File "/usr/local/lib/python3.12/asyncio/selector_events.py", line 1210, in close
  File "/usr/local/lib/python3.12/asyncio/selector_events.py", line 875, in close
  File "/usr/local/lib/python3.12/asyncio/base_events.py", line 793, in call_soon
  File "/usr/local/lib/python3.12/asyncio/base_events.py", line 540, in _check_closed
RuntimeError: Event loop is closed
Exception ignored in: <function Connection.__del__ at 0x7e79bdad87c0>
Traceback (most recent call last):
  File "/home/airflow/.local/lib/python3.12/site-packages/aiomysql/connection.py", line 1131, in __del__
  File "/home/airflow/.local/lib/python3.12/site-packages/aiomysql/connection.py", line 339, in close
  File "/usr/local/lib/python3.12/asyncio/selector_events.py", line 1210, in close
  File "/usr/local/lib/python3.12/asyncio/selector_events.py", line 875, in close
  File "/usr/local/lib/python3.12/asyncio/base_events.py", line 793, in call_soon
  File "/usr/local/lib/python3.12/asyncio/base_events.py", line 540, in _check_closed
RuntimeError: Event loop is closed
Exception ignored in: <function Connection.__del__ at 0x7e79bdad87c0>
Traceback (most recent call last):
  File "/home/airflow/.local/lib/python3.12/site-packages/aiomysql/connection.py", line 1131, in __del__
  File "/home/airflow/.local/lib/python3.12/site-packages/aiomysql/connection.py", line 339, in close
  File "/usr/local/lib/python3.12/asyncio/selector_events.py", line 1210, in close
  File "/usr/local/lib/python3.12/asyncio/selector_events.py", line 875, in close
  File "/usr/local/lib/python3.12/asyncio/base_events.py", line 793, in call_soon
  File "/usr/local/lib/python3.12/asyncio/base_events.py", line 540, in _check_closed
RuntimeError: Event loop is closed
Exception ignored in: <function Connection.__del__ at 0x7e79bdad87c0>
Traceback (most recent call last):
  File "/home/airflow/.local/lib/python3.12/site-packages/aiomysql/connection.py", line 1131, in __del__
  File "/home/airflow/.local/lib/python3.12/site-packages/aiomysql/connection.py", line 339, in close
  File "/usr/local/lib/python3.12/asyncio/selector_events.py", line 1210, in close
  File "/usr/local/lib/python3.12/asyncio/selector_events.py", line 875, in close
  File "/usr/local/lib/python3.12/asyncio/base_events.py", line 793, in call_soon
  File "/usr/local/lib/python3.12/asyncio/base_events.py", line 540, in _check_closed
RuntimeError: Event loop is closed
Exception ignored in: <function Connection.__del__ at 0x7e79bdad87c0>
Traceback (most recent call last):
  File "/home/airflow/.local/lib/python3.12/site-packages/aiomysql/connection.py", line 1131, in __del__
  File "/home/airflow/.local/lib/python3.12/site-packages/aiomysql/connection.py", line 339, in close
  File "/usr/local/lib/python3.12/asyncio/selector_events.py", line 1210, in close
  File "/usr/local/lib/python3.12/asyncio/selector_events.py", line 875, in close
  File "/usr/local/lib/python3.12/asyncio/base_events.py", line 793, in call_soon
  File "/usr/local/lib/python3.12/asyncio/base_events.py", line 540, in _check_closed
RuntimeError: Event loop is closed
Exception ignored in: <function Connection.__del__ at 0x7e79bdad87c0>
Traceback (most recent call last):
  File "/home/airflow/.local/lib/python3.12/site-packages/aiomysql/connection.py", line 1131, in __del__
  File "/home/airflow/.local/lib/python3.12/site-packages/aiomysql/connection.py", line 339, in close
  File "/usr/local/lib/python3.12/asyncio/selector_events.py", line 1210, in close
  File "/usr/local/lib/python3.12/asyncio/selector_events.py", line 875, in close
  File "/usr/local/lib/python3.12/asyncio/base_events.py", line 793, in call_soon
  File "/usr/local/lib/python3.12/asyncio/base_events.py", line 540, in _check_closed
RuntimeError: Event loop is closed
Exception ignored in: <function Connection.__del__ at 0x7e79bdad87c0>
Traceback (most recent call last):
  File "/home/airflow/.local/lib/python3.12/site-packages/aiomysql/connection.py", line 1131, in __del__
  File "/home/airflow/.local/lib/python3.12/site-packages/aiomysql/connection.py", line 339, in close
  File "/usr/local/lib/python3.12/asyncio/selector_events.py", line 1210, in close
  File "/usr/local/lib/python3.12/asyncio/selector_events.py", line 875, in close
  File "/usr/local/lib/python3.12/asyncio/base_events.py", line 793, in call_soon
  File "/usr/local/lib/python3.12/asyncio/base_events.py", line 540, in _check_closed
RuntimeError: Event loop is closed
Exception ignored in: <function Connection.__del__ at 0x7e79bdad87c0>
Traceback (most recent call last):
  File "/home/airflow/.local/lib/python3.12/site-packages/aiomysql/connection.py", line 1131, in __del__
  File "/home/airflow/.local/lib/python3.12/site-packages/aiomysql/connection.py", line 339, in close
  File "/usr/local/lib/python3.12/asyncio/selector_events.py", line 1210, in close
  File "/usr/local/lib/python3.12/asyncio/selector_events.py", line 875, in close
  File "/usr/local/lib/python3.12/asyncio/base_events.py", line 793, in call_soon
  File "/usr/local/lib/python3.12/asyncio/base_events.py", line 540, in _check_closed
RuntimeError: Event loop is closed

[2026-03-23T06:37:48.691+0000] {taskinstance.py:441} INFO - ::group::Post task execution logs
[2026-03-23T06:37:48.692+0000] {taskinstance.py:2890} ERROR - Task failed with exception
Traceback (most recent call last):
  File "/home/airflow/.local/lib/python3.12/site-packages/airflow/models/taskinstance.py", line 460, in _execute_task
    result = _execute_callable(context=context, **execute_callable_kwargs)
             ^^^^^^^^^^^^^^^^^^^^^^^^^^^^^^^^^^^^^^^^^^^^^^^^^^^^^^^^^^^^^
  File "/home/airflow/.local/lib/python3.12/site-packages/airflow/models/taskinstance.py", line 432, in _execute_callable
    return execute_callable(context=context, **execute_callable_kwargs)
           ^^^^^^^^^^^^^^^^^^^^^^^^^^^^^^^^^^^^^^^^^^^^^^^^^^^^^^^^^^^^
  File "/home/airflow/.local/lib/python3.12/site-packages/airflow/models/baseoperator.py", line 400, in wrapper
    return func(self, *args, **kwargs)
           ^^^^^^^^^^^^^^^^^^^^^^^^^^^
  File "/home/airflow/.local/lib/python3.12/site-packages/airflow/operators/python.py", line 235, in execute
    return_value = self.execute_callable()
                   ^^^^^^^^^^^^^^^^^^^^^^^
  File "/home/airflow/.local/lib/python3.12/site-packages/airflow/operators/python.py", line 252, in execute_callable
    return self.python_callable(*self.op_args, **self.op_kwargs)
           ^^^^^^^^^^^^^^^^^^^^^^^^^^^^^^^^^^^^^^^^^^^^^^^^^^^^^
  File "/opt/airflow/dags/lra_refresh_dag.py", line 56, in run_location_batch
    raise RuntimeError(f"Batch {batch_index} failed (exit {result.returncode})")
RuntimeError: Batch 6 failed (exit 1)
[2026-03-23T06:37:48.760+0000] {taskinstance.py:1205} INFO - Marking task as UP_FOR_RETRY. dag_id=reporting_nightly_refresh, task_id=location_batches.batch_006__locs_1201_to_1400, execution_date=20260322T020000, start_date=20260323T063735, end_date=20260323T063748
[2026-03-23T06:37:48.788+0000] {standard_task_runner.py:110} ERROR - Failed to execute job 17 for task location_batches.batch_006__locs_1201_to_1400 (Batch 6 failed (exit 1); 9447)
[2026-03-23T06:37:48.848+0000] {local_task_job_runner.py:240} INFO - Task exited with return code 1
[2026-03-23T06:37:48.933+0000] {taskinstance.py:3482} INFO - 0 downstream tasks scheduled from follow-on schedule check
[2026-03-23T06:37:48.936+0000] {local_task_job_runner.py:222} INFO - ::endgroup::
[2026-03-23T07:00:37.595+0000] {local_task_job_runner.py:120} INFO - ::group::Pre task execution logs
[2026-03-23T07:00:37.892+0000] {taskinstance.py:2073} INFO - Dependencies all met for dep_context=non-requeueable deps ti=<TaskInstance: reporting_nightly_refresh.location_batches.batch_006__locs_1201_to_1400 scheduled__2026-03-22T02:00:00+00:00 [queued]>
[2026-03-23T07:00:37.918+0000] {taskinstance.py:2073} INFO - Dependencies all met for dep_context=requeueable deps ti=<TaskInstance: reporting_nightly_refresh.location_batches.batch_006__locs_1201_to_1400 scheduled__2026-03-22T02:00:00+00:00 [queued]>
[2026-03-23T07:00:37.919+0000] {taskinstance.py:2303} INFO - Starting attempt 2 of 5
[2026-03-23T07:00:38.169+0000] {taskinstance.py:2327} INFO - Executing <Task(PythonOperator): location_batches.batch_006__locs_1201_to_1400> on 2026-03-22 02:00:00+00:00
[2026-03-23T07:00:38.204+0000] {standard_task_runner.py:90} INFO - Running: ['airflow', 'tasks', 'run', 'reporting_nightly_refresh', 'location_batches.batch_006__locs_1201_to_1400', 'scheduled__2026-03-22T02:00:00+00:00', '--job-id', '17', '--raw', '--subdir', 'DAGS_FOLDER/reporting_refresh_dag.py', '--cfg-path', '/tmp/tmp3zjhptf7']
[2026-03-23T07:00:38.213+0000] {standard_task_runner.py:91} INFO - Job 17: Subtask location_batches.batch_006__locs_1201_to_1400
[2026-03-23T07:00:38.216+0000] {logging_mixin.py:188} WARNING - /home/airflow/.local/lib/python3.12/site-packages/airflow/task/task_runner/standard_task_runner.py:61 DeprecationWarning: This process (pid=4490) is multi-threaded, use of fork() may lead to deadlocks in the child.
[2026-03-23T07:00:38.218+0000] {standard_task_runner.py:63} INFO - Started process 4503 to run task
[2026-03-23T07:00:38.719+0000] {task_command.py:426} INFO - Running <TaskInstance: reporting_nightly_refresh.location_batches.batch_006__locs_1201_to_1400 scheduled__2026-03-22T02:00:00+00:00 [running]> on host 709b26eca54f
[2026-03-23T07:00:39.372+0000] {taskinstance.py:2644} INFO - Exporting env vars: AIRFLOW_CTX_DAG_OWNER='finance-ops' AIRFLOW_CTX_DAG_ID='reporting_nightly_refresh' AIRFLOW_CTX_TASK_ID='location_batches.batch_006__locs_1201_to_1400' AIRFLOW_CTX_EXECUTION_DATE='2026-03-22T02:00:00+00:00' AIRFLOW_CTX_TRY_NUMBER='2' AIRFLOW_CTX_DAG_RUN_ID='scheduled__2026-03-22T02:00:00+00:00'
[2026-03-23T07:00:39.375+0000] {taskinstance.py:430} INFO - ::endgroup::
[2026-03-23T07:00:39.665+0000] {refresh_runner.py:135} INFO - Run 20260323_070039 — 200 locations, concurrency=10
[2026-03-23T07:00:42.739+0000] {refresh_runner.py:76} INFO - Navigating to login: http://mock_portal:5001
[2026-03-23T07:00:44.041+0000] {refresh_runner.py:82} INFO - Authentication successful.
[2026-03-23T07:00:44.861+0000] {refresh_runner.py:76} INFO - Navigating to login: http://mock_portal:5001
[2026-03-23T07:00:46.007+0000] {refresh_runner.py:82} INFO - Authentication successful.
[2026-03-23T07:00:47.137+0000] {refresh_runner.py:76} INFO - Navigating to login: http://mock_portal:5001
[2026-03-23T07:00:49.050+0000] {refresh_runner.py:82} INFO - Authentication successful.
[2026-03-23T07:00:50.105+0000] {refresh_runner.py:76} INFO - Navigating to login: http://mock_portal:5001
[2026-03-23T07:00:53.582+0000] {refresh_runner.py:82} INFO - Authentication successful.
[2026-03-23T07:00:56.939+0000] {refresh_runner.py:76} INFO - Navigating to login: http://mock_portal:5001
[2026-03-23T07:00:59.023+0000] {refresh_runner.py:82} INFO - Authentication successful.
[2026-03-23T07:01:03.736+0000] {refresh_runner.py:76} INFO - Navigating to login: http://mock_portal:5001
[2026-03-23T07:01:08.602+0000] {refresh_runner.py:82} INFO - Authentication successful.
[2026-03-23T07:02:04.220+0000] {local_task_job_runner.py:222} INFO - ::endgroup::
[2026-03-23T07:02:05.848+0000] {process_utils.py:132} INFO - Sending 15 to group 4503. PIDs of all processes in the group: [4514, 4619, 5200, 5841, 6490, 6993, 7698, 8199, 8331, 8333, 8675, 8661, 7849, 7860, 8065, 8104, 8015, 7058, 7060, 7371, 7482, 7313, 6513, 6520, 6729, 6904, 6674, 5868, 5873, 6078, 6314, 6073, 5218, 5219, 5482, 5723, 5448, 4632, 4640, 4934, 5096, 4859, 4503]
[2026-03-23T07:02:05.976+0000] {process_utils.py:87} INFO - Sending the signal 15 to group 4503
[2026-03-23T07:02:06.068+0000] {taskinstance.py:2607} ERROR - Received SIGTERM. Terminating subprocesses.
[2026-03-23T07:02:06.965+0000] {process_utils.py:80} INFO - Process psutil.Process(pid=8661, status='terminated', started='07:02:04') (8661) terminated with exit code None
[2026-03-23T07:02:07.161+0000] {process_utils.py:80} INFO - Process psutil.Process(pid=7860, status='terminated', started='07:01:00') (7860) terminated with exit code None
[2026-03-23T07:02:07.203+0000] {process_utils.py:80} INFO - Process psutil.Process(pid=8675, status='terminated', started='07:02:05') (8675) terminated with exit code None
[2026-03-23T07:02:07.219+0000] {process_utils.py:80} INFO - Process psutil.Process(pid=8104, status='terminated', started='07:01:02') (8104) terminated with exit code None
[2026-03-23T07:02:07.234+0000] {process_utils.py:80} INFO - Process psutil.Process(pid=6520, status='terminated', started='07:00:49') (6520) terminated with exit code None
[2026-03-23T07:02:07.243+0000] {process_utils.py:80} INFO - Process psutil.Process(pid=5873, status='terminated', started='07:00:46') (5873) terminated with exit code None
[2026-03-23T07:02:07.251+0000] {process_utils.py:80} INFO - Process psutil.Process(pid=6904, status='terminated', started='07:00:49') (6904) terminated with exit code None
[2026-03-23T07:02:07.267+0000] {process_utils.py:80} INFO - Process psutil.Process(pid=5868, status='terminated', started='07:00:46') (5868) terminated with exit code None
[2026-03-23T07:02:07.284+0000] {process_utils.py:80} INFO - Process psutil.Process(pid=7849, status='terminated', started='07:01:00') (7849) terminated with exit code None
[2026-03-23T07:02:07.299+0000] {process_utils.py:80} INFO - Process psutil.Process(pid=6314, status='terminated', started='07:00:46') (6314) terminated with exit code None
[2026-03-23T07:02:07.313+0000] {process_utils.py:80} INFO - Process psutil.Process(pid=8333, status='terminated', started='07:01:12') (8333) terminated with exit code None
[2026-03-23T07:02:07.317+0000] {process_utils.py:80} INFO - Process psutil.Process(pid=6490, status='terminated', started='07:00:49') (6490) terminated with exit code None
[2026-03-23T07:02:07.320+0000] {process_utils.py:80} INFO - Process psutil.Process(pid=5448, status='terminated', started='07:00:44') (5448) terminated with exit code None
[2026-03-23T07:02:07.329+0000] {process_utils.py:80} INFO - Process psutil.Process(pid=5218, status='terminated', started='07:00:44') (5218) terminated with exit code None
[2026-03-23T07:02:07.336+0000] {process_utils.py:80} INFO - Process psutil.Process(pid=5482, status='terminated', started='07:00:44') (5482) terminated with exit code None
[2026-03-23T07:02:07.343+0000] {process_utils.py:80} INFO - Process psutil.Process(pid=6993, status='terminated', started='07:00:53') (6993) terminated with exit code None
[2026-03-23T07:02:07.351+0000] {process_utils.py:80} INFO - Process psutil.Process(pid=5219, status='terminated', started='07:00:44') (5219) terminated with exit code None
[2026-03-23T07:02:07.361+0000] {process_utils.py:80} INFO - Process psutil.Process(pid=7313, status='terminated', started='07:00:55') (7313) terminated with exit code None
[2026-03-23T07:02:07.373+0000] {process_utils.py:80} INFO - Process psutil.Process(pid=6078, status='terminated', started='07:00:46') (6078) terminated with exit code None
[2026-03-23T07:02:07.377+0000] {process_utils.py:80} INFO - Process psutil.Process(pid=5200, status='terminated', started='07:00:44') (5200) terminated with exit code None
[2026-03-23T07:02:07.381+0000] {process_utils.py:80} INFO - Process psutil.Process(pid=4934, status='terminated', started='07:00:42') (4934) terminated with exit code None
[2026-03-23T07:02:07.382+0000] {process_utils.py:80} INFO - Process psutil.Process(pid=4619, status='terminated', started='07:00:41') (4619) terminated with exit code None
[2026-03-23T07:02:07.384+0000] {process_utils.py:80} INFO - Process psutil.Process(pid=4859, status='terminated', started='07:00:42') (4859) terminated with exit code None
[2026-03-23T07:02:07.387+0000] {process_utils.py:80} INFO - Process psutil.Process(pid=4632, status='terminated', started='07:00:41') (4632) terminated with exit code None
[2026-03-23T07:02:07.390+0000] {process_utils.py:80} INFO - Process psutil.Process(pid=7698, status='terminated', started='07:00:59') (7698) terminated with exit code None
[2026-03-23T07:02:07.396+0000] {process_utils.py:80} INFO - Process psutil.Process(pid=7371, status='terminated', started='07:00:55') (7371) terminated with exit code None
[2026-03-23T07:02:07.406+0000] {process_utils.py:80} INFO - Process psutil.Process(pid=6674, status='terminated', started='07:00:49') (6674) terminated with exit code None
[2026-03-23T07:02:07.411+0000] {process_utils.py:80} INFO - Process psutil.Process(pid=6729, status='terminated', started='07:00:49') (6729) terminated with exit code None
[2026-03-23T07:02:07.447+0000] {process_utils.py:80} INFO - Process psutil.Process(pid=7058, status='terminated', started='07:00:54') (7058) terminated with exit code None
[2026-03-23T07:02:07.451+0000] {process_utils.py:80} INFO - Process psutil.Process(pid=5841, status='terminated', started='07:00:46') (5841) terminated with exit code None
[2026-03-23T07:02:07.453+0000] {process_utils.py:80} INFO - Process psutil.Process(pid=6073, status='terminated', started='07:00:46') (6073) terminated with exit code None
[2026-03-23T07:02:07.456+0000] {process_utils.py:80} INFO - Process psutil.Process(pid=7060, status='terminated', started='07:00:54') (7060) terminated with exit code None
[2026-03-23T07:02:07.459+0000] {process_utils.py:80} INFO - Process psutil.Process(pid=8331, status='terminated', started='07:01:12') (8331) terminated with exit code None
[2026-03-23T07:02:07.461+0000] {process_utils.py:80} INFO - Process psutil.Process(pid=7482, status='terminated', started='07:00:56') (7482) terminated with exit code None
[2026-03-23T07:02:07.464+0000] {process_utils.py:80} INFO - Process psutil.Process(pid=8065, status='terminated', started='07:01:02') (8065) terminated with exit code None
[2026-03-23T07:02:07.467+0000] {process_utils.py:80} INFO - Process psutil.Process(pid=6513, status='terminated', started='07:00:49') (6513) terminated with exit code None
[2026-03-23T07:02:07.470+0000] {process_utils.py:80} INFO - Process psutil.Process(pid=5723, status='terminated', started='07:00:44') (5723) terminated with exit code None
[2026-03-23T07:02:07.526+0000] {process_utils.py:80} INFO - Process psutil.Process(pid=8015, status='terminated', started='07:01:01') (8015) terminated with exit code None
[2026-03-23T07:02:07.528+0000] {process_utils.py:80} INFO - Process psutil.Process(pid=5096, status='terminated', started='07:00:42') (5096) terminated with exit code None
[2026-03-23T07:02:07.530+0000] {process_utils.py:80} INFO - Process psutil.Process(pid=4640, status='terminated', started='07:00:41') (4640) terminated with exit code None
[2026-03-23T07:02:07.532+0000] {process_utils.py:80} INFO - Process psutil.Process(pid=8199, status='terminated', started='07:01:08') (8199) terminated with exit code None
[2026-03-23T07:02:07.561+0000] {process_utils.py:80} INFO - Process psutil.Process(pid=4514, status='terminated', started='07:00:39') (4514) terminated with exit code None
[2026-03-23T07:02:57.210+0000] {local_task_job_runner.py:124} ERROR - Received SIGTERM. Terminating subprocesses
[2026-03-23T07:02:57.245+0000] {process_utils.py:132} INFO - Sending 15 to group 4503. PIDs of all processes in the group: [4503]
[2026-03-23T07:02:57.251+0000] {process_utils.py:87} INFO - Sending the signal 15 to group 4503
[2026-03-23T07:02:57.268+0000] {taskinstance.py:2607} ERROR - Received SIGTERM. Terminating subprocesses.
[2026-03-23T07:02:57.289+0000] {taskinstance.py:441} INFO - ::group::Post task execution logs
[2026-03-23T07:02:57.701+0000] {taskinstance.py:2890} ERROR - Task failed with exception
Traceback (most recent call last):
  File "/usr/local/lib/python3.12/asyncio/runners.py", line 194, in run
    return runner.run(main)
           ^^^^^^^^^^^^^^^^
  File "/usr/local/lib/python3.12/asyncio/runners.py", line 118, in run
    return self._loop.run_until_complete(task)
           ^^^^^^^^^^^^^^^^^^^^^^^^^^^^^^^^^^^
  File "/usr/local/lib/python3.12/asyncio/base_events.py", line 672, in run_until_complete
    self.run_forever()
  File "/usr/local/lib/python3.12/asyncio/base_events.py", line 639, in run_forever
    self._run_once()
  File "/usr/local/lib/python3.12/asyncio/base_events.py", line 1947, in _run_once
    event_list = self._selector.select(timeout)
                 ^^^^^^^^^^^^^^^^^^^^^^^^^^^^^^
  File "/usr/local/lib/python3.12/selectors.py", line 468, in select
    fd_event_list = self._selector.poll(timeout, max_ev)
                    ^^^^^^^^^^^^^^^^^^^^^^^^^^^^^^^^^^^^
  File "/home/airflow/.local/lib/python3.12/site-packages/airflow/models/taskinstance.py", line 2609, in signal_handler
    raise AirflowTaskTerminated("Task received SIGTERM signal")
airflow.exceptions.AirflowTaskTerminated: Task received SIGTERM signal

During handling of the above exception, another exception occurred:

Traceback (most recent call last):
  File "/home/airflow/.local/lib/python3.12/site-packages/airflow/models/taskinstance.py", line 460, in _execute_task
    result = _execute_callable(context=context, **execute_callable_kwargs)
             ^^^^^^^^^^^^^^^^^^^^^^^^^^^^^^^^^^^^^^^^^^^^^^^^^^^^^^^^^^^^^
  File "/home/airflow/.local/lib/python3.12/site-packages/airflow/models/taskinstance.py", line 432, in _execute_callable
    return execute_callable(context=context, **execute_callable_kwargs)
           ^^^^^^^^^^^^^^^^^^^^^^^^^^^^^^^^^^^^^^^^^^^^^^^^^^^^^^^^^^^^
  File "/home/airflow/.local/lib/python3.12/site-packages/airflow/models/baseoperator.py", line 400, in wrapper
    return func(self, *args, **kwargs)
           ^^^^^^^^^^^^^^^^^^^^^^^^^^^
  File "/home/airflow/.local/lib/python3.12/site-packages/airflow/operators/python.py", line 235, in execute
    return_value = self.execute_callable()
                   ^^^^^^^^^^^^^^^^^^^^^^^
  File "/home/airflow/.local/lib/python3.12/site-packages/airflow/operators/python.py", line 252, in execute_callable
    return self.python_callable(*self.op_args, **self.op_kwargs)
           ^^^^^^^^^^^^^^^^^^^^^^^^^^^^^^^^^^^^^^^^^^^^^^^^^^^^^
  File "/opt/airflow/dags/reporting_refresh_dag.py", line 53, in run_location_batch
    asyncio.run(run_batch(location_ids, concurrency=CONCURRENCY, headless=True))
  File "/usr/local/lib/python3.12/asyncio/runners.py", line 193, in run
    with Runner(debug=debug, loop_factory=loop_factory) as runner:
  File "/usr/local/lib/python3.12/asyncio/runners.py", line 62, in __exit__
    self.close()
  File "/usr/local/lib/python3.12/asyncio/runners.py", line 70, in close
    _cancel_all_tasks(loop)
  File "/usr/local/lib/python3.12/asyncio/runners.py", line 205, in _cancel_all_tasks
    loop.run_until_complete(tasks.gather(*to_cancel, return_exceptions=True))
  File "/usr/local/lib/python3.12/asyncio/base_events.py", line 672, in run_until_complete
    self.run_forever()
  File "/usr/local/lib/python3.12/asyncio/base_events.py", line 639, in run_forever
    self._run_once()
  File "/usr/local/lib/python3.12/asyncio/base_events.py", line 1947, in _run_once
    event_list = self._selector.select(timeout)
                 ^^^^^^^^^^^^^^^^^^^^^^^^^^^^^^
  File "/usr/local/lib/python3.12/selectors.py", line 468, in select
    fd_event_list = self._selector.poll(timeout, max_ev)
                    ^^^^^^^^^^^^^^^^^^^^^^^^^^^^^^^^^^^^
  File "/home/airflow/.local/lib/python3.12/site-packages/airflow/models/taskinstance.py", line 2609, in signal_handler
    raise AirflowTaskTerminated("Task received SIGTERM signal")
airflow.exceptions.AirflowTaskTerminated: Task received SIGTERM signal
[2026-03-23T07:02:57.801+0000] {taskinstance.py:1205} INFO - Marking task as UP_FOR_RETRY. dag_id=reporting_nightly_refresh, task_id=location_batches.batch_006__locs_1201_to_1400, execution_date=20260322T020000, start_date=20260323T070037, end_date=20260323T070257
[2026-03-23T07:02:58.081+0000] {process_utils.py:80} INFO - Process psutil.Process(pid=4503, status='terminated', exitcode=2, started='07:00:38') (4503) terminated with exit code 2
[2026-03-23T07:02:58.102+0000] {local_task_job_runner.py:240} INFO - Task exited with return code 143
[2026-03-23T07:24:07.182+0000] {local_task_job_runner.py:120} INFO - ::group::Pre task execution logs
[2026-03-23T07:24:07.332+0000] {taskinstance.py:2073} INFO - Dependencies all met for dep_context=non-requeueable deps ti=<TaskInstance: reporting_nightly_refresh.location_batches.batch_006__locs_1201_to_1400 scheduled__2026-03-22T02:00:00+00:00 [queued]>
[2026-03-23T07:24:07.350+0000] {taskinstance.py:2073} INFO - Dependencies all met for dep_context=requeueable deps ti=<TaskInstance: reporting_nightly_refresh.location_batches.batch_006__locs_1201_to_1400 scheduled__2026-03-22T02:00:00+00:00 [queued]>
[2026-03-23T07:24:07.351+0000] {taskinstance.py:2303} INFO - Starting attempt 2 of 4
[2026-03-23T07:24:07.380+0000] {taskinstance.py:2327} INFO - Executing <Task(PythonOperator): location_batches.batch_006__locs_1201_to_1400> on 2026-03-22 02:00:00+00:00
[2026-03-23T07:24:07.399+0000] {standard_task_runner.py:90} INFO - Running: ['airflow', 'tasks', 'run', 'reporting_nightly_refresh', 'location_batches.batch_006__locs_1201_to_1400', 'scheduled__2026-03-22T02:00:00+00:00', '--job-id', '17', '--raw', '--subdir', 'DAGS_FOLDER/reporting_refresh_dag.py', '--cfg-path', '/tmp/tmpm86an9ti']
[2026-03-23T07:24:07.405+0000] {standard_task_runner.py:91} INFO - Job 17: Subtask location_batches.batch_006__locs_1201_to_1400
[2026-03-23T07:24:07.405+0000] {logging_mixin.py:188} WARNING - /home/airflow/.local/lib/python3.12/site-packages/airflow/task/task_runner/standard_task_runner.py:61 DeprecationWarning: This process (pid=10208) is multi-threaded, use of fork() may lead to deadlocks in the child.
[2026-03-23T07:24:07.407+0000] {standard_task_runner.py:63} INFO - Started process 10209 to run task
[2026-03-23T07:24:07.666+0000] {task_command.py:426} INFO - Running <TaskInstance: reporting_nightly_refresh.location_batches.batch_006__locs_1201_to_1400 scheduled__2026-03-22T02:00:00+00:00 [running]> on host a693e61dd0e6
[2026-03-23T07:24:08.236+0000] {taskinstance.py:2644} INFO - Exporting env vars: AIRFLOW_CTX_DAG_OWNER='finance-ops' AIRFLOW_CTX_DAG_ID='reporting_nightly_refresh' AIRFLOW_CTX_TASK_ID='location_batches.batch_006__locs_1201_to_1400' AIRFLOW_CTX_EXECUTION_DATE='2026-03-22T02:00:00+00:00' AIRFLOW_CTX_TRY_NUMBER='2' AIRFLOW_CTX_DAG_RUN_ID='scheduled__2026-03-22T02:00:00+00:00'
[2026-03-23T07:24:08.238+0000] {taskinstance.py:430} INFO - ::endgroup::
[2026-03-23T07:24:08.382+0000] {refresh_runner.py:135} INFO - Run 20260323_072408 — 200 locations, concurrency=10
[2026-03-23T07:24:09.330+0000] {refresh_runner.py:76} INFO - Navigating to login: http://mock_portal:5001
[2026-03-23T07:24:10.179+0000] {refresh_runner.py:82} INFO - Authentication successful.
[2026-03-23T07:24:10.538+0000] {refresh_runner.py:76} INFO - Navigating to login: http://mock_portal:5001
[2026-03-23T07:24:11.338+0000] {refresh_runner.py:82} INFO - Authentication successful.
[2026-03-23T07:24:11.767+0000] {refresh_runner.py:76} INFO - Navigating to login: http://mock_portal:5001
[2026-03-23T07:24:12.550+0000] {refresh_runner.py:82} INFO - Authentication successful.
[2026-03-23T07:24:13.397+0000] {refresh_runner.py:76} INFO - Navigating to login: http://mock_portal:5001
[2026-03-23T07:24:14.223+0000] {refresh_runner.py:82} INFO - Authentication successful.
[2026-03-23T07:24:14.596+0000] {refresh_runner.py:76} INFO - Navigating to login: http://mock_portal:5001
[2026-03-23T07:24:15.564+0000] {refresh_runner.py:82} INFO - Authentication successful.
[2026-03-23T07:24:16.005+0000] {refresh_runner.py:76} INFO - Navigating to login: http://mock_portal:5001
[2026-03-23T07:24:16.825+0000] {refresh_runner.py:82} INFO - Authentication successful.
[2026-03-23T07:24:17.201+0000] {refresh_runner.py:76} INFO - Navigating to login: http://mock_portal:5001
[2026-03-23T07:24:18.002+0000] {refresh_runner.py:82} INFO - Authentication successful.
[2026-03-23T07:24:18.381+0000] {refresh_runner.py:76} INFO - Navigating to login: http://mock_portal:5001
[2026-03-23T07:24:19.166+0000] {refresh_runner.py:82} INFO - Authentication successful.
[2026-03-23T07:24:19.540+0000] {refresh_runner.py:76} INFO - Navigating to login: http://mock_portal:5001
[2026-03-23T07:24:20.352+0000] {refresh_runner.py:82} INFO - Authentication successful.
[2026-03-23T07:24:20.704+0000] {refresh_runner.py:76} INFO - Navigating to login: http://mock_portal:5001
[2026-03-23T07:24:21.489+0000] {refresh_runner.py:82} INFO - Authentication successful.
[2026-03-23T07:24:21.788+0000] {taskinstance.py:441} INFO - ::group::Post task execution logs
[2026-03-23T07:24:21.790+0000] {taskinstance.py:2890} ERROR - Task failed with exception
Traceback (most recent call last):
  File "/home/airflow/.local/lib/python3.12/site-packages/airflow/models/taskinstance.py", line 460, in _execute_task
    result = _execute_callable(context=context, **execute_callable_kwargs)
             ^^^^^^^^^^^^^^^^^^^^^^^^^^^^^^^^^^^^^^^^^^^^^^^^^^^^^^^^^^^^^
  File "/home/airflow/.local/lib/python3.12/site-packages/airflow/models/taskinstance.py", line 432, in _execute_callable
    return execute_callable(context=context, **execute_callable_kwargs)
           ^^^^^^^^^^^^^^^^^^^^^^^^^^^^^^^^^^^^^^^^^^^^^^^^^^^^^^^^^^^^
  File "/home/airflow/.local/lib/python3.12/site-packages/airflow/models/baseoperator.py", line 400, in wrapper
    return func(self, *args, **kwargs)
           ^^^^^^^^^^^^^^^^^^^^^^^^^^^
  File "/home/airflow/.local/lib/python3.12/site-packages/airflow/operators/python.py", line 235, in execute
    return_value = self.execute_callable()
                   ^^^^^^^^^^^^^^^^^^^^^^^
  File "/home/airflow/.local/lib/python3.12/site-packages/airflow/operators/python.py", line 252, in execute_callable
    return self.python_callable(*self.op_args, **self.op_kwargs)
           ^^^^^^^^^^^^^^^^^^^^^^^^^^^^^^^^^^^^^^^^^^^^^^^^^^^^^
  File "/opt/airflow/dags/reporting_refresh_dag.py", line 53, in run_location_batch
    asyncio.run(run_batch(location_ids, concurrency=CONCURRENCY, headless=True))
  File "/usr/local/lib/python3.12/asyncio/runners.py", line 194, in run
    return runner.run(main)
           ^^^^^^^^^^^^^^^^
  File "/usr/local/lib/python3.12/asyncio/runners.py", line 118, in run
    return self._loop.run_until_complete(task)
           ^^^^^^^^^^^^^^^^^^^^^^^^^^^^^^^^^^^
  File "/usr/local/lib/python3.12/asyncio/base_events.py", line 685, in run_until_complete
    return future.result()
           ^^^^^^^^^^^^^^^
  File "/opt/airflow/dags/refresh_runner.py", line 160, in run_batch
    await asyncio.gather(*[process(lid) for lid in location_ids])
  File "/opt/airflow/dags/refresh_runner.py", line 155, in process
    ok = await refresh_location(page, pool, loc_id, run_id)
         ^^^^^^^^^^^^^^^^^^^^^^^^^^^^^^^^^^^^^^^^^^^^^^^^^^
  File "/opt/airflow/dags/refresh_runner.py", line 88, in refresh_location
    await log_job_start(pool, location_id, run_id)
  File "/opt/airflow/dags/refresh_runner.py", line 53, in log_job_start
    await cur.execute("""
  File "/home/airflow/.local/lib/python3.12/site-packages/aiomysql/cursors.py", line 239, in execute
    await self._query(query)
  File "/home/airflow/.local/lib/python3.12/site-packages/aiomysql/cursors.py", line 457, in _query
    await conn.query(q)
  File "/home/airflow/.local/lib/python3.12/site-packages/aiomysql/connection.py", line 469, in query
    await self._read_query_result(unbuffered=unbuffered)
  File "/home/airflow/.local/lib/python3.12/site-packages/aiomysql/connection.py", line 683, in _read_query_result
    await result.read()
  File "/home/airflow/.local/lib/python3.12/site-packages/aiomysql/connection.py", line 1164, in read
    first_packet = await self.connection._read_packet()
                   ^^^^^^^^^^^^^^^^^^^^^^^^^^^^^^^^^^^^
  File "/home/airflow/.local/lib/python3.12/site-packages/aiomysql/connection.py", line 652, in _read_packet
    packet.raise_for_error()
  File "/home/airflow/.local/lib/python3.12/site-packages/pymysql/protocol.py", line 219, in raise_for_error
    err.raise_mysql_exception(self._data)
  File "/home/airflow/.local/lib/python3.12/site-packages/pymysql/err.py", line 150, in raise_mysql_exception
    raise errorclass(errno, errval)
pymysql.err.IntegrityError: (1452, 'Cannot add or update a child row: a foreign key constraint fails (`refresh_jobs`.`refresh_jobs`, CONSTRAINT `fk_rj_loc` FOREIGN KEY (`location_id`) REFERENCES `locations` (`location_id`))')
[2026-03-23T07:24:21.860+0000] {taskinstance.py:1205} INFO - Marking task as UP_FOR_RETRY. dag_id=reporting_nightly_refresh, task_id=location_batches.batch_006__locs_1201_to_1400, execution_date=20260322T020000, start_date=20260323T072407, end_date=20260323T072421
[2026-03-23T07:24:21.886+0000] {standard_task_runner.py:110} ERROR - Failed to execute job 17 for task location_batches.batch_006__locs_1201_to_1400 ((1452, 'Cannot add or update a child row: a foreign key constraint fails (`refresh_jobs`.`refresh_jobs`, CONSTRAINT `fk_rj_loc` FOREIGN KEY (`location_id`) REFERENCES `locations` (`location_id`))'); 10209)
[2026-03-23T07:24:21.969+0000] {local_task_job_runner.py:240} INFO - Task exited with return code 1
[2026-03-23T07:24:22.054+0000] {taskinstance.py:3482} INFO - 0 downstream tasks scheduled from follow-on schedule check
[2026-03-23T07:24:22.058+0000] {local_task_job_runner.py:222} INFO - ::endgroup::
