[2026-03-23T05:40:21.439+0000] {local_task_job_runner.py:120} INFO - ::group::Pre task execution logs
[2026-03-23T05:40:21.843+0000] {taskinstance.py:2073} INFO - Dependencies all met for dep_context=non-requeueable deps ti=<TaskInstance: reporting_nightly_refresh.location_batches.batch_006__locs_1201_to_1400 scheduled__2026-03-22T02:00:00+00:00 [queued]>
[2026-03-23T05:40:21.899+0000] {taskinstance.py:2073} INFO - Dependencies all met for dep_context=requeueable deps ti=<TaskInstance: reporting_nightly_refresh.location_batches.batch_006__locs_1201_to_1400 scheduled__2026-03-22T02:00:00+00:00 [queued]>
[2026-03-23T05:40:21.912+0000] {taskinstance.py:2303} INFO - Starting attempt 1 of 4
[2026-03-23T05:40:22.008+0000] {taskinstance.py:2327} INFO - Executing <Task(PythonOperator): location_batches.batch_006__locs_1201_to_1400> on 2026-03-22 02:00:00+00:00
[2026-03-23T05:40:22.067+0000] {standard_task_runner.py:90} INFO - Running: ['airflow', 'tasks', 'run', 'reporting_nightly_refresh', 'location_batches.batch_006__locs_1201_to_1400', 'scheduled__2026-03-22T02:00:00+00:00', '--job-id', '10', '--raw', '--subdir', 'DAGS_FOLDER/lra_refresh_dag.py', '--cfg-path', '/tmp/tmppe65a780']
[2026-03-23T05:40:22.093+0000] {standard_task_runner.py:91} INFO - Job 10: Subtask location_batches.batch_006__locs_1201_to_1400
[2026-03-23T05:40:22.095+0000] {logging_mixin.py:188} WARNING - /home/airflow/.local/lib/python3.12/site-packages/airflow/task/task_runner/standard_task_runner.py:61 DeprecationWarning: This process (pid=178) is multi-threaded, use of fork() may lead to deadlocks in the child.
[2026-03-23T05:40:22.102+0000] {standard_task_runner.py:63} INFO - Started process 190 to run task
[2026-03-23T05:40:23.021+0000] {task_command.py:426} INFO - Running <TaskInstance: reporting_nightly_refresh.location_batches.batch_006__locs_1201_to_1400 scheduled__2026-03-22T02:00:00+00:00 [running]> on host 7849ea7120c5
[2026-03-23T05:40:24.098+0000] {taskinstance.py:2644} INFO - Exporting env vars: AIRFLOW_CTX_DAG_OWNER='finance-ops' AIRFLOW_CTX_DAG_ID='reporting_nightly_refresh' AIRFLOW_CTX_TASK_ID='location_batches.batch_006__locs_1201_to_1400' AIRFLOW_CTX_EXECUTION_DATE='2026-03-22T02:00:00+00:00' AIRFLOW_CTX_TRY_NUMBER='1' AIRFLOW_CTX_DAG_RUN_ID='scheduled__2026-03-22T02:00:00+00:00'
[2026-03-23T05:40:24.104+0000] {taskinstance.py:430} INFO - ::endgroup::
[2026-03-23T05:40:24.221+0000] {lra_refresh_dag.py:51} INFO - Batch 6: 200 locations
[2026-03-23T05:40:25.670+0000] {lra_refresh_dag.py:54} WARNING - STDERR:
Traceback (most recent call last):
  File "/opt/automation/refresh_runner.py", line 25, in <module>
    import aiomysql
ModuleNotFoundError: No module named 'aiomysql'

[2026-03-23T05:40:25.672+0000] {taskinstance.py:441} INFO - ::group::Post task execution logs
[2026-03-23T05:40:25.673+0000] {taskinstance.py:2890} ERROR - Task failed with exception
Traceback (most recent call last):
  File "/home/airflow/.local/lib/python3.12/site-packages/airflow/models/taskinstance.py", line 460, in _execute_task
    result = _execute_callable(context=context, **execute_callable_kwargs)
             ^^^^^^^^^^^^^^^^^^^^^^^^^^^^^^^^^^^^^^^^^^^^^^^^^^^^^^^^^^^^^
  File "/home/airflow/.local/lib/python3.12/site-packages/airflow/models/taskinstance.py", line 432, in _execute_callable
    return execute_callable(context=context, **execute_callable_kwargs)
           ^^^^^^^^^^^^^^^^^^^^^^^^^^^^^^^^^^^^^^^^^^^^^^^^^^^^^^^^^^^^
  File "/home/airflow/.local/lib/python3.12/site-packages/airflow/models/baseoperator.py", line 400, in wrapper
    return func(self, *args, **kwargs)
           ^^^^^^^^^^^^^^^^^^^^^^^^^^^
  File "/home/airflow/.local/lib/python3.12/site-packages/airflow/operators/python.py", line 235, in execute
    return_value = self.execute_callable()
                   ^^^^^^^^^^^^^^^^^^^^^^^
  File "/home/airflow/.local/lib/python3.12/site-packages/airflow/operators/python.py", line 252, in execute_callable
    return self.python_callable(*self.op_args, **self.op_kwargs)
           ^^^^^^^^^^^^^^^^^^^^^^^^^^^^^^^^^^^^^^^^^^^^^^^^^^^^^
  File "/opt/airflow/dags/lra_refresh_dag.py", line 56, in run_location_batch
    raise RuntimeError(f"Batch {batch_index} failed (exit {result.returncode})")
RuntimeError: Batch 6 failed (exit 1)
[2026-03-23T05:40:25.775+0000] {taskinstance.py:1205} INFO - Marking task as UP_FOR_RETRY. dag_id=reporting_nightly_refresh, task_id=location_batches.batch_006__locs_1201_to_1400, execution_date=20260322T020000, start_date=20260323T054021, end_date=20260323T054025
[2026-03-23T05:40:25.803+0000] {standard_task_runner.py:110} ERROR - Failed to execute job 10 for task location_batches.batch_006__locs_1201_to_1400 (Batch 6 failed (exit 1); 190)
[2026-03-23T05:40:25.855+0000] {local_task_job_runner.py:240} INFO - Task exited with return code 1
[2026-03-23T05:40:26.100+0000] {taskinstance.py:3482} INFO - 0 downstream tasks scheduled from follow-on schedule check
[2026-03-23T05:40:26.104+0000] {local_task_job_runner.py:222} INFO - ::endgroup::
[2026-03-23T06:11:47.104+0000] {local_task_job_runner.py:120} INFO - ::group::Pre task execution logs
[2026-03-23T06:11:47.294+0000] {taskinstance.py:2073} INFO - Dependencies all met for dep_context=non-requeueable deps ti=<TaskInstance: reporting_nightly_refresh.location_batches.batch_006__locs_1201_to_1400 scheduled__2026-03-22T02:00:00+00:00 [queued]>
[2026-03-23T06:11:47.326+0000] {taskinstance.py:2073} INFO - Dependencies all met for dep_context=requeueable deps ti=<TaskInstance: reporting_nightly_refresh.location_batches.batch_006__locs_1201_to_1400 scheduled__2026-03-22T02:00:00+00:00 [queued]>
[2026-03-23T06:11:47.331+0000] {taskinstance.py:2303} INFO - Starting attempt 1 of 4
[2026-03-23T06:11:47.394+0000] {taskinstance.py:2327} INFO - Executing <Task(PythonOperator): location_batches.batch_006__locs_1201_to_1400> on 2026-03-22 02:00:00+00:00
[2026-03-23T06:11:47.419+0000] {standard_task_runner.py:90} INFO - Running: ['airflow', 'tasks', 'run', 'reporting_nightly_refresh', 'location_batches.batch_006__locs_1201_to_1400', 'scheduled__2026-03-22T02:00:00+00:00', '--job-id', '3', '--raw', '--subdir', 'DAGS_FOLDER/lra_refresh_dag.py', '--cfg-path', '/tmp/tmpg24er6pn']
[2026-03-23T06:11:47.431+0000] {standard_task_runner.py:91} INFO - Job 3: Subtask location_batches.batch_006__locs_1201_to_1400
[2026-03-23T06:11:47.432+0000] {logging_mixin.py:188} WARNING - /home/airflow/.local/lib/python3.12/site-packages/airflow/task/task_runner/standard_task_runner.py:61 DeprecationWarning: This process (pid=176) is multi-threaded, use of fork() may lead to deadlocks in the child.
[2026-03-23T06:11:47.435+0000] {standard_task_runner.py:63} INFO - Started process 183 to run task
[2026-03-23T06:11:48.024+0000] {task_command.py:426} INFO - Running <TaskInstance: reporting_nightly_refresh.location_batches.batch_006__locs_1201_to_1400 scheduled__2026-03-22T02:00:00+00:00 [running]> on host acc78bbd7e9f
[2026-03-23T06:11:49.168+0000] {taskinstance.py:2644} INFO - Exporting env vars: AIRFLOW_CTX_DAG_OWNER='finance-ops' AIRFLOW_CTX_DAG_ID='reporting_nightly_refresh' AIRFLOW_CTX_TASK_ID='location_batches.batch_006__locs_1201_to_1400' AIRFLOW_CTX_EXECUTION_DATE='2026-03-22T02:00:00+00:00' AIRFLOW_CTX_TRY_NUMBER='1' AIRFLOW_CTX_DAG_RUN_ID='scheduled__2026-03-22T02:00:00+00:00'
[2026-03-23T06:11:49.181+0000] {taskinstance.py:430} INFO - ::endgroup::
[2026-03-23T06:11:49.326+0000] {lra_refresh_dag.py:51} INFO - Batch 6: 200 locations
[2026-03-23T06:11:51.145+0000] {lra_refresh_dag.py:54} WARNING - STDERR:
Traceback (most recent call last):
  File "/opt/automation/refresh_runner.py", line 25, in <module>
    import aiomysql
ModuleNotFoundError: No module named 'aiomysql'

[2026-03-23T06:11:51.147+0000] {taskinstance.py:441} INFO - ::group::Post task execution logs
[2026-03-23T06:11:51.149+0000] {taskinstance.py:2890} ERROR - Task failed with exception
Traceback (most recent call last):
  File "/home/airflow/.local/lib/python3.12/site-packages/airflow/models/taskinstance.py", line 460, in _execute_task
    result = _execute_callable(context=context, **execute_callable_kwargs)
             ^^^^^^^^^^^^^^^^^^^^^^^^^^^^^^^^^^^^^^^^^^^^^^^^^^^^^^^^^^^^^
  File "/home/airflow/.local/lib/python3.12/site-packages/airflow/models/taskinstance.py", line 432, in _execute_callable
    return execute_callable(context=context, **execute_callable_kwargs)
           ^^^^^^^^^^^^^^^^^^^^^^^^^^^^^^^^^^^^^^^^^^^^^^^^^^^^^^^^^^^^
  File "/home/airflow/.local/lib/python3.12/site-packages/airflow/models/baseoperator.py", line 400, in wrapper
    return func(self, *args, **kwargs)
           ^^^^^^^^^^^^^^^^^^^^^^^^^^^
  File "/home/airflow/.local/lib/python3.12/site-packages/airflow/operators/python.py", line 235, in execute
    return_value = self.execute_callable()
                   ^^^^^^^^^^^^^^^^^^^^^^^
  File "/home/airflow/.local/lib/python3.12/site-packages/airflow/operators/python.py", line 252, in execute_callable
    return self.python_callable(*self.op_args, **self.op_kwargs)
           ^^^^^^^^^^^^^^^^^^^^^^^^^^^^^^^^^^^^^^^^^^^^^^^^^^^^^
  File "/opt/airflow/dags/lra_refresh_dag.py", line 56, in run_location_batch
    raise RuntimeError(f"Batch {batch_index} failed (exit {result.returncode})")
RuntimeError: Batch 6 failed (exit 1)
[2026-03-23T06:11:51.316+0000] {taskinstance.py:1205} INFO - Marking task as UP_FOR_RETRY. dag_id=reporting_nightly_refresh, task_id=location_batches.batch_006__locs_1201_to_1400, execution_date=20260322T020000, start_date=20260323T061147, end_date=20260323T061151
[2026-03-23T06:11:51.367+0000] {standard_task_runner.py:110} ERROR - Failed to execute job 3 for task location_batches.batch_006__locs_1201_to_1400 (Batch 6 failed (exit 1); 183)
[2026-03-23T06:11:51.481+0000] {local_task_job_runner.py:240} INFO - Task exited with return code 1
[2026-03-23T06:11:51.796+0000] {taskinstance.py:3482} INFO - 0 downstream tasks scheduled from follow-on schedule check
[2026-03-23T06:11:51.801+0000] {local_task_job_runner.py:222} INFO - ::endgroup::
[2026-03-23T06:15:20.520+0000] {local_task_job_runner.py:120} INFO - ::group::Pre task execution logs
[2026-03-23T06:15:20.691+0000] {taskinstance.py:2073} INFO - Dependencies all met for dep_context=non-requeueable deps ti=<TaskInstance: reporting_nightly_refresh.location_batches.batch_006__locs_1201_to_1400 scheduled__2026-03-22T02:00:00+00:00 [queued]>
[2026-03-23T06:15:20.718+0000] {taskinstance.py:2073} INFO - Dependencies all met for dep_context=requeueable deps ti=<TaskInstance: reporting_nightly_refresh.location_batches.batch_006__locs_1201_to_1400 scheduled__2026-03-22T02:00:00+00:00 [queued]>
[2026-03-23T06:15:20.719+0000] {taskinstance.py:2303} INFO - Starting attempt 1 of 4
[2026-03-23T06:15:20.855+0000] {taskinstance.py:2327} INFO - Executing <Task(PythonOperator): location_batches.batch_006__locs_1201_to_1400> on 2026-03-22 02:00:00+00:00
[2026-03-23T06:15:20.887+0000] {standard_task_runner.py:90} INFO - Running: ['airflow', 'tasks', 'run', 'reporting_nightly_refresh', 'location_batches.batch_006__locs_1201_to_1400', 'scheduled__2026-03-22T02:00:00+00:00', '--job-id', '19', '--raw', '--subdir', 'DAGS_FOLDER/lra_refresh_dag.py', '--cfg-path', '/tmp/tmpkcg9l7pb']
[2026-03-23T06:15:20.904+0000] {standard_task_runner.py:91} INFO - Job 19: Subtask location_batches.batch_006__locs_1201_to_1400
[2026-03-23T06:15:20.907+0000] {logging_mixin.py:188} WARNING - /home/airflow/.local/lib/python3.12/site-packages/airflow/task/task_runner/standard_task_runner.py:61 DeprecationWarning: This process (pid=238) is multi-threaded, use of fork() may lead to deadlocks in the child.
[2026-03-23T06:15:20.912+0000] {standard_task_runner.py:63} INFO - Started process 251 to run task
[2026-03-23T06:15:21.474+0000] {task_command.py:426} INFO - Running <TaskInstance: reporting_nightly_refresh.location_batches.batch_006__locs_1201_to_1400 scheduled__2026-03-22T02:00:00+00:00 [running]> on host acc78bbd7e9f
[2026-03-23T06:15:22.346+0000] {taskinstance.py:2644} INFO - Exporting env vars: AIRFLOW_CTX_DAG_OWNER='finance-ops' AIRFLOW_CTX_DAG_ID='reporting_nightly_refresh' AIRFLOW_CTX_TASK_ID='location_batches.batch_006__locs_1201_to_1400' AIRFLOW_CTX_EXECUTION_DATE='2026-03-22T02:00:00+00:00' AIRFLOW_CTX_TRY_NUMBER='1' AIRFLOW_CTX_DAG_RUN_ID='scheduled__2026-03-22T02:00:00+00:00'
[2026-03-23T06:15:22.352+0000] {taskinstance.py:430} INFO - ::endgroup::
[2026-03-23T06:15:22.411+0000] {lra_refresh_dag.py:51} INFO - Batch 6: 200 locations
[2026-03-23T06:15:23.402+0000] {lra_refresh_dag.py:54} WARNING - STDERR:
Traceback (most recent call last):
  File "/opt/automation/refresh_runner.py", line 25, in <module>
    import aiomysql
ModuleNotFoundError: No module named 'aiomysql'

[2026-03-23T06:15:23.404+0000] {taskinstance.py:441} INFO - ::group::Post task execution logs
[2026-03-23T06:15:23.405+0000] {taskinstance.py:2890} ERROR - Task failed with exception
Traceback (most recent call last):
  File "/home/airflow/.local/lib/python3.12/site-packages/airflow/models/taskinstance.py", line 460, in _execute_task
    result = _execute_callable(context=context, **execute_callable_kwargs)
             ^^^^^^^^^^^^^^^^^^^^^^^^^^^^^^^^^^^^^^^^^^^^^^^^^^^^^^^^^^^^^
  File "/home/airflow/.local/lib/python3.12/site-packages/airflow/models/taskinstance.py", line 432, in _execute_callable
    return execute_callable(context=context, **execute_callable_kwargs)
           ^^^^^^^^^^^^^^^^^^^^^^^^^^^^^^^^^^^^^^^^^^^^^^^^^^^^^^^^^^^^
  File "/home/airflow/.local/lib/python3.12/site-packages/airflow/models/baseoperator.py", line 400, in wrapper
    return func(self, *args, **kwargs)
           ^^^^^^^^^^^^^^^^^^^^^^^^^^^
  File "/home/airflow/.local/lib/python3.12/site-packages/airflow/operators/python.py", line 235, in execute
    return_value = self.execute_callable()
                   ^^^^^^^^^^^^^^^^^^^^^^^
  File "/home/airflow/.local/lib/python3.12/site-packages/airflow/operators/python.py", line 252, in execute_callable
    return self.python_callable(*self.op_args, **self.op_kwargs)
           ^^^^^^^^^^^^^^^^^^^^^^^^^^^^^^^^^^^^^^^^^^^^^^^^^^^^^
  File "/opt/airflow/dags/lra_refresh_dag.py", line 56, in run_location_batch
    raise RuntimeError(f"Batch {batch_index} failed (exit {result.returncode})")
RuntimeError: Batch 6 failed (exit 1)
[2026-03-23T06:15:23.515+0000] {taskinstance.py:1205} INFO - Marking task as UP_FOR_RETRY. dag_id=reporting_nightly_refresh, task_id=location_batches.batch_006__locs_1201_to_1400, execution_date=20260322T020000, start_date=20260323T061520, end_date=20260323T061523
[2026-03-23T06:15:23.549+0000] {standard_task_runner.py:110} ERROR - Failed to execute job 19 for task location_batches.batch_006__locs_1201_to_1400 (Batch 6 failed (exit 1); 251)
[2026-03-23T06:15:23.635+0000] {local_task_job_runner.py:240} INFO - Task exited with return code 1
[2026-03-23T06:15:23.987+0000] {taskinstance.py:3482} INFO - 0 downstream tasks scheduled from follow-on schedule check
[2026-03-23T06:15:23.992+0000] {local_task_job_runner.py:222} INFO - ::endgroup::
[2026-03-23T06:27:33.593+0000] {local_task_job_runner.py:120} INFO - ::group::Pre task execution logs
[2026-03-23T06:27:33.930+0000] {taskinstance.py:2073} INFO - Dependencies all met for dep_context=non-requeueable deps ti=<TaskInstance: reporting_nightly_refresh.location_batches.batch_006__locs_1201_to_1400 scheduled__2026-03-22T02:00:00+00:00 [queued]>
[2026-03-23T06:27:33.966+0000] {taskinstance.py:2073} INFO - Dependencies all met for dep_context=requeueable deps ti=<TaskInstance: reporting_nightly_refresh.location_batches.batch_006__locs_1201_to_1400 scheduled__2026-03-22T02:00:00+00:00 [queued]>
[2026-03-23T06:27:33.968+0000] {taskinstance.py:2303} INFO - Starting attempt 1 of 4
[2026-03-23T06:27:34.065+0000] {taskinstance.py:2327} INFO - Executing <Task(PythonOperator): location_batches.batch_006__locs_1201_to_1400> on 2026-03-22 02:00:00+00:00
[2026-03-23T06:27:34.140+0000] {standard_task_runner.py:90} INFO - Running: ['airflow', 'tasks', 'run', 'reporting_nightly_refresh', 'location_batches.batch_006__locs_1201_to_1400', 'scheduled__2026-03-22T02:00:00+00:00', '--job-id', '6', '--raw', '--subdir', 'DAGS_FOLDER/lra_refresh_dag.py', '--cfg-path', '/tmp/tmpz0uarlcx']
[2026-03-23T06:27:34.172+0000] {logging_mixin.py:188} WARNING - /home/airflow/.local/lib/python3.12/site-packages/airflow/task/task_runner/standard_task_runner.py:61 DeprecationWarning: This process (pid=174) is multi-threaded, use of fork() may lead to deadlocks in the child.
[2026-03-23T06:27:34.188+0000] {standard_task_runner.py:91} INFO - Job 6: Subtask location_batches.batch_006__locs_1201_to_1400
[2026-03-23T06:27:34.191+0000] {standard_task_runner.py:63} INFO - Started process 183 to run task
[2026-03-23T06:27:35.199+0000] {task_command.py:426} INFO - Running <TaskInstance: reporting_nightly_refresh.location_batches.batch_006__locs_1201_to_1400 scheduled__2026-03-22T02:00:00+00:00 [running]> on host 4c525425e255
[2026-03-23T06:27:36.387+0000] {taskinstance.py:2644} INFO - Exporting env vars: AIRFLOW_CTX_DAG_OWNER='finance-ops' AIRFLOW_CTX_DAG_ID='reporting_nightly_refresh' AIRFLOW_CTX_TASK_ID='location_batches.batch_006__locs_1201_to_1400' AIRFLOW_CTX_EXECUTION_DATE='2026-03-22T02:00:00+00:00' AIRFLOW_CTX_TRY_NUMBER='1' AIRFLOW_CTX_DAG_RUN_ID='scheduled__2026-03-22T02:00:00+00:00'
[2026-03-23T06:27:36.397+0000] {taskinstance.py:430} INFO - ::endgroup::
[2026-03-23T06:27:36.536+0000] {lra_refresh_dag.py:51} INFO - Batch 6: 200 locations
[2026-03-23T06:28:54.036+0000] {local_task_job_runner.py:222} INFO - ::endgroup::
[2026-03-23T06:28:56.042+0000] {process_utils.py:132} INFO - Sending 15 to group 183. PIDs of all processes in the group: [195, 206, 296, 898, 2183, 2715, 3271, 3969, 4504, 3374, 3380, 2759, 2213, 967, 320, 321, 516, 183]
[2026-03-23T06:28:56.078+0000] {process_utils.py:87} INFO - Sending the signal 15 to group 183
[2026-03-23T06:28:56.191+0000] {process_utils.py:80} INFO - Process psutil.Process(pid=3969, status='terminated', started='06:28:01') (3969) terminated with exit code None
[2026-03-23T06:28:56.485+0000] {process_utils.py:80} INFO - Process psutil.Process(pid=516, status='terminated', started='06:27:40') (516) terminated with exit code None
[2026-03-23T06:28:56.601+0000] {process_utils.py:80} INFO - Process psutil.Process(pid=4504, status='terminated', started='06:28:06') (4504) terminated with exit code None
[2026-03-23T06:28:56.665+0000] {process_utils.py:80} INFO - Process psutil.Process(pid=898, status='terminated', started='06:27:42') (898) terminated with exit code None
[2026-03-23T06:28:56.789+0000] {process_utils.py:80} INFO - Process psutil.Process(pid=967, status='terminated', started='06:27:42') (967) terminated with exit code None
[2026-03-23T06:28:56.811+0000] {process_utils.py:80} INFO - Process psutil.Process(pid=2759, status='terminated', started='06:27:53') (2759) terminated with exit code None
[2026-03-23T06:28:56.845+0000] {process_utils.py:80} INFO - Process psutil.Process(pid=3374, status='terminated', started='06:27:57') (3374) terminated with exit code None
[2026-03-23T06:28:56.853+0000] {process_utils.py:80} INFO - Process psutil.Process(pid=3380, status='terminated', started='06:27:57') (3380) terminated with exit code None
[2026-03-23T06:28:56.953+0000] {process_utils.py:80} INFO - Process psutil.Process(pid=2715, status='terminated', started='06:27:53') (2715) terminated with exit code None
[2026-03-23T06:28:57.011+0000] {process_utils.py:80} INFO - Process psutil.Process(pid=3271, status='terminated', started='06:27:56') (3271) terminated with exit code None
[2026-03-23T06:28:57.022+0000] {process_utils.py:80} INFO - Process psutil.Process(pid=2183, status='terminated', started='06:27:49') (2183) terminated with exit code None
[2026-03-23T06:28:57.030+0000] {process_utils.py:80} INFO - Process psutil.Process(pid=2213, status='terminated', started='06:27:50') (2213) terminated with exit code None
[2026-03-23T06:28:56.461+0000] {taskinstance.py:2607} ERROR - Received SIGTERM. Terminating subprocesses.
[2026-03-23T06:28:57.215+0000] {process_utils.py:80} INFO - Process psutil.Process(pid=320, status='terminated', started='06:27:40') (320) terminated with exit code None
[2026-03-23T06:28:57.231+0000] {process_utils.py:80} INFO - Process psutil.Process(pid=321, status='terminated', started='06:27:40') (321) terminated with exit code None
[2026-03-23T06:28:57.246+0000] {process_utils.py:80} INFO - Process psutil.Process(pid=296, status='terminated', started='06:27:39') (296) terminated with exit code None
[2026-03-23T06:28:57.358+0000] {taskinstance.py:441} INFO - ::group::Post task execution logs
[2026-03-23T06:28:57.444+0000] {process_utils.py:80} INFO - Process psutil.Process(pid=195, status='terminated', started='06:27:36') (195) terminated with exit code None
[2026-03-23T06:28:57.749+0000] {process_utils.py:80} INFO - Process psutil.Process(pid=206, status='terminated', started='06:27:38') (206) terminated with exit code None
[2026-03-23T06:28:59.108+0000] {taskinstance.py:2890} ERROR - Task failed with exception
Traceback (most recent call last):
  File "/home/airflow/.local/lib/python3.12/site-packages/airflow/models/taskinstance.py", line 460, in _execute_task
    result = _execute_callable(context=context, **execute_callable_kwargs)
             ^^^^^^^^^^^^^^^^^^^^^^^^^^^^^^^^^^^^^^^^^^^^^^^^^^^^^^^^^^^^^
  File "/home/airflow/.local/lib/python3.12/site-packages/airflow/models/taskinstance.py", line 432, in _execute_callable
    return execute_callable(context=context, **execute_callable_kwargs)
           ^^^^^^^^^^^^^^^^^^^^^^^^^^^^^^^^^^^^^^^^^^^^^^^^^^^^^^^^^^^^
  File "/home/airflow/.local/lib/python3.12/site-packages/airflow/models/baseoperator.py", line 400, in wrapper
    return func(self, *args, **kwargs)
           ^^^^^^^^^^^^^^^^^^^^^^^^^^^
  File "/home/airflow/.local/lib/python3.12/site-packages/airflow/operators/python.py", line 235, in execute
    return_value = self.execute_callable()
                   ^^^^^^^^^^^^^^^^^^^^^^^
  File "/home/airflow/.local/lib/python3.12/site-packages/airflow/operators/python.py", line 252, in execute_callable
    return self.python_callable(*self.op_args, **self.op_kwargs)
           ^^^^^^^^^^^^^^^^^^^^^^^^^^^^^^^^^^^^^^^^^^^^^^^^^^^^^
  File "/opt/airflow/dags/lra_refresh_dag.py", line 52, in run_location_batch
    result = subprocess.run(cmd, capture_output=True, text=True, timeout=3600)
             ^^^^^^^^^^^^^^^^^^^^^^^^^^^^^^^^^^^^^^^^^^^^^^^^^^^^^^^^^^^^^^^^^
  File "/usr/local/lib/python3.12/subprocess.py", line 550, in run
    stdout, stderr = process.communicate(input, timeout=timeout)
                     ^^^^^^^^^^^^^^^^^^^^^^^^^^^^^^^^^^^^^^^^^^^
  File "/usr/local/lib/python3.12/subprocess.py", line 1209, in communicate
    stdout, stderr = self._communicate(input, endtime, timeout)
                     ^^^^^^^^^^^^^^^^^^^^^^^^^^^^^^^^^^^^^^^^^^
  File "/usr/local/lib/python3.12/subprocess.py", line 2113, in _communicate
    ready = selector.select(timeout)
            ^^^^^^^^^^^^^^^^^^^^^^^^
  File "/usr/local/lib/python3.12/selectors.py", line 415, in select
    fd_event_list = self._selector.poll(timeout)
                    ^^^^^^^^^^^^^^^^^^^^^^^^^^^^
  File "/home/airflow/.local/lib/python3.12/site-packages/airflow/models/taskinstance.py", line 2609, in signal_handler
    raise AirflowTaskTerminated("Task received SIGTERM signal")
airflow.exceptions.AirflowTaskTerminated: Task received SIGTERM signal
[2026-03-23T06:28:59.274+0000] {taskinstance.py:1205} INFO - Marking task as UP_FOR_RETRY. dag_id=reporting_nightly_refresh, task_id=location_batches.batch_006__locs_1201_to_1400, execution_date=20260322T020000, start_date=20260323T062733, end_date=20260323T062859
[2026-03-23T06:29:03.731+0000] {process_utils.py:80} INFO - Process psutil.Process(pid=183, status='terminated', exitcode=2, started='06:27:33') (183) terminated with exit code 2
