[2026-03-23T06:05:53.646+0000] {local_task_job_runner.py:120} INFO - ::group::Pre task execution logs
[2026-03-23T06:05:53.767+0000] {taskinstance.py:2073} INFO - Dependencies all met for dep_context=non-requeueable deps ti=<TaskInstance: reporting_nightly_refresh.location_batches.batch_006__locs_1201_to_1400 scheduled__2026-03-22T02:00:00+00:00 [queued]>
[2026-03-23T06:05:53.787+0000] {taskinstance.py:2073} INFO - Dependencies all met for dep_context=requeueable deps ti=<TaskInstance: reporting_nightly_refresh.location_batches.batch_006__locs_1201_to_1400 scheduled__2026-03-22T02:00:00+00:00 [queued]>
[2026-03-23T06:05:53.789+0000] {taskinstance.py:2303} INFO - Starting attempt 3 of 4
[2026-03-23T06:05:53.821+0000] {taskinstance.py:2327} INFO - Executing <Task(PythonOperator): location_batches.batch_006__locs_1201_to_1400> on 2026-03-22 02:00:00+00:00
[2026-03-23T06:05:53.860+0000] {logging_mixin.py:188} WARNING - /home/airflow/.local/lib/python3.12/site-packages/airflow/task/task_runner/standard_task_runner.py:61 DeprecationWarning: This process (pid=495) is multi-threaded, use of fork() may lead to deadlocks in the child.
[2026-03-23T06:05:53.850+0000] {standard_task_runner.py:90} INFO - Running: ['airflow', 'tasks', 'run', 'reporting_nightly_refresh', 'location_batches.batch_006__locs_1201_to_1400', 'scheduled__2026-03-22T02:00:00+00:00', '--job-id', '26', '--raw', '--subdir', 'DAGS_FOLDER/lra_refresh_dag.py', '--cfg-path', '/tmp/tmp50qektqo']
[2026-03-23T06:05:53.863+0000] {standard_task_runner.py:63} INFO - Started process 496 to run task
[2026-03-23T06:05:53.863+0000] {standard_task_runner.py:91} INFO - Job 26: Subtask location_batches.batch_006__locs_1201_to_1400
[2026-03-23T06:05:54.266+0000] {task_command.py:426} INFO - Running <TaskInstance: reporting_nightly_refresh.location_batches.batch_006__locs_1201_to_1400 scheduled__2026-03-22T02:00:00+00:00 [running]> on host 7849ea7120c5
[2026-03-23T06:05:54.770+0000] {taskinstance.py:2644} INFO - Exporting env vars: AIRFLOW_CTX_DAG_OWNER='finance-ops' AIRFLOW_CTX_DAG_ID='reporting_nightly_refresh' AIRFLOW_CTX_TASK_ID='location_batches.batch_006__locs_1201_to_1400' AIRFLOW_CTX_EXECUTION_DATE='2026-03-22T02:00:00+00:00' AIRFLOW_CTX_TRY_NUMBER='3' AIRFLOW_CTX_DAG_RUN_ID='scheduled__2026-03-22T02:00:00+00:00'
[2026-03-23T06:05:54.774+0000] {taskinstance.py:430} INFO - ::endgroup::
[2026-03-23T06:05:54.854+0000] {lra_refresh_dag.py:51} INFO - Batch 6: 200 locations
[2026-03-23T06:05:55.668+0000] {lra_refresh_dag.py:54} WARNING - STDERR:
Traceback (most recent call last):
  File "/opt/automation/refresh_runner.py", line 25, in <module>
    import aiomysql
ModuleNotFoundError: No module named 'aiomysql'

[2026-03-23T06:05:55.669+0000] {taskinstance.py:441} INFO - ::group::Post task execution logs
[2026-03-23T06:05:55.670+0000] {taskinstance.py:2890} ERROR - Task failed with exception
Traceback (most recent call last):
  File "/home/airflow/.local/lib/python3.12/site-packages/airflow/models/taskinstance.py", line 460, in _execute_task
    result = _execute_callable(context=context, **execute_callable_kwargs)
             ^^^^^^^^^^^^^^^^^^^^^^^^^^^^^^^^^^^^^^^^^^^^^^^^^^^^^^^^^^^^^
  File "/home/airflow/.local/lib/python3.12/site-packages/airflow/models/taskinstance.py", line 432, in _execute_callable
    return execute_callable(context=context, **execute_callable_kwargs)
           ^^^^^^^^^^^^^^^^^^^^^^^^^^^^^^^^^^^^^^^^^^^^^^^^^^^^^^^^^^^^
  File "/home/airflow/.local/lib/python3.12/site-packages/airflow/models/baseoperator.py", line 400, in wrapper
    return func(self, *args, **kwargs)
           ^^^^^^^^^^^^^^^^^^^^^^^^^^^
  File "/home/airflow/.local/lib/python3.12/site-packages/airflow/operators/python.py", line 235, in execute
    return_value = self.execute_callable()
                   ^^^^^^^^^^^^^^^^^^^^^^^
  File "/home/airflow/.local/lib/python3.12/site-packages/airflow/operators/python.py", line 252, in execute_callable
    return self.python_callable(*self.op_args, **self.op_kwargs)
           ^^^^^^^^^^^^^^^^^^^^^^^^^^^^^^^^^^^^^^^^^^^^^^^^^^^^^
  File "/opt/airflow/dags/lra_refresh_dag.py", line 56, in run_location_batch
    raise RuntimeError(f"Batch {batch_index} failed (exit {result.returncode})")
RuntimeError: Batch 6 failed (exit 1)
[2026-03-23T06:05:55.734+0000] {taskinstance.py:1205} INFO - Marking task as UP_FOR_RETRY. dag_id=reporting_nightly_refresh, task_id=location_batches.batch_006__locs_1201_to_1400, execution_date=20260322T020000, start_date=20260323T060553, end_date=20260323T060555
[2026-03-23T06:05:55.758+0000] {standard_task_runner.py:110} ERROR - Failed to execute job 26 for task location_batches.batch_006__locs_1201_to_1400 (Batch 6 failed (exit 1); 496)
[2026-03-23T06:05:55.809+0000] {local_task_job_runner.py:240} INFO - Task exited with return code 1
[2026-03-23T06:05:55.904+0000] {taskinstance.py:3482} INFO - 0 downstream tasks scheduled from follow-on schedule check
[2026-03-23T06:05:55.908+0000] {local_task_job_runner.py:222} INFO - ::endgroup::
