[2026-03-23T07:45:49.826+0000] {local_task_job_runner.py:120} INFO - ::group::Pre task execution logs
[2026-03-23T07:45:49.948+0000] {taskinstance.py:2073} INFO - Dependencies all met for dep_context=non-requeueable deps ti=<TaskInstance: reporting_nightly_refresh.location_batches.batch_000__locs_1_to_20 manual__2026-03-23T07:44:58+00:00 [queued]>
[2026-03-23T07:45:49.963+0000] {taskinstance.py:2073} INFO - Dependencies all met for dep_context=requeueable deps ti=<TaskInstance: reporting_nightly_refresh.location_batches.batch_000__locs_1_to_20 manual__2026-03-23T07:44:58+00:00 [queued]>
[2026-03-23T07:45:49.965+0000] {taskinstance.py:2303} INFO - Starting attempt 1 of 4
[2026-03-23T07:45:49.993+0000] {taskinstance.py:2327} INFO - Executing <Task(PythonOperator): location_batches.batch_000__locs_1_to_20> on 2026-03-23 07:44:58+00:00
[2026-03-23T07:45:50.011+0000] {standard_task_runner.py:90} INFO - Running: ['airflow', 'tasks', 'run', 'reporting_nightly_refresh', 'location_batches.batch_000__locs_1_to_20', 'manual__2026-03-23T07:44:58+00:00', '--job-id', '41', '--raw', '--subdir', 'DAGS_FOLDER/reporting_refresh_dag.py', '--cfg-path', '/tmp/tmp0qtrtszj']
[2026-03-23T07:45:50.016+0000] {standard_task_runner.py:91} INFO - Job 41: Subtask location_batches.batch_000__locs_1_to_20
[2026-03-23T07:45:50.017+0000] {logging_mixin.py:188} WARNING - /home/airflow/.local/lib/python3.12/site-packages/airflow/task/task_runner/standard_task_runner.py:61 DeprecationWarning: This process (pid=19647) is multi-threaded, use of fork() may lead to deadlocks in the child.
[2026-03-23T07:45:50.019+0000] {standard_task_runner.py:63} INFO - Started process 19648 to run task
[2026-03-23T07:45:50.274+0000] {task_command.py:426} INFO - Running <TaskInstance: reporting_nightly_refresh.location_batches.batch_000__locs_1_to_20 manual__2026-03-23T07:44:58+00:00 [running]> on host a693e61dd0e6
[2026-03-23T07:45:50.628+0000] {taskinstance.py:2644} INFO - Exporting env vars: AIRFLOW_CTX_DAG_OWNER='finance-ops' AIRFLOW_CTX_DAG_ID='reporting_nightly_refresh' AIRFLOW_CTX_TASK_ID='location_batches.batch_000__locs_1_to_20' AIRFLOW_CTX_EXECUTION_DATE='2026-03-23T07:44:58+00:00' AIRFLOW_CTX_TRY_NUMBER='1' AIRFLOW_CTX_DAG_RUN_ID='manual__2026-03-23T07:44:58+00:00'
[2026-03-23T07:45:50.630+0000] {taskinstance.py:430} INFO - ::endgroup::
[2026-03-23T07:45:50.653+0000] {reporting_refresh_dag.py:50} INFO - Batch 0: 20 locations
[2026-03-23T07:45:50.763+0000] {refresh_runner.py:135} INFO - Run 20260323_074550 — 20 locations, concurrency=5
[2026-03-23T07:45:51.659+0000] {refresh_runner.py:76} INFO - Navigating to login: http://mock_portal:5001
[2026-03-23T07:45:52.470+0000] {refresh_runner.py:82} INFO - Authentication successful.
[2026-03-23T07:45:52.796+0000] {refresh_runner.py:76} INFO - Navigating to login: http://mock_portal:5001
[2026-03-23T07:45:53.592+0000] {refresh_runner.py:82} INFO - Authentication successful.
[2026-03-23T07:45:53.909+0000] {refresh_runner.py:76} INFO - Navigating to login: http://mock_portal:5001
[2026-03-23T07:45:54.815+0000] {refresh_runner.py:82} INFO - Authentication successful.
[2026-03-23T07:45:55.188+0000] {refresh_runner.py:76} INFO - Navigating to login: http://mock_portal:5001
[2026-03-23T07:45:56.276+0000] {refresh_runner.py:82} INFO - Authentication successful.
[2026-03-23T07:45:56.616+0000] {refresh_runner.py:76} INFO - Navigating to login: http://mock_portal:5001
[2026-03-23T07:45:57.393+0000] {refresh_runner.py:82} INFO - Authentication successful.
[2026-03-23T07:45:57.406+0000] {refresh_runner.py:90} INFO - Refreshing location 1 ...
[2026-03-23T07:45:57.424+0000] {refresh_runner.py:90} INFO - Refreshing location 2 ...
[2026-03-23T07:45:57.446+0000] {refresh_runner.py:90} INFO - Refreshing location 3 ...
[2026-03-23T07:45:57.466+0000] {refresh_runner.py:90} INFO - Refreshing location 4 ...
[2026-03-23T07:45:57.487+0000] {refresh_runner.py:90} INFO - Refreshing location 5 ...
[2026-03-23T07:45:57.782+0000] {refresh_runner.py:103} INFO - Location 1: COMPLETE
[2026-03-23T07:45:57.797+0000] {refresh_runner.py:103} INFO - Location 2: COMPLETE
[2026-03-23T07:45:57.798+0000] {refresh_runner.py:103} INFO - Location 3: COMPLETE
[2026-03-23T07:45:57.800+0000] {refresh_runner.py:103} INFO - Location 4: COMPLETE
[2026-03-23T07:45:57.802+0000] {refresh_runner.py:103} INFO - Location 5: COMPLETE
[2026-03-23T07:45:57.808+0000] {refresh_runner.py:90} INFO - Refreshing location 6 ...
[2026-03-23T07:45:57.829+0000] {refresh_runner.py:90} INFO - Refreshing location 7 ...
[2026-03-23T07:45:57.850+0000] {refresh_runner.py:90} INFO - Refreshing location 8 ...
[2026-03-23T07:45:57.872+0000] {refresh_runner.py:90} INFO - Refreshing location 9 ...
[2026-03-23T07:45:57.912+0000] {refresh_runner.py:90} INFO - Refreshing location 10 ...
[2026-03-23T07:45:58.272+0000] {refresh_runner.py:103} INFO - Location 6: COMPLETE
[2026-03-23T07:45:58.274+0000] {refresh_runner.py:103} INFO - Location 7: COMPLETE
[2026-03-23T07:45:58.295+0000] {refresh_runner.py:103} INFO - Location 8: COMPLETE
[2026-03-23T07:45:58.297+0000] {refresh_runner.py:103} INFO - Location 9: COMPLETE
[2026-03-23T07:45:58.301+0000] {refresh_runner.py:103} INFO - Location 10: COMPLETE
[2026-03-23T07:45:58.310+0000] {refresh_runner.py:90} INFO - Refreshing location 11 ...
[2026-03-23T07:45:58.328+0000] {refresh_runner.py:90} INFO - Refreshing location 12 ...
[2026-03-23T07:45:58.351+0000] {refresh_runner.py:90} INFO - Refreshing location 13 ...
[2026-03-23T07:45:58.405+0000] {refresh_runner.py:90} INFO - Refreshing location 14 ...
[2026-03-23T07:45:58.461+0000] {refresh_runner.py:90} INFO - Refreshing location 15 ...
[2026-03-23T07:45:58.748+0000] {refresh_runner.py:103} INFO - Location 11: COMPLETE
[2026-03-23T07:45:58.772+0000] {refresh_runner.py:103} INFO - Location 12: COMPLETE
[2026-03-23T07:45:58.788+0000] {refresh_runner.py:103} INFO - Location 13: COMPLETE
[2026-03-23T07:45:58.790+0000] {refresh_runner.py:103} INFO - Location 14: COMPLETE
[2026-03-23T07:45:58.793+0000] {refresh_runner.py:103} INFO - Location 15: COMPLETE
[2026-03-23T07:45:58.800+0000] {refresh_runner.py:90} INFO - Refreshing location 16 ...
[2026-03-23T07:45:58.822+0000] {refresh_runner.py:90} INFO - Refreshing location 17 ...
[2026-03-23T07:45:58.868+0000] {refresh_runner.py:90} INFO - Refreshing location 18 ...
[2026-03-23T07:45:58.883+0000] {refresh_runner.py:90} INFO - Refreshing location 19 ...
[2026-03-23T07:45:58.898+0000] {refresh_runner.py:90} INFO - Refreshing location 20 ...
[2026-03-23T07:45:59.073+0000] {refresh_runner.py:103} INFO - Location 16: COMPLETE
[2026-03-23T07:45:59.146+0000] {refresh_runner.py:103} INFO - Location 17: COMPLETE
[2026-03-23T07:45:59.148+0000] {refresh_runner.py:103} INFO - Location 18: COMPLETE
[2026-03-23T07:45:59.149+0000] {refresh_runner.py:103} INFO - Location 19: COMPLETE
[2026-03-23T07:45:59.152+0000] {refresh_runner.py:103} INFO - Location 20: COMPLETE
[2026-03-23T07:45:59.744+0000] {refresh_runner.py:168} INFO - Run 20260323_074550 complete — Success: 20, Failure: 0
[2026-03-23T07:45:59.748+0000] {python.py:237} INFO - Done. Returned value was: None
[2026-03-23T07:45:59.749+0000] {taskinstance.py:441} INFO - ::group::Post task execution logs
[2026-03-23T07:45:59.809+0000] {taskinstance.py:1205} INFO - Marking task as SUCCESS. dag_id=reporting_nightly_refresh, task_id=location_batches.batch_000__locs_1_to_20, execution_date=20260323T074458, start_date=20260323T074549, end_date=20260323T074559
[2026-03-23T07:45:59.912+0000] {local_task_job_runner.py:240} INFO - Task exited with return code 0
[2026-03-23T07:45:59.994+0000] {taskinstance.py:3482} INFO - 1 downstream tasks scheduled from follow-on schedule check
[2026-03-23T07:46:00.004+0000] {local_task_job_runner.py:222} INFO - ::endgroup::
