[2026-03-23T07:45:32.751+0000] {local_task_job_runner.py:120} INFO - ::group::Pre task execution logs
[2026-03-23T07:45:32.870+0000] {taskinstance.py:2073} INFO - Dependencies all met for dep_context=non-requeueable deps ti=<TaskInstance: reporting_nightly_refresh.location_batches.batch_000__locs_1_to_20 manual__2026-03-23T07:40:26+00:00 [queued]>
[2026-03-23T07:45:32.885+0000] {taskinstance.py:2073} INFO - Dependencies all met for dep_context=requeueable deps ti=<TaskInstance: reporting_nightly_refresh.location_batches.batch_000__locs_1_to_20 manual__2026-03-23T07:40:26+00:00 [queued]>
[2026-03-23T07:45:32.887+0000] {taskinstance.py:2303} INFO - Starting attempt 1 of 4
[2026-03-23T07:45:32.916+0000] {taskinstance.py:2327} INFO - Executing <Task(PythonOperator): location_batches.batch_000__locs_1_to_20> on 2026-03-23 07:40:26+00:00
[2026-03-23T07:45:32.933+0000] {standard_task_runner.py:90} INFO - Running: ['airflow', 'tasks', 'run', 'reporting_nightly_refresh', 'location_batches.batch_000__locs_1_to_20', 'manual__2026-03-23T07:40:26+00:00', '--job-id', '39', '--raw', '--subdir', 'DAGS_FOLDER/reporting_refresh_dag.py', '--cfg-path', '/tmp/tmp_m68pih5']
[2026-03-23T07:45:32.938+0000] {standard_task_runner.py:91} INFO - Job 39: Subtask location_batches.batch_000__locs_1_to_20
[2026-03-23T07:45:32.939+0000] {logging_mixin.py:188} WARNING - /home/airflow/.local/lib/python3.12/site-packages/airflow/task/task_runner/standard_task_runner.py:61 DeprecationWarning: This process (pid=19296) is multi-threaded, use of fork() may lead to deadlocks in the child.
[2026-03-23T07:45:32.941+0000] {standard_task_runner.py:63} INFO - Started process 19297 to run task
[2026-03-23T07:45:33.178+0000] {task_command.py:426} INFO - Running <TaskInstance: reporting_nightly_refresh.location_batches.batch_000__locs_1_to_20 manual__2026-03-23T07:40:26+00:00 [running]> on host a693e61dd0e6
[2026-03-23T07:45:33.512+0000] {taskinstance.py:2644} INFO - Exporting env vars: AIRFLOW_CTX_DAG_OWNER='finance-ops' AIRFLOW_CTX_DAG_ID='reporting_nightly_refresh' AIRFLOW_CTX_TASK_ID='location_batches.batch_000__locs_1_to_20' AIRFLOW_CTX_EXECUTION_DATE='2026-03-23T07:40:26+00:00' AIRFLOW_CTX_TRY_NUMBER='1' AIRFLOW_CTX_DAG_RUN_ID='manual__2026-03-23T07:40:26+00:00'
[2026-03-23T07:45:33.515+0000] {taskinstance.py:430} INFO - ::endgroup::
[2026-03-23T07:45:33.538+0000] {reporting_refresh_dag.py:50} INFO - Batch 0: 20 locations
[2026-03-23T07:45:33.659+0000] {refresh_runner.py:135} INFO - Run 20260323_074533 — 20 locations, concurrency=5
[2026-03-23T07:45:34.819+0000] {refresh_runner.py:76} INFO - Navigating to login: http://mock_portal:5001
[2026-03-23T07:45:35.636+0000] {refresh_runner.py:82} INFO - Authentication successful.
[2026-03-23T07:45:35.973+0000] {refresh_runner.py:76} INFO - Navigating to login: http://mock_portal:5001
[2026-03-23T07:45:36.776+0000] {refresh_runner.py:82} INFO - Authentication successful.
[2026-03-23T07:45:37.134+0000] {refresh_runner.py:76} INFO - Navigating to login: http://mock_portal:5001
[2026-03-23T07:45:37.917+0000] {refresh_runner.py:82} INFO - Authentication successful.
[2026-03-23T07:45:38.269+0000] {refresh_runner.py:76} INFO - Navigating to login: http://mock_portal:5001
[2026-03-23T07:45:39.045+0000] {refresh_runner.py:82} INFO - Authentication successful.
[2026-03-23T07:45:39.369+0000] {refresh_runner.py:76} INFO - Navigating to login: http://mock_portal:5001
[2026-03-23T07:45:40.165+0000] {refresh_runner.py:82} INFO - Authentication successful.
[2026-03-23T07:45:40.179+0000] {refresh_runner.py:90} INFO - Refreshing location 1 ...
[2026-03-23T07:45:40.199+0000] {refresh_runner.py:90} INFO - Refreshing location 2 ...
[2026-03-23T07:45:40.214+0000] {refresh_runner.py:90} INFO - Refreshing location 3 ...
[2026-03-23T07:45:40.238+0000] {refresh_runner.py:90} INFO - Refreshing location 4 ...
[2026-03-23T07:45:40.257+0000] {refresh_runner.py:90} INFO - Refreshing location 5 ...
[2026-03-23T07:45:40.568+0000] {refresh_runner.py:103} INFO - Location 1: COMPLETE
[2026-03-23T07:45:40.583+0000] {refresh_runner.py:103} INFO - Location 2: COMPLETE
[2026-03-23T07:45:40.585+0000] {refresh_runner.py:103} INFO - Location 3: COMPLETE
[2026-03-23T07:45:40.587+0000] {refresh_runner.py:103} INFO - Location 4: COMPLETE
[2026-03-23T07:45:40.590+0000] {refresh_runner.py:103} INFO - Location 5: COMPLETE
[2026-03-23T07:45:40.597+0000] {refresh_runner.py:90} INFO - Refreshing location 6 ...
[2026-03-23T07:45:40.615+0000] {refresh_runner.py:90} INFO - Refreshing location 9 ...
[2026-03-23T07:45:40.631+0000] {refresh_runner.py:90} INFO - Refreshing location 8 ...
[2026-03-23T07:45:40.648+0000] {refresh_runner.py:90} INFO - Refreshing location 7 ...
[2026-03-23T07:45:40.694+0000] {refresh_runner.py:90} INFO - Refreshing location 10 ...
[2026-03-23T07:45:40.933+0000] {refresh_runner.py:103} INFO - Location 6: COMPLETE
[2026-03-23T07:45:40.951+0000] {refresh_runner.py:103} INFO - Location 9: COMPLETE
[2026-03-23T07:45:40.953+0000] {refresh_runner.py:103} INFO - Location 8: COMPLETE
[2026-03-23T07:45:40.973+0000] {refresh_runner.py:103} INFO - Location 7: COMPLETE
[2026-03-23T07:45:40.978+0000] {refresh_runner.py:103} INFO - Location 10: COMPLETE
[2026-03-23T07:45:40.980+0000] {refresh_runner.py:90} INFO - Refreshing location 11 ...
[2026-03-23T07:45:41.003+0000] {refresh_runner.py:90} INFO - Refreshing location 12 ...
[2026-03-23T07:45:41.024+0000] {refresh_runner.py:90} INFO - Refreshing location 13 ...
[2026-03-23T07:45:41.089+0000] {refresh_runner.py:90} INFO - Refreshing location 15 ...
[2026-03-23T07:45:41.110+0000] {refresh_runner.py:90} INFO - Refreshing location 14 ...
[2026-03-23T07:45:41.360+0000] {refresh_runner.py:103} INFO - Location 11: COMPLETE
[2026-03-23T07:45:41.396+0000] {refresh_runner.py:103} INFO - Location 12: COMPLETE
[2026-03-23T07:45:41.434+0000] {refresh_runner.py:103} INFO - Location 13: COMPLETE
[2026-03-23T07:45:41.435+0000] {refresh_runner.py:90} INFO - Refreshing location 16 ...
[2026-03-23T07:45:41.455+0000] {refresh_runner.py:103} INFO - Location 15: COMPLETE
[2026-03-23T07:45:41.457+0000] {refresh_runner.py:90} INFO - Refreshing location 17 ...
[2026-03-23T07:45:41.476+0000] {refresh_runner.py:103} INFO - Location 14: COMPLETE
[2026-03-23T07:45:41.497+0000] {refresh_runner.py:90} INFO - Refreshing location 18 ...
[2026-03-23T07:45:41.516+0000] {refresh_runner.py:90} INFO - Refreshing location 19 ...
[2026-03-23T07:45:41.592+0000] {refresh_runner.py:90} INFO - Refreshing location 20 ...
[2026-03-23T07:45:41.811+0000] {refresh_runner.py:103} INFO - Location 16: COMPLETE
[2026-03-23T07:45:41.813+0000] {refresh_runner.py:103} INFO - Location 17: COMPLETE
[2026-03-23T07:45:41.845+0000] {refresh_runner.py:103} INFO - Location 18: COMPLETE
[2026-03-23T07:45:41.846+0000] {refresh_runner.py:103} INFO - Location 19: COMPLETE
[2026-03-23T07:45:41.849+0000] {refresh_runner.py:103} INFO - Location 20: COMPLETE
[2026-03-23T07:45:42.495+0000] {refresh_runner.py:168} INFO - Run 20260323_074533 complete — Success: 20, Failure: 0
[2026-03-23T07:45:42.501+0000] {python.py:237} INFO - Done. Returned value was: None
[2026-03-23T07:45:42.504+0000] {taskinstance.py:441} INFO - ::group::Post task execution logs
[2026-03-23T07:45:42.608+0000] {taskinstance.py:1205} INFO - Marking task as SUCCESS. dag_id=reporting_nightly_refresh, task_id=location_batches.batch_000__locs_1_to_20, execution_date=20260323T074026, start_date=20260323T074532, end_date=20260323T074542
[2026-03-23T07:45:42.733+0000] {local_task_job_runner.py:240} INFO - Task exited with return code 0
[2026-03-23T07:45:42.855+0000] {taskinstance.py:3482} INFO - 0 downstream tasks scheduled from follow-on schedule check
[2026-03-23T07:45:42.859+0000] {local_task_job_runner.py:222} INFO - ::endgroup::
