[2026-03-23T05:40:15.688+0000] {processor.py:161} INFO - Started process (PID=168) to work on /opt/airflow/dags/lra_refresh_dag.py
[2026-03-23T05:40:15.694+0000] {processor.py:830} INFO - Processing file /opt/airflow/dags/lra_refresh_dag.py for tasks to queue
[2026-03-23T05:40:15.708+0000] {logging_mixin.py:188} INFO - [2026-03-23T05:40:15.705+0000] {dagbag.py:540} INFO - Filling up the DagBag from /opt/airflow/dags/lra_refresh_dag.py
[2026-03-23T05:40:15.950+0000] {processor.py:840} INFO - DAG(s) 'reporting_nightly_refresh' retrieved from /opt/airflow/dags/lra_refresh_dag.py
[2026-03-23T05:40:16.722+0000] {logging_mixin.py:188} INFO - [2026-03-23T05:40:16.721+0000] {override.py:1829} INFO - Created Permission View: can edit on DAG:reporting_nightly_refresh
[2026-03-23T05:40:16.745+0000] {logging_mixin.py:188} INFO - [2026-03-23T05:40:16.744+0000] {override.py:1829} INFO - Created Permission View: can delete on DAG:reporting_nightly_refresh
[2026-03-23T05:40:16.761+0000] {logging_mixin.py:188} INFO - [2026-03-23T05:40:16.761+0000] {override.py:1829} INFO - Created Permission View: can read on DAG:reporting_nightly_refresh
[2026-03-23T05:40:16.763+0000] {logging_mixin.py:188} INFO - [2026-03-23T05:40:16.762+0000] {dag.py:3096} INFO - Sync 1 DAGs
[2026-03-23T05:40:16.794+0000] {logging_mixin.py:188} INFO - [2026-03-23T05:40:16.793+0000] {dag.py:3118} INFO - Creating ORM DAG for reporting_nightly_refresh
[2026-03-23T05:40:16.828+0000] {logging_mixin.py:188} INFO - [2026-03-23T05:40:16.827+0000] {dag.py:3954} INFO - Setting next_dagrun for reporting_nightly_refresh to 2026-03-22 02:00:00+00:00, run_after=2026-03-23 02:00:00+00:00
[2026-03-23T05:40:16.885+0000] {processor.py:183} INFO - Processing /opt/airflow/dags/lra_refresh_dag.py took 1.243 seconds
[2026-03-23T05:40:47.075+0000] {processor.py:161} INFO - Started process (PID=200) to work on /opt/airflow/dags/lra_refresh_dag.py
[2026-03-23T05:40:47.078+0000] {processor.py:830} INFO - Processing file /opt/airflow/dags/lra_refresh_dag.py for tasks to queue
[2026-03-23T05:40:47.082+0000] {logging_mixin.py:188} INFO - [2026-03-23T05:40:47.081+0000] {dagbag.py:540} INFO - Filling up the DagBag from /opt/airflow/dags/lra_refresh_dag.py
[2026-03-23T05:40:47.236+0000] {processor.py:840} INFO - DAG(s) 'reporting_nightly_refresh' retrieved from /opt/airflow/dags/lra_refresh_dag.py
[2026-03-23T05:40:47.286+0000] {logging_mixin.py:188} INFO - [2026-03-23T05:40:47.286+0000] {dag.py:3096} INFO - Sync 1 DAGs
[2026-03-23T05:40:47.443+0000] {processor.py:183} INFO - Processing /opt/airflow/dags/lra_refresh_dag.py took 0.381 seconds
[2026-03-23T05:41:17.753+0000] {processor.py:161} INFO - Started process (PID=205) to work on /opt/airflow/dags/lra_refresh_dag.py
[2026-03-23T05:41:17.755+0000] {processor.py:830} INFO - Processing file /opt/airflow/dags/lra_refresh_dag.py for tasks to queue
[2026-03-23T05:41:17.759+0000] {logging_mixin.py:188} INFO - [2026-03-23T05:41:17.758+0000] {dagbag.py:540} INFO - Filling up the DagBag from /opt/airflow/dags/lra_refresh_dag.py
[2026-03-23T05:41:17.885+0000] {processor.py:840} INFO - DAG(s) 'reporting_nightly_refresh' retrieved from /opt/airflow/dags/lra_refresh_dag.py
[2026-03-23T05:41:17.925+0000] {logging_mixin.py:188} INFO - [2026-03-23T05:41:17.925+0000] {dag.py:3096} INFO - Sync 1 DAGs
[2026-03-23T05:41:18.007+0000] {processor.py:183} INFO - Processing /opt/airflow/dags/lra_refresh_dag.py took 0.265 seconds
[2026-03-23T05:41:48.313+0000] {processor.py:161} INFO - Started process (PID=210) to work on /opt/airflow/dags/lra_refresh_dag.py
[2026-03-23T05:41:48.315+0000] {processor.py:830} INFO - Processing file /opt/airflow/dags/lra_refresh_dag.py for tasks to queue
[2026-03-23T05:41:48.319+0000] {logging_mixin.py:188} INFO - [2026-03-23T05:41:48.318+0000] {dagbag.py:540} INFO - Filling up the DagBag from /opt/airflow/dags/lra_refresh_dag.py
[2026-03-23T05:41:48.445+0000] {processor.py:840} INFO - DAG(s) 'reporting_nightly_refresh' retrieved from /opt/airflow/dags/lra_refresh_dag.py
[2026-03-23T05:41:48.484+0000] {logging_mixin.py:188} INFO - [2026-03-23T05:41:48.484+0000] {dag.py:3096} INFO - Sync 1 DAGs
[2026-03-23T05:41:48.563+0000] {processor.py:183} INFO - Processing /opt/airflow/dags/lra_refresh_dag.py took 0.261 seconds
[2026-03-23T05:42:18.888+0000] {processor.py:161} INFO - Started process (PID=215) to work on /opt/airflow/dags/lra_refresh_dag.py
[2026-03-23T05:42:18.889+0000] {processor.py:830} INFO - Processing file /opt/airflow/dags/lra_refresh_dag.py for tasks to queue
[2026-03-23T05:42:18.893+0000] {logging_mixin.py:188} INFO - [2026-03-23T05:42:18.892+0000] {dagbag.py:540} INFO - Filling up the DagBag from /opt/airflow/dags/lra_refresh_dag.py
[2026-03-23T05:42:19.013+0000] {processor.py:840} INFO - DAG(s) 'reporting_nightly_refresh' retrieved from /opt/airflow/dags/lra_refresh_dag.py
[2026-03-23T05:42:19.051+0000] {logging_mixin.py:188} INFO - [2026-03-23T05:42:19.050+0000] {dag.py:3096} INFO - Sync 1 DAGs
[2026-03-23T05:42:19.128+0000] {processor.py:183} INFO - Processing /opt/airflow/dags/lra_refresh_dag.py took 0.251 seconds
[2026-03-23T05:42:49.433+0000] {processor.py:161} INFO - Started process (PID=220) to work on /opt/airflow/dags/lra_refresh_dag.py
[2026-03-23T05:42:49.435+0000] {processor.py:830} INFO - Processing file /opt/airflow/dags/lra_refresh_dag.py for tasks to queue
[2026-03-23T05:42:49.439+0000] {logging_mixin.py:188} INFO - [2026-03-23T05:42:49.438+0000] {dagbag.py:540} INFO - Filling up the DagBag from /opt/airflow/dags/lra_refresh_dag.py
[2026-03-23T05:42:49.561+0000] {processor.py:840} INFO - DAG(s) 'reporting_nightly_refresh' retrieved from /opt/airflow/dags/lra_refresh_dag.py
[2026-03-23T05:42:49.600+0000] {logging_mixin.py:188} INFO - [2026-03-23T05:42:49.600+0000] {dag.py:3096} INFO - Sync 1 DAGs
[2026-03-23T05:42:49.675+0000] {processor.py:183} INFO - Processing /opt/airflow/dags/lra_refresh_dag.py took 0.253 seconds
[2026-03-23T05:43:19.974+0000] {processor.py:161} INFO - Started process (PID=225) to work on /opt/airflow/dags/lra_refresh_dag.py
[2026-03-23T05:43:19.977+0000] {processor.py:830} INFO - Processing file /opt/airflow/dags/lra_refresh_dag.py for tasks to queue
[2026-03-23T05:43:19.980+0000] {logging_mixin.py:188} INFO - [2026-03-23T05:43:19.980+0000] {dagbag.py:540} INFO - Filling up the DagBag from /opt/airflow/dags/lra_refresh_dag.py
[2026-03-23T05:43:20.104+0000] {processor.py:840} INFO - DAG(s) 'reporting_nightly_refresh' retrieved from /opt/airflow/dags/lra_refresh_dag.py
[2026-03-23T05:43:20.144+0000] {logging_mixin.py:188} INFO - [2026-03-23T05:43:20.143+0000] {dag.py:3096} INFO - Sync 1 DAGs
[2026-03-23T05:43:20.240+0000] {processor.py:183} INFO - Processing /opt/airflow/dags/lra_refresh_dag.py took 0.277 seconds
[2026-03-23T05:43:50.562+0000] {processor.py:161} INFO - Started process (PID=230) to work on /opt/airflow/dags/lra_refresh_dag.py
[2026-03-23T05:43:50.568+0000] {processor.py:830} INFO - Processing file /opt/airflow/dags/lra_refresh_dag.py for tasks to queue
[2026-03-23T05:43:50.578+0000] {logging_mixin.py:188} INFO - [2026-03-23T05:43:50.577+0000] {dagbag.py:540} INFO - Filling up the DagBag from /opt/airflow/dags/lra_refresh_dag.py
[2026-03-23T05:43:50.800+0000] {processor.py:840} INFO - DAG(s) 'reporting_nightly_refresh' retrieved from /opt/airflow/dags/lra_refresh_dag.py
[2026-03-23T05:43:50.871+0000] {logging_mixin.py:188} INFO - [2026-03-23T05:43:50.870+0000] {dag.py:3096} INFO - Sync 1 DAGs
[2026-03-23T05:43:51.013+0000] {processor.py:183} INFO - Processing /opt/airflow/dags/lra_refresh_dag.py took 0.472 seconds
[2026-03-23T05:44:21.323+0000] {processor.py:161} INFO - Started process (PID=235) to work on /opt/airflow/dags/lra_refresh_dag.py
[2026-03-23T05:44:21.325+0000] {processor.py:830} INFO - Processing file /opt/airflow/dags/lra_refresh_dag.py for tasks to queue
[2026-03-23T05:44:21.328+0000] {logging_mixin.py:188} INFO - [2026-03-23T05:44:21.328+0000] {dagbag.py:540} INFO - Filling up the DagBag from /opt/airflow/dags/lra_refresh_dag.py
[2026-03-23T05:44:21.472+0000] {processor.py:840} INFO - DAG(s) 'reporting_nightly_refresh' retrieved from /opt/airflow/dags/lra_refresh_dag.py
[2026-03-23T05:44:21.526+0000] {logging_mixin.py:188} INFO - [2026-03-23T05:44:21.525+0000] {dag.py:3096} INFO - Sync 1 DAGs
[2026-03-23T05:44:21.658+0000] {processor.py:183} INFO - Processing /opt/airflow/dags/lra_refresh_dag.py took 0.347 seconds
[2026-03-23T05:44:51.972+0000] {processor.py:161} INFO - Started process (PID=240) to work on /opt/airflow/dags/lra_refresh_dag.py
[2026-03-23T05:44:51.974+0000] {processor.py:830} INFO - Processing file /opt/airflow/dags/lra_refresh_dag.py for tasks to queue
[2026-03-23T05:44:51.979+0000] {logging_mixin.py:188} INFO - [2026-03-23T05:44:51.978+0000] {dagbag.py:540} INFO - Filling up the DagBag from /opt/airflow/dags/lra_refresh_dag.py
[2026-03-23T05:44:52.108+0000] {processor.py:840} INFO - DAG(s) 'reporting_nightly_refresh' retrieved from /opt/airflow/dags/lra_refresh_dag.py
[2026-03-23T05:44:52.164+0000] {logging_mixin.py:188} INFO - [2026-03-23T05:44:52.164+0000] {dag.py:3096} INFO - Sync 1 DAGs
[2026-03-23T05:44:52.260+0000] {processor.py:183} INFO - Processing /opt/airflow/dags/lra_refresh_dag.py took 0.300 seconds
[2026-03-23T05:45:22.618+0000] {processor.py:161} INFO - Started process (PID=245) to work on /opt/airflow/dags/lra_refresh_dag.py
[2026-03-23T05:45:22.620+0000] {processor.py:830} INFO - Processing file /opt/airflow/dags/lra_refresh_dag.py for tasks to queue
[2026-03-23T05:45:22.623+0000] {logging_mixin.py:188} INFO - [2026-03-23T05:45:22.623+0000] {dagbag.py:540} INFO - Filling up the DagBag from /opt/airflow/dags/lra_refresh_dag.py
[2026-03-23T05:45:22.758+0000] {processor.py:840} INFO - DAG(s) 'reporting_nightly_refresh' retrieved from /opt/airflow/dags/lra_refresh_dag.py
[2026-03-23T05:45:22.810+0000] {logging_mixin.py:188} INFO - [2026-03-23T05:45:22.810+0000] {dag.py:3096} INFO - Sync 1 DAGs
[2026-03-23T05:45:22.927+0000] {processor.py:183} INFO - Processing /opt/airflow/dags/lra_refresh_dag.py took 0.320 seconds
[2026-03-23T05:45:53.214+0000] {processor.py:161} INFO - Started process (PID=250) to work on /opt/airflow/dags/lra_refresh_dag.py
[2026-03-23T05:45:53.216+0000] {processor.py:830} INFO - Processing file /opt/airflow/dags/lra_refresh_dag.py for tasks to queue
[2026-03-23T05:45:53.220+0000] {logging_mixin.py:188} INFO - [2026-03-23T05:45:53.219+0000] {dagbag.py:540} INFO - Filling up the DagBag from /opt/airflow/dags/lra_refresh_dag.py
[2026-03-23T05:45:53.371+0000] {processor.py:840} INFO - DAG(s) 'reporting_nightly_refresh' retrieved from /opt/airflow/dags/lra_refresh_dag.py
[2026-03-23T05:45:53.414+0000] {logging_mixin.py:188} INFO - [2026-03-23T05:45:53.414+0000] {dag.py:3096} INFO - Sync 1 DAGs
[2026-03-23T05:45:53.514+0000] {processor.py:183} INFO - Processing /opt/airflow/dags/lra_refresh_dag.py took 0.313 seconds
[2026-03-23T05:46:23.835+0000] {processor.py:161} INFO - Started process (PID=258) to work on /opt/airflow/dags/lra_refresh_dag.py
[2026-03-23T05:46:23.839+0000] {processor.py:830} INFO - Processing file /opt/airflow/dags/lra_refresh_dag.py for tasks to queue
[2026-03-23T05:46:23.843+0000] {logging_mixin.py:188} INFO - [2026-03-23T05:46:23.842+0000] {dagbag.py:540} INFO - Filling up the DagBag from /opt/airflow/dags/lra_refresh_dag.py
[2026-03-23T05:46:23.975+0000] {processor.py:840} INFO - DAG(s) 'reporting_nightly_refresh' retrieved from /opt/airflow/dags/lra_refresh_dag.py
[2026-03-23T05:46:24.013+0000] {logging_mixin.py:188} INFO - [2026-03-23T05:46:24.013+0000] {dag.py:3096} INFO - Sync 1 DAGs
[2026-03-23T05:46:24.103+0000] {processor.py:183} INFO - Processing /opt/airflow/dags/lra_refresh_dag.py took 0.281 seconds
[2026-03-23T05:46:54.397+0000] {processor.py:161} INFO - Started process (PID=263) to work on /opt/airflow/dags/lra_refresh_dag.py
[2026-03-23T05:46:54.399+0000] {processor.py:830} INFO - Processing file /opt/airflow/dags/lra_refresh_dag.py for tasks to queue
[2026-03-23T05:46:54.403+0000] {logging_mixin.py:188} INFO - [2026-03-23T05:46:54.402+0000] {dagbag.py:540} INFO - Filling up the DagBag from /opt/airflow/dags/lra_refresh_dag.py
[2026-03-23T05:46:54.532+0000] {processor.py:840} INFO - DAG(s) 'reporting_nightly_refresh' retrieved from /opt/airflow/dags/lra_refresh_dag.py
[2026-03-23T05:46:54.573+0000] {logging_mixin.py:188} INFO - [2026-03-23T05:46:54.573+0000] {dag.py:3096} INFO - Sync 1 DAGs
[2026-03-23T05:46:54.655+0000] {processor.py:183} INFO - Processing /opt/airflow/dags/lra_refresh_dag.py took 0.270 seconds
[2026-03-23T05:47:24.961+0000] {processor.py:161} INFO - Started process (PID=274) to work on /opt/airflow/dags/lra_refresh_dag.py
[2026-03-23T05:47:24.963+0000] {processor.py:830} INFO - Processing file /opt/airflow/dags/lra_refresh_dag.py for tasks to queue
[2026-03-23T05:47:24.967+0000] {logging_mixin.py:188} INFO - [2026-03-23T05:47:24.966+0000] {dagbag.py:540} INFO - Filling up the DagBag from /opt/airflow/dags/lra_refresh_dag.py
[2026-03-23T05:47:25.122+0000] {processor.py:840} INFO - DAG(s) 'reporting_nightly_refresh' retrieved from /opt/airflow/dags/lra_refresh_dag.py
[2026-03-23T05:47:25.189+0000] {logging_mixin.py:188} INFO - [2026-03-23T05:47:25.188+0000] {dag.py:3096} INFO - Sync 1 DAGs
[2026-03-23T05:47:25.293+0000] {processor.py:183} INFO - Processing /opt/airflow/dags/lra_refresh_dag.py took 0.357 seconds
[2026-03-23T05:47:55.618+0000] {processor.py:161} INFO - Started process (PID=282) to work on /opt/airflow/dags/lra_refresh_dag.py
[2026-03-23T05:47:55.621+0000] {processor.py:830} INFO - Processing file /opt/airflow/dags/lra_refresh_dag.py for tasks to queue
[2026-03-23T05:47:55.625+0000] {logging_mixin.py:188} INFO - [2026-03-23T05:47:55.625+0000] {dagbag.py:540} INFO - Filling up the DagBag from /opt/airflow/dags/lra_refresh_dag.py
[2026-03-23T05:47:55.772+0000] {processor.py:840} INFO - DAG(s) 'reporting_nightly_refresh' retrieved from /opt/airflow/dags/lra_refresh_dag.py
[2026-03-23T05:47:55.816+0000] {logging_mixin.py:188} INFO - [2026-03-23T05:47:55.816+0000] {dag.py:3096} INFO - Sync 1 DAGs
[2026-03-23T05:47:55.902+0000] {processor.py:183} INFO - Processing /opt/airflow/dags/lra_refresh_dag.py took 0.297 seconds
[2026-03-23T05:48:26.203+0000] {processor.py:161} INFO - Started process (PID=290) to work on /opt/airflow/dags/lra_refresh_dag.py
[2026-03-23T05:48:26.205+0000] {processor.py:830} INFO - Processing file /opt/airflow/dags/lra_refresh_dag.py for tasks to queue
[2026-03-23T05:48:26.209+0000] {logging_mixin.py:188} INFO - [2026-03-23T05:48:26.209+0000] {dagbag.py:540} INFO - Filling up the DagBag from /opt/airflow/dags/lra_refresh_dag.py
[2026-03-23T05:48:26.369+0000] {processor.py:840} INFO - DAG(s) 'reporting_nightly_refresh' retrieved from /opt/airflow/dags/lra_refresh_dag.py
[2026-03-23T05:48:26.421+0000] {logging_mixin.py:188} INFO - [2026-03-23T05:48:26.420+0000] {dag.py:3096} INFO - Sync 1 DAGs
[2026-03-23T05:48:26.507+0000] {processor.py:183} INFO - Processing /opt/airflow/dags/lra_refresh_dag.py took 0.316 seconds
[2026-03-23T05:48:56.802+0000] {processor.py:161} INFO - Started process (PID=298) to work on /opt/airflow/dags/lra_refresh_dag.py
[2026-03-23T05:48:56.804+0000] {processor.py:830} INFO - Processing file /opt/airflow/dags/lra_refresh_dag.py for tasks to queue
[2026-03-23T05:48:56.808+0000] {logging_mixin.py:188} INFO - [2026-03-23T05:48:56.807+0000] {dagbag.py:540} INFO - Filling up the DagBag from /opt/airflow/dags/lra_refresh_dag.py
[2026-03-23T05:48:56.932+0000] {processor.py:840} INFO - DAG(s) 'reporting_nightly_refresh' retrieved from /opt/airflow/dags/lra_refresh_dag.py
[2026-03-23T05:48:56.974+0000] {logging_mixin.py:188} INFO - [2026-03-23T05:48:56.973+0000] {dag.py:3096} INFO - Sync 1 DAGs
[2026-03-23T05:48:57.060+0000] {processor.py:183} INFO - Processing /opt/airflow/dags/lra_refresh_dag.py took 0.269 seconds
[2026-03-23T05:49:27.355+0000] {processor.py:161} INFO - Started process (PID=306) to work on /opt/airflow/dags/lra_refresh_dag.py
[2026-03-23T05:49:27.358+0000] {processor.py:830} INFO - Processing file /opt/airflow/dags/lra_refresh_dag.py for tasks to queue
[2026-03-23T05:49:27.362+0000] {logging_mixin.py:188} INFO - [2026-03-23T05:49:27.362+0000] {dagbag.py:540} INFO - Filling up the DagBag from /opt/airflow/dags/lra_refresh_dag.py
[2026-03-23T05:49:27.495+0000] {processor.py:840} INFO - DAG(s) 'reporting_nightly_refresh' retrieved from /opt/airflow/dags/lra_refresh_dag.py
[2026-03-23T05:49:27.541+0000] {logging_mixin.py:188} INFO - [2026-03-23T05:49:27.540+0000] {dag.py:3096} INFO - Sync 1 DAGs
[2026-03-23T05:49:27.629+0000] {processor.py:183} INFO - Processing /opt/airflow/dags/lra_refresh_dag.py took 0.286 seconds
[2026-03-23T05:49:57.928+0000] {processor.py:161} INFO - Started process (PID=314) to work on /opt/airflow/dags/lra_refresh_dag.py
[2026-03-23T05:49:57.930+0000] {processor.py:830} INFO - Processing file /opt/airflow/dags/lra_refresh_dag.py for tasks to queue
[2026-03-23T05:49:57.940+0000] {logging_mixin.py:188} INFO - [2026-03-23T05:49:57.938+0000] {dagbag.py:540} INFO - Filling up the DagBag from /opt/airflow/dags/lra_refresh_dag.py
[2026-03-23T05:49:58.099+0000] {processor.py:840} INFO - DAG(s) 'reporting_nightly_refresh' retrieved from /opt/airflow/dags/lra_refresh_dag.py
[2026-03-23T05:49:58.146+0000] {logging_mixin.py:188} INFO - [2026-03-23T05:49:58.146+0000] {dag.py:3096} INFO - Sync 1 DAGs
[2026-03-23T05:49:58.240+0000] {processor.py:183} INFO - Processing /opt/airflow/dags/lra_refresh_dag.py took 0.330 seconds
[2026-03-23T05:50:28.552+0000] {processor.py:161} INFO - Started process (PID=322) to work on /opt/airflow/dags/lra_refresh_dag.py
[2026-03-23T05:50:28.555+0000] {processor.py:830} INFO - Processing file /opt/airflow/dags/lra_refresh_dag.py for tasks to queue
[2026-03-23T05:50:28.560+0000] {logging_mixin.py:188} INFO - [2026-03-23T05:50:28.559+0000] {dagbag.py:540} INFO - Filling up the DagBag from /opt/airflow/dags/lra_refresh_dag.py
[2026-03-23T05:50:28.711+0000] {processor.py:840} INFO - DAG(s) 'reporting_nightly_refresh' retrieved from /opt/airflow/dags/lra_refresh_dag.py
[2026-03-23T05:50:28.758+0000] {logging_mixin.py:188} INFO - [2026-03-23T05:50:28.757+0000] {dag.py:3096} INFO - Sync 1 DAGs
[2026-03-23T05:50:28.860+0000] {processor.py:183} INFO - Processing /opt/airflow/dags/lra_refresh_dag.py took 0.321 seconds
[2026-03-23T05:50:59.146+0000] {processor.py:161} INFO - Started process (PID=327) to work on /opt/airflow/dags/lra_refresh_dag.py
[2026-03-23T05:50:59.149+0000] {processor.py:830} INFO - Processing file /opt/airflow/dags/lra_refresh_dag.py for tasks to queue
[2026-03-23T05:50:59.153+0000] {logging_mixin.py:188} INFO - [2026-03-23T05:50:59.152+0000] {dagbag.py:540} INFO - Filling up the DagBag from /opt/airflow/dags/lra_refresh_dag.py
[2026-03-23T05:50:59.283+0000] {processor.py:840} INFO - DAG(s) 'reporting_nightly_refresh' retrieved from /opt/airflow/dags/lra_refresh_dag.py
[2026-03-23T05:50:59.326+0000] {logging_mixin.py:188} INFO - [2026-03-23T05:50:59.326+0000] {dag.py:3096} INFO - Sync 1 DAGs
[2026-03-23T05:50:59.411+0000] {processor.py:183} INFO - Processing /opt/airflow/dags/lra_refresh_dag.py took 0.276 seconds
[2026-03-23T05:51:29.702+0000] {processor.py:161} INFO - Started process (PID=332) to work on /opt/airflow/dags/lra_refresh_dag.py
[2026-03-23T05:51:29.704+0000] {processor.py:830} INFO - Processing file /opt/airflow/dags/lra_refresh_dag.py for tasks to queue
[2026-03-23T05:51:29.708+0000] {logging_mixin.py:188} INFO - [2026-03-23T05:51:29.707+0000] {dagbag.py:540} INFO - Filling up the DagBag from /opt/airflow/dags/lra_refresh_dag.py
[2026-03-23T05:51:29.839+0000] {processor.py:840} INFO - DAG(s) 'reporting_nightly_refresh' retrieved from /opt/airflow/dags/lra_refresh_dag.py
[2026-03-23T05:51:29.883+0000] {logging_mixin.py:188} INFO - [2026-03-23T05:51:29.883+0000] {dag.py:3096} INFO - Sync 1 DAGs
[2026-03-23T05:51:29.981+0000] {processor.py:183} INFO - Processing /opt/airflow/dags/lra_refresh_dag.py took 0.291 seconds
[2026-03-23T05:52:00.275+0000] {processor.py:161} INFO - Started process (PID=337) to work on /opt/airflow/dags/lra_refresh_dag.py
[2026-03-23T05:52:00.277+0000] {processor.py:830} INFO - Processing file /opt/airflow/dags/lra_refresh_dag.py for tasks to queue
[2026-03-23T05:52:00.281+0000] {logging_mixin.py:188} INFO - [2026-03-23T05:52:00.280+0000] {dagbag.py:540} INFO - Filling up the DagBag from /opt/airflow/dags/lra_refresh_dag.py
[2026-03-23T05:52:00.411+0000] {processor.py:840} INFO - DAG(s) 'reporting_nightly_refresh' retrieved from /opt/airflow/dags/lra_refresh_dag.py
[2026-03-23T05:52:00.453+0000] {logging_mixin.py:188} INFO - [2026-03-23T05:52:00.452+0000] {dag.py:3096} INFO - Sync 1 DAGs
[2026-03-23T05:52:00.538+0000] {processor.py:183} INFO - Processing /opt/airflow/dags/lra_refresh_dag.py took 0.276 seconds
[2026-03-23T05:52:30.832+0000] {processor.py:161} INFO - Started process (PID=342) to work on /opt/airflow/dags/lra_refresh_dag.py
[2026-03-23T05:52:30.835+0000] {processor.py:830} INFO - Processing file /opt/airflow/dags/lra_refresh_dag.py for tasks to queue
[2026-03-23T05:52:30.839+0000] {logging_mixin.py:188} INFO - [2026-03-23T05:52:30.838+0000] {dagbag.py:540} INFO - Filling up the DagBag from /opt/airflow/dags/lra_refresh_dag.py
[2026-03-23T05:52:30.974+0000] {processor.py:840} INFO - DAG(s) 'reporting_nightly_refresh' retrieved from /opt/airflow/dags/lra_refresh_dag.py
[2026-03-23T05:52:31.020+0000] {logging_mixin.py:188} INFO - [2026-03-23T05:52:31.019+0000] {dag.py:3096} INFO - Sync 1 DAGs
[2026-03-23T05:52:31.102+0000] {processor.py:183} INFO - Processing /opt/airflow/dags/lra_refresh_dag.py took 0.284 seconds
[2026-03-23T05:53:01.396+0000] {processor.py:161} INFO - Started process (PID=347) to work on /opt/airflow/dags/lra_refresh_dag.py
[2026-03-23T05:53:01.398+0000] {processor.py:830} INFO - Processing file /opt/airflow/dags/lra_refresh_dag.py for tasks to queue
[2026-03-23T05:53:01.403+0000] {logging_mixin.py:188} INFO - [2026-03-23T05:53:01.402+0000] {dagbag.py:540} INFO - Filling up the DagBag from /opt/airflow/dags/lra_refresh_dag.py
[2026-03-23T05:53:01.539+0000] {processor.py:840} INFO - DAG(s) 'reporting_nightly_refresh' retrieved from /opt/airflow/dags/lra_refresh_dag.py
[2026-03-23T05:53:01.582+0000] {logging_mixin.py:188} INFO - [2026-03-23T05:53:01.581+0000] {dag.py:3096} INFO - Sync 1 DAGs
[2026-03-23T05:53:01.670+0000] {processor.py:183} INFO - Processing /opt/airflow/dags/lra_refresh_dag.py took 0.286 seconds
[2026-03-23T05:53:32.007+0000] {processor.py:161} INFO - Started process (PID=352) to work on /opt/airflow/dags/lra_refresh_dag.py
[2026-03-23T05:53:32.014+0000] {processor.py:830} INFO - Processing file /opt/airflow/dags/lra_refresh_dag.py for tasks to queue
[2026-03-23T05:53:32.025+0000] {logging_mixin.py:188} INFO - [2026-03-23T05:53:32.024+0000] {dagbag.py:540} INFO - Filling up the DagBag from /opt/airflow/dags/lra_refresh_dag.py
[2026-03-23T05:53:32.236+0000] {processor.py:840} INFO - DAG(s) 'reporting_nightly_refresh' retrieved from /opt/airflow/dags/lra_refresh_dag.py
[2026-03-23T05:53:32.288+0000] {logging_mixin.py:188} INFO - [2026-03-23T05:53:32.287+0000] {dag.py:3096} INFO - Sync 1 DAGs
[2026-03-23T05:53:32.414+0000] {processor.py:183} INFO - Processing /opt/airflow/dags/lra_refresh_dag.py took 0.438 seconds
[2026-03-23T05:54:02.768+0000] {processor.py:161} INFO - Started process (PID=357) to work on /opt/airflow/dags/lra_refresh_dag.py
[2026-03-23T05:54:02.773+0000] {processor.py:830} INFO - Processing file /opt/airflow/dags/lra_refresh_dag.py for tasks to queue
[2026-03-23T05:54:02.779+0000] {logging_mixin.py:188} INFO - [2026-03-23T05:54:02.779+0000] {dagbag.py:540} INFO - Filling up the DagBag from /opt/airflow/dags/lra_refresh_dag.py
[2026-03-23T05:54:02.972+0000] {processor.py:840} INFO - DAG(s) 'reporting_nightly_refresh' retrieved from /opt/airflow/dags/lra_refresh_dag.py
[2026-03-23T05:54:03.046+0000] {logging_mixin.py:188} INFO - [2026-03-23T05:54:03.045+0000] {dag.py:3096} INFO - Sync 1 DAGs
[2026-03-23T05:54:03.187+0000] {processor.py:183} INFO - Processing /opt/airflow/dags/lra_refresh_dag.py took 0.442 seconds
[2026-03-23T05:54:33.446+0000] {processor.py:161} INFO - Started process (PID=362) to work on /opt/airflow/dags/lra_refresh_dag.py
[2026-03-23T05:54:33.448+0000] {processor.py:830} INFO - Processing file /opt/airflow/dags/lra_refresh_dag.py for tasks to queue
[2026-03-23T05:54:33.452+0000] {logging_mixin.py:188} INFO - [2026-03-23T05:54:33.452+0000] {dagbag.py:540} INFO - Filling up the DagBag from /opt/airflow/dags/lra_refresh_dag.py
[2026-03-23T05:54:33.615+0000] {processor.py:840} INFO - DAG(s) 'reporting_nightly_refresh' retrieved from /opt/airflow/dags/lra_refresh_dag.py
[2026-03-23T05:54:33.660+0000] {logging_mixin.py:188} INFO - [2026-03-23T05:54:33.660+0000] {dag.py:3096} INFO - Sync 1 DAGs
[2026-03-23T05:54:33.750+0000] {processor.py:183} INFO - Processing /opt/airflow/dags/lra_refresh_dag.py took 0.314 seconds
[2026-03-23T05:55:04.070+0000] {processor.py:161} INFO - Started process (PID=367) to work on /opt/airflow/dags/lra_refresh_dag.py
[2026-03-23T05:55:04.073+0000] {processor.py:830} INFO - Processing file /opt/airflow/dags/lra_refresh_dag.py for tasks to queue
[2026-03-23T05:55:04.079+0000] {logging_mixin.py:188} INFO - [2026-03-23T05:55:04.078+0000] {dagbag.py:540} INFO - Filling up the DagBag from /opt/airflow/dags/lra_refresh_dag.py
[2026-03-23T05:55:04.257+0000] {processor.py:840} INFO - DAG(s) 'reporting_nightly_refresh' retrieved from /opt/airflow/dags/lra_refresh_dag.py
[2026-03-23T05:55:04.318+0000] {logging_mixin.py:188} INFO - [2026-03-23T05:55:04.318+0000] {dag.py:3096} INFO - Sync 1 DAGs
[2026-03-23T05:55:04.438+0000] {processor.py:183} INFO - Processing /opt/airflow/dags/lra_refresh_dag.py took 0.392 seconds
[2026-03-23T05:55:34.740+0000] {processor.py:161} INFO - Started process (PID=372) to work on /opt/airflow/dags/lra_refresh_dag.py
[2026-03-23T05:55:34.742+0000] {processor.py:830} INFO - Processing file /opt/airflow/dags/lra_refresh_dag.py for tasks to queue
[2026-03-23T05:55:34.747+0000] {logging_mixin.py:188} INFO - [2026-03-23T05:55:34.746+0000] {dagbag.py:540} INFO - Filling up the DagBag from /opt/airflow/dags/lra_refresh_dag.py
[2026-03-23T05:55:34.890+0000] {processor.py:840} INFO - DAG(s) 'reporting_nightly_refresh' retrieved from /opt/airflow/dags/lra_refresh_dag.py
[2026-03-23T05:55:34.932+0000] {logging_mixin.py:188} INFO - [2026-03-23T05:55:34.931+0000] {dag.py:3096} INFO - Sync 1 DAGs
[2026-03-23T05:55:35.029+0000] {processor.py:183} INFO - Processing /opt/airflow/dags/lra_refresh_dag.py took 0.305 seconds
[2026-03-23T05:56:05.319+0000] {processor.py:161} INFO - Started process (PID=377) to work on /opt/airflow/dags/lra_refresh_dag.py
[2026-03-23T05:56:05.322+0000] {processor.py:830} INFO - Processing file /opt/airflow/dags/lra_refresh_dag.py for tasks to queue
[2026-03-23T05:56:05.326+0000] {logging_mixin.py:188} INFO - [2026-03-23T05:56:05.325+0000] {dagbag.py:540} INFO - Filling up the DagBag from /opt/airflow/dags/lra_refresh_dag.py
[2026-03-23T05:56:05.462+0000] {processor.py:840} INFO - DAG(s) 'reporting_nightly_refresh' retrieved from /opt/airflow/dags/lra_refresh_dag.py
[2026-03-23T05:56:05.504+0000] {logging_mixin.py:188} INFO - [2026-03-23T05:56:05.503+0000] {dag.py:3096} INFO - Sync 1 DAGs
[2026-03-23T05:56:05.585+0000] {processor.py:183} INFO - Processing /opt/airflow/dags/lra_refresh_dag.py took 0.278 seconds
[2026-03-23T05:56:35.876+0000] {processor.py:161} INFO - Started process (PID=382) to work on /opt/airflow/dags/lra_refresh_dag.py
[2026-03-23T05:56:35.879+0000] {processor.py:830} INFO - Processing file /opt/airflow/dags/lra_refresh_dag.py for tasks to queue
[2026-03-23T05:56:35.884+0000] {logging_mixin.py:188} INFO - [2026-03-23T05:56:35.883+0000] {dagbag.py:540} INFO - Filling up the DagBag from /opt/airflow/dags/lra_refresh_dag.py
[2026-03-23T05:56:36.017+0000] {processor.py:840} INFO - DAG(s) 'reporting_nightly_refresh' retrieved from /opt/airflow/dags/lra_refresh_dag.py
[2026-03-23T05:56:36.061+0000] {logging_mixin.py:188} INFO - [2026-03-23T05:56:36.060+0000] {dag.py:3096} INFO - Sync 1 DAGs
[2026-03-23T05:56:36.158+0000] {processor.py:183} INFO - Processing /opt/airflow/dags/lra_refresh_dag.py took 0.296 seconds
[2026-03-23T05:57:06.458+0000] {processor.py:161} INFO - Started process (PID=387) to work on /opt/airflow/dags/lra_refresh_dag.py
[2026-03-23T05:57:06.461+0000] {processor.py:830} INFO - Processing file /opt/airflow/dags/lra_refresh_dag.py for tasks to queue
[2026-03-23T05:57:06.466+0000] {logging_mixin.py:188} INFO - [2026-03-23T05:57:06.465+0000] {dagbag.py:540} INFO - Filling up the DagBag from /opt/airflow/dags/lra_refresh_dag.py
[2026-03-23T05:57:06.604+0000] {processor.py:840} INFO - DAG(s) 'reporting_nightly_refresh' retrieved from /opt/airflow/dags/lra_refresh_dag.py
[2026-03-23T05:57:06.647+0000] {logging_mixin.py:188} INFO - [2026-03-23T05:57:06.647+0000] {dag.py:3096} INFO - Sync 1 DAGs
[2026-03-23T05:57:06.746+0000] {processor.py:183} INFO - Processing /opt/airflow/dags/lra_refresh_dag.py took 0.303 seconds
[2026-03-23T05:57:37.048+0000] {processor.py:161} INFO - Started process (PID=392) to work on /opt/airflow/dags/lra_refresh_dag.py
[2026-03-23T05:57:37.050+0000] {processor.py:830} INFO - Processing file /opt/airflow/dags/lra_refresh_dag.py for tasks to queue
[2026-03-23T05:57:37.054+0000] {logging_mixin.py:188} INFO - [2026-03-23T05:57:37.053+0000] {dagbag.py:540} INFO - Filling up the DagBag from /opt/airflow/dags/lra_refresh_dag.py
[2026-03-23T05:57:37.182+0000] {processor.py:840} INFO - DAG(s) 'reporting_nightly_refresh' retrieved from /opt/airflow/dags/lra_refresh_dag.py
[2026-03-23T05:57:37.224+0000] {logging_mixin.py:188} INFO - [2026-03-23T05:57:37.224+0000] {dag.py:3096} INFO - Sync 1 DAGs
[2026-03-23T05:57:37.306+0000] {processor.py:183} INFO - Processing /opt/airflow/dags/lra_refresh_dag.py took 0.270 seconds
[2026-03-23T05:58:07.626+0000] {processor.py:161} INFO - Started process (PID=400) to work on /opt/airflow/dags/lra_refresh_dag.py
[2026-03-23T05:58:07.629+0000] {processor.py:830} INFO - Processing file /opt/airflow/dags/lra_refresh_dag.py for tasks to queue
[2026-03-23T05:58:07.633+0000] {logging_mixin.py:188} INFO - [2026-03-23T05:58:07.632+0000] {dagbag.py:540} INFO - Filling up the DagBag from /opt/airflow/dags/lra_refresh_dag.py
[2026-03-23T05:58:07.768+0000] {processor.py:840} INFO - DAG(s) 'reporting_nightly_refresh' retrieved from /opt/airflow/dags/lra_refresh_dag.py
[2026-03-23T05:58:07.808+0000] {logging_mixin.py:188} INFO - [2026-03-23T05:58:07.808+0000] {dag.py:3096} INFO - Sync 1 DAGs
[2026-03-23T05:58:07.890+0000] {processor.py:183} INFO - Processing /opt/airflow/dags/lra_refresh_dag.py took 0.278 seconds
[2026-03-23T05:58:38.185+0000] {processor.py:161} INFO - Started process (PID=405) to work on /opt/airflow/dags/lra_refresh_dag.py
[2026-03-23T05:58:38.188+0000] {processor.py:830} INFO - Processing file /opt/airflow/dags/lra_refresh_dag.py for tasks to queue
[2026-03-23T05:58:38.191+0000] {logging_mixin.py:188} INFO - [2026-03-23T05:58:38.191+0000] {dagbag.py:540} INFO - Filling up the DagBag from /opt/airflow/dags/lra_refresh_dag.py
[2026-03-23T05:58:38.314+0000] {processor.py:840} INFO - DAG(s) 'reporting_nightly_refresh' retrieved from /opt/airflow/dags/lra_refresh_dag.py
[2026-03-23T05:58:38.357+0000] {logging_mixin.py:188} INFO - [2026-03-23T05:58:38.357+0000] {dag.py:3096} INFO - Sync 1 DAGs
[2026-03-23T05:58:38.442+0000] {processor.py:183} INFO - Processing /opt/airflow/dags/lra_refresh_dag.py took 0.268 seconds
[2026-03-23T05:59:08.744+0000] {processor.py:161} INFO - Started process (PID=413) to work on /opt/airflow/dags/lra_refresh_dag.py
[2026-03-23T05:59:08.746+0000] {processor.py:830} INFO - Processing file /opt/airflow/dags/lra_refresh_dag.py for tasks to queue
[2026-03-23T05:59:08.750+0000] {logging_mixin.py:188} INFO - [2026-03-23T05:59:08.749+0000] {dagbag.py:540} INFO - Filling up the DagBag from /opt/airflow/dags/lra_refresh_dag.py
[2026-03-23T05:59:08.871+0000] {processor.py:840} INFO - DAG(s) 'reporting_nightly_refresh' retrieved from /opt/airflow/dags/lra_refresh_dag.py
[2026-03-23T05:59:08.914+0000] {logging_mixin.py:188} INFO - [2026-03-23T05:59:08.914+0000] {dag.py:3096} INFO - Sync 1 DAGs
[2026-03-23T05:59:08.998+0000] {processor.py:183} INFO - Processing /opt/airflow/dags/lra_refresh_dag.py took 0.265 seconds
[2026-03-23T05:59:39.302+0000] {processor.py:161} INFO - Started process (PID=418) to work on /opt/airflow/dags/lra_refresh_dag.py
[2026-03-23T05:59:39.304+0000] {processor.py:830} INFO - Processing file /opt/airflow/dags/lra_refresh_dag.py for tasks to queue
[2026-03-23T05:59:39.308+0000] {logging_mixin.py:188} INFO - [2026-03-23T05:59:39.307+0000] {dagbag.py:540} INFO - Filling up the DagBag from /opt/airflow/dags/lra_refresh_dag.py
[2026-03-23T05:59:39.430+0000] {processor.py:840} INFO - DAG(s) 'reporting_nightly_refresh' retrieved from /opt/airflow/dags/lra_refresh_dag.py
[2026-03-23T05:59:39.470+0000] {logging_mixin.py:188} INFO - [2026-03-23T05:59:39.470+0000] {dag.py:3096} INFO - Sync 1 DAGs
[2026-03-23T05:59:39.550+0000] {processor.py:183} INFO - Processing /opt/airflow/dags/lra_refresh_dag.py took 0.259 seconds
[2026-03-23T06:00:09.833+0000] {processor.py:161} INFO - Started process (PID=423) to work on /opt/airflow/dags/lra_refresh_dag.py
[2026-03-23T06:00:09.835+0000] {processor.py:830} INFO - Processing file /opt/airflow/dags/lra_refresh_dag.py for tasks to queue
[2026-03-23T06:00:09.839+0000] {logging_mixin.py:188} INFO - [2026-03-23T06:00:09.838+0000] {dagbag.py:540} INFO - Filling up the DagBag from /opt/airflow/dags/lra_refresh_dag.py
[2026-03-23T06:00:09.963+0000] {processor.py:840} INFO - DAG(s) 'reporting_nightly_refresh' retrieved from /opt/airflow/dags/lra_refresh_dag.py
[2026-03-23T06:00:10.003+0000] {logging_mixin.py:188} INFO - [2026-03-23T06:00:10.003+0000] {dag.py:3096} INFO - Sync 1 DAGs
[2026-03-23T06:00:10.084+0000] {processor.py:183} INFO - Processing /opt/airflow/dags/lra_refresh_dag.py took 0.263 seconds
[2026-03-23T06:00:40.423+0000] {processor.py:161} INFO - Started process (PID=428) to work on /opt/airflow/dags/lra_refresh_dag.py
[2026-03-23T06:00:40.425+0000] {processor.py:830} INFO - Processing file /opt/airflow/dags/lra_refresh_dag.py for tasks to queue
[2026-03-23T06:00:40.428+0000] {logging_mixin.py:188} INFO - [2026-03-23T06:00:40.427+0000] {dagbag.py:540} INFO - Filling up the DagBag from /opt/airflow/dags/lra_refresh_dag.py
[2026-03-23T06:00:40.558+0000] {processor.py:840} INFO - DAG(s) 'reporting_nightly_refresh' retrieved from /opt/airflow/dags/lra_refresh_dag.py
[2026-03-23T06:00:40.599+0000] {logging_mixin.py:188} INFO - [2026-03-23T06:00:40.599+0000] {dag.py:3096} INFO - Sync 1 DAGs
[2026-03-23T06:00:40.675+0000] {processor.py:183} INFO - Processing /opt/airflow/dags/lra_refresh_dag.py took 0.264 seconds
[2026-03-23T06:01:10.965+0000] {processor.py:161} INFO - Started process (PID=436) to work on /opt/airflow/dags/lra_refresh_dag.py
[2026-03-23T06:01:10.967+0000] {processor.py:830} INFO - Processing file /opt/airflow/dags/lra_refresh_dag.py for tasks to queue
[2026-03-23T06:01:10.971+0000] {logging_mixin.py:188} INFO - [2026-03-23T06:01:10.970+0000] {dagbag.py:540} INFO - Filling up the DagBag from /opt/airflow/dags/lra_refresh_dag.py
[2026-03-23T06:01:11.099+0000] {processor.py:840} INFO - DAG(s) 'reporting_nightly_refresh' retrieved from /opt/airflow/dags/lra_refresh_dag.py
[2026-03-23T06:01:11.146+0000] {logging_mixin.py:188} INFO - [2026-03-23T06:01:11.145+0000] {dag.py:3096} INFO - Sync 1 DAGs
[2026-03-23T06:01:11.236+0000] {processor.py:183} INFO - Processing /opt/airflow/dags/lra_refresh_dag.py took 0.283 seconds
[2026-03-23T06:01:41.537+0000] {processor.py:161} INFO - Started process (PID=441) to work on /opt/airflow/dags/lra_refresh_dag.py
[2026-03-23T06:01:41.539+0000] {processor.py:830} INFO - Processing file /opt/airflow/dags/lra_refresh_dag.py for tasks to queue
[2026-03-23T06:01:41.542+0000] {logging_mixin.py:188} INFO - [2026-03-23T06:01:41.542+0000] {dagbag.py:540} INFO - Filling up the DagBag from /opt/airflow/dags/lra_refresh_dag.py
[2026-03-23T06:01:41.674+0000] {processor.py:840} INFO - DAG(s) 'reporting_nightly_refresh' retrieved from /opt/airflow/dags/lra_refresh_dag.py
[2026-03-23T06:01:41.717+0000] {logging_mixin.py:188} INFO - [2026-03-23T06:01:41.717+0000] {dag.py:3096} INFO - Sync 1 DAGs
[2026-03-23T06:01:41.800+0000] {processor.py:183} INFO - Processing /opt/airflow/dags/lra_refresh_dag.py took 0.274 seconds
[2026-03-23T06:02:12.100+0000] {processor.py:161} INFO - Started process (PID=446) to work on /opt/airflow/dags/lra_refresh_dag.py
[2026-03-23T06:02:12.103+0000] {processor.py:830} INFO - Processing file /opt/airflow/dags/lra_refresh_dag.py for tasks to queue
[2026-03-23T06:02:12.107+0000] {logging_mixin.py:188} INFO - [2026-03-23T06:02:12.106+0000] {dagbag.py:540} INFO - Filling up the DagBag from /opt/airflow/dags/lra_refresh_dag.py
[2026-03-23T06:02:12.245+0000] {processor.py:840} INFO - DAG(s) 'reporting_nightly_refresh' retrieved from /opt/airflow/dags/lra_refresh_dag.py
[2026-03-23T06:02:12.286+0000] {logging_mixin.py:188} INFO - [2026-03-23T06:02:12.286+0000] {dag.py:3096} INFO - Sync 1 DAGs
[2026-03-23T06:02:12.367+0000] {processor.py:183} INFO - Processing /opt/airflow/dags/lra_refresh_dag.py took 0.282 seconds
[2026-03-23T06:02:42.672+0000] {processor.py:161} INFO - Started process (PID=451) to work on /opt/airflow/dags/lra_refresh_dag.py
[2026-03-23T06:02:42.674+0000] {processor.py:830} INFO - Processing file /opt/airflow/dags/lra_refresh_dag.py for tasks to queue
[2026-03-23T06:02:42.678+0000] {logging_mixin.py:188} INFO - [2026-03-23T06:02:42.678+0000] {dagbag.py:540} INFO - Filling up the DagBag from /opt/airflow/dags/lra_refresh_dag.py
[2026-03-23T06:02:42.833+0000] {processor.py:840} INFO - DAG(s) 'reporting_nightly_refresh' retrieved from /opt/airflow/dags/lra_refresh_dag.py
[2026-03-23T06:02:42.875+0000] {logging_mixin.py:188} INFO - [2026-03-23T06:02:42.875+0000] {dag.py:3096} INFO - Sync 1 DAGs
[2026-03-23T06:02:42.993+0000] {processor.py:183} INFO - Processing /opt/airflow/dags/lra_refresh_dag.py took 0.333 seconds
[2026-03-23T06:03:13.346+0000] {processor.py:161} INFO - Started process (PID=456) to work on /opt/airflow/dags/lra_refresh_dag.py
[2026-03-23T06:03:13.348+0000] {processor.py:830} INFO - Processing file /opt/airflow/dags/lra_refresh_dag.py for tasks to queue
[2026-03-23T06:03:13.353+0000] {logging_mixin.py:188} INFO - [2026-03-23T06:03:13.352+0000] {dagbag.py:540} INFO - Filling up the DagBag from /opt/airflow/dags/lra_refresh_dag.py
[2026-03-23T06:03:13.507+0000] {processor.py:840} INFO - DAG(s) 'reporting_nightly_refresh' retrieved from /opt/airflow/dags/lra_refresh_dag.py
[2026-03-23T06:03:13.552+0000] {logging_mixin.py:188} INFO - [2026-03-23T06:03:13.551+0000] {dag.py:3096} INFO - Sync 1 DAGs
[2026-03-23T06:03:13.643+0000] {processor.py:183} INFO - Processing /opt/airflow/dags/lra_refresh_dag.py took 0.312 seconds
[2026-03-23T06:03:43.943+0000] {processor.py:161} INFO - Started process (PID=461) to work on /opt/airflow/dags/lra_refresh_dag.py
[2026-03-23T06:03:43.945+0000] {processor.py:830} INFO - Processing file /opt/airflow/dags/lra_refresh_dag.py for tasks to queue
[2026-03-23T06:03:43.949+0000] {logging_mixin.py:188} INFO - [2026-03-23T06:03:43.948+0000] {dagbag.py:540} INFO - Filling up the DagBag from /opt/airflow/dags/lra_refresh_dag.py
[2026-03-23T06:03:44.078+0000] {processor.py:840} INFO - DAG(s) 'reporting_nightly_refresh' retrieved from /opt/airflow/dags/lra_refresh_dag.py
[2026-03-23T06:03:44.120+0000] {logging_mixin.py:188} INFO - [2026-03-23T06:03:44.120+0000] {dag.py:3096} INFO - Sync 1 DAGs
[2026-03-23T06:03:44.200+0000] {processor.py:183} INFO - Processing /opt/airflow/dags/lra_refresh_dag.py took 0.268 seconds
[2026-03-23T06:04:14.500+0000] {processor.py:161} INFO - Started process (PID=472) to work on /opt/airflow/dags/lra_refresh_dag.py
[2026-03-23T06:04:14.502+0000] {processor.py:830} INFO - Processing file /opt/airflow/dags/lra_refresh_dag.py for tasks to queue
[2026-03-23T06:04:14.507+0000] {logging_mixin.py:188} INFO - [2026-03-23T06:04:14.507+0000] {dagbag.py:540} INFO - Filling up the DagBag from /opt/airflow/dags/lra_refresh_dag.py
[2026-03-23T06:04:14.643+0000] {processor.py:840} INFO - DAG(s) 'reporting_nightly_refresh' retrieved from /opt/airflow/dags/lra_refresh_dag.py
[2026-03-23T06:04:14.685+0000] {logging_mixin.py:188} INFO - [2026-03-23T06:04:14.685+0000] {dag.py:3096} INFO - Sync 1 DAGs
[2026-03-23T06:04:14.768+0000] {processor.py:183} INFO - Processing /opt/airflow/dags/lra_refresh_dag.py took 0.280 seconds
[2026-03-23T06:04:45.072+0000] {processor.py:161} INFO - Started process (PID=480) to work on /opt/airflow/dags/lra_refresh_dag.py
[2026-03-23T06:04:45.075+0000] {processor.py:830} INFO - Processing file /opt/airflow/dags/lra_refresh_dag.py for tasks to queue
[2026-03-23T06:04:45.080+0000] {logging_mixin.py:188} INFO - [2026-03-23T06:04:45.079+0000] {dagbag.py:540} INFO - Filling up the DagBag from /opt/airflow/dags/lra_refresh_dag.py
[2026-03-23T06:04:45.213+0000] {processor.py:840} INFO - DAG(s) 'reporting_nightly_refresh' retrieved from /opt/airflow/dags/lra_refresh_dag.py
[2026-03-23T06:04:45.255+0000] {logging_mixin.py:188} INFO - [2026-03-23T06:04:45.255+0000] {dag.py:3096} INFO - Sync 1 DAGs
[2026-03-23T06:04:45.340+0000] {processor.py:183} INFO - Processing /opt/airflow/dags/lra_refresh_dag.py took 0.282 seconds
[2026-03-23T06:05:15.660+0000] {processor.py:161} INFO - Started process (PID=485) to work on /opt/airflow/dags/lra_refresh_dag.py
[2026-03-23T06:05:15.662+0000] {processor.py:830} INFO - Processing file /opt/airflow/dags/lra_refresh_dag.py for tasks to queue
[2026-03-23T06:05:15.666+0000] {logging_mixin.py:188} INFO - [2026-03-23T06:05:15.665+0000] {dagbag.py:540} INFO - Filling up the DagBag from /opt/airflow/dags/lra_refresh_dag.py
[2026-03-23T06:05:15.850+0000] {processor.py:840} INFO - DAG(s) 'reporting_nightly_refresh' retrieved from /opt/airflow/dags/lra_refresh_dag.py
[2026-03-23T06:05:15.906+0000] {logging_mixin.py:188} INFO - [2026-03-23T06:05:15.905+0000] {dag.py:3096} INFO - Sync 1 DAGs
[2026-03-23T06:05:16.046+0000] {processor.py:183} INFO - Processing /opt/airflow/dags/lra_refresh_dag.py took 0.406 seconds
[2026-03-23T06:05:46.367+0000] {processor.py:161} INFO - Started process (PID=490) to work on /opt/airflow/dags/lra_refresh_dag.py
[2026-03-23T06:05:46.370+0000] {processor.py:830} INFO - Processing file /opt/airflow/dags/lra_refresh_dag.py for tasks to queue
[2026-03-23T06:05:46.374+0000] {logging_mixin.py:188} INFO - [2026-03-23T06:05:46.374+0000] {dagbag.py:540} INFO - Filling up the DagBag from /opt/airflow/dags/lra_refresh_dag.py
[2026-03-23T06:05:46.516+0000] {processor.py:840} INFO - DAG(s) 'reporting_nightly_refresh' retrieved from /opt/airflow/dags/lra_refresh_dag.py
[2026-03-23T06:05:46.559+0000] {logging_mixin.py:188} INFO - [2026-03-23T06:05:46.558+0000] {dag.py:3096} INFO - Sync 1 DAGs
[2026-03-23T06:05:46.646+0000] {processor.py:183} INFO - Processing /opt/airflow/dags/lra_refresh_dag.py took 0.290 seconds
[2026-03-23T06:06:16.963+0000] {processor.py:161} INFO - Started process (PID=501) to work on /opt/airflow/dags/lra_refresh_dag.py
[2026-03-23T06:06:16.965+0000] {processor.py:830} INFO - Processing file /opt/airflow/dags/lra_refresh_dag.py for tasks to queue
[2026-03-23T06:06:16.970+0000] {logging_mixin.py:188} INFO - [2026-03-23T06:06:16.969+0000] {dagbag.py:540} INFO - Filling up the DagBag from /opt/airflow/dags/lra_refresh_dag.py
[2026-03-23T06:06:17.107+0000] {processor.py:840} INFO - DAG(s) 'reporting_nightly_refresh' retrieved from /opt/airflow/dags/lra_refresh_dag.py
[2026-03-23T06:06:17.148+0000] {logging_mixin.py:188} INFO - [2026-03-23T06:06:17.148+0000] {dag.py:3096} INFO - Sync 1 DAGs
[2026-03-23T06:06:17.316+0000] {processor.py:183} INFO - Processing /opt/airflow/dags/lra_refresh_dag.py took 0.366 seconds
[2026-03-23T06:06:47.711+0000] {processor.py:161} INFO - Started process (PID=533) to work on /opt/airflow/dags/lra_refresh_dag.py
[2026-03-23T06:06:47.713+0000] {processor.py:830} INFO - Processing file /opt/airflow/dags/lra_refresh_dag.py for tasks to queue
[2026-03-23T06:06:47.717+0000] {logging_mixin.py:188} INFO - [2026-03-23T06:06:47.717+0000] {dagbag.py:540} INFO - Filling up the DagBag from /opt/airflow/dags/lra_refresh_dag.py
[2026-03-23T06:06:47.857+0000] {processor.py:840} INFO - DAG(s) 'reporting_nightly_refresh' retrieved from /opt/airflow/dags/lra_refresh_dag.py
[2026-03-23T06:06:47.908+0000] {logging_mixin.py:188} INFO - [2026-03-23T06:06:47.908+0000] {dag.py:3096} INFO - Sync 1 DAGs
[2026-03-23T06:06:48.014+0000] {processor.py:183} INFO - Processing /opt/airflow/dags/lra_refresh_dag.py took 0.316 seconds
[2026-03-23T06:07:18.321+0000] {processor.py:161} INFO - Started process (PID=538) to work on /opt/airflow/dags/lra_refresh_dag.py
[2026-03-23T06:07:18.323+0000] {processor.py:830} INFO - Processing file /opt/airflow/dags/lra_refresh_dag.py for tasks to queue
[2026-03-23T06:07:18.327+0000] {logging_mixin.py:188} INFO - [2026-03-23T06:07:18.326+0000] {dagbag.py:540} INFO - Filling up the DagBag from /opt/airflow/dags/lra_refresh_dag.py
[2026-03-23T06:07:18.482+0000] {processor.py:840} INFO - DAG(s) 'reporting_nightly_refresh' retrieved from /opt/airflow/dags/lra_refresh_dag.py
[2026-03-23T06:07:18.531+0000] {logging_mixin.py:188} INFO - [2026-03-23T06:07:18.530+0000] {dag.py:3096} INFO - Sync 1 DAGs
[2026-03-23T06:07:18.641+0000] {processor.py:183} INFO - Processing /opt/airflow/dags/lra_refresh_dag.py took 0.333 seconds
[2026-03-23T06:07:48.950+0000] {processor.py:161} INFO - Started process (PID=543) to work on /opt/airflow/dags/lra_refresh_dag.py
[2026-03-23T06:07:48.952+0000] {processor.py:830} INFO - Processing file /opt/airflow/dags/lra_refresh_dag.py for tasks to queue
[2026-03-23T06:07:48.955+0000] {logging_mixin.py:188} INFO - [2026-03-23T06:07:48.954+0000] {dagbag.py:540} INFO - Filling up the DagBag from /opt/airflow/dags/lra_refresh_dag.py
[2026-03-23T06:07:49.084+0000] {processor.py:840} INFO - DAG(s) 'reporting_nightly_refresh' retrieved from /opt/airflow/dags/lra_refresh_dag.py
[2026-03-23T06:07:49.126+0000] {logging_mixin.py:188} INFO - [2026-03-23T06:07:49.125+0000] {dag.py:3096} INFO - Sync 1 DAGs
[2026-03-23T06:07:49.210+0000] {processor.py:183} INFO - Processing /opt/airflow/dags/lra_refresh_dag.py took 0.271 seconds
[2026-03-23T06:08:19.503+0000] {processor.py:161} INFO - Started process (PID=548) to work on /opt/airflow/dags/lra_refresh_dag.py
[2026-03-23T06:08:19.506+0000] {processor.py:830} INFO - Processing file /opt/airflow/dags/lra_refresh_dag.py for tasks to queue
[2026-03-23T06:08:19.511+0000] {logging_mixin.py:188} INFO - [2026-03-23T06:08:19.510+0000] {dagbag.py:540} INFO - Filling up the DagBag from /opt/airflow/dags/lra_refresh_dag.py
[2026-03-23T06:08:19.651+0000] {processor.py:840} INFO - DAG(s) 'reporting_nightly_refresh' retrieved from /opt/airflow/dags/lra_refresh_dag.py
[2026-03-23T06:08:19.698+0000] {logging_mixin.py:188} INFO - [2026-03-23T06:08:19.698+0000] {dag.py:3096} INFO - Sync 1 DAGs
[2026-03-23T06:08:19.786+0000] {processor.py:183} INFO - Processing /opt/airflow/dags/lra_refresh_dag.py took 0.297 seconds
[2026-03-23T06:08:50.080+0000] {processor.py:161} INFO - Started process (PID=553) to work on /opt/airflow/dags/lra_refresh_dag.py
[2026-03-23T06:08:50.082+0000] {processor.py:830} INFO - Processing file /opt/airflow/dags/lra_refresh_dag.py for tasks to queue
[2026-03-23T06:08:50.086+0000] {logging_mixin.py:188} INFO - [2026-03-23T06:08:50.086+0000] {dagbag.py:540} INFO - Filling up the DagBag from /opt/airflow/dags/lra_refresh_dag.py
[2026-03-23T06:08:50.222+0000] {processor.py:840} INFO - DAG(s) 'reporting_nightly_refresh' retrieved from /opt/airflow/dags/lra_refresh_dag.py
[2026-03-23T06:08:50.266+0000] {logging_mixin.py:188} INFO - [2026-03-23T06:08:50.266+0000] {dag.py:3096} INFO - Sync 1 DAGs
[2026-03-23T06:08:50.346+0000] {processor.py:183} INFO - Processing /opt/airflow/dags/lra_refresh_dag.py took 0.281 seconds
[2026-03-23T06:11:42.528+0000] {processor.py:161} INFO - Started process (PID=169) to work on /opt/airflow/dags/lra_refresh_dag.py
[2026-03-23T06:11:42.531+0000] {processor.py:830} INFO - Processing file /opt/airflow/dags/lra_refresh_dag.py for tasks to queue
[2026-03-23T06:11:42.536+0000] {logging_mixin.py:188} INFO - [2026-03-23T06:11:42.535+0000] {dagbag.py:540} INFO - Filling up the DagBag from /opt/airflow/dags/lra_refresh_dag.py
[2026-03-23T06:11:42.742+0000] {processor.py:840} INFO - DAG(s) 'reporting_nightly_refresh' retrieved from /opt/airflow/dags/lra_refresh_dag.py
[2026-03-23T06:11:43.367+0000] {logging_mixin.py:188} INFO - [2026-03-23T06:11:43.366+0000] {override.py:1829} INFO - Created Permission View: can read on DAG:reporting_nightly_refresh
[2026-03-23T06:11:43.393+0000] {logging_mixin.py:188} INFO - [2026-03-23T06:11:43.392+0000] {override.py:1829} INFO - Created Permission View: can delete on DAG:reporting_nightly_refresh
[2026-03-23T06:11:43.414+0000] {logging_mixin.py:188} INFO - [2026-03-23T06:11:43.413+0000] {override.py:1829} INFO - Created Permission View: can edit on DAG:reporting_nightly_refresh
[2026-03-23T06:11:43.415+0000] {logging_mixin.py:188} INFO - [2026-03-23T06:11:43.415+0000] {dag.py:3096} INFO - Sync 1 DAGs
[2026-03-23T06:11:43.440+0000] {logging_mixin.py:188} INFO - [2026-03-23T06:11:43.440+0000] {dag.py:3118} INFO - Creating ORM DAG for reporting_nightly_refresh
[2026-03-23T06:11:43.461+0000] {logging_mixin.py:188} INFO - [2026-03-23T06:11:43.460+0000] {dag.py:3954} INFO - Setting next_dagrun for reporting_nightly_refresh to 2026-03-22 02:00:00+00:00, run_after=2026-03-23 02:00:00+00:00
[2026-03-23T06:11:43.507+0000] {processor.py:183} INFO - Processing /opt/airflow/dags/lra_refresh_dag.py took 0.997 seconds
[2026-03-23T06:12:13.964+0000] {processor.py:161} INFO - Started process (PID=201) to work on /opt/airflow/dags/lra_refresh_dag.py
[2026-03-23T06:12:13.967+0000] {processor.py:830} INFO - Processing file /opt/airflow/dags/lra_refresh_dag.py for tasks to queue
[2026-03-23T06:12:13.971+0000] {logging_mixin.py:188} INFO - [2026-03-23T06:12:13.971+0000] {dagbag.py:540} INFO - Filling up the DagBag from /opt/airflow/dags/lra_refresh_dag.py
[2026-03-23T06:12:14.117+0000] {processor.py:840} INFO - DAG(s) 'reporting_nightly_refresh' retrieved from /opt/airflow/dags/lra_refresh_dag.py
[2026-03-23T06:12:14.163+0000] {logging_mixin.py:188} INFO - [2026-03-23T06:12:14.162+0000] {dag.py:3096} INFO - Sync 1 DAGs
[2026-03-23T06:12:14.265+0000] {processor.py:183} INFO - Processing /opt/airflow/dags/lra_refresh_dag.py took 0.321 seconds
[2026-03-23T06:12:44.561+0000] {processor.py:161} INFO - Started process (PID=206) to work on /opt/airflow/dags/lra_refresh_dag.py
[2026-03-23T06:12:44.563+0000] {processor.py:830} INFO - Processing file /opt/airflow/dags/lra_refresh_dag.py for tasks to queue
[2026-03-23T06:12:44.568+0000] {logging_mixin.py:188} INFO - [2026-03-23T06:12:44.567+0000] {dagbag.py:540} INFO - Filling up the DagBag from /opt/airflow/dags/lra_refresh_dag.py
[2026-03-23T06:12:44.722+0000] {processor.py:840} INFO - DAG(s) 'reporting_nightly_refresh' retrieved from /opt/airflow/dags/lra_refresh_dag.py
[2026-03-23T06:12:44.765+0000] {logging_mixin.py:188} INFO - [2026-03-23T06:12:44.764+0000] {dag.py:3096} INFO - Sync 1 DAGs
[2026-03-23T06:12:44.860+0000] {processor.py:183} INFO - Processing /opt/airflow/dags/lra_refresh_dag.py took 0.310 seconds
[2026-03-23T06:13:15.156+0000] {processor.py:161} INFO - Started process (PID=211) to work on /opt/airflow/dags/lra_refresh_dag.py
[2026-03-23T06:13:15.159+0000] {processor.py:830} INFO - Processing file /opt/airflow/dags/lra_refresh_dag.py for tasks to queue
[2026-03-23T06:13:15.163+0000] {logging_mixin.py:188} INFO - [2026-03-23T06:13:15.163+0000] {dagbag.py:540} INFO - Filling up the DagBag from /opt/airflow/dags/lra_refresh_dag.py
[2026-03-23T06:13:15.306+0000] {processor.py:840} INFO - DAG(s) 'reporting_nightly_refresh' retrieved from /opt/airflow/dags/lra_refresh_dag.py
[2026-03-23T06:13:15.356+0000] {logging_mixin.py:188} INFO - [2026-03-23T06:13:15.356+0000] {dag.py:3096} INFO - Sync 1 DAGs
[2026-03-23T06:13:15.437+0000] {processor.py:183} INFO - Processing /opt/airflow/dags/lra_refresh_dag.py took 0.295 seconds
[2026-03-23T06:13:45.721+0000] {processor.py:161} INFO - Started process (PID=216) to work on /opt/airflow/dags/lra_refresh_dag.py
[2026-03-23T06:13:45.723+0000] {processor.py:830} INFO - Processing file /opt/airflow/dags/lra_refresh_dag.py for tasks to queue
[2026-03-23T06:13:45.727+0000] {logging_mixin.py:188} INFO - [2026-03-23T06:13:45.727+0000] {dagbag.py:540} INFO - Filling up the DagBag from /opt/airflow/dags/lra_refresh_dag.py
[2026-03-23T06:13:45.854+0000] {processor.py:840} INFO - DAG(s) 'reporting_nightly_refresh' retrieved from /opt/airflow/dags/lra_refresh_dag.py
[2026-03-23T06:13:45.896+0000] {logging_mixin.py:188} INFO - [2026-03-23T06:13:45.895+0000] {dag.py:3096} INFO - Sync 1 DAGs
[2026-03-23T06:13:45.988+0000] {processor.py:183} INFO - Processing /opt/airflow/dags/lra_refresh_dag.py took 0.279 seconds
[2026-03-23T06:14:16.274+0000] {processor.py:161} INFO - Started process (PID=221) to work on /opt/airflow/dags/lra_refresh_dag.py
[2026-03-23T06:14:16.277+0000] {processor.py:830} INFO - Processing file /opt/airflow/dags/lra_refresh_dag.py for tasks to queue
[2026-03-23T06:14:16.281+0000] {logging_mixin.py:188} INFO - [2026-03-23T06:14:16.281+0000] {dagbag.py:540} INFO - Filling up the DagBag from /opt/airflow/dags/lra_refresh_dag.py
[2026-03-23T06:14:16.424+0000] {processor.py:840} INFO - DAG(s) 'reporting_nightly_refresh' retrieved from /opt/airflow/dags/lra_refresh_dag.py
[2026-03-23T06:14:16.468+0000] {logging_mixin.py:188} INFO - [2026-03-23T06:14:16.468+0000] {dag.py:3096} INFO - Sync 1 DAGs
[2026-03-23T06:14:16.555+0000] {processor.py:183} INFO - Processing /opt/airflow/dags/lra_refresh_dag.py took 0.295 seconds
[2026-03-23T06:14:46.852+0000] {processor.py:161} INFO - Started process (PID=226) to work on /opt/airflow/dags/lra_refresh_dag.py
[2026-03-23T06:14:46.855+0000] {processor.py:830} INFO - Processing file /opt/airflow/dags/lra_refresh_dag.py for tasks to queue
[2026-03-23T06:14:46.860+0000] {logging_mixin.py:188} INFO - [2026-03-23T06:14:46.860+0000] {dagbag.py:540} INFO - Filling up the DagBag from /opt/airflow/dags/lra_refresh_dag.py
[2026-03-23T06:14:46.993+0000] {processor.py:840} INFO - DAG(s) 'reporting_nightly_refresh' retrieved from /opt/airflow/dags/lra_refresh_dag.py
[2026-03-23T06:14:47.036+0000] {logging_mixin.py:188} INFO - [2026-03-23T06:14:47.036+0000] {dag.py:3096} INFO - Sync 1 DAGs
[2026-03-23T06:14:47.134+0000] {processor.py:183} INFO - Processing /opt/airflow/dags/lra_refresh_dag.py took 0.297 seconds
[2026-03-23T06:15:17.441+0000] {processor.py:161} INFO - Started process (PID=231) to work on /opt/airflow/dags/lra_refresh_dag.py
[2026-03-23T06:15:17.443+0000] {processor.py:830} INFO - Processing file /opt/airflow/dags/lra_refresh_dag.py for tasks to queue
[2026-03-23T06:15:17.448+0000] {logging_mixin.py:188} INFO - [2026-03-23T06:15:17.447+0000] {dagbag.py:540} INFO - Filling up the DagBag from /opt/airflow/dags/lra_refresh_dag.py
[2026-03-23T06:15:17.578+0000] {processor.py:840} INFO - DAG(s) 'reporting_nightly_refresh' retrieved from /opt/airflow/dags/lra_refresh_dag.py
[2026-03-23T06:15:17.622+0000] {logging_mixin.py:188} INFO - [2026-03-23T06:15:17.621+0000] {dag.py:3096} INFO - Sync 1 DAGs
[2026-03-23T06:15:17.665+0000] {logging_mixin.py:188} INFO - [2026-03-23T06:15:17.665+0000] {dag.py:3954} INFO - Setting next_dagrun for reporting_nightly_refresh to 2026-03-22 02:00:00+00:00, run_after=2026-03-23 02:00:00+00:00
[2026-03-23T06:15:17.710+0000] {processor.py:183} INFO - Processing /opt/airflow/dags/lra_refresh_dag.py took 0.283 seconds
[2026-03-23T06:15:48.010+0000] {processor.py:161} INFO - Started process (PID=263) to work on /opt/airflow/dags/lra_refresh_dag.py
[2026-03-23T06:15:48.012+0000] {processor.py:830} INFO - Processing file /opt/airflow/dags/lra_refresh_dag.py for tasks to queue
[2026-03-23T06:15:48.016+0000] {logging_mixin.py:188} INFO - [2026-03-23T06:15:48.016+0000] {dagbag.py:540} INFO - Filling up the DagBag from /opt/airflow/dags/lra_refresh_dag.py
[2026-03-23T06:15:48.140+0000] {processor.py:840} INFO - DAG(s) 'reporting_nightly_refresh' retrieved from /opt/airflow/dags/lra_refresh_dag.py
[2026-03-23T06:15:48.180+0000] {logging_mixin.py:188} INFO - [2026-03-23T06:15:48.180+0000] {dag.py:3096} INFO - Sync 1 DAGs
[2026-03-23T06:15:48.258+0000] {processor.py:183} INFO - Processing /opt/airflow/dags/lra_refresh_dag.py took 0.260 seconds
[2026-03-23T06:27:28.573+0000] {processor.py:161} INFO - Started process (PID=168) to work on /opt/airflow/dags/lra_refresh_dag.py
[2026-03-23T06:27:28.577+0000] {processor.py:830} INFO - Processing file /opt/airflow/dags/lra_refresh_dag.py for tasks to queue
[2026-03-23T06:27:28.584+0000] {logging_mixin.py:188} INFO - [2026-03-23T06:27:28.583+0000] {dagbag.py:540} INFO - Filling up the DagBag from /opt/airflow/dags/lra_refresh_dag.py
[2026-03-23T06:27:28.842+0000] {processor.py:840} INFO - DAG(s) 'reporting_nightly_refresh' retrieved from /opt/airflow/dags/lra_refresh_dag.py
[2026-03-23T06:27:29.523+0000] {logging_mixin.py:188} INFO - [2026-03-23T06:27:29.521+0000] {override.py:1829} INFO - Created Permission View: can read on DAG:reporting_nightly_refresh
[2026-03-23T06:27:29.550+0000] {logging_mixin.py:188} INFO - [2026-03-23T06:27:29.549+0000] {override.py:1829} INFO - Created Permission View: can delete on DAG:reporting_nightly_refresh
[2026-03-23T06:27:29.573+0000] {logging_mixin.py:188} INFO - [2026-03-23T06:27:29.572+0000] {override.py:1829} INFO - Created Permission View: can edit on DAG:reporting_nightly_refresh
[2026-03-23T06:27:29.575+0000] {logging_mixin.py:188} INFO - [2026-03-23T06:27:29.575+0000] {dag.py:3096} INFO - Sync 1 DAGs
[2026-03-23T06:27:29.599+0000] {logging_mixin.py:188} INFO - [2026-03-23T06:27:29.599+0000] {dag.py:3118} INFO - Creating ORM DAG for reporting_nightly_refresh
[2026-03-23T06:27:29.620+0000] {logging_mixin.py:188} INFO - [2026-03-23T06:27:29.620+0000] {dag.py:3954} INFO - Setting next_dagrun for reporting_nightly_refresh to 2026-03-22 02:00:00+00:00, run_after=2026-03-23 02:00:00+00:00
[2026-03-23T06:27:29.663+0000] {processor.py:183} INFO - Processing /opt/airflow/dags/lra_refresh_dag.py took 1.107 seconds
[2026-03-23T06:28:02.926+0000] {processor.py:161} INFO - Started process (PID=3884) to work on /opt/airflow/dags/lra_refresh_dag.py
[2026-03-23T06:28:02.960+0000] {processor.py:830} INFO - Processing file /opt/airflow/dags/lra_refresh_dag.py for tasks to queue
[2026-03-23T06:28:03.404+0000] {logging_mixin.py:188} INFO - [2026-03-23T06:28:03.362+0000] {dagbag.py:540} INFO - Filling up the DagBag from /opt/airflow/dags/lra_refresh_dag.py
[2026-03-23T06:28:08.287+0000] {processor.py:840} INFO - DAG(s) 'reporting_nightly_refresh' retrieved from /opt/airflow/dags/lra_refresh_dag.py
[2026-03-23T06:28:19.960+0000] {logging_mixin.py:188} INFO - [2026-03-23T06:28:19.590+0000] {dag.py:3096} INFO - Sync 1 DAGs
[2026-03-23T06:28:28.911+0000] {processor.py:183} INFO - Processing /opt/airflow/dags/lra_refresh_dag.py took 26.787 seconds
[2026-03-23T06:29:08.950+0000] {processor.py:161} INFO - Started process (PID=5465) to work on /opt/airflow/dags/lra_refresh_dag.py
[2026-03-23T06:29:08.957+0000] {processor.py:830} INFO - Processing file /opt/airflow/dags/lra_refresh_dag.py for tasks to queue
[2026-03-23T06:29:09.003+0000] {logging_mixin.py:188} INFO - [2026-03-23T06:29:08.996+0000] {dagbag.py:540} INFO - Filling up the DagBag from /opt/airflow/dags/lra_refresh_dag.py
[2026-03-23T06:29:09.531+0000] {processor.py:840} INFO - DAG(s) 'reporting_nightly_refresh' retrieved from /opt/airflow/dags/lra_refresh_dag.py
[2026-03-23T06:29:09.629+0000] {logging_mixin.py:188} INFO - [2026-03-23T06:29:09.629+0000] {dag.py:3096} INFO - Sync 1 DAGs
[2026-03-23T06:29:09.749+0000] {processor.py:183} INFO - Processing /opt/airflow/dags/lra_refresh_dag.py took 0.951 seconds
[2026-03-23T06:29:40.044+0000] {processor.py:161} INFO - Started process (PID=5470) to work on /opt/airflow/dags/lra_refresh_dag.py
[2026-03-23T06:29:40.045+0000] {processor.py:830} INFO - Processing file /opt/airflow/dags/lra_refresh_dag.py for tasks to queue
[2026-03-23T06:29:40.051+0000] {logging_mixin.py:188} INFO - [2026-03-23T06:29:40.050+0000] {dagbag.py:540} INFO - Filling up the DagBag from /opt/airflow/dags/lra_refresh_dag.py
[2026-03-23T06:29:40.192+0000] {processor.py:840} INFO - DAG(s) 'reporting_nightly_refresh' retrieved from /opt/airflow/dags/lra_refresh_dag.py
[2026-03-23T06:29:40.254+0000] {logging_mixin.py:188} INFO - [2026-03-23T06:29:40.254+0000] {dag.py:3096} INFO - Sync 1 DAGs
[2026-03-23T06:29:40.339+0000] {processor.py:183} INFO - Processing /opt/airflow/dags/lra_refresh_dag.py took 0.309 seconds
[2026-03-23T06:30:10.689+0000] {processor.py:161} INFO - Started process (PID=5475) to work on /opt/airflow/dags/lra_refresh_dag.py
[2026-03-23T06:30:10.693+0000] {processor.py:830} INFO - Processing file /opt/airflow/dags/lra_refresh_dag.py for tasks to queue
[2026-03-23T06:30:10.698+0000] {logging_mixin.py:188} INFO - [2026-03-23T06:30:10.697+0000] {dagbag.py:540} INFO - Filling up the DagBag from /opt/airflow/dags/lra_refresh_dag.py
[2026-03-23T06:30:10.861+0000] {processor.py:840} INFO - DAG(s) 'reporting_nightly_refresh' retrieved from /opt/airflow/dags/lra_refresh_dag.py
[2026-03-23T06:30:10.930+0000] {logging_mixin.py:188} INFO - [2026-03-23T06:30:10.929+0000] {dag.py:3096} INFO - Sync 1 DAGs
[2026-03-23T06:30:11.021+0000] {processor.py:183} INFO - Processing /opt/airflow/dags/lra_refresh_dag.py took 0.352 seconds
[2026-03-23T06:30:41.371+0000] {processor.py:161} INFO - Started process (PID=5480) to work on /opt/airflow/dags/lra_refresh_dag.py
[2026-03-23T06:30:41.373+0000] {processor.py:830} INFO - Processing file /opt/airflow/dags/lra_refresh_dag.py for tasks to queue
[2026-03-23T06:30:41.377+0000] {logging_mixin.py:188} INFO - [2026-03-23T06:30:41.377+0000] {dagbag.py:540} INFO - Filling up the DagBag from /opt/airflow/dags/lra_refresh_dag.py
[2026-03-23T06:30:41.511+0000] {processor.py:840} INFO - DAG(s) 'reporting_nightly_refresh' retrieved from /opt/airflow/dags/lra_refresh_dag.py
[2026-03-23T06:30:41.569+0000] {logging_mixin.py:188} INFO - [2026-03-23T06:30:41.569+0000] {dag.py:3096} INFO - Sync 1 DAGs
[2026-03-23T06:30:41.666+0000] {processor.py:183} INFO - Processing /opt/airflow/dags/lra_refresh_dag.py took 0.310 seconds
[2026-03-23T06:31:11.980+0000] {processor.py:161} INFO - Started process (PID=5485) to work on /opt/airflow/dags/lra_refresh_dag.py
[2026-03-23T06:31:11.982+0000] {processor.py:830} INFO - Processing file /opt/airflow/dags/lra_refresh_dag.py for tasks to queue
[2026-03-23T06:31:11.988+0000] {logging_mixin.py:188} INFO - [2026-03-23T06:31:11.988+0000] {dagbag.py:540} INFO - Filling up the DagBag from /opt/airflow/dags/lra_refresh_dag.py
[2026-03-23T06:31:12.136+0000] {processor.py:840} INFO - DAG(s) 'reporting_nightly_refresh' retrieved from /opt/airflow/dags/lra_refresh_dag.py
[2026-03-23T06:31:12.217+0000] {logging_mixin.py:188} INFO - [2026-03-23T06:31:12.217+0000] {dag.py:3096} INFO - Sync 1 DAGs
[2026-03-23T06:31:12.313+0000] {processor.py:183} INFO - Processing /opt/airflow/dags/lra_refresh_dag.py took 0.349 seconds
[2026-03-23T06:31:42.625+0000] {processor.py:161} INFO - Started process (PID=5490) to work on /opt/airflow/dags/lra_refresh_dag.py
[2026-03-23T06:31:42.627+0000] {processor.py:830} INFO - Processing file /opt/airflow/dags/lra_refresh_dag.py for tasks to queue
[2026-03-23T06:31:42.632+0000] {logging_mixin.py:188} INFO - [2026-03-23T06:31:42.632+0000] {dagbag.py:540} INFO - Filling up the DagBag from /opt/airflow/dags/lra_refresh_dag.py
[2026-03-23T06:31:42.768+0000] {processor.py:840} INFO - DAG(s) 'reporting_nightly_refresh' retrieved from /opt/airflow/dags/lra_refresh_dag.py
[2026-03-23T06:31:42.824+0000] {logging_mixin.py:188} INFO - [2026-03-23T06:31:42.824+0000] {dag.py:3096} INFO - Sync 1 DAGs
[2026-03-23T06:31:42.905+0000] {processor.py:183} INFO - Processing /opt/airflow/dags/lra_refresh_dag.py took 0.295 seconds
[2026-03-23T06:32:13.244+0000] {processor.py:161} INFO - Started process (PID=5495) to work on /opt/airflow/dags/lra_refresh_dag.py
[2026-03-23T06:32:13.247+0000] {processor.py:830} INFO - Processing file /opt/airflow/dags/lra_refresh_dag.py for tasks to queue
[2026-03-23T06:32:13.252+0000] {logging_mixin.py:188} INFO - [2026-03-23T06:32:13.251+0000] {dagbag.py:540} INFO - Filling up the DagBag from /opt/airflow/dags/lra_refresh_dag.py
[2026-03-23T06:32:13.406+0000] {processor.py:840} INFO - DAG(s) 'reporting_nightly_refresh' retrieved from /opt/airflow/dags/lra_refresh_dag.py
[2026-03-23T06:32:13.467+0000] {logging_mixin.py:188} INFO - [2026-03-23T06:32:13.467+0000] {dag.py:3096} INFO - Sync 1 DAGs
[2026-03-23T06:32:13.561+0000] {processor.py:183} INFO - Processing /opt/airflow/dags/lra_refresh_dag.py took 0.337 seconds
[2026-03-23T06:32:43.876+0000] {processor.py:161} INFO - Started process (PID=5500) to work on /opt/airflow/dags/lra_refresh_dag.py
[2026-03-23T06:32:43.878+0000] {processor.py:830} INFO - Processing file /opt/airflow/dags/lra_refresh_dag.py for tasks to queue
[2026-03-23T06:32:43.883+0000] {logging_mixin.py:188} INFO - [2026-03-23T06:32:43.882+0000] {dagbag.py:540} INFO - Filling up the DagBag from /opt/airflow/dags/lra_refresh_dag.py
[2026-03-23T06:32:44.020+0000] {processor.py:840} INFO - DAG(s) 'reporting_nightly_refresh' retrieved from /opt/airflow/dags/lra_refresh_dag.py
[2026-03-23T06:32:44.079+0000] {logging_mixin.py:188} INFO - [2026-03-23T06:32:44.079+0000] {dag.py:3096} INFO - Sync 1 DAGs
[2026-03-23T06:32:44.166+0000] {processor.py:183} INFO - Processing /opt/airflow/dags/lra_refresh_dag.py took 0.304 seconds
[2026-03-23T06:33:14.474+0000] {processor.py:161} INFO - Started process (PID=5505) to work on /opt/airflow/dags/lra_refresh_dag.py
[2026-03-23T06:33:14.476+0000] {processor.py:830} INFO - Processing file /opt/airflow/dags/lra_refresh_dag.py for tasks to queue
[2026-03-23T06:33:14.481+0000] {logging_mixin.py:188} INFO - [2026-03-23T06:33:14.480+0000] {dagbag.py:540} INFO - Filling up the DagBag from /opt/airflow/dags/lra_refresh_dag.py
[2026-03-23T06:33:14.624+0000] {processor.py:840} INFO - DAG(s) 'reporting_nightly_refresh' retrieved from /opt/airflow/dags/lra_refresh_dag.py
[2026-03-23T06:33:14.685+0000] {logging_mixin.py:188} INFO - [2026-03-23T06:33:14.684+0000] {dag.py:3096} INFO - Sync 1 DAGs
[2026-03-23T06:33:14.771+0000] {processor.py:183} INFO - Processing /opt/airflow/dags/lra_refresh_dag.py took 0.311 seconds
[2026-03-23T06:33:45.074+0000] {processor.py:161} INFO - Started process (PID=5510) to work on /opt/airflow/dags/lra_refresh_dag.py
[2026-03-23T06:33:45.076+0000] {processor.py:830} INFO - Processing file /opt/airflow/dags/lra_refresh_dag.py for tasks to queue
[2026-03-23T06:33:45.081+0000] {logging_mixin.py:188} INFO - [2026-03-23T06:33:45.081+0000] {dagbag.py:540} INFO - Filling up the DagBag from /opt/airflow/dags/lra_refresh_dag.py
[2026-03-23T06:33:45.221+0000] {processor.py:840} INFO - DAG(s) 'reporting_nightly_refresh' retrieved from /opt/airflow/dags/lra_refresh_dag.py
[2026-03-23T06:33:45.279+0000] {logging_mixin.py:188} INFO - [2026-03-23T06:33:45.278+0000] {dag.py:3096} INFO - Sync 1 DAGs
[2026-03-23T06:33:45.370+0000] {processor.py:183} INFO - Processing /opt/airflow/dags/lra_refresh_dag.py took 0.310 seconds
[2026-03-23T06:34:15.681+0000] {processor.py:161} INFO - Started process (PID=5515) to work on /opt/airflow/dags/lra_refresh_dag.py
[2026-03-23T06:34:15.684+0000] {processor.py:830} INFO - Processing file /opt/airflow/dags/lra_refresh_dag.py for tasks to queue
[2026-03-23T06:34:15.688+0000] {logging_mixin.py:188} INFO - [2026-03-23T06:34:15.688+0000] {dagbag.py:540} INFO - Filling up the DagBag from /opt/airflow/dags/lra_refresh_dag.py
[2026-03-23T06:34:15.830+0000] {processor.py:840} INFO - DAG(s) 'reporting_nightly_refresh' retrieved from /opt/airflow/dags/lra_refresh_dag.py
[2026-03-23T06:34:15.890+0000] {logging_mixin.py:188} INFO - [2026-03-23T06:34:15.890+0000] {dag.py:3096} INFO - Sync 1 DAGs
[2026-03-23T06:34:15.983+0000] {processor.py:183} INFO - Processing /opt/airflow/dags/lra_refresh_dag.py took 0.316 seconds
[2026-03-23T06:34:46.296+0000] {processor.py:161} INFO - Started process (PID=5520) to work on /opt/airflow/dags/lra_refresh_dag.py
[2026-03-23T06:34:46.298+0000] {processor.py:830} INFO - Processing file /opt/airflow/dags/lra_refresh_dag.py for tasks to queue
[2026-03-23T06:34:46.303+0000] {logging_mixin.py:188} INFO - [2026-03-23T06:34:46.302+0000] {dagbag.py:540} INFO - Filling up the DagBag from /opt/airflow/dags/lra_refresh_dag.py
[2026-03-23T06:34:46.438+0000] {processor.py:840} INFO - DAG(s) 'reporting_nightly_refresh' retrieved from /opt/airflow/dags/lra_refresh_dag.py
[2026-03-23T06:34:46.494+0000] {logging_mixin.py:188} INFO - [2026-03-23T06:34:46.493+0000] {dag.py:3096} INFO - Sync 1 DAGs
[2026-03-23T06:34:46.573+0000] {processor.py:183} INFO - Processing /opt/airflow/dags/lra_refresh_dag.py took 0.291 seconds
[2026-03-23T06:35:16.896+0000] {processor.py:161} INFO - Started process (PID=6204) to work on /opt/airflow/dags/lra_refresh_dag.py
[2026-03-23T06:35:16.899+0000] {processor.py:830} INFO - Processing file /opt/airflow/dags/lra_refresh_dag.py for tasks to queue
[2026-03-23T06:35:16.906+0000] {logging_mixin.py:188} INFO - [2026-03-23T06:35:16.905+0000] {dagbag.py:540} INFO - Filling up the DagBag from /opt/airflow/dags/lra_refresh_dag.py
[2026-03-23T06:35:17.055+0000] {processor.py:840} INFO - DAG(s) 'reporting_nightly_refresh' retrieved from /opt/airflow/dags/lra_refresh_dag.py
[2026-03-23T06:35:17.131+0000] {logging_mixin.py:188} INFO - [2026-03-23T06:35:17.131+0000] {dag.py:3096} INFO - Sync 1 DAGs
[2026-03-23T06:35:17.258+0000] {processor.py:183} INFO - Processing /opt/airflow/dags/lra_refresh_dag.py took 0.381 seconds
[2026-03-23T06:35:47.616+0000] {processor.py:161} INFO - Started process (PID=6888) to work on /opt/airflow/dags/lra_refresh_dag.py
[2026-03-23T06:35:47.619+0000] {processor.py:830} INFO - Processing file /opt/airflow/dags/lra_refresh_dag.py for tasks to queue
[2026-03-23T06:35:47.624+0000] {logging_mixin.py:188} INFO - [2026-03-23T06:35:47.623+0000] {dagbag.py:540} INFO - Filling up the DagBag from /opt/airflow/dags/lra_refresh_dag.py
[2026-03-23T06:35:47.755+0000] {processor.py:840} INFO - DAG(s) 'reporting_nightly_refresh' retrieved from /opt/airflow/dags/lra_refresh_dag.py
[2026-03-23T06:35:47.812+0000] {logging_mixin.py:188} INFO - [2026-03-23T06:35:47.812+0000] {dag.py:3096} INFO - Sync 1 DAGs
[2026-03-23T06:35:47.906+0000] {processor.py:183} INFO - Processing /opt/airflow/dags/lra_refresh_dag.py took 0.305 seconds
[2026-03-23T06:36:18.212+0000] {processor.py:161} INFO - Started process (PID=8252) to work on /opt/airflow/dags/lra_refresh_dag.py
[2026-03-23T06:36:18.214+0000] {processor.py:830} INFO - Processing file /opt/airflow/dags/lra_refresh_dag.py for tasks to queue
[2026-03-23T06:36:18.220+0000] {logging_mixin.py:188} INFO - [2026-03-23T06:36:18.219+0000] {dagbag.py:540} INFO - Filling up the DagBag from /opt/airflow/dags/lra_refresh_dag.py
[2026-03-23T06:36:18.365+0000] {processor.py:840} INFO - DAG(s) 'reporting_nightly_refresh' retrieved from /opt/airflow/dags/lra_refresh_dag.py
[2026-03-23T06:36:18.432+0000] {logging_mixin.py:188} INFO - [2026-03-23T06:36:18.432+0000] {dag.py:3096} INFO - Sync 1 DAGs
[2026-03-23T06:36:18.526+0000] {processor.py:183} INFO - Processing /opt/airflow/dags/lra_refresh_dag.py took 0.328 seconds
[2026-03-23T06:36:48.848+0000] {processor.py:161} INFO - Started process (PID=8263) to work on /opt/airflow/dags/lra_refresh_dag.py
[2026-03-23T06:36:48.850+0000] {processor.py:830} INFO - Processing file /opt/airflow/dags/lra_refresh_dag.py for tasks to queue
[2026-03-23T06:36:48.855+0000] {logging_mixin.py:188} INFO - [2026-03-23T06:36:48.854+0000] {dagbag.py:540} INFO - Filling up the DagBag from /opt/airflow/dags/lra_refresh_dag.py
[2026-03-23T06:36:48.984+0000] {processor.py:840} INFO - DAG(s) 'reporting_nightly_refresh' retrieved from /opt/airflow/dags/lra_refresh_dag.py
[2026-03-23T06:36:49.040+0000] {logging_mixin.py:188} INFO - [2026-03-23T06:36:49.040+0000] {dag.py:3096} INFO - Sync 1 DAGs
[2026-03-23T06:36:49.129+0000] {processor.py:183} INFO - Processing /opt/airflow/dags/lra_refresh_dag.py took 0.295 seconds
[2026-03-23T06:37:19.440+0000] {processor.py:161} INFO - Started process (PID=8958) to work on /opt/airflow/dags/lra_refresh_dag.py
[2026-03-23T06:37:19.443+0000] {processor.py:830} INFO - Processing file /opt/airflow/dags/lra_refresh_dag.py for tasks to queue
[2026-03-23T06:37:19.448+0000] {logging_mixin.py:188} INFO - [2026-03-23T06:37:19.447+0000] {dagbag.py:540} INFO - Filling up the DagBag from /opt/airflow/dags/lra_refresh_dag.py
[2026-03-23T06:37:19.586+0000] {processor.py:840} INFO - DAG(s) 'reporting_nightly_refresh' retrieved from /opt/airflow/dags/lra_refresh_dag.py
[2026-03-23T06:37:19.644+0000] {logging_mixin.py:188} INFO - [2026-03-23T06:37:19.644+0000] {dag.py:3096} INFO - Sync 1 DAGs
[2026-03-23T06:37:19.730+0000] {processor.py:183} INFO - Processing /opt/airflow/dags/lra_refresh_dag.py took 0.304 seconds
[2026-03-23T06:37:50.072+0000] {processor.py:161} INFO - Started process (PID=10325) to work on /opt/airflow/dags/lra_refresh_dag.py
[2026-03-23T06:37:50.075+0000] {processor.py:830} INFO - Processing file /opt/airflow/dags/lra_refresh_dag.py for tasks to queue
[2026-03-23T06:37:50.080+0000] {logging_mixin.py:188} INFO - [2026-03-23T06:37:50.079+0000] {dagbag.py:540} INFO - Filling up the DagBag from /opt/airflow/dags/lra_refresh_dag.py
[2026-03-23T06:37:50.226+0000] {processor.py:840} INFO - DAG(s) 'reporting_nightly_refresh' retrieved from /opt/airflow/dags/lra_refresh_dag.py
[2026-03-23T06:37:50.299+0000] {logging_mixin.py:188} INFO - [2026-03-23T06:37:50.298+0000] {dag.py:3096} INFO - Sync 1 DAGs
[2026-03-23T06:37:50.402+0000] {processor.py:183} INFO - Processing /opt/airflow/dags/lra_refresh_dag.py took 0.345 seconds
[2026-03-23T06:38:20.713+0000] {processor.py:161} INFO - Started process (PID=10539) to work on /opt/airflow/dags/lra_refresh_dag.py
[2026-03-23T06:38:20.716+0000] {processor.py:830} INFO - Processing file /opt/airflow/dags/lra_refresh_dag.py for tasks to queue
[2026-03-23T06:38:20.721+0000] {logging_mixin.py:188} INFO - [2026-03-23T06:38:20.721+0000] {dagbag.py:540} INFO - Filling up the DagBag from /opt/airflow/dags/lra_refresh_dag.py
[2026-03-23T06:38:20.864+0000] {processor.py:840} INFO - DAG(s) 'reporting_nightly_refresh' retrieved from /opt/airflow/dags/lra_refresh_dag.py
[2026-03-23T06:38:20.924+0000] {logging_mixin.py:188} INFO - [2026-03-23T06:38:20.924+0000] {dag.py:3096} INFO - Sync 1 DAGs
[2026-03-23T06:38:21.020+0000] {processor.py:183} INFO - Processing /opt/airflow/dags/lra_refresh_dag.py took 0.324 seconds
[2026-03-23T06:38:51.334+0000] {processor.py:161} INFO - Started process (PID=11690) to work on /opt/airflow/dags/lra_refresh_dag.py
[2026-03-23T06:38:51.336+0000] {processor.py:830} INFO - Processing file /opt/airflow/dags/lra_refresh_dag.py for tasks to queue
[2026-03-23T06:38:51.341+0000] {logging_mixin.py:188} INFO - [2026-03-23T06:38:51.340+0000] {dagbag.py:540} INFO - Filling up the DagBag from /opt/airflow/dags/lra_refresh_dag.py
[2026-03-23T06:38:51.480+0000] {processor.py:840} INFO - DAG(s) 'reporting_nightly_refresh' retrieved from /opt/airflow/dags/lra_refresh_dag.py
[2026-03-23T06:38:51.541+0000] {logging_mixin.py:188} INFO - [2026-03-23T06:38:51.540+0000] {dag.py:3096} INFO - Sync 1 DAGs
[2026-03-23T06:38:51.653+0000] {processor.py:183} INFO - Processing /opt/airflow/dags/lra_refresh_dag.py took 0.334 seconds
[2026-03-23T06:39:21.974+0000] {processor.py:161} INFO - Started process (PID=11695) to work on /opt/airflow/dags/lra_refresh_dag.py
[2026-03-23T06:39:21.977+0000] {processor.py:830} INFO - Processing file /opt/airflow/dags/lra_refresh_dag.py for tasks to queue
[2026-03-23T06:39:21.983+0000] {logging_mixin.py:188} INFO - [2026-03-23T06:39:21.982+0000] {dagbag.py:540} INFO - Filling up the DagBag from /opt/airflow/dags/lra_refresh_dag.py
[2026-03-23T06:39:22.136+0000] {processor.py:840} INFO - DAG(s) 'reporting_nightly_refresh' retrieved from /opt/airflow/dags/lra_refresh_dag.py
[2026-03-23T06:39:22.193+0000] {logging_mixin.py:188} INFO - [2026-03-23T06:39:22.192+0000] {dag.py:3096} INFO - Sync 1 DAGs
[2026-03-23T06:39:22.282+0000] {processor.py:183} INFO - Processing /opt/airflow/dags/lra_refresh_dag.py took 0.327 seconds
[2026-03-23T06:39:52.596+0000] {processor.py:161} INFO - Started process (PID=11700) to work on /opt/airflow/dags/lra_refresh_dag.py
[2026-03-23T06:39:52.598+0000] {processor.py:830} INFO - Processing file /opt/airflow/dags/lra_refresh_dag.py for tasks to queue
[2026-03-23T06:39:52.602+0000] {logging_mixin.py:188} INFO - [2026-03-23T06:39:52.602+0000] {dagbag.py:540} INFO - Filling up the DagBag from /opt/airflow/dags/lra_refresh_dag.py
[2026-03-23T06:39:52.732+0000] {processor.py:840} INFO - DAG(s) 'reporting_nightly_refresh' retrieved from /opt/airflow/dags/lra_refresh_dag.py
[2026-03-23T06:39:52.787+0000] {logging_mixin.py:188} INFO - [2026-03-23T06:39:52.786+0000] {dag.py:3096} INFO - Sync 1 DAGs
[2026-03-23T06:39:52.865+0000] {processor.py:183} INFO - Processing /opt/airflow/dags/lra_refresh_dag.py took 0.283 seconds
[2026-03-23T06:40:23.160+0000] {processor.py:161} INFO - Started process (PID=11705) to work on /opt/airflow/dags/lra_refresh_dag.py
[2026-03-23T06:40:23.162+0000] {processor.py:830} INFO - Processing file /opt/airflow/dags/lra_refresh_dag.py for tasks to queue
[2026-03-23T06:40:23.167+0000] {logging_mixin.py:188} INFO - [2026-03-23T06:40:23.166+0000] {dagbag.py:540} INFO - Filling up the DagBag from /opt/airflow/dags/lra_refresh_dag.py
[2026-03-23T06:40:23.294+0000] {processor.py:840} INFO - DAG(s) 'reporting_nightly_refresh' retrieved from /opt/airflow/dags/lra_refresh_dag.py
[2026-03-23T06:40:23.349+0000] {logging_mixin.py:188} INFO - [2026-03-23T06:40:23.348+0000] {dag.py:3096} INFO - Sync 1 DAGs
[2026-03-23T06:40:23.441+0000] {processor.py:183} INFO - Processing /opt/airflow/dags/lra_refresh_dag.py took 0.295 seconds
