[2026-03-23T06:42:28.943+0000] {processor.py:161} INFO - Started process (PID=11710) to work on /opt/airflow/dags/reporting_refresh_dag.py
[2026-03-23T06:42:28.946+0000] {processor.py:830} INFO - Processing file /opt/airflow/dags/reporting_refresh_dag.py for tasks to queue
[2026-03-23T06:42:28.948+0000] {logging_mixin.py:188} INFO - [2026-03-23T06:42:28.947+0000] {dagbag.py:540} INFO - Filling up the DagBag from /opt/airflow/dags/reporting_refresh_dag.py
[2026-03-23T06:42:28.973+0000] {logging_mixin.py:188} INFO - [2026-03-23T06:42:28.970+0000] {dagbag.py:350} ERROR - Failed to import: /opt/airflow/dags/reporting_refresh_dag.py
Traceback (most recent call last):
  File "/home/airflow/.local/lib/python3.12/site-packages/airflow/models/dagbag.py", line 346, in parse
    loader.exec_module(new_module)
  File "<frozen importlib._bootstrap_external>", line 991, in exec_module
  File "<frozen importlib._bootstrap_external>", line 1129, in get_code
  File "<frozen importlib._bootstrap_external>", line 1059, in source_to_code
  File "<frozen importlib._bootstrap>", line 488, in _call_with_frames_removed
  File "/opt/airflow/dags/reporting_refresh_dag.py", line 54
    log.info("Batch %d: %d locations", batch_index, len(location_ids))
IndentationError: unexpected indent
[2026-03-23T06:42:28.974+0000] {processor.py:842} WARNING - No viable dags retrieved from /opt/airflow/dags/reporting_refresh_dag.py
[2026-03-23T06:42:29.074+0000] {processor.py:183} INFO - Processing /opt/airflow/dags/reporting_refresh_dag.py took 0.145 seconds
[2026-03-23T06:42:59.179+0000] {processor.py:161} INFO - Started process (PID=11715) to work on /opt/airflow/dags/reporting_refresh_dag.py
[2026-03-23T06:42:59.181+0000] {processor.py:830} INFO - Processing file /opt/airflow/dags/reporting_refresh_dag.py for tasks to queue
[2026-03-23T06:42:59.183+0000] {logging_mixin.py:188} INFO - [2026-03-23T06:42:59.182+0000] {dagbag.py:540} INFO - Filling up the DagBag from /opt/airflow/dags/reporting_refresh_dag.py
[2026-03-23T06:42:59.209+0000] {logging_mixin.py:188} INFO - [2026-03-23T06:42:59.207+0000] {dagbag.py:350} ERROR - Failed to import: /opt/airflow/dags/reporting_refresh_dag.py
Traceback (most recent call last):
  File "/home/airflow/.local/lib/python3.12/site-packages/airflow/models/dagbag.py", line 346, in parse
    loader.exec_module(new_module)
  File "<frozen importlib._bootstrap_external>", line 991, in exec_module
  File "<frozen importlib._bootstrap_external>", line 1129, in get_code
  File "<frozen importlib._bootstrap_external>", line 1059, in source_to_code
  File "<frozen importlib._bootstrap>", line 488, in _call_with_frames_removed
  File "/opt/airflow/dags/reporting_refresh_dag.py", line 54
    log.info("Batch %d: %d locations", batch_index, len(location_ids))
IndentationError: unexpected indent
[2026-03-23T06:42:59.210+0000] {processor.py:842} WARNING - No viable dags retrieved from /opt/airflow/dags/reporting_refresh_dag.py
[2026-03-23T06:42:59.305+0000] {processor.py:183} INFO - Processing /opt/airflow/dags/reporting_refresh_dag.py took 0.140 seconds
[2026-03-23T06:43:29.600+0000] {processor.py:161} INFO - Started process (PID=11720) to work on /opt/airflow/dags/reporting_refresh_dag.py
[2026-03-23T06:43:29.602+0000] {processor.py:830} INFO - Processing file /opt/airflow/dags/reporting_refresh_dag.py for tasks to queue
[2026-03-23T06:43:29.604+0000] {logging_mixin.py:188} INFO - [2026-03-23T06:43:29.603+0000] {dagbag.py:540} INFO - Filling up the DagBag from /opt/airflow/dags/reporting_refresh_dag.py
[2026-03-23T06:43:29.637+0000] {logging_mixin.py:188} INFO - [2026-03-23T06:43:29.632+0000] {dagbag.py:350} ERROR - Failed to import: /opt/airflow/dags/reporting_refresh_dag.py
Traceback (most recent call last):
  File "/home/airflow/.local/lib/python3.12/site-packages/airflow/models/dagbag.py", line 346, in parse
    loader.exec_module(new_module)
  File "<frozen importlib._bootstrap_external>", line 995, in exec_module
  File "<frozen importlib._bootstrap>", line 488, in _call_with_frames_removed
  File "/opt/airflow/dags/reporting_refresh_dag.py", line 27, in <module>
    from automation.refresh_runner import run_batch
ModuleNotFoundError: No module named 'automation'
[2026-03-23T06:43:29.639+0000] {processor.py:842} WARNING - No viable dags retrieved from /opt/airflow/dags/reporting_refresh_dag.py
[2026-03-23T06:43:29.739+0000] {processor.py:183} INFO - Processing /opt/airflow/dags/reporting_refresh_dag.py took 0.153 seconds
[2026-03-23T06:43:59.855+0000] {processor.py:161} INFO - Started process (PID=11725) to work on /opt/airflow/dags/reporting_refresh_dag.py
[2026-03-23T06:43:59.857+0000] {processor.py:830} INFO - Processing file /opt/airflow/dags/reporting_refresh_dag.py for tasks to queue
[2026-03-23T06:43:59.859+0000] {logging_mixin.py:188} INFO - [2026-03-23T06:43:59.859+0000] {dagbag.py:540} INFO - Filling up the DagBag from /opt/airflow/dags/reporting_refresh_dag.py
[2026-03-23T06:43:59.893+0000] {logging_mixin.py:188} INFO - [2026-03-23T06:43:59.886+0000] {dagbag.py:350} ERROR - Failed to import: /opt/airflow/dags/reporting_refresh_dag.py
Traceback (most recent call last):
  File "/home/airflow/.local/lib/python3.12/site-packages/airflow/models/dagbag.py", line 346, in parse
    loader.exec_module(new_module)
  File "<frozen importlib._bootstrap_external>", line 995, in exec_module
  File "<frozen importlib._bootstrap>", line 488, in _call_with_frames_removed
  File "/opt/airflow/dags/reporting_refresh_dag.py", line 27, in <module>
    from automation.refresh_runner import run_batch
ModuleNotFoundError: No module named 'automation'
[2026-03-23T06:43:59.895+0000] {processor.py:842} WARNING - No viable dags retrieved from /opt/airflow/dags/reporting_refresh_dag.py
[2026-03-23T06:43:59.989+0000] {processor.py:183} INFO - Processing /opt/airflow/dags/reporting_refresh_dag.py took 0.148 seconds
[2026-03-23T06:44:30.261+0000] {processor.py:161} INFO - Started process (PID=11730) to work on /opt/airflow/dags/reporting_refresh_dag.py
[2026-03-23T06:44:30.263+0000] {processor.py:830} INFO - Processing file /opt/airflow/dags/reporting_refresh_dag.py for tasks to queue
[2026-03-23T06:44:30.265+0000] {logging_mixin.py:188} INFO - [2026-03-23T06:44:30.265+0000] {dagbag.py:540} INFO - Filling up the DagBag from /opt/airflow/dags/reporting_refresh_dag.py
[2026-03-23T06:44:30.297+0000] {logging_mixin.py:188} INFO - [2026-03-23T06:44:30.291+0000] {dagbag.py:350} ERROR - Failed to import: /opt/airflow/dags/reporting_refresh_dag.py
Traceback (most recent call last):
  File "/home/airflow/.local/lib/python3.12/site-packages/airflow/models/dagbag.py", line 346, in parse
    loader.exec_module(new_module)
  File "<frozen importlib._bootstrap_external>", line 995, in exec_module
  File "<frozen importlib._bootstrap>", line 488, in _call_with_frames_removed
  File "/opt/airflow/dags/reporting_refresh_dag.py", line 27, in <module>
    from automation.refresh_runner import run_batch
ModuleNotFoundError: No module named 'automation'
[2026-03-23T06:44:30.299+0000] {processor.py:842} WARNING - No viable dags retrieved from /opt/airflow/dags/reporting_refresh_dag.py
[2026-03-23T06:44:30.388+0000] {processor.py:183} INFO - Processing /opt/airflow/dags/reporting_refresh_dag.py took 0.140 seconds
[2026-03-23T06:45:00.526+0000] {processor.py:161} INFO - Started process (PID=11735) to work on /opt/airflow/dags/reporting_refresh_dag.py
[2026-03-23T06:45:00.529+0000] {processor.py:830} INFO - Processing file /opt/airflow/dags/reporting_refresh_dag.py for tasks to queue
[2026-03-23T06:45:00.531+0000] {logging_mixin.py:188} INFO - [2026-03-23T06:45:00.530+0000] {dagbag.py:540} INFO - Filling up the DagBag from /opt/airflow/dags/reporting_refresh_dag.py
[2026-03-23T06:45:00.566+0000] {logging_mixin.py:188} INFO - [2026-03-23T06:45:00.559+0000] {dagbag.py:350} ERROR - Failed to import: /opt/airflow/dags/reporting_refresh_dag.py
Traceback (most recent call last):
  File "/home/airflow/.local/lib/python3.12/site-packages/airflow/models/dagbag.py", line 346, in parse
    loader.exec_module(new_module)
  File "<frozen importlib._bootstrap_external>", line 995, in exec_module
  File "<frozen importlib._bootstrap>", line 488, in _call_with_frames_removed
  File "/opt/airflow/dags/reporting_refresh_dag.py", line 27, in <module>
    from automation.refresh_runner import run_batch
ModuleNotFoundError: No module named 'automation'
[2026-03-23T06:45:00.569+0000] {processor.py:842} WARNING - No viable dags retrieved from /opt/airflow/dags/reporting_refresh_dag.py
[2026-03-23T06:45:00.661+0000] {processor.py:183} INFO - Processing /opt/airflow/dags/reporting_refresh_dag.py took 0.149 seconds
[2026-03-23T06:45:30.900+0000] {processor.py:161} INFO - Started process (PID=11740) to work on /opt/airflow/dags/reporting_refresh_dag.py
[2026-03-23T06:45:30.902+0000] {processor.py:830} INFO - Processing file /opt/airflow/dags/reporting_refresh_dag.py for tasks to queue
[2026-03-23T06:45:30.904+0000] {logging_mixin.py:188} INFO - [2026-03-23T06:45:30.903+0000] {dagbag.py:540} INFO - Filling up the DagBag from /opt/airflow/dags/reporting_refresh_dag.py
[2026-03-23T06:45:30.944+0000] {logging_mixin.py:188} INFO - [2026-03-23T06:45:30.934+0000] {dagbag.py:350} ERROR - Failed to import: /opt/airflow/dags/reporting_refresh_dag.py
Traceback (most recent call last):
  File "/home/airflow/.local/lib/python3.12/site-packages/airflow/models/dagbag.py", line 346, in parse
    loader.exec_module(new_module)
  File "<frozen importlib._bootstrap_external>", line 995, in exec_module
  File "<frozen importlib._bootstrap>", line 488, in _call_with_frames_removed
  File "/opt/airflow/dags/reporting_refresh_dag.py", line 27, in <module>
    from automation.refresh_runner import run_batch
ModuleNotFoundError: No module named 'automation'
[2026-03-23T06:45:30.946+0000] {processor.py:842} WARNING - No viable dags retrieved from /opt/airflow/dags/reporting_refresh_dag.py
[2026-03-23T06:45:31.041+0000] {processor.py:183} INFO - Processing /opt/airflow/dags/reporting_refresh_dag.py took 0.156 seconds
[2026-03-23T06:46:01.171+0000] {processor.py:161} INFO - Started process (PID=11745) to work on /opt/airflow/dags/reporting_refresh_dag.py
[2026-03-23T06:46:01.173+0000] {processor.py:830} INFO - Processing file /opt/airflow/dags/reporting_refresh_dag.py for tasks to queue
[2026-03-23T06:46:01.175+0000] {logging_mixin.py:188} INFO - [2026-03-23T06:46:01.175+0000] {dagbag.py:540} INFO - Filling up the DagBag from /opt/airflow/dags/reporting_refresh_dag.py
[2026-03-23T06:46:01.214+0000] {logging_mixin.py:188} INFO - [2026-03-23T06:46:01.207+0000] {dagbag.py:350} ERROR - Failed to import: /opt/airflow/dags/reporting_refresh_dag.py
Traceback (most recent call last):
  File "/home/airflow/.local/lib/python3.12/site-packages/airflow/models/dagbag.py", line 346, in parse
    loader.exec_module(new_module)
  File "<frozen importlib._bootstrap_external>", line 995, in exec_module
  File "<frozen importlib._bootstrap>", line 488, in _call_with_frames_removed
  File "/opt/airflow/dags/reporting_refresh_dag.py", line 27, in <module>
    from automation.refresh_runner import run_batch
ModuleNotFoundError: No module named 'automation'
[2026-03-23T06:46:01.217+0000] {processor.py:842} WARNING - No viable dags retrieved from /opt/airflow/dags/reporting_refresh_dag.py
[2026-03-23T06:46:01.309+0000] {processor.py:183} INFO - Processing /opt/airflow/dags/reporting_refresh_dag.py took 0.151 seconds
[2026-03-23T06:46:31.557+0000] {processor.py:161} INFO - Started process (PID=11750) to work on /opt/airflow/dags/reporting_refresh_dag.py
[2026-03-23T06:46:31.559+0000] {processor.py:830} INFO - Processing file /opt/airflow/dags/reporting_refresh_dag.py for tasks to queue
[2026-03-23T06:46:31.561+0000] {logging_mixin.py:188} INFO - [2026-03-23T06:46:31.560+0000] {dagbag.py:540} INFO - Filling up the DagBag from /opt/airflow/dags/reporting_refresh_dag.py
[2026-03-23T06:46:31.593+0000] {logging_mixin.py:188} INFO - [2026-03-23T06:46:31.587+0000] {dagbag.py:350} ERROR - Failed to import: /opt/airflow/dags/reporting_refresh_dag.py
Traceback (most recent call last):
  File "/home/airflow/.local/lib/python3.12/site-packages/airflow/models/dagbag.py", line 346, in parse
    loader.exec_module(new_module)
  File "<frozen importlib._bootstrap_external>", line 995, in exec_module
  File "<frozen importlib._bootstrap>", line 488, in _call_with_frames_removed
  File "/opt/airflow/dags/reporting_refresh_dag.py", line 27, in <module>
    from automation.refresh_runner import run_batch
ModuleNotFoundError: No module named 'automation'
[2026-03-23T06:46:31.595+0000] {processor.py:842} WARNING - No viable dags retrieved from /opt/airflow/dags/reporting_refresh_dag.py
[2026-03-23T06:46:31.681+0000] {processor.py:183} INFO - Processing /opt/airflow/dags/reporting_refresh_dag.py took 0.137 seconds
[2026-03-23T06:47:01.825+0000] {processor.py:161} INFO - Started process (PID=11755) to work on /opt/airflow/dags/reporting_refresh_dag.py
[2026-03-23T06:47:01.827+0000] {processor.py:830} INFO - Processing file /opt/airflow/dags/reporting_refresh_dag.py for tasks to queue
[2026-03-23T06:47:01.830+0000] {logging_mixin.py:188} INFO - [2026-03-23T06:47:01.829+0000] {dagbag.py:540} INFO - Filling up the DagBag from /opt/airflow/dags/reporting_refresh_dag.py
[2026-03-23T06:47:01.868+0000] {logging_mixin.py:188} INFO - [2026-03-23T06:47:01.861+0000] {dagbag.py:350} ERROR - Failed to import: /opt/airflow/dags/reporting_refresh_dag.py
Traceback (most recent call last):
  File "/home/airflow/.local/lib/python3.12/site-packages/airflow/models/dagbag.py", line 346, in parse
    loader.exec_module(new_module)
  File "<frozen importlib._bootstrap_external>", line 995, in exec_module
  File "<frozen importlib._bootstrap>", line 488, in _call_with_frames_removed
  File "/opt/airflow/dags/reporting_refresh_dag.py", line 27, in <module>
    from automation.refresh_runner import run_batch
ModuleNotFoundError: No module named 'automation'
[2026-03-23T06:47:01.870+0000] {processor.py:842} WARNING - No viable dags retrieved from /opt/airflow/dags/reporting_refresh_dag.py
[2026-03-23T06:47:01.967+0000] {processor.py:183} INFO - Processing /opt/airflow/dags/reporting_refresh_dag.py took 0.161 seconds
[2026-03-23T06:47:20.105+0000] {processor.py:161} INFO - Started process (PID=11760) to work on /opt/airflow/dags/reporting_refresh_dag.py
[2026-03-23T06:47:20.107+0000] {processor.py:830} INFO - Processing file /opt/airflow/dags/reporting_refresh_dag.py for tasks to queue
[2026-03-23T06:47:20.109+0000] {logging_mixin.py:188} INFO - [2026-03-23T06:47:20.108+0000] {dagbag.py:540} INFO - Filling up the DagBag from /opt/airflow/dags/reporting_refresh_dag.py
[2026-03-23T06:47:20.143+0000] {logging_mixin.py:188} INFO - [2026-03-23T06:47:20.136+0000] {dagbag.py:350} ERROR - Failed to import: /opt/airflow/dags/reporting_refresh_dag.py
Traceback (most recent call last):
  File "/home/airflow/.local/lib/python3.12/site-packages/airflow/models/dagbag.py", line 346, in parse
    loader.exec_module(new_module)
  File "<frozen importlib._bootstrap_external>", line 995, in exec_module
  File "<frozen importlib._bootstrap>", line 488, in _call_with_frames_removed
  File "/opt/airflow/dags/reporting_refresh_dag.py", line 27, in <module>
    from automation.refresh_runner import run_batch
ModuleNotFoundError: No module named 'automation'
[2026-03-23T06:47:20.146+0000] {processor.py:842} WARNING - No viable dags retrieved from /opt/airflow/dags/reporting_refresh_dag.py
[2026-03-23T06:47:20.238+0000] {processor.py:183} INFO - Processing /opt/airflow/dags/reporting_refresh_dag.py took 0.148 seconds
[2026-03-23T06:47:50.456+0000] {processor.py:161} INFO - Started process (PID=11765) to work on /opt/airflow/dags/reporting_refresh_dag.py
[2026-03-23T06:47:50.458+0000] {processor.py:830} INFO - Processing file /opt/airflow/dags/reporting_refresh_dag.py for tasks to queue
[2026-03-23T06:47:50.460+0000] {logging_mixin.py:188} INFO - [2026-03-23T06:47:50.459+0000] {dagbag.py:540} INFO - Filling up the DagBag from /opt/airflow/dags/reporting_refresh_dag.py
[2026-03-23T06:47:50.495+0000] {logging_mixin.py:188} INFO - [2026-03-23T06:47:50.489+0000] {dagbag.py:350} ERROR - Failed to import: /opt/airflow/dags/reporting_refresh_dag.py
Traceback (most recent call last):
  File "/home/airflow/.local/lib/python3.12/site-packages/airflow/models/dagbag.py", line 346, in parse
    loader.exec_module(new_module)
  File "<frozen importlib._bootstrap_external>", line 995, in exec_module
  File "<frozen importlib._bootstrap>", line 488, in _call_with_frames_removed
  File "/opt/airflow/dags/reporting_refresh_dag.py", line 27, in <module>
    from automation.refresh_runner import run_batch
ModuleNotFoundError: No module named 'automation'
[2026-03-23T06:47:50.498+0000] {processor.py:842} WARNING - No viable dags retrieved from /opt/airflow/dags/reporting_refresh_dag.py
[2026-03-23T06:47:50.594+0000] {processor.py:183} INFO - Processing /opt/airflow/dags/reporting_refresh_dag.py took 0.154 seconds
[2026-03-23T06:48:20.731+0000] {processor.py:161} INFO - Started process (PID=11770) to work on /opt/airflow/dags/reporting_refresh_dag.py
[2026-03-23T06:48:20.733+0000] {processor.py:830} INFO - Processing file /opt/airflow/dags/reporting_refresh_dag.py for tasks to queue
[2026-03-23T06:48:20.735+0000] {logging_mixin.py:188} INFO - [2026-03-23T06:48:20.734+0000] {dagbag.py:540} INFO - Filling up the DagBag from /opt/airflow/dags/reporting_refresh_dag.py
[2026-03-23T06:48:20.771+0000] {logging_mixin.py:188} INFO - [2026-03-23T06:48:20.763+0000] {dagbag.py:350} ERROR - Failed to import: /opt/airflow/dags/reporting_refresh_dag.py
Traceback (most recent call last):
  File "/home/airflow/.local/lib/python3.12/site-packages/airflow/models/dagbag.py", line 346, in parse
    loader.exec_module(new_module)
  File "<frozen importlib._bootstrap_external>", line 995, in exec_module
  File "<frozen importlib._bootstrap>", line 488, in _call_with_frames_removed
  File "/opt/airflow/dags/reporting_refresh_dag.py", line 27, in <module>
    from automation.refresh_runner import run_batch
ModuleNotFoundError: No module named 'automation'
[2026-03-23T06:48:20.773+0000] {processor.py:842} WARNING - No viable dags retrieved from /opt/airflow/dags/reporting_refresh_dag.py
[2026-03-23T06:48:20.863+0000] {processor.py:183} INFO - Processing /opt/airflow/dags/reporting_refresh_dag.py took 0.147 seconds
[2026-03-23T06:48:51.098+0000] {processor.py:161} INFO - Started process (PID=11775) to work on /opt/airflow/dags/reporting_refresh_dag.py
[2026-03-23T06:48:51.100+0000] {processor.py:830} INFO - Processing file /opt/airflow/dags/reporting_refresh_dag.py for tasks to queue
[2026-03-23T06:48:51.102+0000] {logging_mixin.py:188} INFO - [2026-03-23T06:48:51.101+0000] {dagbag.py:540} INFO - Filling up the DagBag from /opt/airflow/dags/reporting_refresh_dag.py
[2026-03-23T06:48:51.137+0000] {logging_mixin.py:188} INFO - [2026-03-23T06:48:51.130+0000] {dagbag.py:350} ERROR - Failed to import: /opt/airflow/dags/reporting_refresh_dag.py
Traceback (most recent call last):
  File "/home/airflow/.local/lib/python3.12/site-packages/airflow/models/dagbag.py", line 346, in parse
    loader.exec_module(new_module)
  File "<frozen importlib._bootstrap_external>", line 995, in exec_module
  File "<frozen importlib._bootstrap>", line 488, in _call_with_frames_removed
  File "/opt/airflow/dags/reporting_refresh_dag.py", line 27, in <module>
    from automation.refresh_runner import run_batch
ModuleNotFoundError: No module named 'automation'
[2026-03-23T06:48:51.144+0000] {processor.py:842} WARNING - No viable dags retrieved from /opt/airflow/dags/reporting_refresh_dag.py
[2026-03-23T06:48:51.235+0000] {processor.py:183} INFO - Processing /opt/airflow/dags/reporting_refresh_dag.py took 0.151 seconds
[2026-03-23T06:49:21.600+0000] {processor.py:161} INFO - Started process (PID=11789) to work on /opt/airflow/dags/reporting_refresh_dag.py
[2026-03-23T06:49:21.604+0000] {processor.py:830} INFO - Processing file /opt/airflow/dags/reporting_refresh_dag.py for tasks to queue
[2026-03-23T06:49:21.608+0000] {logging_mixin.py:188} INFO - [2026-03-23T06:49:21.607+0000] {dagbag.py:540} INFO - Filling up the DagBag from /opt/airflow/dags/reporting_refresh_dag.py
[2026-03-23T06:49:21.657+0000] {logging_mixin.py:188} INFO - [2026-03-23T06:49:21.648+0000] {dagbag.py:350} ERROR - Failed to import: /opt/airflow/dags/reporting_refresh_dag.py
Traceback (most recent call last):
  File "/home/airflow/.local/lib/python3.12/site-packages/airflow/models/dagbag.py", line 346, in parse
    loader.exec_module(new_module)
  File "<frozen importlib._bootstrap_external>", line 995, in exec_module
  File "<frozen importlib._bootstrap>", line 488, in _call_with_frames_removed
  File "/opt/airflow/dags/reporting_refresh_dag.py", line 27, in <module>
    from automation.refresh_runner import run_batch
ModuleNotFoundError: No module named 'automation'
[2026-03-23T06:49:21.660+0000] {processor.py:842} WARNING - No viable dags retrieved from /opt/airflow/dags/reporting_refresh_dag.py
[2026-03-23T06:49:21.793+0000] {processor.py:183} INFO - Processing /opt/airflow/dags/reporting_refresh_dag.py took 0.211 seconds
[2026-03-23T06:52:22.739+0000] {processor.py:161} INFO - Started process (PID=169) to work on /opt/airflow/dags/reporting_refresh_dag.py
[2026-03-23T06:52:22.742+0000] {processor.py:830} INFO - Processing file /opt/airflow/dags/reporting_refresh_dag.py for tasks to queue
[2026-03-23T06:52:22.747+0000] {logging_mixin.py:188} INFO - [2026-03-23T06:52:22.746+0000] {dagbag.py:540} INFO - Filling up the DagBag from /opt/airflow/dags/reporting_refresh_dag.py
[2026-03-23T06:52:22.786+0000] {logging_mixin.py:188} INFO - [2026-03-23T06:52:22.778+0000] {dagbag.py:350} ERROR - Failed to import: /opt/airflow/dags/reporting_refresh_dag.py
Traceback (most recent call last):
  File "/home/airflow/.local/lib/python3.12/site-packages/airflow/models/dagbag.py", line 346, in parse
    loader.exec_module(new_module)
  File "<frozen importlib._bootstrap_external>", line 995, in exec_module
  File "<frozen importlib._bootstrap>", line 488, in _call_with_frames_removed
  File "/opt/airflow/dags/reporting_refresh_dag.py", line 27, in <module>
    from automation.refresh_runner import run_batch
ModuleNotFoundError: No module named 'automation'
[2026-03-23T06:52:22.789+0000] {processor.py:842} WARNING - No viable dags retrieved from /opt/airflow/dags/reporting_refresh_dag.py
[2026-03-23T06:52:22.890+0000] {processor.py:183} INFO - Processing /opt/airflow/dags/reporting_refresh_dag.py took 0.163 seconds
[2026-03-23T06:52:53.055+0000] {processor.py:161} INFO - Started process (PID=174) to work on /opt/airflow/dags/reporting_refresh_dag.py
[2026-03-23T06:52:53.057+0000] {processor.py:830} INFO - Processing file /opt/airflow/dags/reporting_refresh_dag.py for tasks to queue
[2026-03-23T06:52:53.061+0000] {logging_mixin.py:188} INFO - [2026-03-23T06:52:53.060+0000] {dagbag.py:540} INFO - Filling up the DagBag from /opt/airflow/dags/reporting_refresh_dag.py
[2026-03-23T06:52:53.103+0000] {logging_mixin.py:188} INFO - [2026-03-23T06:52:53.095+0000] {dagbag.py:350} ERROR - Failed to import: /opt/airflow/dags/reporting_refresh_dag.py
Traceback (most recent call last):
  File "/home/airflow/.local/lib/python3.12/site-packages/airflow/models/dagbag.py", line 346, in parse
    loader.exec_module(new_module)
  File "<frozen importlib._bootstrap_external>", line 995, in exec_module
  File "<frozen importlib._bootstrap>", line 488, in _call_with_frames_removed
  File "/opt/airflow/dags/reporting_refresh_dag.py", line 27, in <module>
    from automation.refresh_runner import run_batch
ModuleNotFoundError: No module named 'automation'
[2026-03-23T06:52:53.106+0000] {processor.py:842} WARNING - No viable dags retrieved from /opt/airflow/dags/reporting_refresh_dag.py
[2026-03-23T06:52:53.201+0000] {processor.py:183} INFO - Processing /opt/airflow/dags/reporting_refresh_dag.py took 0.159 seconds
[2026-03-23T06:53:23.430+0000] {processor.py:161} INFO - Started process (PID=179) to work on /opt/airflow/dags/reporting_refresh_dag.py
[2026-03-23T06:53:23.432+0000] {processor.py:830} INFO - Processing file /opt/airflow/dags/reporting_refresh_dag.py for tasks to queue
[2026-03-23T06:53:23.436+0000] {logging_mixin.py:188} INFO - [2026-03-23T06:53:23.436+0000] {dagbag.py:540} INFO - Filling up the DagBag from /opt/airflow/dags/reporting_refresh_dag.py
[2026-03-23T06:53:23.469+0000] {logging_mixin.py:188} INFO - [2026-03-23T06:53:23.461+0000] {dagbag.py:350} ERROR - Failed to import: /opt/airflow/dags/reporting_refresh_dag.py
Traceback (most recent call last):
  File "/home/airflow/.local/lib/python3.12/site-packages/airflow/models/dagbag.py", line 346, in parse
    loader.exec_module(new_module)
  File "<frozen importlib._bootstrap_external>", line 995, in exec_module
  File "<frozen importlib._bootstrap>", line 488, in _call_with_frames_removed
  File "/opt/airflow/dags/reporting_refresh_dag.py", line 27, in <module>
    from automation.refresh_runner import run_batch
ModuleNotFoundError: No module named 'automation'
[2026-03-23T06:53:23.471+0000] {processor.py:842} WARNING - No viable dags retrieved from /opt/airflow/dags/reporting_refresh_dag.py
[2026-03-23T06:53:23.567+0000] {processor.py:183} INFO - Processing /opt/airflow/dags/reporting_refresh_dag.py took 0.149 seconds
[2026-03-23T06:53:53.721+0000] {processor.py:161} INFO - Started process (PID=184) to work on /opt/airflow/dags/reporting_refresh_dag.py
[2026-03-23T06:53:53.723+0000] {processor.py:830} INFO - Processing file /opt/airflow/dags/reporting_refresh_dag.py for tasks to queue
[2026-03-23T06:53:53.727+0000] {logging_mixin.py:188} INFO - [2026-03-23T06:53:53.727+0000] {dagbag.py:540} INFO - Filling up the DagBag from /opt/airflow/dags/reporting_refresh_dag.py
[2026-03-23T06:53:53.762+0000] {logging_mixin.py:188} INFO - [2026-03-23T06:53:53.756+0000] {dagbag.py:350} ERROR - Failed to import: /opt/airflow/dags/reporting_refresh_dag.py
Traceback (most recent call last):
  File "/home/airflow/.local/lib/python3.12/site-packages/airflow/models/dagbag.py", line 346, in parse
    loader.exec_module(new_module)
  File "<frozen importlib._bootstrap_external>", line 995, in exec_module
  File "<frozen importlib._bootstrap>", line 488, in _call_with_frames_removed
  File "/opt/airflow/dags/reporting_refresh_dag.py", line 27, in <module>
    from automation.refresh_runner import run_batch
ModuleNotFoundError: No module named 'automation'
[2026-03-23T06:53:53.764+0000] {processor.py:842} WARNING - No viable dags retrieved from /opt/airflow/dags/reporting_refresh_dag.py
[2026-03-23T06:53:53.861+0000] {processor.py:183} INFO - Processing /opt/airflow/dags/reporting_refresh_dag.py took 0.152 seconds
[2026-03-23T06:54:24.092+0000] {processor.py:161} INFO - Started process (PID=189) to work on /opt/airflow/dags/reporting_refresh_dag.py
[2026-03-23T06:54:24.094+0000] {processor.py:830} INFO - Processing file /opt/airflow/dags/reporting_refresh_dag.py for tasks to queue
[2026-03-23T06:54:24.099+0000] {logging_mixin.py:188} INFO - [2026-03-23T06:54:24.098+0000] {dagbag.py:540} INFO - Filling up the DagBag from /opt/airflow/dags/reporting_refresh_dag.py
[2026-03-23T06:54:24.130+0000] {logging_mixin.py:188} INFO - [2026-03-23T06:54:24.124+0000] {dagbag.py:350} ERROR - Failed to import: /opt/airflow/dags/reporting_refresh_dag.py
Traceback (most recent call last):
  File "/home/airflow/.local/lib/python3.12/site-packages/airflow/models/dagbag.py", line 346, in parse
    loader.exec_module(new_module)
  File "<frozen importlib._bootstrap_external>", line 995, in exec_module
  File "<frozen importlib._bootstrap>", line 488, in _call_with_frames_removed
  File "/opt/airflow/dags/reporting_refresh_dag.py", line 27, in <module>
    from automation.refresh_runner import run_batch
ModuleNotFoundError: No module named 'automation'
[2026-03-23T06:54:24.132+0000] {processor.py:842} WARNING - No viable dags retrieved from /opt/airflow/dags/reporting_refresh_dag.py
[2026-03-23T06:54:24.222+0000] {processor.py:183} INFO - Processing /opt/airflow/dags/reporting_refresh_dag.py took 0.143 seconds
[2026-03-23T06:54:54.372+0000] {processor.py:161} INFO - Started process (PID=194) to work on /opt/airflow/dags/reporting_refresh_dag.py
[2026-03-23T06:54:54.374+0000] {processor.py:830} INFO - Processing file /opt/airflow/dags/reporting_refresh_dag.py for tasks to queue
[2026-03-23T06:54:54.378+0000] {logging_mixin.py:188} INFO - [2026-03-23T06:54:54.377+0000] {dagbag.py:540} INFO - Filling up the DagBag from /opt/airflow/dags/reporting_refresh_dag.py
[2026-03-23T06:54:54.411+0000] {logging_mixin.py:188} INFO - [2026-03-23T06:54:54.405+0000] {dagbag.py:350} ERROR - Failed to import: /opt/airflow/dags/reporting_refresh_dag.py
Traceback (most recent call last):
  File "/home/airflow/.local/lib/python3.12/site-packages/airflow/models/dagbag.py", line 346, in parse
    loader.exec_module(new_module)
  File "<frozen importlib._bootstrap_external>", line 995, in exec_module
  File "<frozen importlib._bootstrap>", line 488, in _call_with_frames_removed
  File "/opt/airflow/dags/reporting_refresh_dag.py", line 27, in <module>
    from automation.refresh_runner import run_batch
ModuleNotFoundError: No module named 'automation'
[2026-03-23T06:54:54.414+0000] {processor.py:842} WARNING - No viable dags retrieved from /opt/airflow/dags/reporting_refresh_dag.py
[2026-03-23T06:54:54.514+0000] {processor.py:183} INFO - Processing /opt/airflow/dags/reporting_refresh_dag.py took 0.156 seconds
[2026-03-23T06:55:24.729+0000] {processor.py:161} INFO - Started process (PID=199) to work on /opt/airflow/dags/reporting_refresh_dag.py
[2026-03-23T06:55:24.730+0000] {processor.py:830} INFO - Processing file /opt/airflow/dags/reporting_refresh_dag.py for tasks to queue
[2026-03-23T06:55:24.735+0000] {logging_mixin.py:188} INFO - [2026-03-23T06:55:24.734+0000] {dagbag.py:540} INFO - Filling up the DagBag from /opt/airflow/dags/reporting_refresh_dag.py
[2026-03-23T06:55:24.766+0000] {logging_mixin.py:188} INFO - [2026-03-23T06:55:24.760+0000] {dagbag.py:350} ERROR - Failed to import: /opt/airflow/dags/reporting_refresh_dag.py
Traceback (most recent call last):
  File "/home/airflow/.local/lib/python3.12/site-packages/airflow/models/dagbag.py", line 346, in parse
    loader.exec_module(new_module)
  File "<frozen importlib._bootstrap_external>", line 995, in exec_module
  File "<frozen importlib._bootstrap>", line 488, in _call_with_frames_removed
  File "/opt/airflow/dags/reporting_refresh_dag.py", line 27, in <module>
    from automation.refresh_runner import run_batch
ModuleNotFoundError: No module named 'automation'
[2026-03-23T06:55:24.768+0000] {processor.py:842} WARNING - No viable dags retrieved from /opt/airflow/dags/reporting_refresh_dag.py
[2026-03-23T06:55:24.862+0000] {processor.py:183} INFO - Processing /opt/airflow/dags/reporting_refresh_dag.py took 0.145 seconds
[2026-03-23T06:55:30.858+0000] {processor.py:161} INFO - Started process (PID=204) to work on /opt/airflow/dags/reporting_refresh_dag.py
[2026-03-23T06:55:30.860+0000] {processor.py:830} INFO - Processing file /opt/airflow/dags/reporting_refresh_dag.py for tasks to queue
[2026-03-23T06:55:30.864+0000] {logging_mixin.py:188} INFO - [2026-03-23T06:55:30.863+0000] {dagbag.py:540} INFO - Filling up the DagBag from /opt/airflow/dags/reporting_refresh_dag.py
[2026-03-23T06:55:31.028+0000] {processor.py:840} INFO - DAG(s) 'reporting_nightly_refresh' retrieved from /opt/airflow/dags/reporting_refresh_dag.py
[2026-03-23T06:55:31.580+0000] {logging_mixin.py:188} INFO - [2026-03-23T06:55:31.578+0000] {override.py:1829} INFO - Created Permission View: can read on DAG:reporting_nightly_refresh
[2026-03-23T06:55:31.604+0000] {logging_mixin.py:188} INFO - [2026-03-23T06:55:31.603+0000] {override.py:1829} INFO - Created Permission View: can edit on DAG:reporting_nightly_refresh
[2026-03-23T06:55:31.623+0000] {logging_mixin.py:188} INFO - [2026-03-23T06:55:31.622+0000] {override.py:1829} INFO - Created Permission View: can delete on DAG:reporting_nightly_refresh
[2026-03-23T06:55:31.624+0000] {logging_mixin.py:188} INFO - [2026-03-23T06:55:31.624+0000] {dag.py:3096} INFO - Sync 1 DAGs
[2026-03-23T06:55:31.650+0000] {logging_mixin.py:188} INFO - [2026-03-23T06:55:31.649+0000] {dag.py:3118} INFO - Creating ORM DAG for reporting_nightly_refresh
[2026-03-23T06:55:31.677+0000] {logging_mixin.py:188} INFO - [2026-03-23T06:55:31.676+0000] {dag.py:3954} INFO - Setting next_dagrun for reporting_nightly_refresh to 2026-03-22 02:00:00+00:00, run_after=2026-03-23 02:00:00+00:00
[2026-03-23T06:55:31.737+0000] {processor.py:183} INFO - Processing /opt/airflow/dags/reporting_refresh_dag.py took 0.890 seconds
[2026-03-23T06:56:04.145+0000] {processor.py:161} INFO - Started process (PID=3196) to work on /opt/airflow/dags/reporting_refresh_dag.py
[2026-03-23T06:56:04.178+0000] {processor.py:830} INFO - Processing file /opt/airflow/dags/reporting_refresh_dag.py for tasks to queue
[2026-03-23T06:56:04.524+0000] {logging_mixin.py:188} INFO - [2026-03-23T06:56:04.480+0000] {dagbag.py:540} INFO - Filling up the DagBag from /opt/airflow/dags/reporting_refresh_dag.py
[2026-03-23T06:56:10.460+0000] {processor.py:840} INFO - DAG(s) 'reporting_nightly_refresh' retrieved from /opt/airflow/dags/reporting_refresh_dag.py
[2026-03-23T06:56:28.448+0000] {logging_mixin.py:188} INFO - [2026-03-23T06:56:26.990+0000] {dag.py:3096} INFO - Sync 1 DAGs
[2026-03-23T06:57:23.799+0000] {processor.py:161} INFO - Started process (PID=4441) to work on /opt/airflow/dags/reporting_refresh_dag.py
[2026-03-23T06:57:23.806+0000] {processor.py:830} INFO - Processing file /opt/airflow/dags/reporting_refresh_dag.py for tasks to queue
[2026-03-23T06:57:23.858+0000] {logging_mixin.py:188} INFO - [2026-03-23T06:57:23.851+0000] {dagbag.py:540} INFO - Filling up the DagBag from /opt/airflow/dags/reporting_refresh_dag.py
[2026-03-23T06:57:24.462+0000] {processor.py:840} INFO - DAG(s) 'reporting_nightly_refresh' retrieved from /opt/airflow/dags/reporting_refresh_dag.py
[2026-03-23T06:57:24.841+0000] {logging_mixin.py:188} INFO - [2026-03-23T06:57:24.840+0000] {dag.py:3096} INFO - Sync 1 DAGs
[2026-03-23T06:57:24.990+0000] {processor.py:183} INFO - Processing /opt/airflow/dags/reporting_refresh_dag.py took 1.321 seconds
